Starting clf_train.py 

Starting training from scratch.
Checkpoints will be saved to: ./checkpoints/clf_densetnet121/240325/10Epochs
TensorBoard Logs will be saved to: ./logs/clf_densenet121/tb_logs/version_0
┏━━━┳━━━━━━━━━━━┳━━━━━━━━━━━━━━━━━━┳━━━━━━━━┓
┃   ┃ Name      ┃ Type             ┃ Params ┃
┡━━━╇━━━━━━━━━━━╇━━━━━━━━━━━━━━━━━━╇━━━━━━━━┩
│ 0 │ model     │ DenseNet         │  7.0 M │
│ 1 │ criterion │ CrossEntropyLoss │      0 │
└───┴───────────┴──────────────────┴────────┘
Trainable params: 7.0 M                                                         
Non-trainable params: 0                                                         
Total params: 7.0 M                                                             
Total estimated model params size (MB): 27                                      
Epoch 9/9  ━━━━━━━━━━━━━━━━━ 42/42 0:00:31 • 0:00:00 1.35it/s v_num: 0.000      
                                                              train_loss_step:  
                                                              0.020 val_loss:   
                                                              0.367             
                                                              val_accuracy:     
                                                              0.872             
                                                              train_loss_epoch: 
                                                              0.005             
Starting clf_test.py 

Inference images and results saved.
Starting clf_evaluate.py 

Classification Report:
               precision    recall  f1-score   support

           0      0.813     0.993     0.894       276
           1      0.929     0.975     0.951        40
           2      0.978     1.000     0.989        44
           3      0.875     0.933     0.903        45
           4      0.645     0.488     0.556        41
           5      0.733     0.367     0.489        30
           6      0.636     0.677     0.656        31
           7      0.934     0.922     0.928       153
           8      0.966     0.800     0.875        35
           9      0.452     0.500     0.475        56
          10      0.741     0.952     0.833        21
          11      0.933     0.519     0.667        27
          12      1.000     0.917     0.957        36
          13      0.941     0.741     0.829       108
          14      0.957     0.880     0.917        25
          15      1.000     0.909     0.952        22
          16      1.000     0.720     0.837        25
          17      0.550     0.647     0.595        34
          18      0.673     0.544     0.602        68
          19      1.000     1.000     1.000       219
          20      0.994     1.000     0.997       164
          21      1.000     1.000     1.000        30
          22      1.000     1.000     1.000        31
          23      1.000     0.902     0.949        41
          24      0.950     1.000     0.974        19
          25      1.000     1.000     1.000        47
          26      1.000     1.000     1.000        58
          27      0.989     1.000     0.994       172
          28      0.583     1.000     0.737        14
          29      1.000     1.000     1.000        22
          30      0.947     0.947     0.947        19
          31      1.000     0.952     0.976        42
          32      0.944     0.630     0.756        27
          33      0.862     1.000     0.926        25
          34      0.875     0.467     0.609        15
          35      0.826     0.905     0.864        21
          36      0.902     0.949     0.925        39
          37      0.919     0.919     0.919        37
          38      0.991     1.000     0.995       110
          39      0.958     0.971     0.965        70
          40      0.895     1.000     0.944        17
          41      0.971     1.000     0.985       100
          42      0.933     0.966     0.949        29

    accuracy                          0.904      2485
   macro avg      0.891     0.863     0.868      2485
weighted avg      0.908     0.904     0.901      2485

