Starting clf_train.py 

Starting training from scratch.
Checkpoints will be saved to: ./checkpoints/clf_densetnet121/240325/20Epochs
TensorBoard Logs will be saved to: ./logs/clf_densenet121/tb_logs/version_2
┏━━━┳━━━━━━━━━━━┳━━━━━━━━━━━━━━━━━━┳━━━━━━━━┓
┃   ┃ Name      ┃ Type             ┃ Params ┃
┡━━━╇━━━━━━━━━━━╇━━━━━━━━━━━━━━━━━━╇━━━━━━━━┩
│ 0 │ model     │ DenseNet         │  7.0 M │
│ 1 │ criterion │ CrossEntropyLoss │      0 │
└───┴───────────┴──────────────────┴────────┘
Trainable params: 7.0 M                                                         
Non-trainable params: 0                                                         
Total params: 7.0 M                                                             
Total estimated model params size (MB): 27                                      
Epoch 19/19 ━━━━━━━━━━━━━━━━━ 42/42 0:00:27 • 0:00:00 1.53it/s v_num: 2.000     
                                                               train_loss_step: 
                                                               0.015 val_loss:  
                                                               0.329            
                                                               val_accuracy:    
                                                               0.885            
                                                               train_loss_epoch:
                                                               0.003            
Starting clf_test.py 

Inference images and results saved.
Starting clf_evaluate.py 

Classification Report:
               precision    recall  f1-score   support

           0      0.824     0.986     0.898       276
           1      0.925     0.925     0.925        40
           2      1.000     0.750     0.857        44
           3      0.889     0.889     0.889        45
           4      0.783     0.439     0.562        41
           5      0.731     0.633     0.679        30
           6      0.737     0.452     0.560        31
           7      0.960     0.941     0.950       153
           8      0.957     0.629     0.759        35
           9      0.557     0.607     0.581        56
          10      0.700     1.000     0.824        21
          11      0.792     0.704     0.745        27
          12      0.970     0.889     0.928        36
          13      0.935     0.806     0.866       108
          14      0.828     0.960     0.889        25
          15      0.950     0.864     0.905        22
          16      1.000     0.760     0.864        25
          17      0.667     0.706     0.686        34
          18      0.671     0.721     0.695        68
          19      1.000     0.995     0.998       219
          20      0.965     1.000     0.982       164
          21      0.968     1.000     0.984        30
          22      1.000     1.000     1.000        31
          23      1.000     0.805     0.892        41
          24      0.950     1.000     0.974        19
          25      1.000     1.000     1.000        47
          26      1.000     1.000     1.000        58
          27      0.983     1.000     0.991       172
          28      0.722     0.929     0.813        14
          29      0.917     1.000     0.957        22
          30      1.000     0.947     0.973        19
          31      0.953     0.976     0.965        42
          32      0.852     0.852     0.852        27
          33      1.000     1.000     1.000        25
          34      1.000     0.267     0.421        15
          35      0.950     0.905     0.927        21
          36      1.000     0.974     0.987        39
          37      0.949     1.000     0.974        37
          38      0.972     0.964     0.968       110
          39      0.985     0.957     0.971        70
          40      0.773     1.000     0.872        17
          41      0.952     0.990     0.971       100
          42      0.694     0.862     0.769        29

    accuracy                          0.907      2485
   macro avg      0.894     0.862     0.867      2485
weighted avg      0.911     0.907     0.904      2485

