True
device: cuda
True
device: cuda
True
device: cuda
True
device: cuda
[31mPlease check your arguments if you have upgraded adabelief-pytorch from version 0.0.5.
[31mModifications to default arguments:
[31m                           eps  weight_decouple    rectify
-----------------------  -----  -----------------  ---------
adabelief-pytorch=0.0.5  1e-08  False              False
>=0.1.0 (Current 0.2.0)  1e-16  True               True
[34mSGD better than Adam (e.g. CNN for Image Classification)    Adam better than SGD (e.g. Transformer, GAN)
----------------------------------------------------------  ----------------------------------------------
Recommended eps = 1e-8                                      Recommended eps = 1e-16
[34mFor a complete table of recommended hyperparameters, see
[34mhttps://github.com/juntang-zhuang/Adabelief-Optimizer
[32mYou can disable the log message by setting "print_change_log = False", though it is recommended to keep as a reminder.
[0m
Weight decoupling enabled in AdaBelief
Rectification enabled in AdaBelief
[31mPlease check your arguments if you have upgraded adabelief-pytorch from version 0.0.5.
[31mModifications to default arguments:
[31m                           eps  weight_decouple    rectify
-----------------------  -----  -----------------  ---------
adabelief-pytorch=0.0.5  1e-08  False              False
>=0.1.0 (Current 0.2.0)  1e-16  True               True[31mPlease check your arguments if you have upgraded adabelief-pytorch from version 0.0.5.

[34mSGD better than Adam (e.g. CNN for Image Classification)    Adam better than SGD (e.g. Transformer, GAN)
----------------------------------------------------------  ----------------------------------------------
Recommended eps = 1e-8                                      Recommended eps = 1e-16[31mModifications to default arguments:
[31mPlease check your arguments if you have upgraded adabelief-pytorch from version 0.0.5.

[34mFor a complete table of recommended hyperparameters, see[31mModifications to default arguments:

[34mhttps://github.com/juntang-zhuang/Adabelief-Optimizer
[31m                           eps  weight_decouple    rectify
-----------------------  -----  -----------------  ---------
adabelief-pytorch=0.0.5  1e-08  False              False
>=0.1.0 (Current 0.2.0)  1e-16  True               True[32mYou can disable the log message by setting "print_change_log = False", though it is recommended to keep as a reminder.

[31m                           eps  weight_decouple    rectify
-----------------------  -----  -----------------  ---------
adabelief-pytorch=0.0.5  1e-08  False              False
>=0.1.0 (Current 0.2.0)  1e-16  True               True[0m
[34mSGD better than Adam (e.g. CNN for Image Classification)    Adam better than SGD (e.g. Transformer, GAN)
----------------------------------------------------------  ----------------------------------------------
Recommended eps = 1e-8                                      Recommended eps = 1e-16
[34mSGD better than Adam (e.g. CNN for Image Classification)    Adam better than SGD (e.g. Transformer, GAN)
----------------------------------------------------------  ----------------------------------------------
Recommended eps = 1e-8                                      Recommended eps = 1e-16

[34mFor a complete table of recommended hyperparameters, see[34mFor a complete table of recommended hyperparameters, see
Weight decoupling enabled in AdaBelief
[34mhttps://github.com/juntang-zhuang/Adabelief-Optimizer
[34mhttps://github.com/juntang-zhuang/Adabelief-Optimizer
Rectification enabled in AdaBelief

[32mYou can disable the log message by setting "print_change_log = False", though it is recommended to keep as a reminder.[32mYou can disable the log message by setting "print_change_log = False", though it is recommended to keep as a reminder.

[0m[0m

Weight decoupling enabled in AdaBelief
Weight decoupling enabled in AdaBeliefRectification enabled in AdaBelief

Rectification enabled in AdaBelief
Training Epoch: 50 [174/175] Loss: 0.4785 â”â”â”â”â”â”â”â”â”â”â”â”â”â”â”â”â”â”â”â”â”â”â”â”â” 100% 0:00:00
Training Epoch: 50 [174/175] Loss: 0.7014 â”â”â”â”â”â”â”â”â”â”â”â”â”â”â”â”â”â”â”â”â”â”â”â”â” 100% 0:00:00Training Epoch: 50 [174/175] Loss: 0.5243 â”â”â”â”â”â”â”â”â”â”â”â”â”â”â”â”â”â”â”â”â”â”â”â”â” 100% 0:00:00

Training Epoch: 50 [174/175] Loss: 0.6021 â”â”â”â”â”â”â”â”â”â”â”â”â”â”â”â”â”â”â”â”â”â”â”â”â” 100% 0:00:00
Validating Epoch: 50 [10/11] Loss: 0.3394 â”â”â”â”â”â”â”â”â”â”â”â”â”â”â”â”â”â”â”â”â”â”â”â”â” 100% 0:00:00
Validating Epoch: 50 [10/11] Loss: 0.4140 â”â”â”â”â”â”â”â”â”â”â”â”â”â”â”â”â”â”â”â”â”â”â”â”â” 100% 0:00:00
Validating Epoch: 50 [10/11] Loss: 0.3333 â”â”â”â”â”â”â”â”â”â”â”â”â”â”â”â”â”â”â”â”â”â”â”â”â” 100% 0:00:00
Validating Epoch: 50 [10/11] Loss: 0.4160 â”â”â”â”â”â”â”â”â”â”â”â”â”â”â”â”â”â”â”â”â”â”â”â”â” 100% 0:00:00
Training Epoch: 51 [174/175] Loss: 0.4923 â”â”â”â”â”â”â”â”â”â”â”â”â”â”â”â”â”â”â”â”â”â”â”â”â” 100% 0:00:00
Training Epoch: 51 [174/175] Loss: 0.5235 â”â”â”â”â”â”â”â”â”â”â”â”â”â”â”â”â”â”â”â”â”â”â”â”â” 100% 0:00:00
Training Epoch: 51 [174/175] Loss: 0.5721 â”â”â”â”â”â”â”â”â”â”â”â”â”â”â”â”â”â”â”â”â”â”â”â”â” 100% 0:00:00
Training Epoch: 51 [174/175] Loss: 0.8027 â”â”â”â”â”â”â”â”â”â”â”â”â”â”â”â”â”â”â”â”â”â”â”â”â” 100% 0:00:00
Validating Epoch: 51 [10/11] Loss: 0.3336 â”â”â”â”â”â”â”â”â”â”â”â”â”â”â”â”â”â”â”â”â”â”â”â”â” 100% 0:00:00
Validating Epoch: 51 [10/11] Loss: 0.2901 â”â”â”â”â”â”â”â”â”â”â”â”â”â”â”â”â”â”â”â”â”â”â”â”â” 100% 0:00:00
Validating Epoch: 51 [10/11] Loss: 0.2601 â”â”â”â”â”â”â”â”â”â”â”â”â”â”â”â”â”â”â”â”â”â”â”â”â” 100% 0:00:00
Validating Epoch: 51 [10/11] Loss: 0.3772 â”â”â”â”â”â”â”â”â”â”â”â”â”â”â”â”â”â”â”â”â”â”â”â”â” 100% 0:00:00
Training Epoch: 52 [174/175] Loss: 0.5150 â”â”â”â”â”â”â”â”â”â”â”â”â”â”â”â”â”â”â”â”â”â”â”â”â” 100% 0:00:00
Training Epoch: 52 [174/175] Loss: 0.5961 â”â”â”â”â”â”â”â”â”â”â”â”â”â”â”â”â”â”â”â”â”â”â”â”â” 100% 0:00:00
Training Epoch: 52 [174/175] Loss: 0.5712 â”â”â”â”â”â”â”â”â”â”â”â”â”â”â”â”â”â”â”â”â”â”â”â”â” 100% 0:00:00
Training Epoch: 52 [174/175] Loss: 0.4769 â”â”â”â”â”â”â”â”â”â”â”â”â”â”â”â”â”â”â”â”â”â”â”â”â” 100% 0:00:00
Validating Epoch: 52 [10/11] Loss: 0.2484 â”â”â”â”â”â”â”â”â”â”â”â”â”â”â”â”â”â”â”â”â”â”â”â”â” 100% 0:00:00
Validating Epoch: 52 [10/11] Loss: 0.3659 â”â”â”â”â”â”â”â”â”â”â”â”â”â”â”â”â”â”â”â”â”â”â”â”â” 100% 0:00:00
Validating Epoch: 52 [10/11] Loss: 0.2081 â”â”â”â”â”â”â”â”â”â”â”â”â”â”â”â”â”â”â”â”â”â”â”â”â” 100% 0:00:00
Validating Epoch: 52 [10/11] Loss: 0.2529 â”â”â”â”â”â”â”â”â”â”â”â”â”â”â”â”â”â”â”â”â”â”â”â”â” 100% 0:00:00
Training Epoch: 53 [174/175] Loss: 0.5722 â”â”â”â”â”â”â”â”â”â”â”â”â”â”â”â”â”â”â”â”â”â”â”â”â” 100% 0:00:00
Training Epoch: 53 [174/175] Loss: 0.5241 â”â”â”â”â”â”â”â”â”â”â”â”â”â”â”â”â”â”â”â”â”â”â”â”â” 100% 0:00:00
Training Epoch: 53 [174/175] Loss: 0.5009 â”â”â”â”â”â”â”â”â”â”â”â”â”â”â”â”â”â”â”â”â”â”â”â”â” 100% 0:00:00
Training Epoch: 53 [174/175] Loss: 0.4325 â”â”â”â”â”â”â”â”â”â”â”â”â”â”â”â”â”â”â”â”â”â”â”â”â” 100% 0:00:00
Validating Epoch: 53 [10/11] Loss: 0.3204 â”â”â”â”â”â”â”â”â”â”â”â”â”â”â”â”â”â”â”â”â”â”â”â”â” 100% 0:00:00
Validating Epoch: 53 [10/11] Loss: 0.2898 â”â”â”â”â”â”â”â”â”â”â”â”â”â”â”â”â”â”â”â”â”â”â”â”â” 100% 0:00:00
Validating Epoch: 53 [10/11] Loss: 0.2873 â”â”â”â”â”â”â”â”â”â”â”â”â”â”â”â”â”â”â”â”â”â”â”â”â” 100% 0:00:00
Validating Epoch: 53 [10/11] Loss: 0.2704 â”â”â”â”â”â”â”â”â”â”â”â”â”â”â”â”â”â”â”â”â”â”â”â”â” 100% 0:00:00
Training Epoch: 54 [174/175] Loss: 0.4877 â”â”â”â”â”â”â”â”â”â”â”â”â”â”â”â”â”â”â”â”â”â”â”â”â” 100% 0:00:00
Training Epoch: 54 [174/175] Loss: 0.4980 â”â”â”â”â”â”â”â”â”â”â”â”â”â”â”â”â”â”â”â”â”â”â”â”â” 100% 0:00:00
Training Epoch: 54 [174/175] Loss: 0.6518 â”â”â”â”â”â”â”â”â”â”â”â”â”â”â”â”â”â”â”â”â”â”â”â”â” 100% 0:00:00Training Epoch: 54 [174/175] Loss: 0.5647 â”â”â”â”â”â”â”â”â”â”â”â”â”â”â”â”â”â”â”â”â”â”â”â”â” 100% 0:00:00

Validating Epoch: 54 [10/11] Loss: 0.3192 â”â”â”â”â”â”â”â”â”â”â”â”â”â”â”â”â”â”â”â”â”â”â”â”â” 100% 0:00:00
Validating Epoch: 54 [10/11] Loss: 0.2360 â”â”â”â”â”â”â”â”â”â”â”â”â”â”â”â”â”â”â”â”â”â”â”â”â” 100% 0:00:00
Validating Epoch: 54 [10/11] Loss: 0.2959 â”â”â”â”â”â”â”â”â”â”â”â”â”â”â”â”â”â”â”â”â”â”â”â”â” 100% 0:00:00
Validating Epoch: 54 [10/11] Loss: 0.3901 â”â”â”â”â”â”â”â”â”â”â”â”â”â”â”â”â”â”â”â”â”â”â”â”â” 100% 0:00:00
Training Epoch: 55 [174/175] Loss: 0.4885 â”â”â”â”â”â”â”â”â”â”â”â”â”â”â”â”â”â”â”â”â”â”â”â”â” 100% 0:00:00
Training Epoch: 55 [174/175] Loss: 0.5529 â”â”â”â”â”â”â”â”â”â”â”â”â”â”â”â”â”â”â”â”â”â”â”â”â” 100% 0:00:00
Training Epoch: 55 [174/175] Loss: 0.5529 â”â”â”â”â”â”â”â”â”â”â”â”â”â”â”â”â”â”â”â”â”â”â”â”â” 100% 0:00:00
Training Epoch: 55 [174/175] Loss: 0.4104 â”â”â”â”â”â”â”â”â”â”â”â”â”â”â”â”â”â”â”â”â”â”â”â”â” 100% 0:00:00
Validating Epoch: 55 [10/11] Loss: 0.3381 â”â”â”â”â”â”â”â”â”â”â”â”â”â”â”â”â”â”â”â”â”â”â”â”â” 100% 0:00:00
Validating Epoch: 55 [10/11] Loss: 0.2663 â”â”â”â”â”â”â”â”â”â”â”â”â”â”â”â”â”â”â”â”â”â”â”â”â” 100% 0:00:00
Validating Epoch: 55 [10/11] Loss: 0.3091 â”â”â”â”â”â”â”â”â”â”â”â”â”â”â”â”â”â”â”â”â”â”â”â”â” 100% 0:00:00
Validating Epoch: 55 [10/11] Loss: 0.3359 â”â”â”â”â”â”â”â”â”â”â”â”â”â”â”â”â”â”â”â”â”â”â”â”â” 100% 0:00:00
Training Epoch: 56 [174/175] Loss: 0.6267 â”â”â”â”â”â”â”â”â”â”â”â”â”â”â”â”â”â”â”â”â”â”â”â”â” 100% 0:00:00
Training Epoch: 56 [174/175] Loss: 0.4131 â”â”â”â”â”â”â”â”â”â”â”â”â”â”â”â”â”â”â”â”â”â”â”â”â” 100% 0:00:00
Training Epoch: 56 [174/175] Loss: 0.6731 â”â”â”â”â”â”â”â”â”â”â”â”â”â”â”â”â”â”â”â”â”â”â”â”â” 100% 0:00:00
Training Epoch: 56 [174/175] Loss: 0.6687 â”â”â”â”â”â”â”â”â”â”â”â”â”â”â”â”â”â”â”â”â”â”â”â”â” 100% 0:00:00
Validating Epoch: 56 [10/11] Loss: 0.2357 â”â”â”â”â”â”â”â”â”â”â”â”â”â”â”â”â”â”â”â”â”â”â”â”â” 100% 0:00:00
Validating Epoch: 56 [10/11] Loss: 0.2803 â”â”â”â”â”â”â”â”â”â”â”â”â”â”â”â”â”â”â”â”â”â”â”â”â” 100% 0:00:00
Validating Epoch: 56 [10/11] Loss: 0.2512 â”â”â”â”â”â”â”â”â”â”â”â”â”â”â”â”â”â”â”â”â”â”â”â”â” 100% 0:00:00
Validating Epoch: 56 [10/11] Loss: 0.3480 â”â”â”â”â”â”â”â”â”â”â”â”â”â”â”â”â”â”â”â”â”â”â”â”â” 100% 0:00:00
Training Epoch: 57 [174/175] Loss: 0.4562 â”â”â”â”â”â”â”â”â”â”â”â”â”â”â”â”â”â”â”â”â”â”â”â”â” 100% 0:00:00
Training Epoch: 57 [174/175] Loss: 0.4793 â”â”â”â”â”â”â”â”â”â”â”â”â”â”â”â”â”â”â”â”â”â”â”â”â” 100% 0:00:00
Training Epoch: 57 [174/175] Loss: 0.4648 â”â”â”â”â”â”â”â”â”â”â”â”â”â”â”â”â”â”â”â”â”â”â”â”â” 100% 0:00:00
Training Epoch: 57 [174/175] Loss: 0.4715 â”â”â”â”â”â”â”â”â”â”â”â”â”â”â”â”â”â”â”â”â”â”â”â”â” 100% 0:00:00
Validating Epoch: 57 [10/11] Loss: 0.2993 â”â”â”â”â”â”â”â”â”â”â”â”â”â”â”â”â”â”â”â”â”â”â”â”â” 100% 0:00:00
Validating Epoch: 57 [10/11] Loss: 0.2926 â”â”â”â”â”â”â”â”â”â”â”â”â”â”â”â”â”â”â”â”â”â”â”â”â” 100% 0:00:00
Validating Epoch: 57 [10/11] Loss: 0.3809 â”â”â”â”â”â”â”â”â”â”â”â”â”â”â”â”â”â”â”â”â”â”â”â”â” 100% 0:00:00
Validating Epoch: 57 [10/11] Loss: 0.2235 â”â”â”â”â”â”â”â”â”â”â”â”â”â”â”â”â”â”â”â”â”â”â”â”â” 100% 0:00:00
Training Epoch: 58 [174/175] Loss: 0.6520 â”â”â”â”â”â”â”â”â”â”â”â”â”â”â”â”â”â”â”â”â”â”â”â”â” 100% 0:00:00
Training Epoch: 58 [174/175] Loss: 0.4660 â”â”â”â”â”â”â”â”â”â”â”â”â”â”â”â”â”â”â”â”â”â”â”â”â” 100% 0:00:00
Training Epoch: 58 [174/175] Loss: 0.5228 â”â”â”â”â”â”â”â”â”â”â”â”â”â”â”â”â”â”â”â”â”â”â”â”â” 100% 0:00:00
Training Epoch: 58 [174/175] Loss: 0.4863 â”â”â”â”â”â”â”â”â”â”â”â”â”â”â”â”â”â”â”â”â”â”â”â”â” 100% 0:00:00
Validating Epoch: 58 [10/11] Loss: 0.3727 â”â”â”â”â”â”â”â”â”â”â”â”â”â”â”â”â”â”â”â”â”â”â”â”â” 100% 0:00:00
Validating Epoch: 58 [10/11] Loss: 0.2913 â”â”â”â”â”â”â”â”â”â”â”â”â”â”â”â”â”â”â”â”â”â”â”â”â” 100% 0:00:00
Validating Epoch: 58 [10/11] Loss: 0.2346 â”â”â”â”â”â”â”â”â”â”â”â”â”â”â”â”â”â”â”â”â”â”â”â”â” 100% 0:00:00
Validating Epoch: 58 [10/11] Loss: 0.4881 â”â”â”â”â”â”â”â”â”â”â”â”â”â”â”â”â”â”â”â”â”â”â”â”â” 100% 0:00:00
Training Epoch: 59 [174/175] Loss: 0.6257 â”â”â”â”â”â”â”â”â”â”â”â”â”â”â”â”â”â”â”â”â”â”â”â”â” 100% 0:00:00
Training Epoch: 59 [174/175] Loss: 0.4615 â”â”â”â”â”â”â”â”â”â”â”â”â”â”â”â”â”â”â”â”â”â”â”â”â” 100% 0:00:00
Training Epoch: 59 [174/175] Loss: 0.4931 â”â”â”â”â”â”â”â”â”â”â”â”â”â”â”â”â”â”â”â”â”â”â”â”â” 100% 0:00:00
Training Epoch: 59 [174/175] Loss: 0.5117 â”â”â”â”â”â”â”â”â”â”â”â”â”â”â”â”â”â”â”â”â”â”â”â”â” 100% 0:00:00
Validating Epoch: 59 [10/11] Loss: 0.2592 â”â”â”â”â”â”â”â”â”â”â”â”â”â”â”â”â”â”â”â”â”â”â”â”â” 100% 0:00:00
Validating Epoch: 59 [10/11] Loss: 0.2314 â”â”â”â”â”â”â”â”â”â”â”â”â”â”â”â”â”â”â”â”â”â”â”â”â” 100% 0:00:00
Validating Epoch: 59 [10/11] Loss: 0.3420 â”â”â”â”â”â”â”â”â”â”â”â”â”â”â”â”â”â”â”â”â”â”â”â”â” 100% 0:00:00
Validating Epoch: 59 [10/11] Loss: 0.3286 â”â”â”â”â”â”â”â”â”â”â”â”â”â”â”â”â”â”â”â”â”â”â”â”â” 100% 0:00:00
Training Epoch: 60 [174/175] Loss: 0.4436 â”â”â”â”â”â”â”â”â”â”â”â”â”â”â”â”â”â”â”â”â”â”â”â”â” 100% 0:00:00
Training Epoch: 60 [174/175] Loss: 0.5980 â”â”â”â”â”â”â”â”â”â”â”â”â”â”â”â”â”â”â”â”â”â”â”â”â” 100% 0:00:00
Training Epoch: 60 [174/175] Loss: 0.6342 â”â”â”â”â”â”â”â”â”â”â”â”â”â”â”â”â”â”â”â”â”â”â”â”â” 100% 0:00:00
Training Epoch: 60 [174/175] Loss: 0.5550 â”â”â”â”â”â”â”â”â”â”â”â”â”â”â”â”â”â”â”â”â”â”â”â”â” 100% 0:00:00
Validating Epoch: 60 [10/11] Loss: 0.2356 â”â”â”â”â”â”â”â”â”â”â”â”â”â”â”â”â”â”â”â”â”â”â”â”â” 100% 0:00:00
Validating Epoch: 60 [10/11] Loss: 0.2624 â”â”â”â”â”â”â”â”â”â”â”â”â”â”â”â”â”â”â”â”â”â”â”â”â” 100% 0:00:00
Validating Epoch: 60 [10/11] Loss: 0.2912 â”â”â”â”â”â”â”â”â”â”â”â”â”â”â”â”â”â”â”â”â”â”â”â”â” 100% 0:00:00
Validating Epoch: 60 [10/11] Loss: 0.3357 â”â”â”â”â”â”â”â”â”â”â”â”â”â”â”â”â”â”â”â”â”â”â”â”â” 100% 0:00:00
Training Epoch: 61 [174/175] Loss: 0.5716 â”â”â”â”â”â”â”â”â”â”â”â”â”â”â”â”â”â”â”â”â”â”â”â”â” 100% 0:00:00
Training Epoch: 61 [174/175] Loss: 0.5608 â”â”â”â”â”â”â”â”â”â”â”â”â”â”â”â”â”â”â”â”â”â”â”â”â” 100% 0:00:00
Training Epoch: 61 [174/175] Loss: 0.5271 â”â”â”â”â”â”â”â”â”â”â”â”â”â”â”â”â”â”â”â”â”â”â”â”â” 100% 0:00:00
Training Epoch: 61 [174/175] Loss: 0.5284 â”â”â”â”â”â”â”â”â”â”â”â”â”â”â”â”â”â”â”â”â”â”â”â”â” 100% 0:00:00
Validating Epoch: 61 [10/11] Loss: 0.2547 â”â”â”â”â”â”â”â”â”â”â”â”â”â”â”â”â”â”â”â”â”â”â”â”â” 100% 0:00:00
Validating Epoch: 61 [10/11] Loss: 0.2418 â”â”â”â”â”â”â”â”â”â”â”â”â”â”â”â”â”â”â”â”â”â”â”â”â” 100% 0:00:00
Validating Epoch: 61 [10/11] Loss: 0.2426 â”â”â”â”â”â”â”â”â”â”â”â”â”â”â”â”â”â”â”â”â”â”â”â”â” 100% 0:00:00
Validating Epoch: 61 [10/11] Loss: 0.2619 â”â”â”â”â”â”â”â”â”â”â”â”â”â”â”â”â”â”â”â”â”â”â”â”â” 100% 0:00:00
Training Epoch: 62 [174/175] Loss: 0.4679 â”â”â”â”â”â”â”â”â”â”â”â”â”â”â”â”â”â”â”â”â”â”â”â”â” 100% 0:00:00
Training Epoch: 62 [174/175] Loss: 0.4328 â”â”â”â”â”â”â”â”â”â”â”â”â”â”â”â”â”â”â”â”â”â”â”â”â” 100% 0:00:00
Training Epoch: 62 [174/175] Loss: 0.7612 â”â”â”â”â”â”â”â”â”â”â”â”â”â”â”â”â”â”â”â”â”â”â”â”â” 100% 0:00:00
Training Epoch: 62 [174/175] Loss: 0.6142 â”â”â”â”â”â”â”â”â”â”â”â”â”â”â”â”â”â”â”â”â”â”â”â”â” 100% 0:00:00
Validating Epoch: 62 [10/11] Loss: 0.2506 â”â”â”â”â”â”â”â”â”â”â”â”â”â”â”â”â”â”â”â”â”â”â”â”â” 100% 0:00:00
Validating Epoch: 62 [10/11] Loss: 0.2916 â”â”â”â”â”â”â”â”â”â”â”â”â”â”â”â”â”â”â”â”â”â”â”â”â” 100% 0:00:00
Validating Epoch: 62 [10/11] Loss: 0.4333 â”â”â”â”â”â”â”â”â”â”â”â”â”â”â”â”â”â”â”â”â”â”â”â”â” 100% 0:00:00
Validating Epoch: 62 [10/11] Loss: 0.3223 â”â”â”â”â”â”â”â”â”â”â”â”â”â”â”â”â”â”â”â”â”â”â”â”â” 100% 0:00:00
Training Epoch: 63 [174/175] Loss: 0.5564 â”â”â”â”â”â”â”â”â”â”â”â”â”â”â”â”â”â”â”â”â”â”â”â”â” 100% 0:00:00
Training Epoch: 63 [174/175] Loss: 0.6875 â”â”â”â”â”â”â”â”â”â”â”â”â”â”â”â”â”â”â”â”â”â”â”â”â” 100% 0:00:00
Training Epoch: 63 [174/175] Loss: 0.4802 â”â”â”â”â”â”â”â”â”â”â”â”â”â”â”â”â”â”â”â”â”â”â”â”â” 100% 0:00:00
Training Epoch: 63 [174/175] Loss: 0.5536 â”â”â”â”â”â”â”â”â”â”â”â”â”â”â”â”â”â”â”â”â”â”â”â”â” 100% 0:00:00
Validating Epoch: 63 [10/11] Loss: 0.2595 â”â”â”â”â”â”â”â”â”â”â”â”â”â”â”â”â”â”â”â”â”â”â”â”â” 100% 0:00:00
Validating Epoch: 63 [10/11] Loss: 0.3788 â”â”â”â”â”â”â”â”â”â”â”â”â”â”â”â”â”â”â”â”â”â”â”â”â” 100% 0:00:00
Validating Epoch: 63 [10/11] Loss: 0.5926 â”â”â”â”â”â”â”â”â”â”â”â”â”â”â”â”â”â”â”â”â”â”â”â”â” 100% 0:00:00
Validating Epoch: 63 [10/11] Loss: 0.3540 â”â”â”â”â”â”â”â”â”â”â”â”â”â”â”â”â”â”â”â”â”â”â”â”â” 100% 0:00:00
Training Epoch: 64 [174/175] Loss: 0.4976 â”â”â”â”â”â”â”â”â”â”â”â”â”â”â”â”â”â”â”â”â”â”â”â”â” 100% 0:00:00
Training Epoch: 64 [174/175] Loss: 0.4665 â”â”â”â”â”â”â”â”â”â”â”â”â”â”â”â”â”â”â”â”â”â”â”â”â” 100% 0:00:00
Training Epoch: 64 [174/175] Loss: 0.5275 â”â”â”â”â”â”â”â”â”â”â”â”â”â”â”â”â”â”â”â”â”â”â”â”â” 100% 0:00:00
Training Epoch: 64 [174/175] Loss: 0.4305 â”â”â”â”â”â”â”â”â”â”â”â”â”â”â”â”â”â”â”â”â”â”â”â”â” 100% 0:00:00
Validating Epoch: 64 [10/11] Loss: 0.5988 â”â”â”â”â”â”â”â”â”â”â”â”â”â”â”â”â”â”â”â”â”â”â”â”â” 100% 0:00:00
Validating Epoch: 64 [10/11] Loss: 0.2840 â”â”â”â”â”â”â”â”â”â”â”â”â”â”â”â”â”â”â”â”â”â”â”â”â” 100% 0:00:00
Validating Epoch: 64 [10/11] Loss: 0.2278 â”â”â”â”â”â”â”â”â”â”â”â”â”â”â”â”â”â”â”â”â”â”â”â”â” 100% 0:00:00
Validating Epoch: 64 [10/11] Loss: 0.3251 â”â”â”â”â”â”â”â”â”â”â”â”â”â”â”â”â”â”â”â”â”â”â”â”â” 100% 0:00:00
Training Epoch: 65 [174/175] Loss: 0.6592 â”â”â”â”â”â”â”â”â”â”â”â”â”â”â”â”â”â”â”â”â”â”â”â”â” 100% 0:00:00
Training Epoch: 65 [174/175] Loss: 0.5189 â”â”â”â”â”â”â”â”â”â”â”â”â”â”â”â”â”â”â”â”â”â”â”â”â” 100% 0:00:00
Training Epoch: 65 [174/175] Loss: 0.4786 â”â”â”â”â”â”â”â”â”â”â”â”â”â”â”â”â”â”â”â”â”â”â”â”â” 100% 0:00:00
Training Epoch: 65 [174/175] Loss: 0.5299 â”â”â”â”â”â”â”â”â”â”â”â”â”â”â”â”â”â”â”â”â”â”â”â”â” 100% 0:00:00
Validating Epoch: 65 [10/11] Loss: 0.3046 â”â”â”â”â”â”â”â”â”â”â”â”â”â”â”â”â”â”â”â”â”â”â”â”â” 100% 0:00:00
Validating Epoch: 65 [10/11] Loss: 0.4126 â”â”â”â”â”â”â”â”â”â”â”â”â”â”â”â”â”â”â”â”â”â”â”â”â” 100% 0:00:00
Validating Epoch: 65 [10/11] Loss: 0.3907 â”â”â”â”â”â”â”â”â”â”â”â”â”â”â”â”â”â”â”â”â”â”â”â”â” 100% 0:00:00
Validating Epoch: 65 [10/11] Loss: 0.2588 â”â”â”â”â”â”â”â”â”â”â”â”â”â”â”â”â”â”â”â”â”â”â”â”â” 100% 0:00:00
Training Epoch: 66 [174/175] Loss: 0.5369 â”â”â”â”â”â”â”â”â”â”â”â”â”â”â”â”â”â”â”â”â”â”â”â”â” 100% 0:00:00
Training Epoch: 66 [174/175] Loss: 0.5409 â”â”â”â”â”â”â”â”â”â”â”â”â”â”â”â”â”â”â”â”â”â”â”â”â” 100% 0:00:00
Training Epoch: 66 [174/175] Loss: 0.5332 â”â”â”â”â”â”â”â”â”â”â”â”â”â”â”â”â”â”â”â”â”â”â”â”â” 100% 0:00:00
Training Epoch: 66 [174/175] Loss: 0.5080 â”â”â”â”â”â”â”â”â”â”â”â”â”â”â”â”â”â”â”â”â”â”â”â”â” 100% 0:00:00
Validating Epoch: 66 [10/11] Loss: 0.2417 â”â”â”â”â”â”â”â”â”â”â”â”â”â”â”â”â”â”â”â”â”â”â”â”â” 100% 0:00:00
Validating Epoch: 66 [10/11] Loss: 0.2574 â”â”â”â”â”â”â”â”â”â”â”â”â”â”â”â”â”â”â”â”â”â”â”â”â” 100% 0:00:00
Validating Epoch: 66 [10/11] Loss: 0.3276 â”â”â”â”â”â”â”â”â”â”â”â”â”â”â”â”â”â”â”â”â”â”â”â”â” 100% 0:00:00
Validating Epoch: 66 [10/11] Loss: 0.2806 â”â”â”â”â”â”â”â”â”â”â”â”â”â”â”â”â”â”â”â”â”â”â”â”â” 100% 0:00:00
Training Epoch: 67 [174/175] Loss: 0.5154 â”â”â”â”â”â”â”â”â”â”â”â”â”â”â”â”â”â”â”â”â”â”â”â”â” 100% 0:00:00
Training Epoch: 67 [174/175] Loss: 0.5092 â”â”â”â”â”â”â”â”â”â”â”â”â”â”â”â”â”â”â”â”â”â”â”â”â” 100% 0:00:00
Training Epoch: 67 [174/175] Loss: 0.4972 â”â”â”â”â”â”â”â”â”â”â”â”â”â”â”â”â”â”â”â”â”â”â”â”â” 100% 0:00:00
Training Epoch: 67 [174/175] Loss: 0.4371 â”â”â”â”â”â”â”â”â”â”â”â”â”â”â”â”â”â”â”â”â”â”â”â”â” 100% 0:00:00
Validating Epoch: 67 [10/11] Loss: 0.3045 â”â”â”â”â”â”â”â”â”â”â”â”â”â”â”â”â”â”â”â”â”â”â”â”â” 100% 0:00:00
Validating Epoch: 67 [10/11] Loss: 0.3625 â”â”â”â”â”â”â”â”â”â”â”â”â”â”â”â”â”â”â”â”â”â”â”â”â” 100% 0:00:00
Validating Epoch: 67 [10/11] Loss: 0.3508 â”â”â”â”â”â”â”â”â”â”â”â”â”â”â”â”â”â”â”â”â”â”â”â”â” 100% 0:00:00
Validating Epoch: 67 [10/11] Loss: 0.3255 â”â”â”â”â”â”â”â”â”â”â”â”â”â”â”â”â”â”â”â”â”â”â”â”â” 100% 0:00:00
Training Epoch: 68 [174/175] Loss: 0.4959 â”â”â”â”â”â”â”â”â”â”â”â”â”â”â”â”â”â”â”â”â”â”â”â”â” 100% 0:00:00
Training Epoch: 68 [174/175] Loss: 0.5039 â”â”â”â”â”â”â”â”â”â”â”â”â”â”â”â”â”â”â”â”â”â”â”â”â” 100% 0:00:00
Training Epoch: 68 [174/175] Loss: 0.5741 â”â”â”â”â”â”â”â”â”â”â”â”â”â”â”â”â”â”â”â”â”â”â”â”â” 100% 0:00:00
Training Epoch: 68 [174/175] Loss: 0.6559 â”â”â”â”â”â”â”â”â”â”â”â”â”â”â”â”â”â”â”â”â”â”â”â”â” 100% 0:00:00
Validating Epoch: 68 [10/11] Loss: 0.3739 â”â”â”â”â”â”â”â”â”â”â”â”â”â”â”â”â”â”â”â”â”â”â”â”â” 100% 0:00:00
Validating Epoch: 68 [10/11] Loss: 0.3130 â”â”â”â”â”â”â”â”â”â”â”â”â”â”â”â”â”â”â”â”â”â”â”â”â” 100% 0:00:00
Validating Epoch: 68 [10/11] Loss: 0.2610 â”â”â”â”â”â”â”â”â”â”â”â”â”â”â”â”â”â”â”â”â”â”â”â”â” 100% 0:00:00
Validating Epoch: 68 [10/11] Loss: 0.3454 â”â”â”â”â”â”â”â”â”â”â”â”â”â”â”â”â”â”â”â”â”â”â”â”â” 100% 0:00:00
Training Epoch: 69 [174/175] Loss: 0.5450 â”â”â”â”â”â”â”â”â”â”â”â”â”â”â”â”â”â”â”â”â”â”â”â”â” 100% 0:00:00
Training Epoch: 69 [174/175] Loss: 0.5150 â”â”â”â”â”â”â”â”â”â”â”â”â”â”â”â”â”â”â”â”â”â”â”â”â” 100% 0:00:00
Training Epoch: 69 [174/175] Loss: 0.4919 â”â”â”â”â”â”â”â”â”â”â”â”â”â”â”â”â”â”â”â”â”â”â”â”â” 100% 0:00:00
Training Epoch: 69 [174/175] Loss: 0.5128 â”â”â”â”â”â”â”â”â”â”â”â”â”â”â”â”â”â”â”â”â”â”â”â”â” 100% 0:00:00
Validating Epoch: 69 [10/11] Loss: 0.2843 â”â”â”â”â”â”â”â”â”â”â”â”â”â”â”â”â”â”â”â”â”â”â”â”â” 100% 0:00:00
Validating Epoch: 69 [10/11] Loss: 0.3265 â”â”â”â”â”â”â”â”â”â”â”â”â”â”â”â”â”â”â”â”â”â”â”â”â” 100% 0:00:00
Validating Epoch: 69 [10/11] Loss: 0.3427 â”â”â”â”â”â”â”â”â”â”â”â”â”â”â”â”â”â”â”â”â”â”â”â”â” 100% 0:00:00
Validating Epoch: 69 [10/11] Loss: 0.3128 â”â”â”â”â”â”â”â”â”â”â”â”â”â”â”â”â”â”â”â”â”â”â”â”â” 100% 0:00:00
Training Epoch: 70 [174/175] Loss: 0.5461 â”â”â”â”â”â”â”â”â”â”â”â”â”â”â”â”â”â”â”â”â”â”â”â”â” 100% 0:00:00
Training Epoch: 70 [174/175] Loss: 0.5134 â”â”â”â”â”â”â”â”â”â”â”â”â”â”â”â”â”â”â”â”â”â”â”â”â” 100% 0:00:00
Training Epoch: 70 [174/175] Loss: 0.5001 â”â”â”â”â”â”â”â”â”â”â”â”â”â”â”â”â”â”â”â”â”â”â”â”â” 100% 0:00:00Training Epoch: 70 [174/175] Loss: 0.6240 â”â”â”â”â”â”â”â”â”â”â”â”â”â”â”â”â”â”â”â”â”â”â”â”â” 100% 0:00:00

Validating Epoch: 70 [10/11] Loss: 0.2935 â”â”â”â”â”â”â”â”â”â”â”â”â”â”â”â”â”â”â”â”â”â”â”â”â” 100% 0:00:00
Validating Epoch: 70 [10/11] Loss: 0.3523 â”â”â”â”â”â”â”â”â”â”â”â”â”â”â”â”â”â”â”â”â”â”â”â”â” 100% 0:00:00
Validating Epoch: 70 [10/11] Loss: 0.3528 â”â”â”â”â”â”â”â”â”â”â”â”â”â”â”â”â”â”â”â”â”â”â”â”â” 100% 0:00:00
Validating Epoch: 70 [10/11] Loss: 0.2337 â”â”â”â”â”â”â”â”â”â”â”â”â”â”â”â”â”â”â”â”â”â”â”â”â” 100% 0:00:00
Training Epoch: 71 [174/175] Loss: 0.7071 â”â”â”â”â”â”â”â”â”â”â”â”â”â”â”â”â”â”â”â”â”â”â”â”â” 100% 0:00:00
Training Epoch: 71 [174/175] Loss: 0.4578 â”â”â”â”â”â”â”â”â”â”â”â”â”â”â”â”â”â”â”â”â”â”â”â”â” 100% 0:00:00
Training Epoch: 71 [174/175] Loss: 0.6240 â”â”â”â”â”â”â”â”â”â”â”â”â”â”â”â”â”â”â”â”â”â”â”â”â” 100% 0:00:00
Training Epoch: 71 [174/175] Loss: 0.5934 â”â”â”â”â”â”â”â”â”â”â”â”â”â”â”â”â”â”â”â”â”â”â”â”â” 100% 0:00:00
Validating Epoch: 71 [10/11] Loss: 0.4690 â”â”â”â”â”â”â”â”â”â”â”â”â”â”â”â”â”â”â”â”â”â”â”â”â” 100% 0:00:00
Validating Epoch: 71 [10/11] Loss: 0.4374 â”â”â”â”â”â”â”â”â”â”â”â”â”â”â”â”â”â”â”â”â”â”â”â”â” 100% 0:00:00
Validating Epoch: 71 [10/11] Loss: 0.3882 â”â”â”â”â”â”â”â”â”â”â”â”â”â”â”â”â”â”â”â”â”â”â”â”â” 100% 0:00:00
Validating Epoch: 71 [10/11] Loss: 0.2642 â”â”â”â”â”â”â”â”â”â”â”â”â”â”â”â”â”â”â”â”â”â”â”â”â” 100% 0:00:00
Training Epoch: 72 [174/175] Loss: 0.6773 â”â”â”â”â”â”â”â”â”â”â”â”â”â”â”â”â”â”â”â”â”â”â”â”â” 100% 0:00:00
Training Epoch: 72 [174/175] Loss: 0.5319 â”â”â”â”â”â”â”â”â”â”â”â”â”â”â”â”â”â”â”â”â”â”â”â”â” 100% 0:00:00
Training Epoch: 72 [174/175] Loss: 0.7210 â”â”â”â”â”â”â”â”â”â”â”â”â”â”â”â”â”â”â”â”â”â”â”â”â” 100% 0:00:00
Training Epoch: 72 [174/175] Loss: 0.5700 â”â”â”â”â”â”â”â”â”â”â”â”â”â”â”â”â”â”â”â”â”â”â”â”â” 100% 0:00:00
Validating Epoch: 72 [10/11] Loss: 0.1924 â”â”â”â”â”â”â”â”â”â”â”â”â”â”â”â”â”â”â”â”â”â”â”â”â” 100% 0:00:00
Validating Epoch: 72 [10/11] Loss: 0.2274 â”â”â”â”â”â”â”â”â”â”â”â”â”â”â”â”â”â”â”â”â”â”â”â”â” 100% 0:00:00
Validating Epoch: 72 [10/11] Loss: 0.3096 â”â”â”â”â”â”â”â”â”â”â”â”â”â”â”â”â”â”â”â”â”â”â”â”â” 100% 0:00:00
Validating Epoch: 72 [10/11] Loss: 0.4084 â”â”â”â”â”â”â”â”â”â”â”â”â”â”â”â”â”â”â”â”â”â”â”â”â” 100% 0:00:00
Training Epoch: 73 [174/175] Loss: 0.4575 â”â”â”â”â”â”â”â”â”â”â”â”â”â”â”â”â”â”â”â”â”â”â”â”â” 100% 0:00:00
Training Epoch: 73 [174/175] Loss: 0.4493 â”â”â”â”â”â”â”â”â”â”â”â”â”â”â”â”â”â”â”â”â”â”â”â”â” 100% 0:00:00
Training Epoch: 73 [174/175] Loss: 0.5058 â”â”â”â”â”â”â”â”â”â”â”â”â”â”â”â”â”â”â”â”â”â”â”â”â” 100% 0:00:00
Training Epoch: 73 [174/175] Loss: 0.4322 â”â”â”â”â”â”â”â”â”â”â”â”â”â”â”â”â”â”â”â”â”â”â”â”â” 100% 0:00:00
Validating Epoch: 73 [10/11] Loss: 0.2624 â”â”â”â”â”â”â”â”â”â”â”â”â”â”â”â”â”â”â”â”â”â”â”â”â” 100% 0:00:00
Validating Epoch: 73 [10/11] Loss: 0.2274 â”â”â”â”â”â”â”â”â”â”â”â”â”â”â”â”â”â”â”â”â”â”â”â”â” 100% 0:00:00
Validating Epoch: 73 [10/11] Loss: 0.2791 â”â”â”â”â”â”â”â”â”â”â”â”â”â”â”â”â”â”â”â”â”â”â”â”â” 100% 0:00:00
Validating Epoch: 73 [10/11] Loss: 0.3228 â”â”â”â”â”â”â”â”â”â”â”â”â”â”â”â”â”â”â”â”â”â”â”â”â” 100% 0:00:00
Training Epoch: 74 [174/175] Loss: 0.5680 â”â”â”â”â”â”â”â”â”â”â”â”â”â”â”â”â”â”â”â”â”â”â”â”â” 100% 0:00:00
Training Epoch: 74 [174/175] Loss: 0.6153 â”â”â”â”â”â”â”â”â”â”â”â”â”â”â”â”â”â”â”â”â”â”â”â”â” 100% 0:00:00
Training Epoch: 74 [174/175] Loss: 0.5189 â”â”â”â”â”â”â”â”â”â”â”â”â”â”â”â”â”â”â”â”â”â”â”â”â” 100% 0:00:00
Training Epoch: 74 [174/175] Loss: 0.4591 â”â”â”â”â”â”â”â”â”â”â”â”â”â”â”â”â”â”â”â”â”â”â”â”â” 100% 0:00:00
Validating Epoch: 74 [10/11] Loss: 0.3311 â”â”â”â”â”â”â”â”â”â”â”â”â”â”â”â”â”â”â”â”â”â”â”â”â” 100% 0:00:00
Validating Epoch: 74 [10/11] Loss: 0.2900 â”â”â”â”â”â”â”â”â”â”â”â”â”â”â”â”â”â”â”â”â”â”â”â”â” 100% 0:00:00
Validating Epoch: 74 [10/11] Loss: 0.2805 â”â”â”â”â”â”â”â”â”â”â”â”â”â”â”â”â”â”â”â”â”â”â”â”â” 100% 0:00:00
Validating Epoch: 74 [10/11] Loss: 0.2855 â”â”â”â”â”â”â”â”â”â”â”â”â”â”â”â”â”â”â”â”â”â”â”â”â” 100% 0:00:00
Training Epoch: 75 [174/175] Loss: 0.5718 â”â”â”â”â”â”â”â”â”â”â”â”â”â”â”â”â”â”â”â”â”â”â”â”â” 100% 0:00:00
Training Epoch: 75 [174/175] Loss: 0.6245 â”â”â”â”â”â”â”â”â”â”â”â”â”â”â”â”â”â”â”â”â”â”â”â”â” 100% 0:00:00
Training Epoch: 75 [174/175] Loss: 0.5266 â”â”â”â”â”â”â”â”â”â”â”â”â”â”â”â”â”â”â”â”â”â”â”â”â” 100% 0:00:00
Training Epoch: 75 [174/175] Loss: 0.4914 â”â”â”â”â”â”â”â”â”â”â”â”â”â”â”â”â”â”â”â”â”â”â”â”â” 100% 0:00:00
Validating Epoch: 75 [10/11] Loss: 0.3049 â”â”â”â”â”â”â”â”â”â”â”â”â”â”â”â”â”â”â”â”â”â”â”â”â” 100% 0:00:00
Validating Epoch: 75 [10/11] Loss: 0.3011 â”â”â”â”â”â”â”â”â”â”â”â”â”â”â”â”â”â”â”â”â”â”â”â”â” 100% 0:00:00
Validating Epoch: 75 [10/11] Loss: 0.4028 â”â”â”â”â”â”â”â”â”â”â”â”â”â”â”â”â”â”â”â”â”â”â”â”â” 100% 0:00:00
Validating Epoch: 75 [10/11] Loss: 0.2398 â”â”â”â”â”â”â”â”â”â”â”â”â”â”â”â”â”â”â”â”â”â”â”â”â” 100% 0:00:00
Training Epoch: 76 [174/175] Loss: 0.5323 â”â”â”â”â”â”â”â”â”â”â”â”â”â”â”â”â”â”â”â”â”â”â”â”â” 100% 0:00:00
Training Epoch: 76 [174/175] Loss: 0.5379 â”â”â”â”â”â”â”â”â”â”â”â”â”â”â”â”â”â”â”â”â”â”â”â”â” 100% 0:00:00
Training Epoch: 76 [174/175] Loss: 0.5983 â”â”â”â”â”â”â”â”â”â”â”â”â”â”â”â”â”â”â”â”â”â”â”â”â” 100% 0:00:00
Training Epoch: 76 [174/175] Loss: 0.4748 â”â”â”â”â”â”â”â”â”â”â”â”â”â”â”â”â”â”â”â”â”â”â”â”â” 100% 0:00:00
Validating Epoch: 76 [10/11] Loss: 0.2427 â”â”â”â”â”â”â”â”â”â”â”â”â”â”â”â”â”â”â”â”â”â”â”â”â” 100% 0:00:00
Validating Epoch: 76 [10/11] Loss: 0.5707 â”â”â”â”â”â”â”â”â”â”â”â”â”â”â”â”â”â”â”â”â”â”â”â”â” 100% 0:00:00
Validating Epoch: 76 [10/11] Loss: 0.4274 â”â”â”â”â”â”â”â”â”â”â”â”â”â”â”â”â”â”â”â”â”â”â”â”â” 100% 0:00:00
Validating Epoch: 76 [10/11] Loss: 0.2314 â”â”â”â”â”â”â”â”â”â”â”â”â”â”â”â”â”â”â”â”â”â”â”â”â” 100% 0:00:00
Training Epoch: 77 [174/175] Loss: 0.6059 â”â”â”â”â”â”â”â”â”â”â”â”â”â”â”â”â”â”â”â”â”â”â”â”â” 100% 0:00:00
Training Epoch: 77 [174/175] Loss: 0.6000 â”â”â”â”â”â”â”â”â”â”â”â”â”â”â”â”â”â”â”â”â”â”â”â”â” 100% 0:00:00
Training Epoch: 77 [174/175] Loss: 0.5377 â”â”â”â”â”â”â”â”â”â”â”â”â”â”â”â”â”â”â”â”â”â”â”â”â” 100% 0:00:00
Training Epoch: 77 [174/175] Loss: 0.4935 â”â”â”â”â”â”â”â”â”â”â”â”â”â”â”â”â”â”â”â”â”â”â”â”â” 100% 0:00:00
Validating Epoch: 77 [10/11] Loss: 0.2429 â”â”â”â”â”â”â”â”â”â”â”â”â”â”â”â”â”â”â”â”â”â”â”â”â” 100% 0:00:00
Validating Epoch: 77 [10/11] Loss: 0.5818 â”â”â”â”â”â”â”â”â”â”â”â”â”â”â”â”â”â”â”â”â”â”â”â”â” 100% 0:00:00
Validating Epoch: 77 [10/11] Loss: 0.2985 â”â”â”â”â”â”â”â”â”â”â”â”â”â”â”â”â”â”â”â”â”â”â”â”â” 100% 0:00:00
Validating Epoch: 77 [10/11] Loss: 0.3108 â”â”â”â”â”â”â”â”â”â”â”â”â”â”â”â”â”â”â”â”â”â”â”â”â” 100% 0:00:00
Training Epoch: 78 [174/175] Loss: 0.5677 â”â”â”â”â”â”â”â”â”â”â”â”â”â”â”â”â”â”â”â”â”â”â”â”â” 100% 0:00:00
Training Epoch: 78 [174/175] Loss: 0.5934 â”â”â”â”â”â”â”â”â”â”â”â”â”â”â”â”â”â”â”â”â”â”â”â”â” 100% 0:00:00
Training Epoch: 78 [174/175] Loss: 0.5661 â”â”â”â”â”â”â”â”â”â”â”â”â”â”â”â”â”â”â”â”â”â”â”â”â” 100% 0:00:00
Training Epoch: 78 [174/175] Loss: 0.5516 â”â”â”â”â”â”â”â”â”â”â”â”â”â”â”â”â”â”â”â”â”â”â”â”â” 100% 0:00:00
Validating Epoch: 78 [10/11] Loss: 0.5927 â”â”â”â”â”â”â”â”â”â”â”â”â”â”â”â”â”â”â”â”â”â”â”â”â” 100% 0:00:00
Validating Epoch: 78 [10/11] Loss: 0.3012 â”â”â”â”â”â”â”â”â”â”â”â”â”â”â”â”â”â”â”â”â”â”â”â”â” 100% 0:00:00
Validating Epoch: 78 [10/11] Loss: 0.4646 â”â”â”â”â”â”â”â”â”â”â”â”â”â”â”â”â”â”â”â”â”â”â”â”â” 100% 0:00:00
Validating Epoch: 78 [10/11] Loss: 0.2156 â”â”â”â”â”â”â”â”â”â”â”â”â”â”â”â”â”â”â”â”â”â”â”â”â” 100% 0:00:00
Training Epoch: 79 [174/175] Loss: 0.5276 â”â”â”â”â”â”â”â”â”â”â”â”â”â”â”â”â”â”â”â”â”â”â”â”â” 100% 0:00:00
Training Epoch: 79 [174/175] Loss: 0.5482 â”â”â”â”â”â”â”â”â”â”â”â”â”â”â”â”â”â”â”â”â”â”â”â”â” 100% 0:00:00
Training Epoch: 79 [174/175] Loss: 0.5423 â”â”â”â”â”â”â”â”â”â”â”â”â”â”â”â”â”â”â”â”â”â”â”â”â” 100% 0:00:00
Training Epoch: 79 [174/175] Loss: 0.6154 â”â”â”â”â”â”â”â”â”â”â”â”â”â”â”â”â”â”â”â”â”â”â”â”â” 100% 0:00:00
Validating Epoch: 79 [10/11] Loss: 0.3370 â”â”â”â”â”â”â”â”â”â”â”â”â”â”â”â”â”â”â”â”â”â”â”â”â” 100% 0:00:00
Validating Epoch: 79 [10/11] Loss: 0.3021 â”â”â”â”â”â”â”â”â”â”â”â”â”â”â”â”â”â”â”â”â”â”â”â”â” 100% 0:00:00
Validating Epoch: 79 [10/11] Loss: 0.3288 â”â”â”â”â”â”â”â”â”â”â”â”â”â”â”â”â”â”â”â”â”â”â”â”â” 100% 0:00:00
Validating Epoch: 79 [10/11] Loss: 0.2628 â”â”â”â”â”â”â”â”â”â”â”â”â”â”â”â”â”â”â”â”â”â”â”â”â” 100% 0:00:00
Training Epoch: 80 [174/175] Loss: 0.5298 â”â”â”â”â”â”â”â”â”â”â”â”â”â”â”â”â”â”â”â”â”â”â”â”â” 100% 0:00:00
Training Epoch: 80 [174/175] Loss: 0.5517 â”â”â”â”â”â”â”â”â”â”â”â”â”â”â”â”â”â”â”â”â”â”â”â”â” 100% 0:00:00
Training Epoch: 80 [174/175] Loss: 0.4921 â”â”â”â”â”â”â”â”â”â”â”â”â”â”â”â”â”â”â”â”â”â”â”â”â” 100% 0:00:00
Training Epoch: 80 [174/175] Loss: 0.6846 â”â”â”â”â”â”â”â”â”â”â”â”â”â”â”â”â”â”â”â”â”â”â”â”â” 100% 0:00:00
Validating Epoch: 80 [10/11] Loss: 0.3695 â”â”â”â”â”â”â”â”â”â”â”â”â”â”â”â”â”â”â”â”â”â”â”â”â” 100% 0:00:00
Validating Epoch: 80 [10/11] Loss: 0.2650 â”â”â”â”â”â”â”â”â”â”â”â”â”â”â”â”â”â”â”â”â”â”â”â”â” 100% 0:00:00
Validating Epoch: 80 [10/11] Loss: 0.4050 â”â”â”â”â”â”â”â”â”â”â”â”â”â”â”â”â”â”â”â”â”â”â”â”â” 100% 0:00:00
Validating Epoch: 80 [10/11] Loss: 0.3332 â”â”â”â”â”â”â”â”â”â”â”â”â”â”â”â”â”â”â”â”â”â”â”â”â” 100% 0:00:00
Training Epoch: 81 [174/175] Loss: 0.4798 â”â”â”â”â”â”â”â”â”â”â”â”â”â”â”â”â”â”â”â”â”â”â”â”â” 100% 0:00:00
Training Epoch: 81 [174/175] Loss: 0.5913 â”â”â”â”â”â”â”â”â”â”â”â”â”â”â”â”â”â”â”â”â”â”â”â”â” 100% 0:00:00
Training Epoch: 81 [174/175] Loss: 0.5764 â”â”â”â”â”â”â”â”â”â”â”â”â”â”â”â”â”â”â”â”â”â”â”â”â” 100% 0:00:00
Training Epoch: 81 [174/175] Loss: 0.5769 â”â”â”â”â”â”â”â”â”â”â”â”â”â”â”â”â”â”â”â”â”â”â”â”â” 100% 0:00:00
Validating Epoch: 81 [10/11] Loss: 0.3477 â”â”â”â”â”â”â”â”â”â”â”â”â”â”â”â”â”â”â”â”â”â”â”â”â” 100% 0:00:00Validating Epoch: 81 [10/11] Loss: 0.3227 â”â”â”â”â”â”â”â”â”â”â”â”â”â”â”â”â”â”â”â”â”â”â”â”â” 100% 0:00:00

Validating Epoch: 81 [10/11] Loss: 0.4201 â”â”â”â”â”â”â”â”â”â”â”â”â”â”â”â”â”â”â”â”â”â”â”â”â” 100% 0:00:00
Validating Epoch: 81 [10/11] Loss: 0.4228 â”â”â”â”â”â”â”â”â”â”â”â”â”â”â”â”â”â”â”â”â”â”â”â”â” 100% 0:00:00
Training Epoch: 82 [174/175] Loss: 0.6223 â”â”â”â”â”â”â”â”â”â”â”â”â”â”â”â”â”â”â”â”â”â”â”â”â” 100% 0:00:00
Training Epoch: 82 [174/175] Loss: 0.5512 â”â”â”â”â”â”â”â”â”â”â”â”â”â”â”â”â”â”â”â”â”â”â”â”â” 100% 0:00:00
Training Epoch: 82 [174/175] Loss: 0.3852 â”â”â”â”â”â”â”â”â”â”â”â”â”â”â”â”â”â”â”â”â”â”â”â”â” 100% 0:00:00
Training Epoch: 82 [174/175] Loss: 0.4989 â”â”â”â”â”â”â”â”â”â”â”â”â”â”â”â”â”â”â”â”â”â”â”â”â” 100% 0:00:00
Validating Epoch: 82 [10/11] Loss: 0.3285 â”â”â”â”â”â”â”â”â”â”â”â”â”â”â”â”â”â”â”â”â”â”â”â”â” 100% 0:00:00
Validating Epoch: 82 [10/11] Loss: 0.2976 â”â”â”â”â”â”â”â”â”â”â”â”â”â”â”â”â”â”â”â”â”â”â”â”â” 100% 0:00:00
Validating Epoch: 82 [10/11] Loss: 0.4145 â”â”â”â”â”â”â”â”â”â”â”â”â”â”â”â”â”â”â”â”â”â”â”â”â” 100% 0:00:00
Validating Epoch: 82 [10/11] Loss: 0.3070 â”â”â”â”â”â”â”â”â”â”â”â”â”â”â”â”â”â”â”â”â”â”â”â”â” 100% 0:00:00
Training Epoch: 83 [174/175] Loss: 0.4515 â”â”â”â”â”â”â”â”â”â”â”â”â”â”â”â”â”â”â”â”â”â”â”â”â” 100% 0:00:00
Training Epoch: 83 [174/175] Loss: 0.4869 â”â”â”â”â”â”â”â”â”â”â”â”â”â”â”â”â”â”â”â”â”â”â”â”â” 100% 0:00:00
Training Epoch: 83 [174/175] Loss: 0.5022 â”â”â”â”â”â”â”â”â”â”â”â”â”â”â”â”â”â”â”â”â”â”â”â”â” 100% 0:00:00
Training Epoch: 83 [174/175] Loss: 0.5364 â”â”â”â”â”â”â”â”â”â”â”â”â”â”â”â”â”â”â”â”â”â”â”â”â” 100% 0:00:00
Validating Epoch: 83 [10/11] Loss: 0.3524 â”â”â”â”â”â”â”â”â”â”â”â”â”â”â”â”â”â”â”â”â”â”â”â”â” 100% 0:00:00
Validating Epoch: 83 [10/11] Loss: 0.3560 â”â”â”â”â”â”â”â”â”â”â”â”â”â”â”â”â”â”â”â”â”â”â”â”â” 100% 0:00:00
Validating Epoch: 83 [10/11] Loss: 0.2597 â”â”â”â”â”â”â”â”â”â”â”â”â”â”â”â”â”â”â”â”â”â”â”â”â” 100% 0:00:00
Validating Epoch: 83 [10/11] Loss: 0.3308 â”â”â”â”â”â”â”â”â”â”â”â”â”â”â”â”â”â”â”â”â”â”â”â”â” 100% 0:00:00
Training Epoch: 84 [174/175] Loss: 0.6803 â”â”â”â”â”â”â”â”â”â”â”â”â”â”â”â”â”â”â”â”â”â”â”â”â” 100% 0:00:00
Training Epoch: 84 [174/175] Loss: 0.5752 â”â”â”â”â”â”â”â”â”â”â”â”â”â”â”â”â”â”â”â”â”â”â”â”â” 100% 0:00:00Training Epoch: 84 [174/175] Loss: 0.4451 â”â”â”â”â”â”â”â”â”â”â”â”â”â”â”â”â”â”â”â”â”â”â”â”â” 100% 0:00:00

Training Epoch: 84 [174/175] Loss: 0.5036 â”â”â”â”â”â”â”â”â”â”â”â”â”â”â”â”â”â”â”â”â”â”â”â”â” 100% 0:00:00
Validating Epoch: 84 [10/11] Loss: 0.3196 â”â”â”â”â”â”â”â”â”â”â”â”â”â”â”â”â”â”â”â”â”â”â”â”â” 100% 0:00:00
Validating Epoch: 84 [10/11] Loss: 0.2153 â”â”â”â”â”â”â”â”â”â”â”â”â”â”â”â”â”â”â”â”â”â”â”â”â” 100% 0:00:00
Validating Epoch: 84 [10/11] Loss: 0.2397 â”â”â”â”â”â”â”â”â”â”â”â”â”â”â”â”â”â”â”â”â”â”â”â”â” 100% 0:00:00
Validating Epoch: 84 [10/11] Loss: 0.3086 â”â”â”â”â”â”â”â”â”â”â”â”â”â”â”â”â”â”â”â”â”â”â”â”â” 100% 0:00:00
Training Epoch: 85 [174/175] Loss: 0.5703 â”â”â”â”â”â”â”â”â”â”â”â”â”â”â”â”â”â”â”â”â”â”â”â”â” 100% 0:00:00
Training Epoch: 85 [174/175] Loss: 0.5573 â”â”â”â”â”â”â”â”â”â”â”â”â”â”â”â”â”â”â”â”â”â”â”â”â” 100% 0:00:00
Training Epoch: 85 [174/175] Loss: 0.5929 â”â”â”â”â”â”â”â”â”â”â”â”â”â”â”â”â”â”â”â”â”â”â”â”â” 100% 0:00:00
Training Epoch: 85 [174/175] Loss: 0.4707 â”â”â”â”â”â”â”â”â”â”â”â”â”â”â”â”â”â”â”â”â”â”â”â”â” 100% 0:00:00
Validating Epoch: 85 [10/11] Loss: 0.2580 â”â”â”â”â”â”â”â”â”â”â”â”â”â”â”â”â”â”â”â”â”â”â”â”â” 100% 0:00:00
Validating Epoch: 85 [10/11] Loss: 0.2413 â”â”â”â”â”â”â”â”â”â”â”â”â”â”â”â”â”â”â”â”â”â”â”â”â” 100% 0:00:00
Validating Epoch: 85 [10/11] Loss: 0.3693 â”â”â”â”â”â”â”â”â”â”â”â”â”â”â”â”â”â”â”â”â”â”â”â”â” 100% 0:00:00
Validating Epoch: 85 [10/11] Loss: 0.3303 â”â”â”â”â”â”â”â”â”â”â”â”â”â”â”â”â”â”â”â”â”â”â”â”â” 100% 0:00:00
Training Epoch: 86 [174/175] Loss: 0.5088 â”â”â”â”â”â”â”â”â”â”â”â”â”â”â”â”â”â”â”â”â”â”â”â”â” 100% 0:00:00
Training Epoch: 86 [174/175] Loss: 0.4268 â”â”â”â”â”â”â”â”â”â”â”â”â”â”â”â”â”â”â”â”â”â”â”â”â” 100% 0:00:00
Training Epoch: 86 [174/175] Loss: 0.5677 â”â”â”â”â”â”â”â”â”â”â”â”â”â”â”â”â”â”â”â”â”â”â”â”â” 100% 0:00:00
Training Epoch: 86 [174/175] Loss: 0.4642 â”â”â”â”â”â”â”â”â”â”â”â”â”â”â”â”â”â”â”â”â”â”â”â”â” 100% 0:00:00
Validating Epoch: 86 [10/11] Loss: 0.3774 â”â”â”â”â”â”â”â”â”â”â”â”â”â”â”â”â”â”â”â”â”â”â”â”â” 100% 0:00:00
Validating Epoch: 86 [10/11] Loss: 0.4451 â”â”â”â”â”â”â”â”â”â”â”â”â”â”â”â”â”â”â”â”â”â”â”â”â” 100% 0:00:00
Validating Epoch: 86 [10/11] Loss: 0.2269 â”â”â”â”â”â”â”â”â”â”â”â”â”â”â”â”â”â”â”â”â”â”â”â”â” 100% 0:00:00
Validating Epoch: 86 [10/11] Loss: 0.2552 â”â”â”â”â”â”â”â”â”â”â”â”â”â”â”â”â”â”â”â”â”â”â”â”â” 100% 0:00:00
Training Epoch: 87 [174/175] Loss: 0.4572 â”â”â”â”â”â”â”â”â”â”â”â”â”â”â”â”â”â”â”â”â”â”â”â”â” 100% 0:00:00
Training Epoch: 87 [174/175] Loss: 0.5505 â”â”â”â”â”â”â”â”â”â”â”â”â”â”â”â”â”â”â”â”â”â”â”â”â” 100% 0:00:00
Training Epoch: 87 [174/175] Loss: 0.5197 â”â”â”â”â”â”â”â”â”â”â”â”â”â”â”â”â”â”â”â”â”â”â”â”â” 100% 0:00:00
Training Epoch: 87 [174/175] Loss: 0.5375 â”â”â”â”â”â”â”â”â”â”â”â”â”â”â”â”â”â”â”â”â”â”â”â”â” 100% 0:00:00
Validating Epoch: 87 [10/11] Loss: 0.3527 â”â”â”â”â”â”â”â”â”â”â”â”â”â”â”â”â”â”â”â”â”â”â”â”â” 100% 0:00:00
Validating Epoch: 87 [10/11] Loss: 0.3121 â”â”â”â”â”â”â”â”â”â”â”â”â”â”â”â”â”â”â”â”â”â”â”â”â” 100% 0:00:00
Validating Epoch: 87 [10/11] Loss: 0.4434 â”â”â”â”â”â”â”â”â”â”â”â”â”â”â”â”â”â”â”â”â”â”â”â”â” 100% 0:00:00
Validating Epoch: 87 [10/11] Loss: 0.3088 â”â”â”â”â”â”â”â”â”â”â”â”â”â”â”â”â”â”â”â”â”â”â”â”â” 100% 0:00:00
Training Epoch: 88 [174/175] Loss: 0.6525 â”â”â”â”â”â”â”â”â”â”â”â”â”â”â”â”â”â”â”â”â”â”â”â”â” 100% 0:00:00
Training Epoch: 88 [174/175] Loss: 0.5379 â”â”â”â”â”â”â”â”â”â”â”â”â”â”â”â”â”â”â”â”â”â”â”â”â” 100% 0:00:00
Training Epoch: 88 [174/175] Loss: 0.5099 â”â”â”â”â”â”â”â”â”â”â”â”â”â”â”â”â”â”â”â”â”â”â”â”â” 100% 0:00:00
Training Epoch: 88 [174/175] Loss: 0.5017 â”â”â”â”â”â”â”â”â”â”â”â”â”â”â”â”â”â”â”â”â”â”â”â”â” 100% 0:00:00
Validating Epoch: 88 [10/11] Loss: 0.4661 â”â”â”â”â”â”â”â”â”â”â”â”â”â”â”â”â”â”â”â”â”â”â”â”â” 100% 0:00:00
Validating Epoch: 88 [10/11] Loss: 0.3342 â”â”â”â”â”â”â”â”â”â”â”â”â”â”â”â”â”â”â”â”â”â”â”â”â” 100% 0:00:00
Validating Epoch: 88 [10/11] Loss: 0.2856 â”â”â”â”â”â”â”â”â”â”â”â”â”â”â”â”â”â”â”â”â”â”â”â”â” 100% 0:00:00
Validating Epoch: 88 [10/11] Loss: 0.3308 â”â”â”â”â”â”â”â”â”â”â”â”â”â”â”â”â”â”â”â”â”â”â”â”â” 100% 0:00:00
Training Epoch: 89 [174/175] Loss: 0.5764 â”â”â”â”â”â”â”â”â”â”â”â”â”â”â”â”â”â”â”â”â”â”â”â”â” 100% 0:00:00
Training Epoch: 89 [174/175] Loss: 0.5918 â”â”â”â”â”â”â”â”â”â”â”â”â”â”â”â”â”â”â”â”â”â”â”â”â” 100% 0:00:00
Training Epoch: 89 [174/175] Loss: 0.5283 â”â”â”â”â”â”â”â”â”â”â”â”â”â”â”â”â”â”â”â”â”â”â”â”â” 100% 0:00:00
Training Epoch: 89 [174/175] Loss: 0.5039 â”â”â”â”â”â”â”â”â”â”â”â”â”â”â”â”â”â”â”â”â”â”â”â”â” 100% 0:00:00
Validating Epoch: 89 [10/11] Loss: 0.3182 â”â”â”â”â”â”â”â”â”â”â”â”â”â”â”â”â”â”â”â”â”â”â”â”â” 100% 0:00:00
Validating Epoch: 89 [10/11] Loss: 0.3737 â”â”â”â”â”â”â”â”â”â”â”â”â”â”â”â”â”â”â”â”â”â”â”â”â” 100% 0:00:00
Validating Epoch: 89 [10/11] Loss: 0.2893 â”â”â”â”â”â”â”â”â”â”â”â”â”â”â”â”â”â”â”â”â”â”â”â”â” 100% 0:00:00
Validating Epoch: 89 [10/11] Loss: 0.3728 â”â”â”â”â”â”â”â”â”â”â”â”â”â”â”â”â”â”â”â”â”â”â”â”â” 100% 0:00:00
Training Epoch: 90 [174/175] Loss: 0.6646 â”â”â”â”â”â”â”â”â”â”â”â”â”â”â”â”â”â”â”â”â”â”â”â”â” 100% 0:00:00
Training Epoch: 90 [174/175] Loss: 0.6982 â”â”â”â”â”â”â”â”â”â”â”â”â”â”â”â”â”â”â”â”â”â”â”â”â” 100% 0:00:00
Training Epoch: 90 [174/175] Loss: 0.6508 â”â”â”â”â”â”â”â”â”â”â”â”â”â”â”â”â”â”â”â”â”â”â”â”â” 100% 0:00:00
Training Epoch: 90 [174/175] Loss: 0.4790 â”â”â”â”â”â”â”â”â”â”â”â”â”â”â”â”â”â”â”â”â”â”â”â”â” 100% 0:00:00
Validating Epoch: 90 [10/11] Loss: 0.2783 â”â”â”â”â”â”â”â”â”â”â”â”â”â”â”â”â”â”â”â”â”â”â”â”â” 100% 0:00:00
Validating Epoch: 90 [10/11] Loss: 0.3649 â”â”â”â”â”â”â”â”â”â”â”â”â”â”â”â”â”â”â”â”â”â”â”â”â” 100% 0:00:00
Validating Epoch: 90 [10/11] Loss: 0.3602 â”â”â”â”â”â”â”â”â”â”â”â”â”â”â”â”â”â”â”â”â”â”â”â”â” 100% 0:00:00
Validating Epoch: 90 [10/11] Loss: 0.3034 â”â”â”â”â”â”â”â”â”â”â”â”â”â”â”â”â”â”â”â”â”â”â”â”â” 100% 0:00:00
Training Epoch: 91 [174/175] Loss: 0.4446 â”â”â”â”â”â”â”â”â”â”â”â”â”â”â”â”â”â”â”â”â”â”â”â”â” 100% 0:00:00
Training Epoch: 91 [174/175] Loss: 0.5138 â”â”â”â”â”â”â”â”â”â”â”â”â”â”â”â”â”â”â”â”â”â”â”â”â” 100% 0:00:00
Training Epoch: 91 [174/175] Loss: 0.5658 â”â”â”â”â”â”â”â”â”â”â”â”â”â”â”â”â”â”â”â”â”â”â”â”â” 100% 0:00:00
Training Epoch: 91 [174/175] Loss: 0.4572 â”â”â”â”â”â”â”â”â”â”â”â”â”â”â”â”â”â”â”â”â”â”â”â”â” 100% 0:00:00
Validating Epoch: 91 [10/11] Loss: 0.3135 â”â”â”â”â”â”â”â”â”â”â”â”â”â”â”â”â”â”â”â”â”â”â”â”â” 100% 0:00:00
Validating Epoch: 91 [10/11] Loss: 0.2392 â”â”â”â”â”â”â”â”â”â”â”â”â”â”â”â”â”â”â”â”â”â”â”â”â” 100% 0:00:00
Validating Epoch: 91 [10/11] Loss: 0.3163 â”â”â”â”â”â”â”â”â”â”â”â”â”â”â”â”â”â”â”â”â”â”â”â”â” 100% 0:00:00
Validating Epoch: 91 [10/11] Loss: 0.2879 â”â”â”â”â”â”â”â”â”â”â”â”â”â”â”â”â”â”â”â”â”â”â”â”â” 100% 0:00:00
Training Epoch: 92 [174/175] Loss: 0.6272 â”â”â”â”â”â”â”â”â”â”â”â”â”â”â”â”â”â”â”â”â”â”â”â”â” 100% 0:00:00
Training Epoch: 92 [174/175] Loss: 0.6402 â”â”â”â”â”â”â”â”â”â”â”â”â”â”â”â”â”â”â”â”â”â”â”â”â” 100% 0:00:00
Training Epoch: 92 [174/175] Loss: 0.5580 â”â”â”â”â”â”â”â”â”â”â”â”â”â”â”â”â”â”â”â”â”â”â”â”â” 100% 0:00:00
Training Epoch: 92 [174/175] Loss: 0.5831 â”â”â”â”â”â”â”â”â”â”â”â”â”â”â”â”â”â”â”â”â”â”â”â”â” 100% 0:00:00
Validating Epoch: 92 [10/11] Loss: 0.3504 â”â”â”â”â”â”â”â”â”â”â”â”â”â”â”â”â”â”â”â”â”â”â”â”â” 100% 0:00:00
Validating Epoch: 92 [10/11] Loss: 0.2372 â”â”â”â”â”â”â”â”â”â”â”â”â”â”â”â”â”â”â”â”â”â”â”â”â” 100% 0:00:00
Validating Epoch: 92 [10/11] Loss: 0.3929 â”â”â”â”â”â”â”â”â”â”â”â”â”â”â”â”â”â”â”â”â”â”â”â”â” 100% 0:00:00
Validating Epoch: 92 [10/11] Loss: 0.3387 â”â”â”â”â”â”â”â”â”â”â”â”â”â”â”â”â”â”â”â”â”â”â”â”â” 100% 0:00:00
Training Epoch: 93 [174/175] Loss: 0.4569 â”â”â”â”â”â”â”â”â”â”â”â”â”â”â”â”â”â”â”â”â”â”â”â”â” 100% 0:00:00
Training Epoch: 93 [174/175] Loss: 0.6100 â”â”â”â”â”â”â”â”â”â”â”â”â”â”â”â”â”â”â”â”â”â”â”â”â” 100% 0:00:00
Training Epoch: 93 [174/175] Loss: 0.4937 â”â”â”â”â”â”â”â”â”â”â”â”â”â”â”â”â”â”â”â”â”â”â”â”â” 100% 0:00:00
Training Epoch: 93 [174/175] Loss: 0.5520 â”â”â”â”â”â”â”â”â”â”â”â”â”â”â”â”â”â”â”â”â”â”â”â”â” 100% 0:00:00
Validating Epoch: 93 [10/11] Loss: 0.2895 â”â”â”â”â”â”â”â”â”â”â”â”â”â”â”â”â”â”â”â”â”â”â”â”â” 100% 0:00:00
Validating Epoch: 93 [10/11] Loss: 0.4837 â”â”â”â”â”â”â”â”â”â”â”â”â”â”â”â”â”â”â”â”â”â”â”â”â” 100% 0:00:00
Validating Epoch: 93 [10/11] Loss: 0.2851 â”â”â”â”â”â”â”â”â”â”â”â”â”â”â”â”â”â”â”â”â”â”â”â”â” 100% 0:00:00
Validating Epoch: 93 [10/11] Loss: 0.3797 â”â”â”â”â”â”â”â”â”â”â”â”â”â”â”â”â”â”â”â”â”â”â”â”â” 100% 0:00:00
Training Epoch: 94 [174/175] Loss: 0.5093 â”â”â”â”â”â”â”â”â”â”â”â”â”â”â”â”â”â”â”â”â”â”â”â”â” 100% 0:00:00
Training Epoch: 94 [174/175] Loss: 0.5087 â”â”â”â”â”â”â”â”â”â”â”â”â”â”â”â”â”â”â”â”â”â”â”â”â” 100% 0:00:00
Training Epoch: 94 [174/175] Loss: 0.6679 â”â”â”â”â”â”â”â”â”â”â”â”â”â”â”â”â”â”â”â”â”â”â”â”â” 100% 0:00:00
Training Epoch: 94 [174/175] Loss: 0.5362 â”â”â”â”â”â”â”â”â”â”â”â”â”â”â”â”â”â”â”â”â”â”â”â”â” 100% 0:00:00
Validating Epoch: 94 [10/11] Loss: 0.2403 â”â”â”â”â”â”â”â”â”â”â”â”â”â”â”â”â”â”â”â”â”â”â”â”â” 100% 0:00:00
Validating Epoch: 94 [10/11] Loss: 0.3313 â”â”â”â”â”â”â”â”â”â”â”â”â”â”â”â”â”â”â”â”â”â”â”â”â” 100% 0:00:00
Validating Epoch: 94 [10/11] Loss: 0.3621 â”â”â”â”â”â”â”â”â”â”â”â”â”â”â”â”â”â”â”â”â”â”â”â”â” 100% 0:00:00
Validating Epoch: 94 [10/11] Loss: 0.2522 â”â”â”â”â”â”â”â”â”â”â”â”â”â”â”â”â”â”â”â”â”â”â”â”â” 100% 0:00:00
