WARNING:__main__:
*****************************************
Setting OMP_NUM_THREADS environment variable for each process to be 1 in default, to avoid your system being overloaded, please further tune the variable for optimal performance in your application as needed. 
*****************************************
/work/cvcs_2023_group23/environments/cvcs_env/lib/python3.9/site-packages/torchvision/models/_utils.py:208: UserWarning: The parameter 'pretrained' is deprecated since 0.13 and may be removed in the future, please use 'weights' instead.
  warnings.warn(
/work/cvcs_2023_group23/environments/cvcs_env/lib/python3.9/site-packages/torchvision/models/_utils.py:208: UserWarning: The parameter 'pretrained' is deprecated since 0.13 and may be removed in the future, please use 'weights' instead.
  warnings.warn(
/work/cvcs_2023_group23/environments/cvcs_env/lib/python3.9/site-packages/torchvision/models/_utils.py:208: UserWarning: The parameter 'pretrained' is deprecated since 0.13 and may be removed in the future, please use 'weights' instead.
  warnings.warn(
/work/cvcs_2023_group23/environments/cvcs_env/lib/python3.9/site-packages/torchvision/models/_utils.py:208: UserWarning: The parameter 'pretrained' is deprecated since 0.13 and may be removed in the future, please use 'weights' instead.
  warnings.warn(
/work/cvcs_2023_group23/environments/cvcs_env/lib/python3.9/site-packages/torchvision/models/_utils.py:223: UserWarning: Arguments other than a weight enum or `None` for 'weights' are deprecated since 0.13 and may be removed in the future. The current behavior is equivalent to passing `weights=FasterRCNN_ResNet50_FPN_Weights.COCO_V1`. You can also use `weights=FasterRCNN_ResNet50_FPN_Weights.DEFAULT` to get the most up-to-date weights.
  warnings.warn(msg)
/work/cvcs_2023_group23/environments/cvcs_env/lib/python3.9/site-packages/torchvision/models/_utils.py:223: UserWarning: Arguments other than a weight enum or `None` for 'weights' are deprecated since 0.13 and may be removed in the future. The current behavior is equivalent to passing `weights=FasterRCNN_ResNet50_FPN_Weights.COCO_V1`. You can also use `weights=FasterRCNN_ResNet50_FPN_Weights.DEFAULT` to get the most up-to-date weights.
  warnings.warn(msg)
/work/cvcs_2023_group23/environments/cvcs_env/lib/python3.9/site-packages/torchvision/models/_utils.py:223: UserWarning: Arguments other than a weight enum or `None` for 'weights' are deprecated since 0.13 and may be removed in the future. The current behavior is equivalent to passing `weights=FasterRCNN_ResNet50_FPN_Weights.COCO_V1`. You can also use `weights=FasterRCNN_ResNet50_FPN_Weights.DEFAULT` to get the most up-to-date weights.
  warnings.warn(msg)
/work/cvcs_2023_group23/environments/cvcs_env/lib/python3.9/site-packages/torchvision/models/_utils.py:223: UserWarning: Arguments other than a weight enum or `None` for 'weights' are deprecated since 0.13 and may be removed in the future. The current behavior is equivalent to passing `weights=FasterRCNN_ResNet50_FPN_Weights.COCO_V1`. You can also use `weights=FasterRCNN_ResNet50_FPN_Weights.DEFAULT` to get the most up-to-date weights.
  warnings.warn(msg)
Traceback (most recent call last):
  File "/work/cvcs_2023_group23/ObjectDescriptionSupermarket-CVCS-UniMoRe/train.py", line 358, in <module>
    main()
  File "/work/cvcs_2023_group23/ObjectDescriptionSupermarket-CVCS-UniMoRe/train.py", line 347, in main
    val_loss = validate(model, val_dataloader, device, epoch, writer)
  File "/work/cvcs_2023_group23/ObjectDescriptionSupermarket-CVCS-UniMoRe/train.py", line 204, in validate
    outputs = model(images)
  File "/work/cvcs_2023_group23/environments/cvcs_env/lib/python3.9/site-packages/torch/nn/modules/module.py", line 1501, in _call_impl
    return forward_call(*args, **kwargs)
  File "/work/cvcs_2023_group23/environments/cvcs_env/lib/python3.9/site-packages/torch/nn/parallel/distributed.py", line 1156, in forward
    output = self._run_ddp_forward(*inputs, **kwargs)
  File "/work/cvcs_2023_group23/environments/cvcs_env/lib/python3.9/site-packages/torch/nn/parallel/distributed.py", line 1110, in _run_ddp_forward
    return module_to_run(*inputs[0], **kwargs[0])  # type: ignore[index]
  File "/work/cvcs_2023_group23/environments/cvcs_env/lib/python3.9/site-packages/torch/nn/modules/module.py", line 1501, in _call_impl
    return forward_call(*args, **kwargs)
  File "/work/cvcs_2023_group23/environments/cvcs_env/lib/python3.9/site-packages/torchvision/models/detection/generalized_rcnn.py", line 105, in forward
    detections, detector_losses = self.roi_heads(features, proposals, images.image_sizes, targets)
  File "/work/cvcs_2023_group23/environments/cvcs_env/lib/python3.9/site-packages/torch/nn/modules/module.py", line 1501, in _call_impl
    return forward_call(*args, **kwargs)
  File "/work/cvcs_2023_group23/environments/cvcs_env/lib/python3.9/site-packages/torchvision/models/detection/roi_heads.py", line 761, in forward
    box_features = self.box_roi_pool(features, proposals, image_shapes)
  File "/work/cvcs_2023_group23/environments/cvcs_env/lib/python3.9/site-packages/torch/nn/modules/module.py", line 1501, in _call_impl
    return forward_call(*args, **kwargs)
  File "/work/cvcs_2023_group23/environments/cvcs_env/lib/python3.9/site-packages/torchvision/ops/poolers.py", line 314, in forward
    return _multiscale_roi_align(
  File "/work/cvcs_2023_group23/environments/cvcs_env/lib/python3.9/site-packages/torchvision/ops/poolers.py", line 204, in _multiscale_roi_align
    result_idx_in_level = roi_align(
  File "/work/cvcs_2023_group23/environments/cvcs_env/lib/python3.9/site-packages/torchvision/ops/roi_align.py", line 63, in roi_align
    return torch.ops.torchvision.roi_align(
  File "/work/cvcs_2023_group23/environments/cvcs_env/lib/python3.9/site-packages/torch/_ops.py", line 502, in __call__
    return self._op(*args, **kwargs or {})
torch.cuda.OutOfMemoryError: CUDA out of memory. Tried to allocate 354.00 MiB (GPU 0; 11.92 GiB total capacity; 7.70 GiB already allocated; 212.69 MiB free; 9.51 GiB reserved in total by PyTorch) If reserved memory is >> allocated memory try setting max_split_size_mb to avoid fragmentation.  See documentation for Memory Management and PYTORCH_CUDA_ALLOC_CONF
WARNING:torch.distributed.elastic.multiprocessing.api:Sending process 59271 closing signal SIGTERM
WARNING:torch.distributed.elastic.multiprocessing.api:Sending process 59272 closing signal SIGTERM
WARNING:torch.distributed.elastic.multiprocessing.api:Sending process 59273 closing signal SIGTERM
ERROR:torch.distributed.elastic.multiprocessing.api:failed (exitcode: 1) local_rank: 0 (pid: 59270) of binary: /work/cvcs_2023_group23/environments/cvcs_env/bin/python
Traceback (most recent call last):
  File "/usr/local/anaconda3/lib/python3.9/runpy.py", line 197, in _run_module_as_main
    return _run_code(code, main_globals, None,
  File "/usr/local/anaconda3/lib/python3.9/runpy.py", line 87, in _run_code
    exec(code, run_globals)
  File "/work/cvcs_2023_group23/environments/cvcs_env/lib/python3.9/site-packages/torch/distributed/run.py", line 798, in <module>
    main()
  File "/work/cvcs_2023_group23/environments/cvcs_env/lib/python3.9/site-packages/torch/distributed/elastic/multiprocessing/errors/__init__.py", line 346, in wrapper
    return f(*args, **kwargs)
  File "/work/cvcs_2023_group23/environments/cvcs_env/lib/python3.9/site-packages/torch/distributed/run.py", line 794, in main
    run(args)
  File "/work/cvcs_2023_group23/environments/cvcs_env/lib/python3.9/site-packages/torch/distributed/run.py", line 785, in run
    elastic_launch(
  File "/work/cvcs_2023_group23/environments/cvcs_env/lib/python3.9/site-packages/torch/distributed/launcher/api.py", line 134, in __call__
    return launch_agent(self._config, self._entrypoint, list(args))
  File "/work/cvcs_2023_group23/environments/cvcs_env/lib/python3.9/site-packages/torch/distributed/launcher/api.py", line 250, in launch_agent
    raise ChildFailedError(
torch.distributed.elastic.multiprocessing.errors.ChildFailedError: 
============================================================
train.py FAILED
------------------------------------------------------------
Failures:
  <NO_OTHER_FAILURES>
------------------------------------------------------------
Root Cause (first observed failure):
[0]:
  time      : 2024-01-22_12:28:51
  host      : aimagelab-srv-00.ing.unimore.it
  rank      : 0 (local_rank: 0)
  exitcode  : 1 (pid: 59270)
  error_file: <N/A>
  traceback : To enable traceback see: https://pytorch.org/docs/stable/elastic/errors.html
============================================================
WARNING:__main__:
*****************************************
Setting OMP_NUM_THREADS environment variable for each process to be 1 in default, to avoid your system being overloaded, please further tune the variable for optimal performance in your application as needed. 
*****************************************
/work/cvcs_2023_group23/environments/cvcs_env/lib/python3.9/site-packages/torchvision/models/_utils.py:208: UserWarning: The parameter 'pretrained' is deprecated since 0.13 and may be removed in the future, please use 'weights' instead.
  warnings.warn(
/work/cvcs_2023_group23/environments/cvcs_env/lib/python3.9/site-packages/torchvision/models/_utils.py:208: UserWarning: The parameter 'pretrained' is deprecated since 0.13 and may be removed in the future, please use 'weights' instead.
  warnings.warn(
/work/cvcs_2023_group23/environments/cvcs_env/lib/python3.9/site-packages/torchvision/models/_utils.py:208: UserWarning: The parameter 'pretrained' is deprecated since 0.13 and may be removed in the future, please use 'weights' instead.
  warnings.warn(
/work/cvcs_2023_group23/environments/cvcs_env/lib/python3.9/site-packages/torchvision/models/_utils.py:208: UserWarning: The parameter 'pretrained' is deprecated since 0.13 and may be removed in the future, please use 'weights' instead.
  warnings.warn(
/work/cvcs_2023_group23/environments/cvcs_env/lib/python3.9/site-packages/torchvision/models/_utils.py:223: UserWarning: Arguments other than a weight enum or `None` for 'weights' are deprecated since 0.13 and may be removed in the future. The current behavior is equivalent to passing `weights=FasterRCNN_ResNet50_FPN_Weights.COCO_V1`. You can also use `weights=FasterRCNN_ResNet50_FPN_Weights.DEFAULT` to get the most up-to-date weights.
  warnings.warn(msg)
/work/cvcs_2023_group23/environments/cvcs_env/lib/python3.9/site-packages/torchvision/models/_utils.py:223: UserWarning: Arguments other than a weight enum or `None` for 'weights' are deprecated since 0.13 and may be removed in the future. The current behavior is equivalent to passing `weights=FasterRCNN_ResNet50_FPN_Weights.COCO_V1`. You can also use `weights=FasterRCNN_ResNet50_FPN_Weights.DEFAULT` to get the most up-to-date weights.
  warnings.warn(msg)
/work/cvcs_2023_group23/environments/cvcs_env/lib/python3.9/site-packages/torchvision/models/_utils.py:223: UserWarning: Arguments other than a weight enum or `None` for 'weights' are deprecated since 0.13 and may be removed in the future. The current behavior is equivalent to passing `weights=FasterRCNN_ResNet50_FPN_Weights.COCO_V1`. You can also use `weights=FasterRCNN_ResNet50_FPN_Weights.DEFAULT` to get the most up-to-date weights.
  warnings.warn(msg)
/work/cvcs_2023_group23/environments/cvcs_env/lib/python3.9/site-packages/torchvision/models/_utils.py:223: UserWarning: Arguments other than a weight enum or `None` for 'weights' are deprecated since 0.13 and may be removed in the future. The current behavior is equivalent to passing `weights=FasterRCNN_ResNet50_FPN_Weights.COCO_V1`. You can also use `weights=FasterRCNN_ResNet50_FPN_Weights.DEFAULT` to get the most up-to-date weights.
  warnings.warn(msg)
