device: cuda
device: cudadevice:
device:  cudacuda

Training Epoch: 99 [174/175] Loss: 1.4157 ━━━━━━━━━━━━━━━━━━━━━━━━━ 100% 0:00:00
Training Epoch: 99 [174/175] Loss: 1.6355 ━━━━━━━━━━━━━━━━━━━━━━━━━ 100% 0:00:00Training Epoch: 99 [174/175] Loss: 1.3226 ━━━━━━━━━━━━━━━━━━━━━━━━━ 100% 0:00:00

Training Epoch: 99 [174/175] Loss: 1.4738 ━━━━━━━━━━━━━━━━━━━━━━━━━ 100% 0:00:00
Validation shapes matched: torch.Size([800, 4]) torch.Size([800, 4])
Validation shapes matched: torch.Size([800, 4]) torch.Size([800, 4])Validation shapes matched: torch.Size([800, 4]) torch.Size([800, 4])

Validation shapes matched: torch.Size([800, 4]) torch.Size([800, 4])
Validation shapes matched: torch.Size([800, 4]) torch.Size([800, 4])
Validation shapes matched: torch.Size([800, 4]) torch.Size([800, 4])
Validation shapes matched: torch.Size([800, 4]) torch.Size([800, 4])
Validation shapes matched: torch.Size([800, 4]) torch.Size([800, 4])
Validation shapes matched: torch.Size([800, 4]) torch.Size([800, 4])
Validation shapes matched: torch.Size([800, 4]) torch.Size([800, 4])
Validation shapes matched: torch.Size([800, 4]) torch.Size([800, 4])
Validation shapes matched: torch.Size([800, 4]) torch.Size([800, 4])
Validation shapes matched: torch.Size([800, 4]) torch.Size([800, 4])
Validation shapes matched: torch.Size([800, 4]) torch.Size([800, 4])
Validation shapes matched: torch.Size([800, 4]) torch.Size([800, 4])
Validation shapes matched: torch.Size([800, 4]) torch.Size([800, 4])
Validation shapes matched: torch.Size([800, 4]) torch.Size([800, 4])
Validation shapes matched: torch.Size([800, 4]) torch.Size([800, 4])
Validation shapes matched: torch.Size([800, 4]) torch.Size([800, 4])
Validation shapes matched: torch.Size([800, 4]) torch.Size([800, 4])
Validation shapes matched: torch.Size([800, 4]) torch.Size([800, 4])
Validation shapes matched: torch.Size([800, 4]) torch.Size([800, 4])
Validation shapes matched: torch.Size([800, 4]) torch.Size([800, 4])
Validation shapes matched: torch.Size([800, 4]) torch.Size([800, 4])
Validation shapes matched: torch.Size([800, 4]) torch.Size([800, 4])
Validation shapes matched: torch.Size([800, 4]) torch.Size([800, 4])
Validation shapes matched: torch.Size([800, 4]) torch.Size([800, 4])
Validation shapes matched: torch.Size([800, 4]) torch.Size([800, 4])
Validation shapes matched: torch.Size([800, 4]) torch.Size([800, 4])
Validation shapes matched: torch.Size([800, 4]) torch.Size([800, 4])
Validation shapes matched: torch.Size([800, 4]) torch.Size([800, 4])
Validation shapes matched: torch.Size([800, 4]) torch.Size([800, 4])
Validation shapes matched: torch.Size([800, 4]) torch.Size([800, 4])
Validation shapes matched: torch.Size([800, 4]) torch.Size([800, 4])
Validation shapes matched: torch.Size([800, 4]) torch.Size([800, 4])
Validation shapes matched: torch.Size([800, 4]) torch.Size([800, 4])
Validation shapes matched: torch.Size([800, 4]) torch.Size([800, 4])
Validation shapes matched: torch.Size([800, 4]) torch.Size([800, 4])
Validation shapes matched: torch.Size([800, 4]) torch.Size([800, 4])
Validation shapes matched: torch.Size([800, 4]) torch.Size([800, 4])
Validation shapes matched: torch.Size([400, 4]) torch.Size([400, 4])
Validating Epoch: 99 [10/11] Loss: 1.9203 ━━━━━━━━━━━━━━━━━━━━━━━━━ 100% 0:00:00
Validation shapes matched: torch.Size([400, 4]) torch.Size([400, 4])
Validating Epoch: 99 [10/11] Loss: 1.9155 ━━━━━━━━━━━━━━━━━━━━━━━━━ 100% 0:00:00
Validation shapes matched: torch.Size([400, 4]) torch.Size([400, 4])
Validating Epoch: 99 [10/11] Loss: 2.0076 ━━━━━━━━━━━━━━━━━━━━━━━━━ 100% 0:00:00
Validation shapes matched: torch.Size([400, 4]) torch.Size([400, 4])
Validating Epoch: 99 [10/11] Loss: 1.9814 ━━━━━━━━━━━━━━━━━━━━━━━━━ 100% 0:00:00
