True
device: cuda
True
device: cuda
True
device: cuda
True
device: cuda
[31mPlease check your arguments if you have upgraded adabelief-pytorch from version 0.0.5.
[31mModifications to default arguments:
[31m                           eps  weight_decouple    rectify
-----------------------  -----  -----------------  ---------
adabelief-pytorch=0.0.5  1e-08  False              False
>=0.1.0 (Current 0.2.0)  1e-16  True               True
[34mSGD better than Adam (e.g. CNN for Image Classification)    Adam better than SGD (e.g. Transformer, GAN)
----------------------------------------------------------  ----------------------------------------------
Recommended eps = 1e-8                                      Recommended eps = 1e-16
[34mFor a complete table of recommended hyperparameters, see
[34mhttps://github.com/juntang-zhuang/Adabelief-Optimizer
[32mYou can disable the log message by setting "print_change_log = False", though it is recommended to keep as a reminder.
[0m
Weight decoupling enabled in AdaBelief
Rectification enabled in AdaBelief
[31mPlease check your arguments if you have upgraded adabelief-pytorch from version 0.0.5.
[31mModifications to default arguments:
[31m                           eps  weight_decouple    rectify
-----------------------  -----  -----------------  ---------
adabelief-pytorch=0.0.5  1e-08  False              False
>=0.1.0 (Current 0.2.0)  1e-16  True               True
[34mSGD better than Adam (e.g. CNN for Image Classification)    Adam better than SGD (e.g. Transformer, GAN)
----------------------------------------------------------  ----------------------------------------------
Recommended eps = 1e-8                                      Recommended eps = 1e-16
[34mFor a complete table of recommended hyperparameters, see
[34mhttps://github.com/juntang-zhuang/Adabelief-Optimizer
[32mYou can disable the log message by setting "print_change_log = False", though it is recommended to keep as a reminder.
[0m
Weight decoupling enabled in AdaBelief
Rectification enabled in AdaBelief
[31mPlease check your arguments if you have upgraded adabelief-pytorch from version 0.0.5.
[31mModifications to default arguments:[31mPlease check your arguments if you have upgraded adabelief-pytorch from version 0.0.5.

[31mModifications to default arguments:[31m                           eps  weight_decouple    rectify
-----------------------  -----  -----------------  ---------
adabelief-pytorch=0.0.5  1e-08  False              False
>=0.1.0 (Current 0.2.0)  1e-16  True               True

[34mSGD better than Adam (e.g. CNN for Image Classification)    Adam better than SGD (e.g. Transformer, GAN)
----------------------------------------------------------  ----------------------------------------------
Recommended eps = 1e-8                                      Recommended eps = 1e-16
[34mFor a complete table of recommended hyperparameters, see
[31m                           eps  weight_decouple    rectify
-----------------------  -----  -----------------  ---------
adabelief-pytorch=0.0.5  1e-08  False              False
>=0.1.0 (Current 0.2.0)  1e-16  True               True[34mhttps://github.com/juntang-zhuang/Adabelief-Optimizer

[32mYou can disable the log message by setting "print_change_log = False", though it is recommended to keep as a reminder.
[34mSGD better than Adam (e.g. CNN for Image Classification)    Adam better than SGD (e.g. Transformer, GAN)
----------------------------------------------------------  ----------------------------------------------
Recommended eps = 1e-8                                      Recommended eps = 1e-16[0m

[34mFor a complete table of recommended hyperparameters, see
[34mhttps://github.com/juntang-zhuang/Adabelief-OptimizerWeight decoupling enabled in AdaBelief

Rectification enabled in AdaBelief
[32mYou can disable the log message by setting "print_change_log = False", though it is recommended to keep as a reminder.
[0m
Weight decoupling enabled in AdaBelief
Rectification enabled in AdaBelief
Training Epoch: 50 [174/175] Loss: 1.0314 â”â”â”â”â”â”â”â”â”â”â”â”â”â”â”â”â”â”â”â”â”â”â”â”â” 100% 0:00:00
Training Epoch: 50 [174/175] Loss: 1.2509 â”â”â”â”â”â”â”â”â”â”â”â”â”â”â”â”â”â”â”â”â”â”â”â”â” 100% 0:00:00
Training Epoch: 50 [174/175] Loss: 1.2417 â”â”â”â”â”â”â”â”â”â”â”â”â”â”â”â”â”â”â”â”â”â”â”â”â” 100% 0:00:00
Training Epoch: 50 [174/175] Loss: 1.0966 â”â”â”â”â”â”â”â”â”â”â”â”â”â”â”â”â”â”â”â”â”â”â”â”â” 100% 0:00:00
Validating Epoch: 50 [10/11] Loss: 1.3735 â”â”â”â”â”â”â”â”â”â”â”â”â”â”â”â”â”â”â”â”â”â”â”â”â” 100% 0:00:00
Validating Epoch: 50 [10/11] Loss: 1.2826 â”â”â”â”â”â”â”â”â”â”â”â”â”â”â”â”â”â”â”â”â”â”â”â”â” 100% 0:00:00
Validating Epoch: 50 [10/11] Loss: 1.0530 â”â”â”â”â”â”â”â”â”â”â”â”â”â”â”â”â”â”â”â”â”â”â”â”â” 100% 0:00:00
Validating Epoch: 50 [10/11] Loss: 1.1139 â”â”â”â”â”â”â”â”â”â”â”â”â”â”â”â”â”â”â”â”â”â”â”â”â” 100% 0:00:00
Training Epoch: 51 [174/175] Loss: 0.9217 â”â”â”â”â”â”â”â”â”â”â”â”â”â”â”â”â”â”â”â”â”â”â”â”â” 100% 0:00:00
Training Epoch: 51 [174/175] Loss: 0.9250 â”â”â”â”â”â”â”â”â”â”â”â”â”â”â”â”â”â”â”â”â”â”â”â”â” 100% 0:00:00
Training Epoch: 51 [174/175] Loss: 1.1340 â”â”â”â”â”â”â”â”â”â”â”â”â”â”â”â”â”â”â”â”â”â”â”â”â” 100% 0:00:00Training Epoch: 51 [174/175] Loss: 0.8455 â”â”â”â”â”â”â”â”â”â”â”â”â”â”â”â”â”â”â”â”â”â”â”â”â” 100% 0:00:00

Validating Epoch: 51 [10/11] Loss: 1.3489 â”â”â”â”â”â”â”â”â”â”â”â”â”â”â”â”â”â”â”â”â”â”â”â”â” 100% 0:00:00
Validating Epoch: 51 [10/11] Loss: 1.1058 â”â”â”â”â”â”â”â”â”â”â”â”â”â”â”â”â”â”â”â”â”â”â”â”â” 100% 0:00:00
Validating Epoch: 51 [10/11] Loss: 1.0310 â”â”â”â”â”â”â”â”â”â”â”â”â”â”â”â”â”â”â”â”â”â”â”â”â” 100% 0:00:00
Validating Epoch: 51 [10/11] Loss: 1.0655 â”â”â”â”â”â”â”â”â”â”â”â”â”â”â”â”â”â”â”â”â”â”â”â”â” 100% 0:00:00
Training Epoch: 52 [174/175] Loss: 1.2468 â”â”â”â”â”â”â”â”â”â”â”â”â”â”â”â”â”â”â”â”â”â”â”â”â” 100% 0:00:00Training Epoch: 52 [174/175] Loss: 0.9376 â”â”â”â”â”â”â”â”â”â”â”â”â”â”â”â”â”â”â”â”â”â”â”â”â” 100% 0:00:00

Training Epoch: 52 [174/175] Loss: 0.9423 â”â”â”â”â”â”â”â”â”â”â”â”â”â”â”â”â”â”â”â”â”â”â”â”â” 100% 0:00:00
Training Epoch: 52 [174/175] Loss: 0.9711 â”â”â”â”â”â”â”â”â”â”â”â”â”â”â”â”â”â”â”â”â”â”â”â”â” 100% 0:00:00
Validating Epoch: 52 [10/11] Loss: 1.3450 â”â”â”â”â”â”â”â”â”â”â”â”â”â”â”â”â”â”â”â”â”â”â”â”â” 100% 0:00:00
Validating Epoch: 52 [10/11] Loss: 1.0330 â”â”â”â”â”â”â”â”â”â”â”â”â”â”â”â”â”â”â”â”â”â”â”â”â” 100% 0:00:00
Validating Epoch: 52 [10/11] Loss: 1.2173 â”â”â”â”â”â”â”â”â”â”â”â”â”â”â”â”â”â”â”â”â”â”â”â”â” 100% 0:00:00
Validating Epoch: 52 [10/11] Loss: 1.1192 â”â”â”â”â”â”â”â”â”â”â”â”â”â”â”â”â”â”â”â”â”â”â”â”â” 100% 0:00:00
Training Epoch: 53 [174/175] Loss: 1.1793 â”â”â”â”â”â”â”â”â”â”â”â”â”â”â”â”â”â”â”â”â”â”â”â”â” 100% 0:00:00
Training Epoch: 53 [174/175] Loss: 0.9545 â”â”â”â”â”â”â”â”â”â”â”â”â”â”â”â”â”â”â”â”â”â”â”â”â” 100% 0:00:00Training Epoch: 53 [174/175] Loss: 0.8518 â”â”â”â”â”â”â”â”â”â”â”â”â”â”â”â”â”â”â”â”â”â”â”â”â” 100% 0:00:00

Training Epoch: 53 [174/175] Loss: 1.0063 â”â”â”â”â”â”â”â”â”â”â”â”â”â”â”â”â”â”â”â”â”â”â”â”â” 100% 0:00:00
Validating Epoch: 53 [10/11] Loss: 0.9923 â”â”â”â”â”â”â”â”â”â”â”â”â”â”â”â”â”â”â”â”â”â”â”â”â” 100% 0:00:00
Validating Epoch: 53 [10/11] Loss: 1.0259 â”â”â”â”â”â”â”â”â”â”â”â”â”â”â”â”â”â”â”â”â”â”â”â”â” 100% 0:00:00
Validating Epoch: 53 [10/11] Loss: 1.1819 â”â”â”â”â”â”â”â”â”â”â”â”â”â”â”â”â”â”â”â”â”â”â”â”â” 100% 0:00:00
Validating Epoch: 53 [10/11] Loss: 1.0347 â”â”â”â”â”â”â”â”â”â”â”â”â”â”â”â”â”â”â”â”â”â”â”â”â” 100% 0:00:00
Training Epoch: 54 [174/175] Loss: 1.2638 â”â”â”â”â”â”â”â”â”â”â”â”â”â”â”â”â”â”â”â”â”â”â”â”â” 100% 0:00:00
Training Epoch: 54 [174/175] Loss: 1.0644 â”â”â”â”â”â”â”â”â”â”â”â”â”â”â”â”â”â”â”â”â”â”â”â”â” 100% 0:00:00
Training Epoch: 54 [174/175] Loss: 1.2368 â”â”â”â”â”â”â”â”â”â”â”â”â”â”â”â”â”â”â”â”â”â”â”â”â” 100% 0:00:00
Training Epoch: 54 [174/175] Loss: 1.1854 â”â”â”â”â”â”â”â”â”â”â”â”â”â”â”â”â”â”â”â”â”â”â”â”â” 100% 0:00:00
Validating Epoch: 54 [10/11] Loss: 1.0740 â”â”â”â”â”â”â”â”â”â”â”â”â”â”â”â”â”â”â”â”â”â”â”â”â” 100% 0:00:00
Validating Epoch: 54 [10/11] Loss: 1.1893 â”â”â”â”â”â”â”â”â”â”â”â”â”â”â”â”â”â”â”â”â”â”â”â”â” 100% 0:00:00
Validating Epoch: 54 [10/11] Loss: 1.2121 â”â”â”â”â”â”â”â”â”â”â”â”â”â”â”â”â”â”â”â”â”â”â”â”â” 100% 0:00:00
Validating Epoch: 54 [10/11] Loss: 1.1810 â”â”â”â”â”â”â”â”â”â”â”â”â”â”â”â”â”â”â”â”â”â”â”â”â” 100% 0:00:00
Training Epoch: 55 [174/175] Loss: 1.2090 â”â”â”â”â”â”â”â”â”â”â”â”â”â”â”â”â”â”â”â”â”â”â”â”â” 100% 0:00:00
Training Epoch: 55 [174/175] Loss: 0.9994 â”â”â”â”â”â”â”â”â”â”â”â”â”â”â”â”â”â”â”â”â”â”â”â”â” 100% 0:00:00
Training Epoch: 55 [174/175] Loss: 1.2613 â”â”â”â”â”â”â”â”â”â”â”â”â”â”â”â”â”â”â”â”â”â”â”â”â” 100% 0:00:00
Training Epoch: 55 [174/175] Loss: 0.9812 â”â”â”â”â”â”â”â”â”â”â”â”â”â”â”â”â”â”â”â”â”â”â”â”â” 100% 0:00:00
Validating Epoch: 55 [10/11] Loss: 1.3319 â”â”â”â”â”â”â”â”â”â”â”â”â”â”â”â”â”â”â”â”â”â”â”â”â” 100% 0:00:00
Validating Epoch: 55 [10/11] Loss: 1.2006 â”â”â”â”â”â”â”â”â”â”â”â”â”â”â”â”â”â”â”â”â”â”â”â”â” 100% 0:00:00
Validating Epoch: 55 [10/11] Loss: 1.0862 â”â”â”â”â”â”â”â”â”â”â”â”â”â”â”â”â”â”â”â”â”â”â”â”â” 100% 0:00:00
Validating Epoch: 55 [10/11] Loss: 1.1165 â”â”â”â”â”â”â”â”â”â”â”â”â”â”â”â”â”â”â”â”â”â”â”â”â” 100% 0:00:00
Training Epoch: 56 [174/175] Loss: 1.1627 â”â”â”â”â”â”â”â”â”â”â”â”â”â”â”â”â”â”â”â”â”â”â”â”â” 100% 0:00:00
Training Epoch: 56 [174/175] Loss: 1.2951 â”â”â”â”â”â”â”â”â”â”â”â”â”â”â”â”â”â”â”â”â”â”â”â”â” 100% 0:00:00
Training Epoch: 56 [174/175] Loss: 1.2966 â”â”â”â”â”â”â”â”â”â”â”â”â”â”â”â”â”â”â”â”â”â”â”â”â” 100% 0:00:00
Training Epoch: 56 [174/175] Loss: 0.9751 â”â”â”â”â”â”â”â”â”â”â”â”â”â”â”â”â”â”â”â”â”â”â”â”â” 100% 0:00:00
Validating Epoch: 56 [10/11] Loss: 1.5685 â”â”â”â”â”â”â”â”â”â”â”â”â”â”â”â”â”â”â”â”â”â”â”â”â” 100% 0:00:00
Validating Epoch: 56 [10/11] Loss: 0.8484 â”â”â”â”â”â”â”â”â”â”â”â”â”â”â”â”â”â”â”â”â”â”â”â”â” 100% 0:00:00
Validating Epoch: 56 [10/11] Loss: 0.9549 â”â”â”â”â”â”â”â”â”â”â”â”â”â”â”â”â”â”â”â”â”â”â”â”â” 100% 0:00:00
Validating Epoch: 56 [10/11] Loss: 1.2128 â”â”â”â”â”â”â”â”â”â”â”â”â”â”â”â”â”â”â”â”â”â”â”â”â” 100% 0:00:00
Training Epoch: 57 [174/175] Loss: 0.9510 â”â”â”â”â”â”â”â”â”â”â”â”â”â”â”â”â”â”â”â”â”â”â”â”â” 100% 0:00:00
Training Epoch: 57 [174/175] Loss: 0.8221 â”â”â”â”â”â”â”â”â”â”â”â”â”â”â”â”â”â”â”â”â”â”â”â”â” 100% 0:00:00
Training Epoch: 57 [174/175] Loss: 1.3153 â”â”â”â”â”â”â”â”â”â”â”â”â”â”â”â”â”â”â”â”â”â”â”â”â” 100% 0:00:00
Training Epoch: 57 [174/175] Loss: 1.1326 â”â”â”â”â”â”â”â”â”â”â”â”â”â”â”â”â”â”â”â”â”â”â”â”â” 100% 0:00:00
Validating Epoch: 57 [10/11] Loss: 1.5221 â”â”â”â”â”â”â”â”â”â”â”â”â”â”â”â”â”â”â”â”â”â”â”â”â” 100% 0:00:00
Validating Epoch: 57 [10/11] Loss: 1.3077 â”â”â”â”â”â”â”â”â”â”â”â”â”â”â”â”â”â”â”â”â”â”â”â”â” 100% 0:00:00
Validating Epoch: 57 [10/11] Loss: 1.0653 â”â”â”â”â”â”â”â”â”â”â”â”â”â”â”â”â”â”â”â”â”â”â”â”â” 100% 0:00:00
Validating Epoch: 57 [10/11] Loss: 1.2089 â”â”â”â”â”â”â”â”â”â”â”â”â”â”â”â”â”â”â”â”â”â”â”â”â” 100% 0:00:00
Training Epoch: 58 [174/175] Loss: 1.2142 â”â”â”â”â”â”â”â”â”â”â”â”â”â”â”â”â”â”â”â”â”â”â”â”â” 100% 0:00:00
Training Epoch: 58 [174/175] Loss: 1.0682 â”â”â”â”â”â”â”â”â”â”â”â”â”â”â”â”â”â”â”â”â”â”â”â”â” 100% 0:00:00
Training Epoch: 58 [174/175] Loss: 1.0118 â”â”â”â”â”â”â”â”â”â”â”â”â”â”â”â”â”â”â”â”â”â”â”â”â” 100% 0:00:00
Training Epoch: 58 [174/175] Loss: 0.9798 â”â”â”â”â”â”â”â”â”â”â”â”â”â”â”â”â”â”â”â”â”â”â”â”â” 100% 0:00:00
Validating Epoch: 58 [10/11] Loss: 0.8757 â”â”â”â”â”â”â”â”â”â”â”â”â”â”â”â”â”â”â”â”â”â”â”â”â” 100% 0:00:00
Validating Epoch: 58 [10/11] Loss: 1.2128 â”â”â”â”â”â”â”â”â”â”â”â”â”â”â”â”â”â”â”â”â”â”â”â”â” 100% 0:00:00
Validating Epoch: 58 [10/11] Loss: 1.3011 â”â”â”â”â”â”â”â”â”â”â”â”â”â”â”â”â”â”â”â”â”â”â”â”â” 100% 0:00:00
Validating Epoch: 58 [10/11] Loss: 1.6762 â”â”â”â”â”â”â”â”â”â”â”â”â”â”â”â”â”â”â”â”â”â”â”â”â” 100% 0:00:00
Training Epoch: 59 [174/175] Loss: 0.9766 â”â”â”â”â”â”â”â”â”â”â”â”â”â”â”â”â”â”â”â”â”â”â”â”â” 100% 0:00:00
Training Epoch: 59 [174/175] Loss: 1.2853 â”â”â”â”â”â”â”â”â”â”â”â”â”â”â”â”â”â”â”â”â”â”â”â”â” 100% 0:00:00
Training Epoch: 59 [174/175] Loss: 0.9999 â”â”â”â”â”â”â”â”â”â”â”â”â”â”â”â”â”â”â”â”â”â”â”â”â” 100% 0:00:00
Training Epoch: 59 [174/175] Loss: 1.1276 â”â”â”â”â”â”â”â”â”â”â”â”â”â”â”â”â”â”â”â”â”â”â”â”â” 100% 0:00:00
Validating Epoch: 59 [10/11] Loss: 1.1465 â”â”â”â”â”â”â”â”â”â”â”â”â”â”â”â”â”â”â”â”â”â”â”â”â” 100% 0:00:00
Validating Epoch: 59 [10/11] Loss: 1.0131 â”â”â”â”â”â”â”â”â”â”â”â”â”â”â”â”â”â”â”â”â”â”â”â”â” 100% 0:00:00
Validating Epoch: 59 [10/11] Loss: 1.4158 â”â”â”â”â”â”â”â”â”â”â”â”â”â”â”â”â”â”â”â”â”â”â”â”â” 100% 0:00:00
Validating Epoch: 59 [10/11] Loss: 0.9243 â”â”â”â”â”â”â”â”â”â”â”â”â”â”â”â”â”â”â”â”â”â”â”â”â” 100% 0:00:00
Training Epoch: 60 [174/175] Loss: 1.3281 â”â”â”â”â”â”â”â”â”â”â”â”â”â”â”â”â”â”â”â”â”â”â”â”â” 100% 0:00:00
Training Epoch: 60 [174/175] Loss: 1.2093 â”â”â”â”â”â”â”â”â”â”â”â”â”â”â”â”â”â”â”â”â”â”â”â”â” 100% 0:00:00
Training Epoch: 60 [174/175] Loss: 0.9437 â”â”â”â”â”â”â”â”â”â”â”â”â”â”â”â”â”â”â”â”â”â”â”â”â” 100% 0:00:00
Training Epoch: 60 [174/175] Loss: 1.0372 â”â”â”â”â”â”â”â”â”â”â”â”â”â”â”â”â”â”â”â”â”â”â”â”â” 100% 0:00:00
Validating Epoch: 60 [10/11] Loss: 1.1382 â”â”â”â”â”â”â”â”â”â”â”â”â”â”â”â”â”â”â”â”â”â”â”â”â” 100% 0:00:00
Validating Epoch: 60 [10/11] Loss: 1.0388 â”â”â”â”â”â”â”â”â”â”â”â”â”â”â”â”â”â”â”â”â”â”â”â”â” 100% 0:00:00
Validating Epoch: 60 [10/11] Loss: 0.9911 â”â”â”â”â”â”â”â”â”â”â”â”â”â”â”â”â”â”â”â”â”â”â”â”â” 100% 0:00:00
Validating Epoch: 60 [10/11] Loss: 1.0905 â”â”â”â”â”â”â”â”â”â”â”â”â”â”â”â”â”â”â”â”â”â”â”â”â” 100% 0:00:00
Training Epoch: 61 [174/175] Loss: 0.9771 â”â”â”â”â”â”â”â”â”â”â”â”â”â”â”â”â”â”â”â”â”â”â”â”â” 100% 0:00:00
Training Epoch: 61 [174/175] Loss: 1.0810 â”â”â”â”â”â”â”â”â”â”â”â”â”â”â”â”â”â”â”â”â”â”â”â”â” 100% 0:00:00
Training Epoch: 61 [174/175] Loss: 1.2738 â”â”â”â”â”â”â”â”â”â”â”â”â”â”â”â”â”â”â”â”â”â”â”â”â” 100% 0:00:00
Training Epoch: 61 [174/175] Loss: 1.0071 â”â”â”â”â”â”â”â”â”â”â”â”â”â”â”â”â”â”â”â”â”â”â”â”â” 100% 0:00:00
Validating Epoch: 61 [10/11] Loss: 1.1910 â”â”â”â”â”â”â”â”â”â”â”â”â”â”â”â”â”â”â”â”â”â”â”â”â” 100% 0:00:00
Validating Epoch: 61 [10/11] Loss: 0.8884 â”â”â”â”â”â”â”â”â”â”â”â”â”â”â”â”â”â”â”â”â”â”â”â”â” 100% 0:00:00
Validating Epoch: 61 [10/11] Loss: 1.2248 â”â”â”â”â”â”â”â”â”â”â”â”â”â”â”â”â”â”â”â”â”â”â”â”â” 100% 0:00:00
Validating Epoch: 61 [10/11] Loss: 1.1136 â”â”â”â”â”â”â”â”â”â”â”â”â”â”â”â”â”â”â”â”â”â”â”â”â” 100% 0:00:00
Training Epoch: 62 [174/175] Loss: 0.8885 â”â”â”â”â”â”â”â”â”â”â”â”â”â”â”â”â”â”â”â”â”â”â”â”â” 100% 0:00:00
Training Epoch: 62 [174/175] Loss: 0.8209 â”â”â”â”â”â”â”â”â”â”â”â”â”â”â”â”â”â”â”â”â”â”â”â”â” 100% 0:00:00
Training Epoch: 62 [174/175] Loss: 1.1518 â”â”â”â”â”â”â”â”â”â”â”â”â”â”â”â”â”â”â”â”â”â”â”â”â” 100% 0:00:00Training Epoch: 62 [174/175] Loss: 1.1767 â”â”â”â”â”â”â”â”â”â”â”â”â”â”â”â”â”â”â”â”â”â”â”â”â” 100% 0:00:00

Validating Epoch: 62 [10/11] Loss: 1.1362 â”â”â”â”â”â”â”â”â”â”â”â”â”â”â”â”â”â”â”â”â”â”â”â”â” 100% 0:00:00
Validating Epoch: 62 [10/11] Loss: 1.3068 â”â”â”â”â”â”â”â”â”â”â”â”â”â”â”â”â”â”â”â”â”â”â”â”â” 100% 0:00:00
Validating Epoch: 62 [10/11] Loss: 1.1009 â”â”â”â”â”â”â”â”â”â”â”â”â”â”â”â”â”â”â”â”â”â”â”â”â” 100% 0:00:00
Validating Epoch: 62 [10/11] Loss: 1.3487 â”â”â”â”â”â”â”â”â”â”â”â”â”â”â”â”â”â”â”â”â”â”â”â”â” 100% 0:00:00
Training Epoch: 63 [174/175] Loss: 1.3159 â”â”â”â”â”â”â”â”â”â”â”â”â”â”â”â”â”â”â”â”â”â”â”â”â” 100% 0:00:00
Training Epoch: 63 [174/175] Loss: 1.0834 â”â”â”â”â”â”â”â”â”â”â”â”â”â”â”â”â”â”â”â”â”â”â”â”â” 100% 0:00:00
Training Epoch: 63 [174/175] Loss: 0.9469 â”â”â”â”â”â”â”â”â”â”â”â”â”â”â”â”â”â”â”â”â”â”â”â”â” 100% 0:00:00
Training Epoch: 63 [174/175] Loss: 1.2280 â”â”â”â”â”â”â”â”â”â”â”â”â”â”â”â”â”â”â”â”â”â”â”â”â” 100% 0:00:00
Validating Epoch: 63 [10/11] Loss: 1.2438 â”â”â”â”â”â”â”â”â”â”â”â”â”â”â”â”â”â”â”â”â”â”â”â”â” 100% 0:00:00
Validating Epoch: 63 [10/11] Loss: 1.1728 â”â”â”â”â”â”â”â”â”â”â”â”â”â”â”â”â”â”â”â”â”â”â”â”â” 100% 0:00:00
Validating Epoch: 63 [10/11] Loss: 1.0915 â”â”â”â”â”â”â”â”â”â”â”â”â”â”â”â”â”â”â”â”â”â”â”â”â” 100% 0:00:00
Validating Epoch: 63 [10/11] Loss: 1.0328 â”â”â”â”â”â”â”â”â”â”â”â”â”â”â”â”â”â”â”â”â”â”â”â”â” 100% 0:00:00
Training Epoch: 64 [174/175] Loss: 0.9754 â”â”â”â”â”â”â”â”â”â”â”â”â”â”â”â”â”â”â”â”â”â”â”â”â” 100% 0:00:00Training Epoch: 64 [174/175] Loss: 1.1596 â”â”â”â”â”â”â”â”â”â”â”â”â”â”â”â”â”â”â”â”â”â”â”â”â” 100% 0:00:00

Training Epoch: 64 [174/175] Loss: 1.3363 â”â”â”â”â”â”â”â”â”â”â”â”â”â”â”â”â”â”â”â”â”â”â”â”â” 100% 0:00:00
Training Epoch: 64 [174/175] Loss: 0.9273 â”â”â”â”â”â”â”â”â”â”â”â”â”â”â”â”â”â”â”â”â”â”â”â”â” 100% 0:00:00
Validating Epoch: 64 [10/11] Loss: 1.0852 â”â”â”â”â”â”â”â”â”â”â”â”â”â”â”â”â”â”â”â”â”â”â”â”â” 100% 0:00:00
Validating Epoch: 64 [10/11] Loss: 1.1490 â”â”â”â”â”â”â”â”â”â”â”â”â”â”â”â”â”â”â”â”â”â”â”â”â” 100% 0:00:00
Validating Epoch: 64 [10/11] Loss: 0.8253 â”â”â”â”â”â”â”â”â”â”â”â”â”â”â”â”â”â”â”â”â”â”â”â”â” 100% 0:00:00
Validating Epoch: 64 [10/11] Loss: 1.2363 â”â”â”â”â”â”â”â”â”â”â”â”â”â”â”â”â”â”â”â”â”â”â”â”â” 100% 0:00:00
Training Epoch: 65 [174/175] Loss: 1.0829 â”â”â”â”â”â”â”â”â”â”â”â”â”â”â”â”â”â”â”â”â”â”â”â”â” 100% 0:00:00
Training Epoch: 65 [174/175] Loss: 0.9614 â”â”â”â”â”â”â”â”â”â”â”â”â”â”â”â”â”â”â”â”â”â”â”â”â” 100% 0:00:00
Training Epoch: 65 [174/175] Loss: 1.1699 â”â”â”â”â”â”â”â”â”â”â”â”â”â”â”â”â”â”â”â”â”â”â”â”â” 100% 0:00:00
Training Epoch: 65 [174/175] Loss: 0.8734 â”â”â”â”â”â”â”â”â”â”â”â”â”â”â”â”â”â”â”â”â”â”â”â”â” 100% 0:00:00
Validating Epoch: 65 [10/11] Loss: 1.2103 â”â”â”â”â”â”â”â”â”â”â”â”â”â”â”â”â”â”â”â”â”â”â”â”â” 100% 0:00:00
Validating Epoch: 65 [10/11] Loss: 1.2581 â”â”â”â”â”â”â”â”â”â”â”â”â”â”â”â”â”â”â”â”â”â”â”â”â” 100% 0:00:00
Validating Epoch: 65 [10/11] Loss: 1.3549 â”â”â”â”â”â”â”â”â”â”â”â”â”â”â”â”â”â”â”â”â”â”â”â”â” 100% 0:00:00
Validating Epoch: 65 [10/11] Loss: 1.0977 â”â”â”â”â”â”â”â”â”â”â”â”â”â”â”â”â”â”â”â”â”â”â”â”â” 100% 0:00:00
Training Epoch: 66 [174/175] Loss: 1.2668 â”â”â”â”â”â”â”â”â”â”â”â”â”â”â”â”â”â”â”â”â”â”â”â”â” 100% 0:00:00
Training Epoch: 66 [174/175] Loss: 1.1553 â”â”â”â”â”â”â”â”â”â”â”â”â”â”â”â”â”â”â”â”â”â”â”â”â” 100% 0:00:00
Training Epoch: 66 [174/175] Loss: 1.0727 â”â”â”â”â”â”â”â”â”â”â”â”â”â”â”â”â”â”â”â”â”â”â”â”â” 100% 0:00:00
Training Epoch: 66 [174/175] Loss: 1.3180 â”â”â”â”â”â”â”â”â”â”â”â”â”â”â”â”â”â”â”â”â”â”â”â”â” 100% 0:00:00
Validating Epoch: 66 [10/11] Loss: 1.1530 â”â”â”â”â”â”â”â”â”â”â”â”â”â”â”â”â”â”â”â”â”â”â”â”â” 100% 0:00:00
Validating Epoch: 66 [10/11] Loss: 1.0766 â”â”â”â”â”â”â”â”â”â”â”â”â”â”â”â”â”â”â”â”â”â”â”â”â” 100% 0:00:00
Validating Epoch: 66 [10/11] Loss: 1.0187 â”â”â”â”â”â”â”â”â”â”â”â”â”â”â”â”â”â”â”â”â”â”â”â”â” 100% 0:00:00
Validating Epoch: 66 [10/11] Loss: 1.0186 â”â”â”â”â”â”â”â”â”â”â”â”â”â”â”â”â”â”â”â”â”â”â”â”â” 100% 0:00:00
Training Epoch: 67 [174/175] Loss: 1.1275 â”â”â”â”â”â”â”â”â”â”â”â”â”â”â”â”â”â”â”â”â”â”â”â”â” 100% 0:00:00
Training Epoch: 67 [174/175] Loss: 1.0270 â”â”â”â”â”â”â”â”â”â”â”â”â”â”â”â”â”â”â”â”â”â”â”â”â” 100% 0:00:00
Training Epoch: 67 [174/175] Loss: 0.9883 â”â”â”â”â”â”â”â”â”â”â”â”â”â”â”â”â”â”â”â”â”â”â”â”â” 100% 0:00:00
Training Epoch: 67 [174/175] Loss: 0.9596 â”â”â”â”â”â”â”â”â”â”â”â”â”â”â”â”â”â”â”â”â”â”â”â”â” 100% 0:00:00
Validating Epoch: 67 [10/11] Loss: 1.3103 â”â”â”â”â”â”â”â”â”â”â”â”â”â”â”â”â”â”â”â”â”â”â”â”â” 100% 0:00:00
Validating Epoch: 67 [10/11] Loss: 1.1549 â”â”â”â”â”â”â”â”â”â”â”â”â”â”â”â”â”â”â”â”â”â”â”â”â” 100% 0:00:00
Validating Epoch: 67 [10/11] Loss: 1.3388 â”â”â”â”â”â”â”â”â”â”â”â”â”â”â”â”â”â”â”â”â”â”â”â”â” 100% 0:00:00
Validating Epoch: 67 [10/11] Loss: 1.1190 â”â”â”â”â”â”â”â”â”â”â”â”â”â”â”â”â”â”â”â”â”â”â”â”â” 100% 0:00:00
Training Epoch: 68 [174/175] Loss: 1.1319 â”â”â”â”â”â”â”â”â”â”â”â”â”â”â”â”â”â”â”â”â”â”â”â”â” 100% 0:00:00
Training Epoch: 68 [174/175] Loss: 1.1400 â”â”â”â”â”â”â”â”â”â”â”â”â”â”â”â”â”â”â”â”â”â”â”â”â” 100% 0:00:00
Training Epoch: 68 [174/175] Loss: 1.1598 â”â”â”â”â”â”â”â”â”â”â”â”â”â”â”â”â”â”â”â”â”â”â”â”â” 100% 0:00:00
Training Epoch: 68 [174/175] Loss: 1.3479 â”â”â”â”â”â”â”â”â”â”â”â”â”â”â”â”â”â”â”â”â”â”â”â”â” 100% 0:00:00
Validating Epoch: 68 [10/11] Loss: 1.0070 â”â”â”â”â”â”â”â”â”â”â”â”â”â”â”â”â”â”â”â”â”â”â”â”â” 100% 0:00:00
Validating Epoch: 68 [10/11] Loss: 1.0988 â”â”â”â”â”â”â”â”â”â”â”â”â”â”â”â”â”â”â”â”â”â”â”â”â” 100% 0:00:00
Validating Epoch: 68 [10/11] Loss: 1.1187 â”â”â”â”â”â”â”â”â”â”â”â”â”â”â”â”â”â”â”â”â”â”â”â”â” 100% 0:00:00
Validating Epoch: 68 [10/11] Loss: 1.0451 â”â”â”â”â”â”â”â”â”â”â”â”â”â”â”â”â”â”â”â”â”â”â”â”â” 100% 0:00:00
Training Epoch: 69 [174/175] Loss: 1.0753 â”â”â”â”â”â”â”â”â”â”â”â”â”â”â”â”â”â”â”â”â”â”â”â”â” 100% 0:00:00Training Epoch: 69 [174/175] Loss: 0.8919 â”â”â”â”â”â”â”â”â”â”â”â”â”â”â”â”â”â”â”â”â”â”â”â”â” 100% 0:00:00

Training Epoch: 69 [174/175] Loss: 1.4066 â”â”â”â”â”â”â”â”â”â”â”â”â”â”â”â”â”â”â”â”â”â”â”â”â” 100% 0:00:00
Training Epoch: 69 [174/175] Loss: 1.3325 â”â”â”â”â”â”â”â”â”â”â”â”â”â”â”â”â”â”â”â”â”â”â”â”â” 100% 0:00:00
Validating Epoch: 69 [10/11] Loss: 1.2610 â”â”â”â”â”â”â”â”â”â”â”â”â”â”â”â”â”â”â”â”â”â”â”â”â” 100% 0:00:00
Validating Epoch: 69 [10/11] Loss: 1.5402 â”â”â”â”â”â”â”â”â”â”â”â”â”â”â”â”â”â”â”â”â”â”â”â”â” 100% 0:00:00
Validating Epoch: 69 [10/11] Loss: 1.2773 â”â”â”â”â”â”â”â”â”â”â”â”â”â”â”â”â”â”â”â”â”â”â”â”â” 100% 0:00:00
Validating Epoch: 69 [10/11] Loss: 1.2953 â”â”â”â”â”â”â”â”â”â”â”â”â”â”â”â”â”â”â”â”â”â”â”â”â” 100% 0:00:00
Training Epoch: 70 [174/175] Loss: 1.2835 â”â”â”â”â”â”â”â”â”â”â”â”â”â”â”â”â”â”â”â”â”â”â”â”â” 100% 0:00:00
Training Epoch: 70 [174/175] Loss: 0.8654 â”â”â”â”â”â”â”â”â”â”â”â”â”â”â”â”â”â”â”â”â”â”â”â”â” 100% 0:00:00
Training Epoch: 70 [174/175] Loss: 0.9979 â”â”â”â”â”â”â”â”â”â”â”â”â”â”â”â”â”â”â”â”â”â”â”â”â” 100% 0:00:00
Training Epoch: 70 [174/175] Loss: 0.9154 â”â”â”â”â”â”â”â”â”â”â”â”â”â”â”â”â”â”â”â”â”â”â”â”â” 100% 0:00:00
Validating Epoch: 70 [10/11] Loss: 1.0083 â”â”â”â”â”â”â”â”â”â”â”â”â”â”â”â”â”â”â”â”â”â”â”â”â” 100% 0:00:00
Validating Epoch: 70 [10/11] Loss: 0.8793 â”â”â”â”â”â”â”â”â”â”â”â”â”â”â”â”â”â”â”â”â”â”â”â”â” 100% 0:00:00
Validating Epoch: 70 [10/11] Loss: 1.0235 â”â”â”â”â”â”â”â”â”â”â”â”â”â”â”â”â”â”â”â”â”â”â”â”â” 100% 0:00:00
Validating Epoch: 70 [10/11] Loss: 1.0083 â”â”â”â”â”â”â”â”â”â”â”â”â”â”â”â”â”â”â”â”â”â”â”â”â” 100% 0:00:00
Training Epoch: 71 [174/175] Loss: 1.3488 â”â”â”â”â”â”â”â”â”â”â”â”â”â”â”â”â”â”â”â”â”â”â”â”â” 100% 0:00:00
Training Epoch: 71 [174/175] Loss: 1.2732 â”â”â”â”â”â”â”â”â”â”â”â”â”â”â”â”â”â”â”â”â”â”â”â”â” 100% 0:00:00
Training Epoch: 71 [174/175] Loss: 0.8096 â”â”â”â”â”â”â”â”â”â”â”â”â”â”â”â”â”â”â”â”â”â”â”â”â” 100% 0:00:00Training Epoch: 71 [174/175] Loss: 1.0976 â”â”â”â”â”â”â”â”â”â”â”â”â”â”â”â”â”â”â”â”â”â”â”â”â” 100% 0:00:00

Validating Epoch: 71 [10/11] Loss: 1.2773 â”â”â”â”â”â”â”â”â”â”â”â”â”â”â”â”â”â”â”â”â”â”â”â”â” 100% 0:00:00
Validating Epoch: 71 [10/11] Loss: 1.0604 â”â”â”â”â”â”â”â”â”â”â”â”â”â”â”â”â”â”â”â”â”â”â”â”â” 100% 0:00:00
Validating Epoch: 71 [10/11] Loss: 1.5656 â”â”â”â”â”â”â”â”â”â”â”â”â”â”â”â”â”â”â”â”â”â”â”â”â” 100% 0:00:00
Validating Epoch: 71 [10/11] Loss: 1.2473 â”â”â”â”â”â”â”â”â”â”â”â”â”â”â”â”â”â”â”â”â”â”â”â”â” 100% 0:00:00
Training Epoch: 72 [174/175] Loss: 1.2132 â”â”â”â”â”â”â”â”â”â”â”â”â”â”â”â”â”â”â”â”â”â”â”â”â” 100% 0:00:00
Training Epoch: 72 [174/175] Loss: 1.2723 â”â”â”â”â”â”â”â”â”â”â”â”â”â”â”â”â”â”â”â”â”â”â”â”â” 100% 0:00:00
Training Epoch: 72 [174/175] Loss: 1.1395 â”â”â”â”â”â”â”â”â”â”â”â”â”â”â”â”â”â”â”â”â”â”â”â”â” 100% 0:00:00
Training Epoch: 72 [174/175] Loss: 1.1509 â”â”â”â”â”â”â”â”â”â”â”â”â”â”â”â”â”â”â”â”â”â”â”â”â” 100% 0:00:00
Validating Epoch: 72 [10/11] Loss: 0.9585 â”â”â”â”â”â”â”â”â”â”â”â”â”â”â”â”â”â”â”â”â”â”â”â”â” 100% 0:00:00
Validating Epoch: 72 [10/11] Loss: 1.3384 â”â”â”â”â”â”â”â”â”â”â”â”â”â”â”â”â”â”â”â”â”â”â”â”â” 100% 0:00:00
Validating Epoch: 72 [10/11] Loss: 1.1990 â”â”â”â”â”â”â”â”â”â”â”â”â”â”â”â”â”â”â”â”â”â”â”â”â” 100% 0:00:00
Validating Epoch: 72 [10/11] Loss: 1.0055 â”â”â”â”â”â”â”â”â”â”â”â”â”â”â”â”â”â”â”â”â”â”â”â”â” 100% 0:00:00
Training Epoch: 73 [174/175] Loss: 1.0140 â”â”â”â”â”â”â”â”â”â”â”â”â”â”â”â”â”â”â”â”â”â”â”â”â” 100% 0:00:00
Training Epoch: 73 [174/175] Loss: 1.1716 â”â”â”â”â”â”â”â”â”â”â”â”â”â”â”â”â”â”â”â”â”â”â”â”â” 100% 0:00:00
Training Epoch: 73 [174/175] Loss: 1.0463 â”â”â”â”â”â”â”â”â”â”â”â”â”â”â”â”â”â”â”â”â”â”â”â”â” 100% 0:00:00
Training Epoch: 73 [174/175] Loss: 1.0700 â”â”â”â”â”â”â”â”â”â”â”â”â”â”â”â”â”â”â”â”â”â”â”â”â” 100% 0:00:00
Validating Epoch: 73 [10/11] Loss: 1.2956 â”â”â”â”â”â”â”â”â”â”â”â”â”â”â”â”â”â”â”â”â”â”â”â”â” 100% 0:00:00
Validating Epoch: 73 [10/11] Loss: 1.3181 â”â”â”â”â”â”â”â”â”â”â”â”â”â”â”â”â”â”â”â”â”â”â”â”â” 100% 0:00:00
Validating Epoch: 73 [10/11] Loss: 1.2038 â”â”â”â”â”â”â”â”â”â”â”â”â”â”â”â”â”â”â”â”â”â”â”â”â” 100% 0:00:00
Validating Epoch: 73 [10/11] Loss: 0.9824 â”â”â”â”â”â”â”â”â”â”â”â”â”â”â”â”â”â”â”â”â”â”â”â”â” 100% 0:00:00
Training Epoch: 74 [174/175] Loss: 0.9026 â”â”â”â”â”â”â”â”â”â”â”â”â”â”â”â”â”â”â”â”â”â”â”â”â” 100% 0:00:00
Training Epoch: 74 [174/175] Loss: 1.5416 â”â”â”â”â”â”â”â”â”â”â”â”â”â”â”â”â”â”â”â”â”â”â”â”â” 100% 0:00:00
Training Epoch: 74 [174/175] Loss: 1.0198 â”â”â”â”â”â”â”â”â”â”â”â”â”â”â”â”â”â”â”â”â”â”â”â”â” 100% 0:00:00
Training Epoch: 74 [174/175] Loss: 1.0869 â”â”â”â”â”â”â”â”â”â”â”â”â”â”â”â”â”â”â”â”â”â”â”â”â” 100% 0:00:00
Validating Epoch: 74 [10/11] Loss: 1.1323 â”â”â”â”â”â”â”â”â”â”â”â”â”â”â”â”â”â”â”â”â”â”â”â”â” 100% 0:00:00
Validating Epoch: 74 [10/11] Loss: 1.0024 â”â”â”â”â”â”â”â”â”â”â”â”â”â”â”â”â”â”â”â”â”â”â”â”â” 100% 0:00:00
Validating Epoch: 74 [10/11] Loss: 1.3484 â”â”â”â”â”â”â”â”â”â”â”â”â”â”â”â”â”â”â”â”â”â”â”â”â” 100% 0:00:00
Validating Epoch: 74 [10/11] Loss: 1.1083 â”â”â”â”â”â”â”â”â”â”â”â”â”â”â”â”â”â”â”â”â”â”â”â”â” 100% 0:00:00
