device: cudadevice:
device: device: cuda
 cudacuda

Training Epoch: 96 [174/175] Loss: 1.3224 ━━━━━━━━━━━━━━━━━━━━━━━━━ 100% 0:00:00Training Epoch: 96 [174/175] Loss: 1.7303 ━━━━━━━━━━━━━━━━━━━━━━━━━ 100% 0:00:00Training Epoch: 96 [174/175] Loss: 1.4755 ━━━━━━━━━━━━━━━━━━━━━━━━━ 100% 0:00:00Training Epoch: 96 [174/175] Loss: 1.5797 ━━━━━━━━━━━━━━━━━━━━━━━━━ 100% 0:00:00



Validation shapes matched: torch.Size([800, 4]) torch.Size([800, 4])
Validation shapes matched: torch.Size([800, 4]) torch.Size([800, 4])Validation shapes matched: torch.Size([800, 4]) torch.Size([800, 4])
Validation shapes matched: torch.Size([800, 4]) torch.Size([800, 4])

Validation shapes matched: torch.Size([800, 4]) torch.Size([800, 4])
Validation shapes matched: torch.Size([800, 4]) torch.Size([800, 4])
Validation shapes matched: torch.Size([800, 4]) torch.Size([800, 4])
Validation shapes matched: torch.Size([800, 4]) torch.Size([800, 4])
Validation shapes matched: torch.Size([800, 4]) torch.Size([800, 4])
Validation shapes matched: torch.Size([800, 4]) torch.Size([800, 4])
Validation shapes matched: torch.Size([800, 4]) torch.Size([800, 4])
Validation shapes matched: torch.Size([800, 4]) torch.Size([800, 4])
Validation shapes matched: torch.Size([800, 4]) torch.Size([800, 4])
Validation shapes matched: torch.Size([800, 4]) torch.Size([800, 4])
Validation shapes matched: torch.Size([800, 4]) torch.Size([800, 4])
Validation shapes matched: torch.Size([800, 4]) torch.Size([800, 4])
Validation shapes matched: torch.Size([800, 4]) torch.Size([800, 4])
Validation shapes matched: torch.Size([800, 4]) torch.Size([800, 4])
Validation shapes matched: torch.Size([800, 4]) torch.Size([800, 4])
Validation shapes matched: torch.Size([800, 4]) torch.Size([800, 4])
Validation shapes matched: torch.Size([800, 4]) torch.Size([800, 4])
Validation shapes matched: torch.Size([800, 4]) torch.Size([800, 4])
Validation shapes matched: torch.Size([800, 4]) torch.Size([800, 4])
Validation shapes matched: torch.Size([800, 4]) torch.Size([800, 4])Validation shapes matched: torch.Size([800, 4]) torch.Size([800, 4])

Validation shapes matched: torch.Size([800, 4]) torch.Size([800, 4])
Validation shapes matched: torch.Size([800, 4]) torch.Size([800, 4])
Validation shapes matched: torch.Size([800, 4]) torch.Size([800, 4])
Validation shapes matched: torch.Size([800, 4]) torch.Size([800, 4])
Validation shapes matched: torch.Size([800, 4]) torch.Size([800, 4])
Validation shapes matched: torch.Size([800, 4]) torch.Size([800, 4])
Validation shapes matched: torch.Size([800, 4]) torch.Size([800, 4])
Validation shapes matched: torch.Size([800, 4]) torch.Size([800, 4])
Validation shapes matched: torch.Size([800, 4]) torch.Size([800, 4])
Validation shapes matched: torch.Size([800, 4]) torch.Size([800, 4])
Validation shapes matched: torch.Size([800, 4]) torch.Size([800, 4])
Validation shapes matched: torch.Size([800, 4]) torch.Size([800, 4])
Validation shapes matched: torch.Size([800, 4]) torch.Size([800, 4])
Validation shapes matched: torch.Size([800, 4]) torch.Size([800, 4])
Validation shapes matched: torch.Size([800, 4]) torch.Size([800, 4])
Validation shapes matched: torch.Size([400, 4]) torch.Size([400, 4])
Validating Epoch: 96 [10/11] Loss: 1.9676 ━━━━━━━━━━━━━━━━━━━━━━━━━ 100% 0:00:00
Validation shapes matched: torch.Size([400, 4]) torch.Size([400, 4])
Validating Epoch: 96 [10/11] Loss: 1.9110 ━━━━━━━━━━━━━━━━━━━━━━━━━ 100% 0:00:00
Validation shapes matched: torch.Size([400, 4]) torch.Size([400, 4])
Validating Epoch: 96 [10/11] Loss: 1.8848 ━━━━━━━━━━━━━━━━━━━━━━━━━ 100% 0:00:00
Validation shapes matched: torch.Size([400, 4]) torch.Size([400, 4])
Validating Epoch: 96 [10/11] Loss: 1.9689 ━━━━━━━━━━━━━━━━━━━━━━━━━ 100% 0:00:00
Training Epoch: 97 [174/175] Loss: 1.4652 ━━━━━━━━━━━━━━━━━━━━━━━━━ 100% 0:00:00
Training Epoch: 97 [174/175] Loss: 1.3026 ━━━━━━━━━━━━━━━━━━━━━━━━━ 100% 0:00:00
Training Epoch: 97 [174/175] Loss: 1.6328 ━━━━━━━━━━━━━━━━━━━━━━━━━ 100% 0:00:00
Training Epoch: 97 [174/175] Loss: 1.6414 ━━━━━━━━━━━━━━━━━━━━━━━━━ 100% 0:00:00
Validation shapes matched: torch.Size([800, 4]) torch.Size([800, 4])
Validation shapes matched: torch.Size([800, 4]) torch.Size([800, 4])
Validation shapes matched: torch.Size([800, 4]) torch.Size([800, 4])
Validation shapes matched: torch.Size([800, 4]) torch.Size([800, 4])
Validation shapes matched: torch.Size([800, 4]) torch.Size([800, 4])
Validation shapes matched: torch.Size([800, 4]) torch.Size([800, 4])
Validation shapes matched: torch.Size([800, 4]) torch.Size([800, 4])
Validation shapes matched: torch.Size([800, 4]) torch.Size([800, 4])
Validation shapes matched: torch.Size([800, 4]) torch.Size([800, 4])
Validation shapes matched: torch.Size([800, 4]) torch.Size([800, 4])
Validation shapes matched: torch.Size([800, 4]) torch.Size([800, 4])
Validation shapes matched: torch.Size([800, 4]) torch.Size([800, 4])
Validation shapes matched: torch.Size([800, 4]) torch.Size([800, 4])
Validation shapes matched: torch.Size([800, 4]) torch.Size([800, 4])
Validation shapes matched: torch.Size([800, 4]) torch.Size([800, 4])
Validation shapes matched: torch.Size([800, 4]) torch.Size([800, 4])
Validation shapes matched: torch.Size([800, 4]) torch.Size([800, 4])
Validation shapes matched: torch.Size([800, 4]) torch.Size([800, 4])
Validation shapes matched: torch.Size([800, 4]) torch.Size([800, 4])
Validation shapes matched: torch.Size([800, 4]) torch.Size([800, 4])
Validation shapes matched: torch.Size([800, 4]) torch.Size([800, 4])
Validation shapes matched: torch.Size([800, 4]) torch.Size([800, 4])
Validation shapes matched: torch.Size([800, 4]) torch.Size([800, 4])Validation shapes matched: torch.Size([800, 4]) torch.Size([800, 4])

Validation shapes matched: torch.Size([800, 4]) torch.Size([800, 4])
Validation shapes matched: torch.Size([800, 4]) torch.Size([800, 4])
Validation shapes matched: torch.Size([800, 4]) torch.Size([800, 4])
Validation shapes matched: torch.Size([800, 4]) torch.Size([800, 4])
Validation shapes matched: torch.Size([800, 4]) torch.Size([800, 4])
Validation shapes matched: torch.Size([800, 4]) torch.Size([800, 4])
Validation shapes matched: torch.Size([800, 4]) torch.Size([800, 4])
Validation shapes matched: torch.Size([800, 4]) torch.Size([800, 4])
Validation shapes matched: torch.Size([800, 4]) torch.Size([800, 4])
Validation shapes matched: torch.Size([800, 4]) torch.Size([800, 4])
Validation shapes matched: torch.Size([800, 4]) torch.Size([800, 4])
Validation shapes matched: torch.Size([800, 4]) torch.Size([800, 4])
Validation shapes matched: torch.Size([800, 4]) torch.Size([800, 4])
Validation shapes matched: torch.Size([400, 4]) torch.Size([400, 4])
Validating Epoch: 97 [10/11] Loss: 2.0087 ━━━━━━━━━━━━━━━━━━━━━━━━━ 100% 0:00:00
Validation shapes matched: torch.Size([800, 4]) torch.Size([800, 4])
Validation shapes matched: torch.Size([800, 4]) torch.Size([800, 4])
Validation shapes matched: torch.Size([800, 4]) torch.Size([800, 4])
Validation shapes matched: torch.Size([400, 4]) torch.Size([400, 4])
Validating Epoch: 97 [10/11] Loss: 2.0279 ━━━━━━━━━━━━━━━━━━━━━━━━━ 100% 0:00:00
Validation shapes matched: torch.Size([400, 4]) torch.Size([400, 4])
Validation shapes matched: torch.Size([400, 4]) torch.Size([400, 4])
Validating Epoch: 97 [10/11] Loss: 2.0838 ━━━━━━━━━━━━━━━━━━━━━━━━━ 100% 0:00:00
Validating Epoch: 97 [10/11] Loss: 2.0455 ━━━━━━━━━━━━━━━━━━━━━━━━━ 100% 0:00:00
Training Epoch: 98 [174/175] Loss: 1.5094 ━━━━━━━━━━━━━━━━━━━━━━━━━ 100% 0:00:00
Training Epoch: 98 [174/175] Loss: 1.5804 ━━━━━━━━━━━━━━━━━━━━━━━━━ 100% 0:00:00
Training Epoch: 98 [174/175] Loss: 1.4436 ━━━━━━━━━━━━━━━━━━━━━━━━━ 100% 0:00:00
Training Epoch: 98 [174/175] Loss: 1.5995 ━━━━━━━━━━━━━━━━━━━━━━━━━ 100% 0:00:00
Validation shapes matched: torch.Size([800, 4]) torch.Size([800, 4])
Validation shapes matched: torch.Size([800, 4]) torch.Size([800, 4])
Validation shapes matched: torch.Size([800, 4]) torch.Size([800, 4])
Validation shapes matched: torch.Size([800, 4]) torch.Size([800, 4])
Validation shapes matched: torch.Size([800, 4]) torch.Size([800, 4])
Validation shapes matched: torch.Size([800, 4]) torch.Size([800, 4])
Validation shapes matched: torch.Size([800, 4]) torch.Size([800, 4])
Validation shapes matched: torch.Size([800, 4]) torch.Size([800, 4])
Validation shapes matched: torch.Size([800, 4]) torch.Size([800, 4])
Validation shapes matched: torch.Size([800, 4]) torch.Size([800, 4])
Validation shapes matched: torch.Size([800, 4]) torch.Size([800, 4])
Validation shapes matched: torch.Size([800, 4]) torch.Size([800, 4])
Validation shapes matched: torch.Size([800, 4]) torch.Size([800, 4])
Validation shapes matched: torch.Size([800, 4]) torch.Size([800, 4])
Validation shapes matched: torch.Size([800, 4]) torch.Size([800, 4])
Validation shapes matched: torch.Size([800, 4]) torch.Size([800, 4])
Validation shapes matched: torch.Size([800, 4]) torch.Size([800, 4])
Validation shapes matched: torch.Size([800, 4]) torch.Size([800, 4])
Validation shapes matched: torch.Size([800, 4]) torch.Size([800, 4])
Validation shapes matched: torch.Size([800, 4]) torch.Size([800, 4])
Validation shapes matched: torch.Size([800, 4]) torch.Size([800, 4])
Validation shapes matched: torch.Size([800, 4]) torch.Size([800, 4])
Validation shapes matched: torch.Size([800, 4]) torch.Size([800, 4])
Validation shapes matched: torch.Size([800, 4]) torch.Size([800, 4])
Validation shapes matched: torch.Size([800, 4]) torch.Size([800, 4])
Validation shapes matched: torch.Size([800, 4]) torch.Size([800, 4])
Validation shapes matched: torch.Size([800, 4]) torch.Size([800, 4])
Validation shapes matched: torch.Size([800, 4]) torch.Size([800, 4])
Validation shapes matched: torch.Size([800, 4]) torch.Size([800, 4])
Validation shapes matched: torch.Size([800, 4]) torch.Size([800, 4])
Validation shapes matched: torch.Size([800, 4]) torch.Size([800, 4])
Validation shapes matched: torch.Size([800, 4]) torch.Size([800, 4])
Validation shapes matched: torch.Size([800, 4]) torch.Size([800, 4])
Validation shapes matched: torch.Size([800, 4]) torch.Size([800, 4])
Validation shapes matched: torch.Size([800, 4]) torch.Size([800, 4])
Validation shapes matched: torch.Size([800, 4]) torch.Size([800, 4])
Validation shapes matched: torch.Size([800, 4]) torch.Size([800, 4])
Validation shapes matched: torch.Size([400, 4]) torch.Size([400, 4])
Validating Epoch: 98 [10/11] Loss: 2.0479 ━━━━━━━━━━━━━━━━━━━━━━━━━ 100% 0:00:00
Validation shapes matched: torch.Size([800, 4]) torch.Size([800, 4])
Validation shapes matched: torch.Size([800, 4]) torch.Size([800, 4])
Validation shapes matched: torch.Size([800, 4]) torch.Size([800, 4])
Validation shapes matched: torch.Size([400, 4]) torch.Size([400, 4])
Validating Epoch: 98 [10/11] Loss: 1.9631 ━━━━━━━━━━━━━━━━━━━━━━━━━ 100% 0:00:00
Validation shapes matched: torch.Size([400, 4]) torch.Size([400, 4])
Validation shapes matched: torch.Size([400, 4]) torch.Size([400, 4])
Validating Epoch: 98 [10/11] Loss: 1.9664 ━━━━━━━━━━━━━━━━━━━━━━━━━ 100% 0:00:00
Validating Epoch: 98 [10/11] Loss: 2.0203 ━━━━━━━━━━━━━━━━━━━━━━━━━ 100% 0:00:00
