True
Truedevice:
True
 device:Truedevice:cuda 
 cuda
cudadevice:

 cuda
[31mPlease check your arguments if you have upgraded adabelief-pytorch from version 0.0.5.[31mPlease check your arguments if you have upgraded adabelief-pytorch from version 0.0.5.

[31mModifications to default arguments:
[31mModifications to default arguments:
[31mPlease check your arguments if you have upgraded adabelief-pytorch from version 0.0.5.[31m                           eps  weight_decouple    rectify
-----------------------  -----  -----------------  ---------
adabelief-pytorch=0.0.5  1e-08  False              False
>=0.1.0 (Current 0.2.0)  1e-16  True               True

[31mModifications to default arguments:[31m                           eps  weight_decouple    rectify
-----------------------  -----  -----------------  ---------
adabelief-pytorch=0.0.5  1e-08  False              False
>=0.1.0 (Current 0.2.0)  1e-16  True               True
[34mSGD better than Adam (e.g. CNN for Image Classification)    Adam better than SGD (e.g. Transformer, GAN)
----------------------------------------------------------  ----------------------------------------------
Recommended eps = 1e-8                                      Recommended eps = 1e-16

[34mFor a complete table of recommended hyperparameters, see
[34mSGD better than Adam (e.g. CNN for Image Classification)    Adam better than SGD (e.g. Transformer, GAN)
----------------------------------------------------------  ----------------------------------------------
Recommended eps = 1e-8                                      Recommended eps = 1e-16[34mhttps://github.com/juntang-zhuang/Adabelief-Optimizer[31m                           eps  weight_decouple    rectify
-----------------------  -----  -----------------  ---------
adabelief-pytorch=0.0.5  1e-08  False              False
>=0.1.0 (Current 0.2.0)  1e-16  True               True


[34mFor a complete table of recommended hyperparameters, see[32mYou can disable the log message by setting "print_change_log = False", though it is recommended to keep as a reminder.
[34mhttps://github.com/juntang-zhuang/Adabelief-Optimizer[34mSGD better than Adam (e.g. CNN for Image Classification)    Adam better than SGD (e.g. Transformer, GAN)
----------------------------------------------------------  ----------------------------------------------
Recommended eps = 1e-8                                      Recommended eps = 1e-16

[31mPlease check your arguments if you have upgraded adabelief-pytorch from version 0.0.5.

[0m[32mYou can disable the log message by setting "print_change_log = False", though it is recommended to keep as a reminder.
[31mModifications to default arguments:[34mFor a complete table of recommended hyperparameters, see
[0m

[34mhttps://github.com/juntang-zhuang/Adabelief-Optimizer

[31m                           eps  weight_decouple    rectify
-----------------------  -----  -----------------  ---------
adabelief-pytorch=0.0.5  1e-08  False              False
>=0.1.0 (Current 0.2.0)  1e-16  True               True[32mYou can disable the log message by setting "print_change_log = False", though it is recommended to keep as a reminder.
Weight decoupling enabled in AdaBelief
[0m
Weight decoupling enabled in AdaBelief
[34mSGD better than Adam (e.g. CNN for Image Classification)    Adam better than SGD (e.g. Transformer, GAN)
----------------------------------------------------------  ----------------------------------------------
Recommended eps = 1e-8                                      Recommended eps = 1e-16

[34mFor a complete table of recommended hyperparameters, see
[34mhttps://github.com/juntang-zhuang/Adabelief-OptimizerWeight decoupling enabled in AdaBelief

[32mYou can disable the log message by setting "print_change_log = False", though it is recommended to keep as a reminder.
[0m
Weight decoupling enabled in AdaBelief
Training Epoch: 95 [172/175] Loss: 0.4272 â”â”â”â”â”â”â”â”â”â”â”â”â”â”â”â”â”â”â”â”â”â”â”â”â•¸  99% 0:00:08
