device:device:  cudacuda

device: cuda
device: cuda
Training Epoch: 85 [174/175] Loss: 1.6008 ━━━━━━━━━━━━━━━━━━━━━━━━━ 100% 0:00:00
Training Epoch: 85 [174/175] Loss: 1.4047 ━━━━━━━━━━━━━━━━━━━━━━━━━ 100% 0:00:00
Training Epoch: 85 [174/175] Loss: 1.6629 ━━━━━━━━━━━━━━━━━━━━━━━━━ 100% 0:00:00
Training Epoch: 85 [174/175] Loss: 1.5755 ━━━━━━━━━━━━━━━━━━━━━━━━━ 100% 0:00:00
Validation shapes matched: torch.Size([800, 4]) torch.Size([800, 4])
Validation shapes matched: torch.Size([800, 4]) torch.Size([800, 4])
Validation shapes matched: torch.Size([800, 4]) torch.Size([800, 4])
Validation shapes matched: torch.Size([800, 4]) torch.Size([800, 4])
Validation shapes matched: torch.Size([800, 4]) torch.Size([800, 4])
Validation shapes matched: torch.Size([800, 4]) torch.Size([800, 4])
Validation shapes matched: torch.Size([800, 4]) torch.Size([800, 4])
Validation shapes matched: torch.Size([800, 4]) torch.Size([800, 4])
Validation shapes matched: torch.Size([800, 4]) torch.Size([800, 4])
Validation shapes matched: torch.Size([800, 4]) torch.Size([800, 4])
Validation shapes matched: torch.Size([800, 4]) torch.Size([800, 4])
Validation shapes matched: torch.Size([800, 4]) torch.Size([800, 4])
Validation shapes matched: torch.Size([800, 4]) torch.Size([800, 4])
Validation shapes matched: torch.Size([800, 4]) torch.Size([800, 4])
Validation shapes matched: torch.Size([800, 4]) torch.Size([800, 4])
Validation shapes matched: torch.Size([800, 4]) torch.Size([800, 4])
Validation shapes matched: torch.Size([800, 4]) torch.Size([800, 4])
Validation shapes matched: torch.Size([800, 4]) torch.Size([800, 4])
Validation shapes matched: torch.Size([800, 4]) torch.Size([800, 4])
Validation shapes matched: torch.Size([800, 4]) torch.Size([800, 4])
Validation shapes matched: torch.Size([800, 4]) torch.Size([800, 4])
Validation shapes matched: torch.Size([800, 4]) torch.Size([800, 4])
Validation shapes matched: torch.Size([800, 4]) torch.Size([800, 4])
Validation shapes matched: torch.Size([800, 4]) torch.Size([800, 4])
Validation shapes matched: torch.Size([800, 4]) torch.Size([800, 4])
Validation shapes matched: torch.Size([800, 4]) torch.Size([800, 4])
Validation shapes matched: torch.Size([800, 4]) torch.Size([800, 4])
Validation shapes matched: torch.Size([800, 4]) torch.Size([800, 4])
Validation shapes matched: torch.Size([800, 4]) torch.Size([800, 4])
Validation shapes matched: torch.Size([800, 4]) torch.Size([800, 4])
Validation shapes matched: torch.Size([800, 4]) torch.Size([800, 4])
Validation shapes matched: torch.Size([800, 4]) torch.Size([800, 4])
Validation shapes matched: torch.Size([800, 4]) torch.Size([800, 4])
Validation shapes matched: torch.Size([800, 4]) torch.Size([800, 4])
Validation shapes matched: torch.Size([800, 4]) torch.Size([800, 4])
Validation shapes matched: torch.Size([800, 4]) torch.Size([800, 4])
Validation shapes matched: torch.Size([400, 4]) torch.Size([400, 4])
Validating Epoch: 85 [10/11] Loss: 1.9878 ━━━━━━━━━━━━━━━━━━━━━━━━━ 100% 0:00:00
Validation shapes matched: torch.Size([800, 4]) torch.Size([800, 4])
Validation shapes matched: torch.Size([800, 4]) torch.Size([800, 4])
Validation shapes matched: torch.Size([800, 4]) torch.Size([800, 4])
Validation shapes matched: torch.Size([800, 4]) torch.Size([800, 4])
Validation shapes matched: torch.Size([400, 4]) torch.Size([400, 4])
Validating Epoch: 85 [10/11] Loss: 1.9579 ━━━━━━━━━━━━━━━━━━━━━━━━━ 100% 0:00:00
Validation shapes matched: torch.Size([400, 4]) torch.Size([400, 4])
Validating Epoch: 85 [10/11] Loss: 1.9526 ━━━━━━━━━━━━━━━━━━━━━━━━━ 100% 0:00:00
Validation shapes matched: torch.Size([400, 4]) torch.Size([400, 4])
Validating Epoch: 85 [10/11] Loss: 1.9495 ━━━━━━━━━━━━━━━━━━━━━━━━━ 100% 0:00:00
Training Epoch: 86 [174/175] Loss: 1.6667 ━━━━━━━━━━━━━━━━━━━━━━━━━ 100% 0:00:00
Training Epoch: 86 [174/175] Loss: 1.7276 ━━━━━━━━━━━━━━━━━━━━━━━━━ 100% 0:00:00
Training Epoch: 86 [174/175] Loss: 1.4890 ━━━━━━━━━━━━━━━━━━━━━━━━━ 100% 0:00:00
Training Epoch: 86 [174/175] Loss: 1.3689 ━━━━━━━━━━━━━━━━━━━━━━━━━ 100% 0:00:00
Validation shapes matched: torch.Size([800, 4]) torch.Size([800, 4])
Validation shapes matched: torch.Size([800, 4]) torch.Size([800, 4])
Validation shapes matched: torch.Size([800, 4]) torch.Size([800, 4])
Validation shapes matched: torch.Size([800, 4]) torch.Size([800, 4])
Validation shapes matched: torch.Size([800, 4]) torch.Size([800, 4])
Validation shapes matched: torch.Size([800, 4]) torch.Size([800, 4])
Validation shapes matched: torch.Size([800, 4]) torch.Size([800, 4])
Validation shapes matched: torch.Size([800, 4]) torch.Size([800, 4])
Validation shapes matched: torch.Size([800, 4]) torch.Size([800, 4])
Validation shapes matched: torch.Size([800, 4]) torch.Size([800, 4])
Validation shapes matched: torch.Size([800, 4]) torch.Size([800, 4])
Validation shapes matched: torch.Size([800, 4]) torch.Size([800, 4])
Validation shapes matched: torch.Size([800, 4]) torch.Size([800, 4])
Validation shapes matched: torch.Size([800, 4]) torch.Size([800, 4])
Validation shapes matched: torch.Size([800, 4]) torch.Size([800, 4])
Validation shapes matched: torch.Size([800, 4]) torch.Size([800, 4])
Validation shapes matched: torch.Size([800, 4]) torch.Size([800, 4])
Validation shapes matched: torch.Size([800, 4]) torch.Size([800, 4])
Validation shapes matched: torch.Size([800, 4]) torch.Size([800, 4])
Validation shapes matched: torch.Size([800, 4]) torch.Size([800, 4])
Validation shapes matched: torch.Size([800, 4]) torch.Size([800, 4])
Validation shapes matched: torch.Size([800, 4]) torch.Size([800, 4])
Validation shapes matched: torch.Size([800, 4]) torch.Size([800, 4])
Validation shapes matched: torch.Size([800, 4]) torch.Size([800, 4])
Validation shapes matched: torch.Size([800, 4]) torch.Size([800, 4])
Validation shapes matched: torch.Size([800, 4]) torch.Size([800, 4])
Validation shapes matched: torch.Size([800, 4]) torch.Size([800, 4])Validation shapes matched: torch.Size([800, 4]) torch.Size([800, 4])

Validation shapes matched: torch.Size([800, 4]) torch.Size([800, 4])
Validation shapes matched: torch.Size([800, 4]) torch.Size([800, 4])
Validation shapes matched: torch.Size([800, 4]) torch.Size([800, 4])
Validation shapes matched: torch.Size([800, 4]) torch.Size([800, 4])
Validation shapes matched: torch.Size([800, 4]) torch.Size([800, 4])
Validation shapes matched: torch.Size([800, 4]) torch.Size([800, 4])
Validation shapes matched: torch.Size([800, 4]) torch.Size([800, 4])
Validation shapes matched: torch.Size([800, 4]) torch.Size([800, 4])
Validation shapes matched: torch.Size([800, 4]) torch.Size([800, 4])
Validation shapes matched: torch.Size([400, 4]) torch.Size([400, 4])
Validating Epoch: 86 [10/11] Loss: 1.9342 ━━━━━━━━━━━━━━━━━━━━━━━━━ 100% 0:00:00
Validation shapes matched: torch.Size([800, 4]) torch.Size([800, 4])
Validation shapes matched: torch.Size([800, 4]) torch.Size([800, 4])
Validation shapes matched: torch.Size([800, 4]) torch.Size([800, 4])
Validation shapes matched: torch.Size([400, 4]) torch.Size([400, 4])
Validation shapes matched: torch.Size([400, 4]) torch.Size([400, 4])
Validating Epoch: 86 [10/11] Loss: 1.9473 ━━━━━━━━━━━━━━━━━━━━━━━━━ 100% 0:00:00
Validation shapes matched: torch.Size([400, 4]) torch.Size([400, 4])
Validating Epoch: 86 [10/11] Loss: 1.8664 ━━━━━━━━━━━━━━━━━━━━━━━━━ 100% 0:00:00
Validating Epoch: 86 [10/11] Loss: 1.9726 ━━━━━━━━━━━━━━━━━━━━━━━━━ 100% 0:00:00
Training Epoch: 87 [174/175] Loss: 1.2496 ━━━━━━━━━━━━━━━━━━━━━━━━━ 100% 0:00:00
Training Epoch: 87 [174/175] Loss: 1.5660 ━━━━━━━━━━━━━━━━━━━━━━━━━ 100% 0:00:00
Training Epoch: 87 [174/175] Loss: 1.6018 ━━━━━━━━━━━━━━━━━━━━━━━━━ 100% 0:00:00
Training Epoch: 87 [174/175] Loss: 1.4759 ━━━━━━━━━━━━━━━━━━━━━━━━━ 100% 0:00:00
Validation shapes matched: torch.Size([800, 4]) torch.Size([800, 4])
Validation shapes matched: torch.Size([800, 4]) torch.Size([800, 4])
Validation shapes matched: torch.Size([800, 4]) torch.Size([800, 4])
Validation shapes matched: torch.Size([800, 4]) torch.Size([800, 4])
Validation shapes matched: torch.Size([800, 4]) torch.Size([800, 4])
Validation shapes matched: torch.Size([800, 4]) torch.Size([800, 4])
Validation shapes matched: torch.Size([800, 4]) torch.Size([800, 4])Validation shapes matched: torch.Size([800, 4]) torch.Size([800, 4])

Validation shapes matched: torch.Size([800, 4]) torch.Size([800, 4])
Validation shapes matched: torch.Size([800, 4]) torch.Size([800, 4])
Validation shapes matched: torch.Size([800, 4]) torch.Size([800, 4])
Validation shapes matched: torch.Size([800, 4]) torch.Size([800, 4])
Validation shapes matched: torch.Size([800, 4]) torch.Size([800, 4])
Validation shapes matched: torch.Size([800, 4]) torch.Size([800, 4])
Validation shapes matched: torch.Size([800, 4]) torch.Size([800, 4])
Validation shapes matched: torch.Size([800, 4]) torch.Size([800, 4])
Validation shapes matched: torch.Size([800, 4]) torch.Size([800, 4])
Validation shapes matched: torch.Size([800, 4]) torch.Size([800, 4])
Validation shapes matched: torch.Size([800, 4]) torch.Size([800, 4])
Validation shapes matched: torch.Size([800, 4]) torch.Size([800, 4])
Validation shapes matched: torch.Size([800, 4]) torch.Size([800, 4])
Validation shapes matched: torch.Size([800, 4]) torch.Size([800, 4])
Validation shapes matched: torch.Size([800, 4]) torch.Size([800, 4])
Validation shapes matched: torch.Size([800, 4]) torch.Size([800, 4])
Validation shapes matched: torch.Size([800, 4]) torch.Size([800, 4])
Validation shapes matched: torch.Size([800, 4]) torch.Size([800, 4])Validation shapes matched: torch.Size([800, 4]) torch.Size([800, 4])

Validation shapes matched: torch.Size([800, 4]) torch.Size([800, 4])
Validation shapes matched: torch.Size([800, 4]) torch.Size([800, 4])
Validation shapes matched: torch.Size([800, 4]) torch.Size([800, 4])
Validation shapes matched: torch.Size([800, 4]) torch.Size([800, 4])
Validation shapes matched: torch.Size([800, 4]) torch.Size([800, 4])
Validation shapes matched: torch.Size([800, 4]) torch.Size([800, 4])
Validation shapes matched: torch.Size([800, 4]) torch.Size([800, 4])
Validation shapes matched: torch.Size([800, 4]) torch.Size([800, 4])
Validation shapes matched: torch.Size([800, 4]) torch.Size([800, 4])
Validation shapes matched: torch.Size([800, 4]) torch.Size([800, 4])
Validation shapes matched: torch.Size([800, 4]) torch.Size([800, 4])
Validation shapes matched: torch.Size([800, 4]) torch.Size([800, 4])
Validation shapes matched: torch.Size([800, 4]) torch.Size([800, 4])
Validation shapes matched: torch.Size([400, 4]) torch.Size([400, 4])
Validation shapes matched: torch.Size([400, 4]) torch.Size([400, 4])
Validation shapes matched: torch.Size([400, 4]) torch.Size([400, 4])
Validating Epoch: 87 [10/11] Loss: 1.9920 ━━━━━━━━━━━━━━━━━━━━━━━━━ 100% 0:00:00
Validation shapes matched: torch.Size([400, 4]) torch.Size([400, 4])
Validating Epoch: 87 [10/11] Loss: 2.1059 ━━━━━━━━━━━━━━━━━━━━━━━━━ 100% 0:00:00
Validating Epoch: 87 [10/11] Loss: 1.8680 ━━━━━━━━━━━━━━━━━━━━━━━━━ 100% 0:00:00
Validating Epoch: 87 [10/11] Loss: 1.9580 ━━━━━━━━━━━━━━━━━━━━━━━━━ 100% 0:00:00
Training Epoch: 88 [174/175] Loss: 1.5353 ━━━━━━━━━━━━━━━━━━━━━━━━━ 100% 0:00:00
Training Epoch: 88 [174/175] Loss: 1.5381 ━━━━━━━━━━━━━━━━━━━━━━━━━ 100% 0:00:00Training Epoch: 88 [174/175] Loss: 1.6510 ━━━━━━━━━━━━━━━━━━━━━━━━━ 100% 0:00:00

Training Epoch: 88 [174/175] Loss: 1.4568 ━━━━━━━━━━━━━━━━━━━━━━━━━ 100% 0:00:00
Validation shapes matched: torch.Size([800, 4]) torch.Size([800, 4])
Validation shapes matched: torch.Size([800, 4]) torch.Size([800, 4])
Validation shapes matched: torch.Size([800, 4]) torch.Size([800, 4])
Validation shapes matched: torch.Size([800, 4]) torch.Size([800, 4])
Validation shapes matched: torch.Size([800, 4]) torch.Size([800, 4])
Validation shapes matched: torch.Size([800, 4]) torch.Size([800, 4])Validation shapes matched: torch.Size([800, 4]) torch.Size([800, 4])

Validation shapes matched: torch.Size([800, 4]) torch.Size([800, 4])
Validation shapes matched: torch.Size([800, 4]) torch.Size([800, 4])
Validation shapes matched: torch.Size([800, 4]) torch.Size([800, 4])
Validation shapes matched: torch.Size([800, 4]) torch.Size([800, 4])
Validation shapes matched: torch.Size([800, 4]) torch.Size([800, 4])
Validation shapes matched: torch.Size([800, 4]) torch.Size([800, 4])
Validation shapes matched: torch.Size([800, 4]) torch.Size([800, 4])
Validation shapes matched: torch.Size([800, 4]) torch.Size([800, 4])
Validation shapes matched: torch.Size([800, 4]) torch.Size([800, 4])
Validation shapes matched: torch.Size([800, 4]) torch.Size([800, 4])
Validation shapes matched: torch.Size([800, 4]) torch.Size([800, 4])
Validation shapes matched: torch.Size([800, 4]) torch.Size([800, 4])
Validation shapes matched: torch.Size([800, 4]) torch.Size([800, 4])
Validation shapes matched: torch.Size([800, 4]) torch.Size([800, 4])
Validation shapes matched: torch.Size([800, 4]) torch.Size([800, 4])
Validation shapes matched: torch.Size([800, 4]) torch.Size([800, 4])
Validation shapes matched: torch.Size([800, 4]) torch.Size([800, 4])
Validation shapes matched: torch.Size([800, 4]) torch.Size([800, 4])
Validation shapes matched: torch.Size([800, 4]) torch.Size([800, 4])
Validation shapes matched: torch.Size([800, 4]) torch.Size([800, 4])
Validation shapes matched: torch.Size([800, 4]) torch.Size([800, 4])
Validation shapes matched: torch.Size([800, 4]) torch.Size([800, 4])
Validation shapes matched: torch.Size([800, 4]) torch.Size([800, 4])
Validation shapes matched: torch.Size([800, 4]) torch.Size([800, 4])
Validation shapes matched: torch.Size([800, 4]) torch.Size([800, 4])
Validation shapes matched: torch.Size([800, 4]) torch.Size([800, 4])
Validation shapes matched: torch.Size([800, 4]) torch.Size([800, 4])
Validation shapes matched: torch.Size([800, 4]) torch.Size([800, 4])
Validation shapes matched: torch.Size([800, 4]) torch.Size([800, 4])
Validation shapes matched: torch.Size([800, 4]) torch.Size([800, 4])
Validation shapes matched: torch.Size([800, 4]) torch.Size([800, 4])
Validation shapes matched: torch.Size([400, 4]) torch.Size([400, 4])
Validating Epoch: 88 [10/11] Loss: 1.8925 ━━━━━━━━━━━━━━━━━━━━━━━━━ 100% 0:00:00
Validation shapes matched: torch.Size([800, 4]) torch.Size([800, 4])
Validation shapes matched: torch.Size([400, 4]) torch.Size([400, 4])
Validation shapes matched: torch.Size([800, 4]) torch.Size([800, 4])
Validating Epoch: 88 [10/11] Loss: 2.0448 ━━━━━━━━━━━━━━━━━━━━━━━━━ 100% 0:00:00
Validation shapes matched: torch.Size([400, 4]) torch.Size([400, 4])
Validating Epoch: 88 [10/11] Loss: 1.9027 ━━━━━━━━━━━━━━━━━━━━━━━━━ 100% 0:00:00
Validation shapes matched: torch.Size([400, 4]) torch.Size([400, 4])
Validating Epoch: 88 [10/11] Loss: 2.1050 ━━━━━━━━━━━━━━━━━━━━━━━━━ 100% 0:00:00
Training Epoch: 89 [174/175] Loss: 1.4682 ━━━━━━━━━━━━━━━━━━━━━━━━━ 100% 0:00:00
Training Epoch: 89 [174/175] Loss: 1.6742 ━━━━━━━━━━━━━━━━━━━━━━━━━ 100% 0:00:00
Training Epoch: 89 [174/175] Loss: 1.6943 ━━━━━━━━━━━━━━━━━━━━━━━━━ 100% 0:00:00
Training Epoch: 89 [174/175] Loss: 1.7534 ━━━━━━━━━━━━━━━━━━━━━━━━━ 100% 0:00:00
Validation shapes matched: torch.Size([800, 4]) torch.Size([800, 4])
Validation shapes matched: torch.Size([800, 4]) torch.Size([800, 4])
Validation shapes matched: torch.Size([800, 4]) torch.Size([800, 4])
Validation shapes matched: torch.Size([800, 4]) torch.Size([800, 4])
Validation shapes matched: torch.Size([800, 4]) torch.Size([800, 4])
Validation shapes matched: torch.Size([800, 4]) torch.Size([800, 4])
Validation shapes matched: torch.Size([800, 4]) torch.Size([800, 4])
Validation shapes matched: torch.Size([800, 4]) torch.Size([800, 4])
Validation shapes matched: torch.Size([800, 4]) torch.Size([800, 4])
Validation shapes matched: torch.Size([800, 4]) torch.Size([800, 4])
Validation shapes matched: torch.Size([800, 4]) torch.Size([800, 4])
Validation shapes matched: torch.Size([800, 4]) torch.Size([800, 4])
Validation shapes matched: torch.Size([800, 4]) torch.Size([800, 4])
Validation shapes matched: torch.Size([800, 4]) torch.Size([800, 4])
Validation shapes matched: torch.Size([800, 4]) torch.Size([800, 4])
Validation shapes matched: torch.Size([800, 4]) torch.Size([800, 4])
Validation shapes matched: torch.Size([800, 4]) torch.Size([800, 4])
Validation shapes matched: torch.Size([800, 4]) torch.Size([800, 4])
Validation shapes matched: torch.Size([800, 4]) torch.Size([800, 4])
Validation shapes matched: torch.Size([800, 4]) torch.Size([800, 4])
Validation shapes matched: torch.Size([800, 4]) torch.Size([800, 4])
Validation shapes matched: torch.Size([800, 4]) torch.Size([800, 4])
Validation shapes matched: torch.Size([800, 4]) torch.Size([800, 4])
Validation shapes matched: torch.Size([800, 4]) torch.Size([800, 4])
Validation shapes matched: torch.Size([800, 4]) torch.Size([800, 4])
Validation shapes matched: torch.Size([800, 4]) torch.Size([800, 4])
Validation shapes matched: torch.Size([800, 4]) torch.Size([800, 4])
Validation shapes matched: torch.Size([800, 4]) torch.Size([800, 4])
Validation shapes matched: torch.Size([800, 4]) torch.Size([800, 4])
Validation shapes matched: torch.Size([800, 4]) torch.Size([800, 4])
Validation shapes matched: torch.Size([800, 4]) torch.Size([800, 4])
Validation shapes matched: torch.Size([800, 4]) torch.Size([800, 4])
Validation shapes matched: torch.Size([800, 4]) torch.Size([800, 4])
Validation shapes matched: torch.Size([800, 4]) torch.Size([800, 4])
Validation shapes matched: torch.Size([800, 4]) torch.Size([800, 4])
Validation shapes matched: torch.Size([800, 4]) torch.Size([800, 4])
Validation shapes matched: torch.Size([800, 4]) torch.Size([800, 4])
Validation shapes matched: torch.Size([400, 4]) torch.Size([400, 4])
Validating Epoch: 89 [10/11] Loss: 1.9375 ━━━━━━━━━━━━━━━━━━━━━━━━━ 100% 0:00:00
Validation shapes matched: torch.Size([800, 4]) torch.Size([800, 4])
Validation shapes matched: torch.Size([800, 4]) torch.Size([800, 4])
Validation shapes matched: torch.Size([800, 4]) torch.Size([800, 4])
Validation shapes matched: torch.Size([400, 4]) torch.Size([400, 4])
Validation shapes matched: torch.Size([400, 4]) torch.Size([400, 4])
Validating Epoch: 89 [10/11] Loss: 1.9780 ━━━━━━━━━━━━━━━━━━━━━━━━━ 100% 0:00:00
Validating Epoch: 89 [10/11] Loss: 1.9910 ━━━━━━━━━━━━━━━━━━━━━━━━━ 100% 0:00:00
Validation shapes matched: torch.Size([400, 4]) torch.Size([400, 4])
Validating Epoch: 89 [10/11] Loss: 2.0886 ━━━━━━━━━━━━━━━━━━━━━━━━━ 100% 0:00:00
Training Epoch: 90 [174/175] Loss: 1.8140 ━━━━━━━━━━━━━━━━━━━━━━━━━ 100% 0:00:00
Training Epoch: 90 [174/175] Loss: 1.2996 ━━━━━━━━━━━━━━━━━━━━━━━━━ 100% 0:00:00Training Epoch: 90 [174/175] Loss: 1.5979 ━━━━━━━━━━━━━━━━━━━━━━━━━ 100% 0:00:00

Training Epoch: 90 [174/175] Loss: 1.4500 ━━━━━━━━━━━━━━━━━━━━━━━━━ 100% 0:00:00
Validation shapes matched: torch.Size([800, 4]) torch.Size([800, 4])
Validation shapes matched: torch.Size([800, 4]) torch.Size([800, 4])
Validation shapes matched: torch.Size([800, 4]) torch.Size([800, 4])
Validation shapes matched: torch.Size([800, 4]) torch.Size([800, 4])
Validation shapes matched: torch.Size([800, 4]) torch.Size([800, 4])
Validation shapes matched: torch.Size([800, 4]) torch.Size([800, 4])
Validation shapes matched: torch.Size([800, 4]) torch.Size([800, 4])
Validation shapes matched: torch.Size([800, 4]) torch.Size([800, 4])
Validation shapes matched: torch.Size([800, 4]) torch.Size([800, 4])
Validation shapes matched: torch.Size([800, 4]) torch.Size([800, 4])
Validation shapes matched: torch.Size([800, 4]) torch.Size([800, 4])
Validation shapes matched: torch.Size([800, 4]) torch.Size([800, 4])
Validation shapes matched: torch.Size([800, 4]) torch.Size([800, 4])
Validation shapes matched: torch.Size([800, 4]) torch.Size([800, 4])
Validation shapes matched: torch.Size([800, 4]) torch.Size([800, 4])
Validation shapes matched: torch.Size([800, 4]) torch.Size([800, 4])
Validation shapes matched: torch.Size([800, 4]) torch.Size([800, 4])Validation shapes matched: torch.Size([800, 4]) torch.Size([800, 4])

Validation shapes matched: torch.Size([800, 4]) torch.Size([800, 4])
Validation shapes matched: torch.Size([800, 4]) torch.Size([800, 4])
Validation shapes matched: torch.Size([800, 4]) torch.Size([800, 4])
Validation shapes matched: torch.Size([800, 4]) torch.Size([800, 4])
Validation shapes matched: torch.Size([800, 4]) torch.Size([800, 4])
Validation shapes matched: torch.Size([800, 4]) torch.Size([800, 4])
Validation shapes matched: torch.Size([800, 4]) torch.Size([800, 4])
Validation shapes matched: torch.Size([800, 4]) torch.Size([800, 4])
Validation shapes matched: torch.Size([800, 4]) torch.Size([800, 4])
Validation shapes matched: torch.Size([800, 4]) torch.Size([800, 4])
Validation shapes matched: torch.Size([800, 4]) torch.Size([800, 4])
Validation shapes matched: torch.Size([800, 4]) torch.Size([800, 4])
Validation shapes matched: torch.Size([800, 4]) torch.Size([800, 4])
Validation shapes matched: torch.Size([800, 4]) torch.Size([800, 4])
Validation shapes matched: torch.Size([800, 4]) torch.Size([800, 4])
Validation shapes matched: torch.Size([800, 4]) torch.Size([800, 4])
Validation shapes matched: torch.Size([800, 4]) torch.Size([800, 4])
Validation shapes matched: torch.Size([800, 4]) torch.Size([800, 4])
Validation shapes matched: torch.Size([800, 4]) torch.Size([800, 4])
Validation shapes matched: torch.Size([800, 4]) torch.Size([800, 4])
Validation shapes matched: torch.Size([800, 4]) torch.Size([800, 4])
Validation shapes matched: torch.Size([800, 4]) torch.Size([800, 4])
Validation shapes matched: torch.Size([400, 4]) torch.Size([400, 4])
Validating Epoch: 90 [10/11] Loss: 1.8897 ━━━━━━━━━━━━━━━━━━━━━━━━━ 100% 0:00:00
Validation shapes matched: torch.Size([400, 4]) torch.Size([400, 4])
Validation shapes matched: torch.Size([400, 4]) torch.Size([400, 4])
Validating Epoch: 90 [10/11] Loss: 1.9370 ━━━━━━━━━━━━━━━━━━━━━━━━━ 100% 0:00:00Validating Epoch: 90 [10/11] Loss: 2.0575 ━━━━━━━━━━━━━━━━━━━━━━━━━ 100% 0:00:00

Validation shapes matched: torch.Size([400, 4]) torch.Size([400, 4])
Validating Epoch: 90 [10/11] Loss: 1.8618 ━━━━━━━━━━━━━━━━━━━━━━━━━ 100% 0:00:00
Training Epoch: 91 [174/175] Loss: 1.3382 ━━━━━━━━━━━━━━━━━━━━━━━━━ 100% 0:00:00
Training Epoch: 91 [174/175] Loss: 1.3038 ━━━━━━━━━━━━━━━━━━━━━━━━━ 100% 0:00:00
Training Epoch: 91 [174/175] Loss: 1.6069 ━━━━━━━━━━━━━━━━━━━━━━━━━ 100% 0:00:00
Training Epoch: 91 [174/175] Loss: 1.4439 ━━━━━━━━━━━━━━━━━━━━━━━━━ 100% 0:00:00
Validation shapes matched: torch.Size([800, 4]) torch.Size([800, 4])
Validation shapes matched: torch.Size([800, 4]) torch.Size([800, 4])Validation shapes matched: torch.Size([800, 4]) torch.Size([800, 4])

Validation shapes matched: torch.Size([800, 4]) torch.Size([800, 4])
Validation shapes matched: torch.Size([800, 4]) torch.Size([800, 4])
Validation shapes matched: torch.Size([800, 4]) torch.Size([800, 4])
Validation shapes matched: torch.Size([800, 4]) torch.Size([800, 4])
Validation shapes matched: torch.Size([800, 4]) torch.Size([800, 4])
Validation shapes matched: torch.Size([800, 4]) torch.Size([800, 4])
Validation shapes matched: torch.Size([800, 4]) torch.Size([800, 4])
Validation shapes matched: torch.Size([800, 4]) torch.Size([800, 4])
Validation shapes matched: torch.Size([800, 4]) torch.Size([800, 4])
Validation shapes matched: torch.Size([800, 4]) torch.Size([800, 4])
Validation shapes matched: torch.Size([800, 4]) torch.Size([800, 4])
Validation shapes matched: torch.Size([800, 4]) torch.Size([800, 4])
Validation shapes matched: torch.Size([800, 4]) torch.Size([800, 4])
Validation shapes matched: torch.Size([800, 4]) torch.Size([800, 4])
Validation shapes matched: torch.Size([800, 4]) torch.Size([800, 4])
Validation shapes matched: torch.Size([800, 4]) torch.Size([800, 4])
Validation shapes matched: torch.Size([800, 4]) torch.Size([800, 4])
Validation shapes matched: torch.Size([800, 4]) torch.Size([800, 4])
Validation shapes matched: torch.Size([800, 4]) torch.Size([800, 4])
Validation shapes matched: torch.Size([800, 4]) torch.Size([800, 4])
Validation shapes matched: torch.Size([800, 4]) torch.Size([800, 4])
Validation shapes matched: torch.Size([800, 4]) torch.Size([800, 4])
Validation shapes matched: torch.Size([800, 4]) torch.Size([800, 4])
Validation shapes matched: torch.Size([800, 4]) torch.Size([800, 4])
Validation shapes matched: torch.Size([800, 4]) torch.Size([800, 4])
Validation shapes matched: torch.Size([800, 4]) torch.Size([800, 4])
Validation shapes matched: torch.Size([800, 4]) torch.Size([800, 4])
Validation shapes matched: torch.Size([800, 4]) torch.Size([800, 4])
Validation shapes matched: torch.Size([800, 4]) torch.Size([800, 4])
Validation shapes matched: torch.Size([800, 4]) torch.Size([800, 4])
Validation shapes matched: torch.Size([800, 4]) torch.Size([800, 4])
Validation shapes matched: torch.Size([800, 4]) torch.Size([800, 4])
Validation shapes matched: torch.Size([800, 4]) torch.Size([800, 4])
Validation shapes matched: torch.Size([800, 4]) torch.Size([800, 4])
Validation shapes matched: torch.Size([800, 4]) torch.Size([800, 4])
Validation shapes matched: torch.Size([800, 4]) torch.Size([800, 4])
Validation shapes matched: torch.Size([800, 4]) torch.Size([800, 4])
Validation shapes matched: torch.Size([400, 4]) torch.Size([400, 4])
Validation shapes matched: torch.Size([400, 4]) torch.Size([400, 4])
Validating Epoch: 91 [10/11] Loss: 1.9438 ━━━━━━━━━━━━━━━━━━━━━━━━━ 100% 0:00:00
Validating Epoch: 91 [10/11] Loss: 1.9458 ━━━━━━━━━━━━━━━━━━━━━━━━━ 100% 0:00:00
Validation shapes matched: torch.Size([400, 4]) torch.Size([400, 4])
Validating Epoch: 91 [10/11] Loss: 2.1032 ━━━━━━━━━━━━━━━━━━━━━━━━━ 100% 0:00:00
Validation shapes matched: torch.Size([400, 4]) torch.Size([400, 4])
Validating Epoch: 91 [10/11] Loss: 1.9412 ━━━━━━━━━━━━━━━━━━━━━━━━━ 100% 0:00:00
Training Epoch: 92 [174/175] Loss: 1.6289 ━━━━━━━━━━━━━━━━━━━━━━━━━ 100% 0:00:00
Training Epoch: 92 [174/175] Loss: 1.6343 ━━━━━━━━━━━━━━━━━━━━━━━━━ 100% 0:00:00
Training Epoch: 92 [174/175] Loss: 1.4351 ━━━━━━━━━━━━━━━━━━━━━━━━━ 100% 0:00:00
Training Epoch: 92 [174/175] Loss: 1.3721 ━━━━━━━━━━━━━━━━━━━━━━━━━ 100% 0:00:00
Validation shapes matched: torch.Size([800, 4]) torch.Size([800, 4])
Validation shapes matched: torch.Size([800, 4]) torch.Size([800, 4])
Validation shapes matched: torch.Size([800, 4]) torch.Size([800, 4])
Validation shapes matched: torch.Size([800, 4]) torch.Size([800, 4])
Validation shapes matched: torch.Size([800, 4]) torch.Size([800, 4])
Validation shapes matched: torch.Size([800, 4]) torch.Size([800, 4])
Validation shapes matched: torch.Size([800, 4]) torch.Size([800, 4])
Validation shapes matched: torch.Size([800, 4]) torch.Size([800, 4])
Validation shapes matched: torch.Size([800, 4]) torch.Size([800, 4])
Validation shapes matched: torch.Size([800, 4]) torch.Size([800, 4])
Validation shapes matched: torch.Size([800, 4]) torch.Size([800, 4])
Validation shapes matched: torch.Size([800, 4]) torch.Size([800, 4])
Validation shapes matched: torch.Size([800, 4]) torch.Size([800, 4])
Validation shapes matched: torch.Size([800, 4]) torch.Size([800, 4])
Validation shapes matched: torch.Size([800, 4]) torch.Size([800, 4])
Validation shapes matched: torch.Size([800, 4]) torch.Size([800, 4])
Validation shapes matched: torch.Size([800, 4]) torch.Size([800, 4])
Validation shapes matched: torch.Size([800, 4]) torch.Size([800, 4])
Validation shapes matched: torch.Size([800, 4]) torch.Size([800, 4])
Validation shapes matched: torch.Size([800, 4]) torch.Size([800, 4])
Validation shapes matched: torch.Size([800, 4]) torch.Size([800, 4])
Validation shapes matched: torch.Size([800, 4]) torch.Size([800, 4])
Validation shapes matched: torch.Size([800, 4]) torch.Size([800, 4])
Validation shapes matched: torch.Size([800, 4]) torch.Size([800, 4])
Validation shapes matched: torch.Size([800, 4]) torch.Size([800, 4])
Validation shapes matched: torch.Size([800, 4]) torch.Size([800, 4])
Validation shapes matched: torch.Size([800, 4]) torch.Size([800, 4])
Validation shapes matched: torch.Size([800, 4]) torch.Size([800, 4])
Validation shapes matched: torch.Size([800, 4]) torch.Size([800, 4])
Validation shapes matched: torch.Size([800, 4]) torch.Size([800, 4])
Validation shapes matched: torch.Size([800, 4]) torch.Size([800, 4])
Validation shapes matched: torch.Size([800, 4]) torch.Size([800, 4])
Validation shapes matched: torch.Size([800, 4]) torch.Size([800, 4])
Validation shapes matched: torch.Size([800, 4]) torch.Size([800, 4])
Validation shapes matched: torch.Size([800, 4]) torch.Size([800, 4])
Validation shapes matched: torch.Size([800, 4]) torch.Size([800, 4])
Validation shapes matched: torch.Size([800, 4]) torch.Size([800, 4])
Validation shapes matched: torch.Size([800, 4]) torch.Size([800, 4])
Validation shapes matched: torch.Size([800, 4]) torch.Size([800, 4])
Validation shapes matched: torch.Size([800, 4]) torch.Size([800, 4])
Validation shapes matched: torch.Size([400, 4]) torch.Size([400, 4])
Validation shapes matched: torch.Size([400, 4]) torch.Size([400, 4])
Validation shapes matched: torch.Size([400, 4]) torch.Size([400, 4])
Validating Epoch: 92 [10/11] Loss: 1.8895 ━━━━━━━━━━━━━━━━━━━━━━━━━ 100% 0:00:00
Validating Epoch: 92 [10/11] Loss: 1.8969 ━━━━━━━━━━━━━━━━━━━━━━━━━ 100% 0:00:00
Validating Epoch: 92 [10/11] Loss: 1.9890 ━━━━━━━━━━━━━━━━━━━━━━━━━ 100% 0:00:00
Validation shapes matched: torch.Size([400, 4]) torch.Size([400, 4])
Validating Epoch: 92 [10/11] Loss: 2.0147 ━━━━━━━━━━━━━━━━━━━━━━━━━ 100% 0:00:00
Training Epoch: 93 [174/175] Loss: 1.5912 ━━━━━━━━━━━━━━━━━━━━━━━━━ 100% 0:00:00
Training Epoch: 93 [174/175] Loss: 1.6221 ━━━━━━━━━━━━━━━━━━━━━━━━━ 100% 0:00:00
Training Epoch: 93 [174/175] Loss: 1.4447 ━━━━━━━━━━━━━━━━━━━━━━━━━ 100% 0:00:00
Training Epoch: 93 [174/175] Loss: 1.4405 ━━━━━━━━━━━━━━━━━━━━━━━━━ 100% 0:00:00
Validation shapes matched: torch.Size([800, 4]) torch.Size([800, 4])
Validation shapes matched: torch.Size([800, 4]) torch.Size([800, 4])
Validation shapes matched: torch.Size([800, 4]) torch.Size([800, 4])
Validation shapes matched: torch.Size([800, 4]) torch.Size([800, 4])
Validation shapes matched: torch.Size([800, 4]) torch.Size([800, 4])
Validation shapes matched: torch.Size([800, 4]) torch.Size([800, 4])
Validation shapes matched: torch.Size([800, 4]) torch.Size([800, 4])
Validation shapes matched: torch.Size([800, 4]) torch.Size([800, 4])
Validation shapes matched: torch.Size([800, 4]) torch.Size([800, 4])
Validation shapes matched: torch.Size([800, 4]) torch.Size([800, 4])
Validation shapes matched: torch.Size([800, 4]) torch.Size([800, 4])Validation shapes matched: torch.Size([800, 4]) torch.Size([800, 4])

Validation shapes matched: torch.Size([800, 4]) torch.Size([800, 4])
Validation shapes matched: torch.Size([800, 4]) torch.Size([800, 4])
Validation shapes matched: torch.Size([800, 4]) torch.Size([800, 4])
Validation shapes matched: torch.Size([800, 4]) torch.Size([800, 4])
Validation shapes matched: torch.Size([800, 4]) torch.Size([800, 4])
Validation shapes matched: torch.Size([800, 4]) torch.Size([800, 4])
Validation shapes matched: torch.Size([800, 4]) torch.Size([800, 4])Validation shapes matched: torch.Size([800, 4]) torch.Size([800, 4])

Validation shapes matched: torch.Size([800, 4]) torch.Size([800, 4])
Validation shapes matched: torch.Size([800, 4]) torch.Size([800, 4])
Validation shapes matched: torch.Size([800, 4]) torch.Size([800, 4])
Validation shapes matched: torch.Size([800, 4]) torch.Size([800, 4])
Validation shapes matched: torch.Size([800, 4]) torch.Size([800, 4])
Validation shapes matched: torch.Size([800, 4]) torch.Size([800, 4])
Validation shapes matched: torch.Size([800, 4]) torch.Size([800, 4])
Validation shapes matched: torch.Size([800, 4]) torch.Size([800, 4])
Validation shapes matched: torch.Size([800, 4]) torch.Size([800, 4])
Validation shapes matched: torch.Size([800, 4]) torch.Size([800, 4])
Validation shapes matched: torch.Size([800, 4]) torch.Size([800, 4])
Validation shapes matched: torch.Size([800, 4]) torch.Size([800, 4])
Validation shapes matched: torch.Size([800, 4]) torch.Size([800, 4])
Validation shapes matched: torch.Size([800, 4]) torch.Size([800, 4])
Validation shapes matched: torch.Size([800, 4]) torch.Size([800, 4])
Validation shapes matched: torch.Size([800, 4]) torch.Size([800, 4])
Validation shapes matched: torch.Size([800, 4]) torch.Size([800, 4])
Validation shapes matched: torch.Size([800, 4]) torch.Size([800, 4])
Validation shapes matched: torch.Size([800, 4]) torch.Size([800, 4])
Validating Epoch: 93 [8/11] Loss: 2.1725 ━━━━━━━━━━━━━━━━━━━━━       82% 0:00:05
