True
device: cuda
TrueTrueTrue


device:device:device:   cudacudacuda


[31mPlease check your arguments if you have upgraded adabelief-pytorch from version 0.0.5.
[31mModifications to default arguments:
[31m                           eps  weight_decouple    rectify
-----------------------  -----  -----------------  ---------
adabelief-pytorch=0.0.5  1e-08  False              False
>=0.1.0 (Current 0.2.0)  1e-16  True               True
[34mSGD better than Adam (e.g. CNN for Image Classification)    Adam better than SGD (e.g. Transformer, GAN)
----------------------------------------------------------  ----------------------------------------------
Recommended eps = 1e-8                                      Recommended eps = 1e-16
[34mFor a complete table of recommended hyperparameters, see
[34mhttps://github.com/juntang-zhuang/Adabelief-Optimizer
[32mYou can disable the log message by setting "print_change_log = False", though it is recommended to keep as a reminder.
[0m
[31mPlease check your arguments if you have upgraded adabelief-pytorch from version 0.0.5.
[31mPlease check your arguments if you have upgraded adabelief-pytorch from version 0.0.5.Weight decoupling enabled in AdaBelief[31mModifications to default arguments:


[31mModifications to default arguments:Rectification enabled in AdaBelief
[31m                           eps  weight_decouple    rectify
-----------------------  -----  -----------------  ---------
adabelief-pytorch=0.0.5  1e-08  False              False
>=0.1.0 (Current 0.2.0)  1e-16  True               True
[31mPlease check your arguments if you have upgraded adabelief-pytorch from version 0.0.5.
[31m                           eps  weight_decouple    rectify
-----------------------  -----  -----------------  ---------
adabelief-pytorch=0.0.5  1e-08  False              False
>=0.1.0 (Current 0.2.0)  1e-16  True               True

[34mSGD better than Adam (e.g. CNN for Image Classification)    Adam better than SGD (e.g. Transformer, GAN)
----------------------------------------------------------  ----------------------------------------------
Recommended eps = 1e-8                                      Recommended eps = 1e-16[34mSGD better than Adam (e.g. CNN for Image Classification)    Adam better than SGD (e.g. Transformer, GAN)
----------------------------------------------------------  ----------------------------------------------
Recommended eps = 1e-8                                      Recommended eps = 1e-16[31mModifications to default arguments:


[34mFor a complete table of recommended hyperparameters, see[34mFor a complete table of recommended hyperparameters, see

[34mhttps://github.com/juntang-zhuang/Adabelief-Optimizer
[31m                           eps  weight_decouple    rectify
-----------------------  -----  -----------------  ---------
adabelief-pytorch=0.0.5  1e-08  False              False
>=0.1.0 (Current 0.2.0)  1e-16  True               True[34mhttps://github.com/juntang-zhuang/Adabelief-Optimizer[32mYou can disable the log message by setting "print_change_log = False", though it is recommended to keep as a reminder.


[34mSGD better than Adam (e.g. CNN for Image Classification)    Adam better than SGD (e.g. Transformer, GAN)
----------------------------------------------------------  ----------------------------------------------
Recommended eps = 1e-8                                      Recommended eps = 1e-16[32mYou can disable the log message by setting "print_change_log = False", though it is recommended to keep as a reminder.[0m


[34mFor a complete table of recommended hyperparameters, see[0m

Weight decoupling enabled in AdaBelief[34mhttps://github.com/juntang-zhuang/Adabelief-Optimizer

[32mYou can disable the log message by setting "print_change_log = False", though it is recommended to keep as a reminder.Weight decoupling enabled in AdaBelief
Rectification enabled in AdaBelief

[0mRectification enabled in AdaBelief

Weight decoupling enabled in AdaBelief
Rectification enabled in AdaBelief
Training Epoch: 0 [174/175] Loss: 0.8908 â”â”â”â”â”â”â”â”â”â”â”â”â”â”â”â”â”â”â”â”â”â”â”â”â”â” 100% 0:00:00
Training Epoch: 0 [174/175] Loss: 1.0373 â”â”â”â”â”â”â”â”â”â”â”â”â”â”â”â”â”â”â”â”â”â”â”â”â”â” 100% 0:00:00
Training Epoch: 0 [174/175] Loss: 0.9443 â”â”â”â”â”â”â”â”â”â”â”â”â”â”â”â”â”â”â”â”â”â”â”â”â”â” 100% 0:00:00
Training Epoch: 0 [174/175] Loss: 0.9279 â”â”â”â”â”â”â”â”â”â”â”â”â”â”â”â”â”â”â”â”â”â”â”â”â”â” 100% 0:00:00
Validating Epoch: 0 [10/11] Loss: 4.3466 â”â”â”â”â”â”â”â”â”â”â”â”â”â”â”â”â”â”â”â”â”â”â”â”â”â” 100% 0:00:00
Validating Epoch: 0 [10/11] Loss: 4.8414 â”â”â”â”â”â”â”â”â”â”â”â”â”â”â”â”â”â”â”â”â”â”â”â”â”â” 100% 0:00:00
Validating Epoch: 0 [10/11] Loss: 4.1425 â”â”â”â”â”â”â”â”â”â”â”â”â”â”â”â”â”â”â”â”â”â”â”â”â”â” 100% 0:00:00
Validating Epoch: 0 [10/11] Loss: 3.4904 â”â”â”â”â”â”â”â”â”â”â”â”â”â”â”â”â”â”â”â”â”â”â”â”â”â” 100% 0:00:00
Training Epoch: 1 [174/175] Loss: 0.8606 â”â”â”â”â”â”â”â”â”â”â”â”â”â”â”â”â”â”â”â”â”â”â”â”â”â” 100% 0:00:00
Training Epoch: 1 [174/175] Loss: 0.8883 â”â”â”â”â”â”â”â”â”â”â”â”â”â”â”â”â”â”â”â”â”â”â”â”â”â” 100% 0:00:00
Training Epoch: 1 [174/175] Loss: 0.9228 â”â”â”â”â”â”â”â”â”â”â”â”â”â”â”â”â”â”â”â”â”â”â”â”â”â” 100% 0:00:00
Training Epoch: 1 [174/175] Loss: 0.9145 â”â”â”â”â”â”â”â”â”â”â”â”â”â”â”â”â”â”â”â”â”â”â”â”â”â” 100% 0:00:00
Validating Epoch: 1 [10/11] Loss: 4.0036 â”â”â”â”â”â”â”â”â”â”â”â”â”â”â”â”â”â”â”â”â”â”â”â”â”â” 100% 0:00:00
Validating Epoch: 1 [10/11] Loss: 4.1692 â”â”â”â”â”â”â”â”â”â”â”â”â”â”â”â”â”â”â”â”â”â”â”â”â”â” 100% 0:00:00
Validating Epoch: 1 [10/11] Loss: 4.4622 â”â”â”â”â”â”â”â”â”â”â”â”â”â”â”â”â”â”â”â”â”â”â”â”â”â” 100% 0:00:00
Validating Epoch: 1 [10/11] Loss: 4.4089 â”â”â”â”â”â”â”â”â”â”â”â”â”â”â”â”â”â”â”â”â”â”â”â”â”â” 100% 0:00:00
Training Epoch: 2 [174/175] Loss: 0.9954 â”â”â”â”â”â”â”â”â”â”â”â”â”â”â”â”â”â”â”â”â”â”â”â”â”â” 100% 0:00:00
Training Epoch: 2 [174/175] Loss: 0.7765 â”â”â”â”â”â”â”â”â”â”â”â”â”â”â”â”â”â”â”â”â”â”â”â”â”â” 100% 0:00:00
Training Epoch: 2 [174/175] Loss: 0.6758 â”â”â”â”â”â”â”â”â”â”â”â”â”â”â”â”â”â”â”â”â”â”â”â”â”â” 100% 0:00:00
Training Epoch: 2 [174/175] Loss: 0.8237 â”â”â”â”â”â”â”â”â”â”â”â”â”â”â”â”â”â”â”â”â”â”â”â”â”â” 100% 0:00:00
Validating Epoch: 2 [10/11] Loss: 4.2412 â”â”â”â”â”â”â”â”â”â”â”â”â”â”â”â”â”â”â”â”â”â”â”â”â”â” 100% 0:00:00
Validating Epoch: 2 [10/11] Loss: 3.5836 â”â”â”â”â”â”â”â”â”â”â”â”â”â”â”â”â”â”â”â”â”â”â”â”â”â” 100% 0:00:00
Validating Epoch: 2 [10/11] Loss: 4.1412 â”â”â”â”â”â”â”â”â”â”â”â”â”â”â”â”â”â”â”â”â”â”â”â”â”â” 100% 0:00:00
Validating Epoch: 2 [10/11] Loss: 3.7388 â”â”â”â”â”â”â”â”â”â”â”â”â”â”â”â”â”â”â”â”â”â”â”â”â”â” 100% 0:00:00
Training Epoch: 3 [174/175] Loss: 0.7418 â”â”â”â”â”â”â”â”â”â”â”â”â”â”â”â”â”â”â”â”â”â”â”â”â”â” 100% 0:00:00
Training Epoch: 3 [174/175] Loss: 0.5585 â”â”â”â”â”â”â”â”â”â”â”â”â”â”â”â”â”â”â”â”â”â”â”â”â”â” 100% 0:00:00
Training Epoch: 3 [174/175] Loss: 0.7761 â”â”â”â”â”â”â”â”â”â”â”â”â”â”â”â”â”â”â”â”â”â”â”â”â”â” 100% 0:00:00
Training Epoch: 3 [174/175] Loss: 0.7643 â”â”â”â”â”â”â”â”â”â”â”â”â”â”â”â”â”â”â”â”â”â”â”â”â”â” 100% 0:00:00
Validating Epoch: 3 [10/11] Loss: 4.3797 â”â”â”â”â”â”â”â”â”â”â”â”â”â”â”â”â”â”â”â”â”â”â”â”â”â” 100% 0:00:00
Validating Epoch: 3 [10/11] Loss: 4.0815 â”â”â”â”â”â”â”â”â”â”â”â”â”â”â”â”â”â”â”â”â”â”â”â”â”â” 100% 0:00:00
Validating Epoch: 3 [10/11] Loss: 4.0641 â”â”â”â”â”â”â”â”â”â”â”â”â”â”â”â”â”â”â”â”â”â”â”â”â”â” 100% 0:00:00
Validating Epoch: 3 [10/11] Loss: 4.2706 â”â”â”â”â”â”â”â”â”â”â”â”â”â”â”â”â”â”â”â”â”â”â”â”â”â” 100% 0:00:00
Training Epoch: 4 [174/175] Loss: 0.6968 â”â”â”â”â”â”â”â”â”â”â”â”â”â”â”â”â”â”â”â”â”â”â”â”â”â” 100% 0:00:00
Training Epoch: 4 [174/175] Loss: 0.6867 â”â”â”â”â”â”â”â”â”â”â”â”â”â”â”â”â”â”â”â”â”â”â”â”â”â” 100% 0:00:00
Training Epoch: 4 [174/175] Loss: 0.6366 â”â”â”â”â”â”â”â”â”â”â”â”â”â”â”â”â”â”â”â”â”â”â”â”â”â” 100% 0:00:00
Training Epoch: 4 [174/175] Loss: 0.5845 â”â”â”â”â”â”â”â”â”â”â”â”â”â”â”â”â”â”â”â”â”â”â”â”â”â” 100% 0:00:00
Validating Epoch: 4 [10/11] Loss: 4.5767 â”â”â”â”â”â”â”â”â”â”â”â”â”â”â”â”â”â”â”â”â”â”â”â”â”â” 100% 0:00:00
Validating Epoch: 4 [10/11] Loss: 4.0666 â”â”â”â”â”â”â”â”â”â”â”â”â”â”â”â”â”â”â”â”â”â”â”â”â”â” 100% 0:00:00
Validating Epoch: 4 [10/11] Loss: 3.7925 â”â”â”â”â”â”â”â”â”â”â”â”â”â”â”â”â”â”â”â”â”â”â”â”â”â” 100% 0:00:00
Validating Epoch: 4 [10/11] Loss: 4.8185 â”â”â”â”â”â”â”â”â”â”â”â”â”â”â”â”â”â”â”â”â”â”â”â”â”â” 100% 0:00:00
Training Epoch: 5 [174/175] Loss: 0.8548 â”â”â”â”â”â”â”â”â”â”â”â”â”â”â”â”â”â”â”â”â”â”â”â”â”â” 100% 0:00:00
Training Epoch: 5 [174/175] Loss: 1.1364 â”â”â”â”â”â”â”â”â”â”â”â”â”â”â”â”â”â”â”â”â”â”â”â”â”â” 100% 0:00:00
Training Epoch: 5 [174/175] Loss: 0.6981 â”â”â”â”â”â”â”â”â”â”â”â”â”â”â”â”â”â”â”â”â”â”â”â”â”â” 100% 0:00:00
Training Epoch: 5 [174/175] Loss: 0.6099 â”â”â”â”â”â”â”â”â”â”â”â”â”â”â”â”â”â”â”â”â”â”â”â”â”â” 100% 0:00:00
Validating Epoch: 5 [10/11] Loss: 4.3130 â”â”â”â”â”â”â”â”â”â”â”â”â”â”â”â”â”â”â”â”â”â”â”â”â”â” 100% 0:00:00
Validating Epoch: 5 [10/11] Loss: 4.6537 â”â”â”â”â”â”â”â”â”â”â”â”â”â”â”â”â”â”â”â”â”â”â”â”â”â” 100% 0:00:00
Validating Epoch: 5 [10/11] Loss: 3.9655 â”â”â”â”â”â”â”â”â”â”â”â”â”â”â”â”â”â”â”â”â”â”â”â”â”â” 100% 0:00:00
Validating Epoch: 5 [10/11] Loss: 4.6118 â”â”â”â”â”â”â”â”â”â”â”â”â”â”â”â”â”â”â”â”â”â”â”â”â”â” 100% 0:00:00
Training Epoch: 6 [174/175] Loss: 0.7525 â”â”â”â”â”â”â”â”â”â”â”â”â”â”â”â”â”â”â”â”â”â”â”â”â”â” 100% 0:00:00
Training Epoch: 6 [174/175] Loss: 0.6931 â”â”â”â”â”â”â”â”â”â”â”â”â”â”â”â”â”â”â”â”â”â”â”â”â”â” 100% 0:00:00
Training Epoch: 6 [174/175] Loss: 0.6833 â”â”â”â”â”â”â”â”â”â”â”â”â”â”â”â”â”â”â”â”â”â”â”â”â”â” 100% 0:00:00
Training Epoch: 6 [174/175] Loss: 0.7795 â”â”â”â”â”â”â”â”â”â”â”â”â”â”â”â”â”â”â”â”â”â”â”â”â”â” 100% 0:00:00
Validating Epoch: 6 [10/11] Loss: 4.4881 â”â”â”â”â”â”â”â”â”â”â”â”â”â”â”â”â”â”â”â”â”â”â”â”â”â” 100% 0:00:00
Validating Epoch: 6 [10/11] Loss: 4.1602 â”â”â”â”â”â”â”â”â”â”â”â”â”â”â”â”â”â”â”â”â”â”â”â”â”â” 100% 0:00:00
Validating Epoch: 6 [10/11] Loss: 4.7429 â”â”â”â”â”â”â”â”â”â”â”â”â”â”â”â”â”â”â”â”â”â”â”â”â”â” 100% 0:00:00
Validating Epoch: 6 [10/11] Loss: 3.8050 â”â”â”â”â”â”â”â”â”â”â”â”â”â”â”â”â”â”â”â”â”â”â”â”â”â” 100% 0:00:00
Training Epoch: 7 [174/175] Loss: 0.5917 â”â”â”â”â”â”â”â”â”â”â”â”â”â”â”â”â”â”â”â”â”â”â”â”â”â” 100% 0:00:00
Training Epoch: 7 [174/175] Loss: 0.6254 â”â”â”â”â”â”â”â”â”â”â”â”â”â”â”â”â”â”â”â”â”â”â”â”â”â” 100% 0:00:00
Training Epoch: 7 [174/175] Loss: 0.6962 â”â”â”â”â”â”â”â”â”â”â”â”â”â”â”â”â”â”â”â”â”â”â”â”â”â” 100% 0:00:00
Training Epoch: 7 [174/175] Loss: 0.6964 â”â”â”â”â”â”â”â”â”â”â”â”â”â”â”â”â”â”â”â”â”â”â”â”â”â” 100% 0:00:00
Validating Epoch: 7 [10/11] Loss: 4.2024 â”â”â”â”â”â”â”â”â”â”â”â”â”â”â”â”â”â”â”â”â”â”â”â”â”â” 100% 0:00:00
Validating Epoch: 7 [10/11] Loss: 4.5512 â”â”â”â”â”â”â”â”â”â”â”â”â”â”â”â”â”â”â”â”â”â”â”â”â”â” 100% 0:00:00
Validating Epoch: 7 [10/11] Loss: 4.1706 â”â”â”â”â”â”â”â”â”â”â”â”â”â”â”â”â”â”â”â”â”â”â”â”â”â” 100% 0:00:00
Validating Epoch: 7 [10/11] Loss: 3.9279 â”â”â”â”â”â”â”â”â”â”â”â”â”â”â”â”â”â”â”â”â”â”â”â”â”â” 100% 0:00:00
Training Epoch: 8 [174/175] Loss: 0.7643 â”â”â”â”â”â”â”â”â”â”â”â”â”â”â”â”â”â”â”â”â”â”â”â”â”â” 100% 0:00:00
Training Epoch: 8 [174/175] Loss: 0.6508 â”â”â”â”â”â”â”â”â”â”â”â”â”â”â”â”â”â”â”â”â”â”â”â”â”â” 100% 0:00:00
Training Epoch: 8 [174/175] Loss: 0.6187 â”â”â”â”â”â”â”â”â”â”â”â”â”â”â”â”â”â”â”â”â”â”â”â”â”â” 100% 0:00:00
Training Epoch: 8 [174/175] Loss: 0.5684 â”â”â”â”â”â”â”â”â”â”â”â”â”â”â”â”â”â”â”â”â”â”â”â”â”â” 100% 0:00:00
Validating Epoch: 8 [10/11] Loss: 4.1088 â”â”â”â”â”â”â”â”â”â”â”â”â”â”â”â”â”â”â”â”â”â”â”â”â”â” 100% 0:00:00
Epoch 00009: reducing learning rate of group 0 to 1.0000e-04.
Validating Epoch: 8 [10/11] Loss: 4.6346 â”â”â”â”â”â”â”â”â”â”â”â”â”â”â”â”â”â”â”â”â”â”â”â”â”â” 100% 0:00:00
Epoch 00009: reducing learning rate of group 0 to 1.0000e-04.
Validating Epoch: 8 [10/11] Loss: 3.8906 â”â”â”â”â”â”â”â”â”â”â”â”â”â”â”â”â”â”â”â”â”â”â”â”â”â” 100% 0:00:00
Epoch 00009: reducing learning rate of group 0 to 1.0000e-04.
Validating Epoch: 8 [10/11] Loss: 4.0984 â”â”â”â”â”â”â”â”â”â”â”â”â”â”â”â”â”â”â”â”â”â”â”â”â”â” 100% 0:00:00
Epoch 00009: reducing learning rate of group 0 to 1.0000e-04.
Training Epoch: 9 [174/175] Loss: 0.5548 â”â”â”â”â”â”â”â”â”â”â”â”â”â”â”â”â”â”â”â”â”â”â”â”â”â” 100% 0:00:00
Training Epoch: 9 [174/175] Loss: 0.5388 â”â”â”â”â”â”â”â”â”â”â”â”â”â”â”â”â”â”â”â”â”â”â”â”â”â” 100% 0:00:00
Training Epoch: 9 [174/175] Loss: 0.5963 â”â”â”â”â”â”â”â”â”â”â”â”â”â”â”â”â”â”â”â”â”â”â”â”â”â” 100% 0:00:00
Training Epoch: 9 [174/175] Loss: 0.3906 â”â”â”â”â”â”â”â”â”â”â”â”â”â”â”â”â”â”â”â”â”â”â”â”â”â” 100% 0:00:00
Validating Epoch: 9 [10/11] Loss: 5.3430 â”â”â”â”â”â”â”â”â”â”â”â”â”â”â”â”â”â”â”â”â”â”â”â”â”â” 100% 0:00:00
Validating Epoch: 9 [10/11] Loss: 4.8216 â”â”â”â”â”â”â”â”â”â”â”â”â”â”â”â”â”â”â”â”â”â”â”â”â”â” 100% 0:00:00
Validating Epoch: 9 [10/11] Loss: 4.9285 â”â”â”â”â”â”â”â”â”â”â”â”â”â”â”â”â”â”â”â”â”â”â”â”â”â” 100% 0:00:00
Validating Epoch: 9 [10/11] Loss: 3.5272 â”â”â”â”â”â”â”â”â”â”â”â”â”â”â”â”â”â”â”â”â”â”â”â”â”â” 100% 0:00:00
Training Epoch: 10 [174/175] Loss: 0.6059 â”â”â”â”â”â”â”â”â”â”â”â”â”â”â”â”â”â”â”â”â”â”â”â”â” 100% 0:00:00
Training Epoch: 10 [174/175] Loss: 0.5849 â”â”â”â”â”â”â”â”â”â”â”â”â”â”â”â”â”â”â”â”â”â”â”â”â” 100% 0:00:00
Training Epoch: 10 [174/175] Loss: 0.5636 â”â”â”â”â”â”â”â”â”â”â”â”â”â”â”â”â”â”â”â”â”â”â”â”â” 100% 0:00:00
Training Epoch: 10 [174/175] Loss: 0.5882 â”â”â”â”â”â”â”â”â”â”â”â”â”â”â”â”â”â”â”â”â”â”â”â”â” 100% 0:00:00
Validating Epoch: 10 [10/11] Loss: 5.0999 â”â”â”â”â”â”â”â”â”â”â”â”â”â”â”â”â”â”â”â”â”â”â”â”â” 100% 0:00:00
Validating Epoch: 10 [10/11] Loss: 4.5595 â”â”â”â”â”â”â”â”â”â”â”â”â”â”â”â”â”â”â”â”â”â”â”â”â” 100% 0:00:00
Validating Epoch: 10 [10/11] Loss: 4.9989 â”â”â”â”â”â”â”â”â”â”â”â”â”â”â”â”â”â”â”â”â”â”â”â”â” 100% 0:00:00
Validating Epoch: 10 [10/11] Loss: 4.1519 â”â”â”â”â”â”â”â”â”â”â”â”â”â”â”â”â”â”â”â”â”â”â”â”â” 100% 0:00:00
Training Epoch: 11 [174/175] Loss: 0.5410 â”â”â”â”â”â”â”â”â”â”â”â”â”â”â”â”â”â”â”â”â”â”â”â”â” 100% 0:00:00
Training Epoch: 11 [174/175] Loss: 0.4332 â”â”â”â”â”â”â”â”â”â”â”â”â”â”â”â”â”â”â”â”â”â”â”â”â” 100% 0:00:00
Training Epoch: 11 [174/175] Loss: 0.4663 â”â”â”â”â”â”â”â”â”â”â”â”â”â”â”â”â”â”â”â”â”â”â”â”â” 100% 0:00:00
Training Epoch: 11 [174/175] Loss: 0.6781 â”â”â”â”â”â”â”â”â”â”â”â”â”â”â”â”â”â”â”â”â”â”â”â”â” 100% 0:00:00
Validating Epoch: 11 [10/11] Loss: 5.3938 â”â”â”â”â”â”â”â”â”â”â”â”â”â”â”â”â”â”â”â”â”â”â”â”â” 100% 0:00:00
Validating Epoch: 11 [10/11] Loss: 4.5129 â”â”â”â”â”â”â”â”â”â”â”â”â”â”â”â”â”â”â”â”â”â”â”â”â” 100% 0:00:00
Validating Epoch: 11 [10/11] Loss: 3.9273 â”â”â”â”â”â”â”â”â”â”â”â”â”â”â”â”â”â”â”â”â”â”â”â”â” 100% 0:00:00
Validating Epoch: 11 [10/11] Loss: 4.2557 â”â”â”â”â”â”â”â”â”â”â”â”â”â”â”â”â”â”â”â”â”â”â”â”â” 100% 0:00:00
Training Epoch: 12 [174/175] Loss: 0.4962 â”â”â”â”â”â”â”â”â”â”â”â”â”â”â”â”â”â”â”â”â”â”â”â”â” 100% 0:00:00
Training Epoch: 12 [174/175] Loss: 0.6050 â”â”â”â”â”â”â”â”â”â”â”â”â”â”â”â”â”â”â”â”â”â”â”â”â” 100% 0:00:00
Training Epoch: 12 [174/175] Loss: 0.5595 â”â”â”â”â”â”â”â”â”â”â”â”â”â”â”â”â”â”â”â”â”â”â”â”â” 100% 0:00:00
Training Epoch: 12 [174/175] Loss: 0.4939 â”â”â”â”â”â”â”â”â”â”â”â”â”â”â”â”â”â”â”â”â”â”â”â”â” 100% 0:00:00
Validating Epoch: 12 [10/11] Loss: 4.7175 â”â”â”â”â”â”â”â”â”â”â”â”â”â”â”â”â”â”â”â”â”â”â”â”â” 100% 0:00:00
Validating Epoch: 12 [10/11] Loss: 5.0476 â”â”â”â”â”â”â”â”â”â”â”â”â”â”â”â”â”â”â”â”â”â”â”â”â” 100% 0:00:00
Validating Epoch: 12 [10/11] Loss: 5.0761 â”â”â”â”â”â”â”â”â”â”â”â”â”â”â”â”â”â”â”â”â”â”â”â”â” 100% 0:00:00
Validating Epoch: 12 [10/11] Loss: 4.6039 â”â”â”â”â”â”â”â”â”â”â”â”â”â”â”â”â”â”â”â”â”â”â”â”â” 100% 0:00:00
Training Epoch: 13 [174/175] Loss: 0.5410 â”â”â”â”â”â”â”â”â”â”â”â”â”â”â”â”â”â”â”â”â”â”â”â”â” 100% 0:00:00
Training Epoch: 13 [174/175] Loss: 0.4499 â”â”â”â”â”â”â”â”â”â”â”â”â”â”â”â”â”â”â”â”â”â”â”â”â” 100% 0:00:00
Training Epoch: 13 [174/175] Loss: 0.5462 â”â”â”â”â”â”â”â”â”â”â”â”â”â”â”â”â”â”â”â”â”â”â”â”â” 100% 0:00:00
Training Epoch: 13 [174/175] Loss: 0.5939 â”â”â”â”â”â”â”â”â”â”â”â”â”â”â”â”â”â”â”â”â”â”â”â”â” 100% 0:00:00
Validating Epoch: 13 [10/11] Loss: 5.0937 â”â”â”â”â”â”â”â”â”â”â”â”â”â”â”â”â”â”â”â”â”â”â”â”â” 100% 0:00:00
Validating Epoch: 13 [10/11] Loss: 4.6602 â”â”â”â”â”â”â”â”â”â”â”â”â”â”â”â”â”â”â”â”â”â”â”â”â” 100% 0:00:00
Validating Epoch: 13 [10/11] Loss: 4.4144 â”â”â”â”â”â”â”â”â”â”â”â”â”â”â”â”â”â”â”â”â”â”â”â”â” 100% 0:00:00
Validating Epoch: 13 [10/11] Loss: 4.9603 â”â”â”â”â”â”â”â”â”â”â”â”â”â”â”â”â”â”â”â”â”â”â”â”â” 100% 0:00:00
Training Epoch: 14 [174/175] Loss: 0.5698 â”â”â”â”â”â”â”â”â”â”â”â”â”â”â”â”â”â”â”â”â”â”â”â”â” 100% 0:00:00
Training Epoch: 14 [174/175] Loss: 0.5796 â”â”â”â”â”â”â”â”â”â”â”â”â”â”â”â”â”â”â”â”â”â”â”â”â” 100% 0:00:00
Training Epoch: 14 [174/175] Loss: 0.4858 â”â”â”â”â”â”â”â”â”â”â”â”â”â”â”â”â”â”â”â”â”â”â”â”â” 100% 0:00:00
Training Epoch: 14 [174/175] Loss: 0.4926 â”â”â”â”â”â”â”â”â”â”â”â”â”â”â”â”â”â”â”â”â”â”â”â”â” 100% 0:00:00
Validating Epoch: 14 [10/11] Loss: 5.1334 â”â”â”â”â”â”â”â”â”â”â”â”â”â”â”â”â”â”â”â”â”â”â”â”â” 100% 0:00:00
Epoch 00015: reducing learning rate of group 0 to 1.0000e-05.
Validating Epoch: 14 [10/11] Loss: 4.3944 â”â”â”â”â”â”â”â”â”â”â”â”â”â”â”â”â”â”â”â”â”â”â”â”â” 100% 0:00:00
Epoch 00015: reducing learning rate of group 0 to 1.0000e-05.
Validating Epoch: 14 [10/11] Loss: 4.3886 â”â”â”â”â”â”â”â”â”â”â”â”â”â”â”â”â”â”â”â”â”â”â”â”â” 100% 0:00:00
Epoch 00015: reducing learning rate of group 0 to 1.0000e-05.
Validating Epoch: 14 [10/11] Loss: 5.0024 â”â”â”â”â”â”â”â”â”â”â”â”â”â”â”â”â”â”â”â”â”â”â”â”â” 100% 0:00:00
Epoch 00015: reducing learning rate of group 0 to 1.0000e-05.
Training Epoch: 15 [174/175] Loss: 0.4530 â”â”â”â”â”â”â”â”â”â”â”â”â”â”â”â”â”â”â”â”â”â”â”â”â” 100% 0:00:00
Training Epoch: 15 [174/175] Loss: 0.7167 â”â”â”â”â”â”â”â”â”â”â”â”â”â”â”â”â”â”â”â”â”â”â”â”â” 100% 0:00:00
Training Epoch: 15 [174/175] Loss: 0.6323 â”â”â”â”â”â”â”â”â”â”â”â”â”â”â”â”â”â”â”â”â”â”â”â”â” 100% 0:00:00
Training Epoch: 15 [174/175] Loss: 0.6140 â”â”â”â”â”â”â”â”â”â”â”â”â”â”â”â”â”â”â”â”â”â”â”â”â” 100% 0:00:00
Validating Epoch: 15 [10/11] Loss: 5.7964 â”â”â”â”â”â”â”â”â”â”â”â”â”â”â”â”â”â”â”â”â”â”â”â”â” 100% 0:00:00
Validating Epoch: 15 [10/11] Loss: 4.9822 â”â”â”â”â”â”â”â”â”â”â”â”â”â”â”â”â”â”â”â”â”â”â”â”â” 100% 0:00:00
Validating Epoch: 15 [10/11] Loss: 4.9967 â”â”â”â”â”â”â”â”â”â”â”â”â”â”â”â”â”â”â”â”â”â”â”â”â” 100% 0:00:00
Validating Epoch: 15 [10/11] Loss: 4.9510 â”â”â”â”â”â”â”â”â”â”â”â”â”â”â”â”â”â”â”â”â”â”â”â”â” 100% 0:00:00
