device: cuda
device: device:device:cuda  
cudacuda

Training Epoch: 51 [174/175] Loss: 1.2097 ━━━━━━━━━━━━━━━━━━━━━━━━━ 100% 0:00:00
Training Epoch: 51 [174/175] Loss: 1.6615 ━━━━━━━━━━━━━━━━━━━━━━━━━ 100% 0:00:00Training Epoch: 51 [174/175] Loss: 1.4331 ━━━━━━━━━━━━━━━━━━━━━━━━━ 100% 0:00:00

Training Epoch: 51 [174/175] Loss: 1.5317 ━━━━━━━━━━━━━━━━━━━━━━━━━ 100% 0:00:00
Validation shapes matched: torch.Size([800, 4]) torch.Size([800, 4])
Validation shapes matched: torch.Size([800, 4]) torch.Size([800, 4])
Validation shapes matched: torch.Size([800, 4]) torch.Size([800, 4])
Validation shapes matched: torch.Size([800, 4]) torch.Size([800, 4])
Validation shapes matched: torch.Size([800, 4]) torch.Size([800, 4])
Validation shapes matched: torch.Size([800, 4]) torch.Size([800, 4])
Validation shapes matched: torch.Size([800, 4]) torch.Size([800, 4])
Validation shapes matched: torch.Size([800, 4]) torch.Size([800, 4])
Validation shapes matched: torch.Size([800, 4]) torch.Size([800, 4])
Validation shapes matched: torch.Size([800, 4]) torch.Size([800, 4])
Validation shapes matched: torch.Size([800, 4]) torch.Size([800, 4])
Validation shapes matched: torch.Size([800, 4]) torch.Size([800, 4])
Validation shapes matched: torch.Size([800, 4]) torch.Size([800, 4])
Validation shapes matched: torch.Size([800, 4]) torch.Size([800, 4])
Validation shapes matched: torch.Size([800, 4]) torch.Size([800, 4])
Validation shapes matched: torch.Size([800, 4]) torch.Size([800, 4])
Validation shapes matched: torch.Size([800, 4]) torch.Size([800, 4])
Validation shapes matched: torch.Size([800, 4]) torch.Size([800, 4])
Validation shapes matched: torch.Size([800, 4]) torch.Size([800, 4])
Validation shapes matched: torch.Size([800, 4]) torch.Size([800, 4])
Validation shapes matched: torch.Size([800, 4]) torch.Size([800, 4])
Validation shapes matched: torch.Size([800, 4]) torch.Size([800, 4])
Validation shapes matched: torch.Size([800, 4]) torch.Size([800, 4])
Validation shapes matched: torch.Size([800, 4]) torch.Size([800, 4])
Validation shapes matched: torch.Size([800, 4]) torch.Size([800, 4])
Validation shapes matched: torch.Size([800, 4]) torch.Size([800, 4])
Validation shapes matched: torch.Size([800, 4]) torch.Size([800, 4])
Validation shapes matched: torch.Size([800, 4]) torch.Size([800, 4])
Validation shapes matched: torch.Size([800, 4]) torch.Size([800, 4])
Validation shapes matched: torch.Size([800, 4]) torch.Size([800, 4])
Validation shapes matched: torch.Size([800, 4]) torch.Size([800, 4])
Validation shapes matched: torch.Size([800, 4]) torch.Size([800, 4])
Validation shapes matched: torch.Size([800, 4]) torch.Size([800, 4])
Validation shapes matched: torch.Size([800, 4]) torch.Size([800, 4])
Validation shapes matched: torch.Size([800, 4]) torch.Size([800, 4])
Validation shapes matched: torch.Size([800, 4]) torch.Size([800, 4])
Validation shapes matched: torch.Size([800, 4]) torch.Size([800, 4])
Validation shapes matched: torch.Size([800, 4]) torch.Size([800, 4])
Validation shapes matched: torch.Size([800, 4]) torch.Size([800, 4])
Validation shapes matched: torch.Size([800, 4]) torch.Size([800, 4])
Validation shapes matched: torch.Size([400, 4]) torch.Size([400, 4])
Validating Epoch: 51 [10/11] Loss: 1.9756 ━━━━━━━━━━━━━━━━━━━━━━━━━ 100% 0:00:00
Validation shapes matched: torch.Size([400, 4]) torch.Size([400, 4])
Validating Epoch: 51 [10/11] Loss: 2.1497 ━━━━━━━━━━━━━━━━━━━━━━━━━ 100% 0:00:00
Validation shapes matched: torch.Size([400, 4]) torch.Size([400, 4])
Validating Epoch: 51 [10/11] Loss: 2.0418 ━━━━━━━━━━━━━━━━━━━━━━━━━ 100% 0:00:00
Validation shapes matched: torch.Size([400, 4]) torch.Size([400, 4])
Validating Epoch: 51 [10/11] Loss: 1.9852 ━━━━━━━━━━━━━━━━━━━━━━━━━ 100% 0:00:00
Training Epoch: 52 [174/175] Loss: 1.7382 ━━━━━━━━━━━━━━━━━━━━━━━━━ 100% 0:00:00
Training Epoch: 52 [174/175] Loss: 1.5559 ━━━━━━━━━━━━━━━━━━━━━━━━━ 100% 0:00:00
Training Epoch: 52 [174/175] Loss: 1.6249 ━━━━━━━━━━━━━━━━━━━━━━━━━ 100% 0:00:00
Training Epoch: 52 [174/175] Loss: 1.5313 ━━━━━━━━━━━━━━━━━━━━━━━━━ 100% 0:00:00
Validation shapes matched: torch.Size([800, 4]) torch.Size([800, 4])
Validation shapes matched: torch.Size([800, 4]) torch.Size([800, 4])
Validation shapes matched: torch.Size([800, 4]) torch.Size([800, 4])
Validation shapes matched: torch.Size([800, 4]) torch.Size([800, 4])
Validation shapes matched: torch.Size([800, 4]) torch.Size([800, 4])
Validation shapes matched: torch.Size([800, 4]) torch.Size([800, 4])
Validation shapes matched: torch.Size([800, 4]) torch.Size([800, 4])
Validation shapes matched: torch.Size([800, 4]) torch.Size([800, 4])
Validation shapes matched: torch.Size([800, 4]) torch.Size([800, 4])
Validation shapes matched: torch.Size([800, 4]) torch.Size([800, 4])Validation shapes matched: torch.Size([800, 4]) torch.Size([800, 4])Validation shapes matched: torch.Size([800, 4]) torch.Size([800, 4])


Validation shapes matched: torch.Size([800, 4]) torch.Size([800, 4])
Validation shapes matched: torch.Size([800, 4]) torch.Size([800, 4])
Validation shapes matched: torch.Size([800, 4]) torch.Size([800, 4])
Validation shapes matched: torch.Size([800, 4]) torch.Size([800, 4])
Validation shapes matched: torch.Size([800, 4]) torch.Size([800, 4])
Validation shapes matched: torch.Size([800, 4]) torch.Size([800, 4])
Validation shapes matched: torch.Size([800, 4]) torch.Size([800, 4])
Validation shapes matched: torch.Size([800, 4]) torch.Size([800, 4])
Validation shapes matched: torch.Size([800, 4]) torch.Size([800, 4])
Validation shapes matched: torch.Size([800, 4]) torch.Size([800, 4])
Validation shapes matched: torch.Size([800, 4]) torch.Size([800, 4])
Validation shapes matched: torch.Size([800, 4]) torch.Size([800, 4])
Validation shapes matched: torch.Size([800, 4]) torch.Size([800, 4])
Validation shapes matched: torch.Size([800, 4]) torch.Size([800, 4])
Validation shapes matched: torch.Size([800, 4]) torch.Size([800, 4])
Validation shapes matched: torch.Size([800, 4]) torch.Size([800, 4])
Validation shapes matched: torch.Size([800, 4]) torch.Size([800, 4])
Validation shapes matched: torch.Size([800, 4]) torch.Size([800, 4])
Validation shapes matched: torch.Size([800, 4]) torch.Size([800, 4])
Validation shapes matched: torch.Size([800, 4]) torch.Size([800, 4])
Validation shapes matched: torch.Size([800, 4]) torch.Size([800, 4])
Validation shapes matched: torch.Size([800, 4]) torch.Size([800, 4])
Validation shapes matched: torch.Size([800, 4]) torch.Size([800, 4])
Validation shapes matched: torch.Size([800, 4]) torch.Size([800, 4])
Validation shapes matched: torch.Size([800, 4]) torch.Size([800, 4])
Validation shapes matched: torch.Size([800, 4]) torch.Size([800, 4])
Validation shapes matched: torch.Size([800, 4]) torch.Size([800, 4])
Validation shapes matched: torch.Size([800, 4]) torch.Size([800, 4])
Validation shapes matched: torch.Size([400, 4]) torch.Size([400, 4])
Validation shapes matched: torch.Size([400, 4]) torch.Size([400, 4])
Validating Epoch: 52 [10/11] Loss: 2.0738 ━━━━━━━━━━━━━━━━━━━━━━━━━ 100% 0:00:00
Validating Epoch: 52 [10/11] Loss: 1.9415 ━━━━━━━━━━━━━━━━━━━━━━━━━ 100% 0:00:00
Validation shapes matched: torch.Size([400, 4]) torch.Size([400, 4])
Validation shapes matched: torch.Size([400, 4]) torch.Size([400, 4])
Validating Epoch: 52 [10/11] Loss: 1.9082 ━━━━━━━━━━━━━━━━━━━━━━━━━ 100% 0:00:00
Validating Epoch: 52 [10/11] Loss: 1.8823 ━━━━━━━━━━━━━━━━━━━━━━━━━ 100% 0:00:00
Training Epoch: 53 [174/175] Loss: 1.4352 ━━━━━━━━━━━━━━━━━━━━━━━━━ 100% 0:00:00
Training Epoch: 53 [174/175] Loss: 1.5516 ━━━━━━━━━━━━━━━━━━━━━━━━━ 100% 0:00:00
Training Epoch: 53 [174/175] Loss: 1.7165 ━━━━━━━━━━━━━━━━━━━━━━━━━ 100% 0:00:00
Training Epoch: 53 [174/175] Loss: 1.7603 ━━━━━━━━━━━━━━━━━━━━━━━━━ 100% 0:00:00
Validation shapes matched: torch.Size([800, 4]) torch.Size([800, 4])
Validation shapes matched: torch.Size([800, 4]) torch.Size([800, 4])
Validation shapes matched: torch.Size([800, 4]) torch.Size([800, 4])
Validation shapes matched: torch.Size([800, 4]) torch.Size([800, 4])
Validation shapes matched: torch.Size([800, 4]) torch.Size([800, 4])
Validation shapes matched: torch.Size([800, 4]) torch.Size([800, 4])
Validation shapes matched: torch.Size([800, 4]) torch.Size([800, 4])
Validation shapes matched: torch.Size([800, 4]) torch.Size([800, 4])
Validation shapes matched: torch.Size([800, 4]) torch.Size([800, 4])
Validation shapes matched: torch.Size([800, 4]) torch.Size([800, 4])
Validation shapes matched: torch.Size([800, 4]) torch.Size([800, 4])
Validation shapes matched: torch.Size([800, 4]) torch.Size([800, 4])
Validation shapes matched: torch.Size([800, 4]) torch.Size([800, 4])
Validation shapes matched: torch.Size([800, 4]) torch.Size([800, 4])
Validation shapes matched: torch.Size([800, 4]) torch.Size([800, 4])
Validation shapes matched: torch.Size([800, 4]) torch.Size([800, 4])
Validation shapes matched: torch.Size([800, 4]) torch.Size([800, 4])
Validation shapes matched: torch.Size([800, 4]) torch.Size([800, 4])
Validation shapes matched: torch.Size([800, 4]) torch.Size([800, 4])Validation shapes matched: torch.Size([800, 4]) torch.Size([800, 4])

Validation shapes matched: torch.Size([800, 4]) torch.Size([800, 4])
Validation shapes matched: torch.Size([800, 4]) torch.Size([800, 4])
Validation shapes matched: torch.Size([800, 4]) torch.Size([800, 4])
Validation shapes matched: torch.Size([800, 4]) torch.Size([800, 4])
Validation shapes matched: torch.Size([800, 4]) torch.Size([800, 4])
Validation shapes matched: torch.Size([800, 4]) torch.Size([800, 4])
Validation shapes matched: torch.Size([800, 4]) torch.Size([800, 4])
Validation shapes matched: torch.Size([800, 4]) torch.Size([800, 4])
Validation shapes matched: torch.Size([800, 4]) torch.Size([800, 4])
Validation shapes matched: torch.Size([800, 4]) torch.Size([800, 4])
Validation shapes matched: torch.Size([800, 4]) torch.Size([800, 4])
Validation shapes matched: torch.Size([800, 4]) torch.Size([800, 4])
Validation shapes matched: torch.Size([800, 4]) torch.Size([800, 4])
Validation shapes matched: torch.Size([800, 4]) torch.Size([800, 4])
Validation shapes matched: torch.Size([800, 4]) torch.Size([800, 4])
Validation shapes matched: torch.Size([800, 4]) torch.Size([800, 4])
Validation shapes matched: torch.Size([800, 4]) torch.Size([800, 4])
Validation shapes matched: torch.Size([800, 4]) torch.Size([800, 4])
Validation shapes matched: torch.Size([800, 4]) torch.Size([800, 4])
Validation shapes matched: torch.Size([800, 4]) torch.Size([800, 4])
Validation shapes matched: torch.Size([400, 4]) torch.Size([400, 4])
Validation shapes matched: torch.Size([400, 4]) torch.Size([400, 4])
Validating Epoch: 53 [10/11] Loss: 1.9540 ━━━━━━━━━━━━━━━━━━━━━━━━━ 100% 0:00:00
Validation shapes matched: torch.Size([400, 4]) torch.Size([400, 4])
Validating Epoch: 53 [10/11] Loss: 2.0025 ━━━━━━━━━━━━━━━━━━━━━━━━━ 100% 0:00:00
Validation shapes matched: torch.Size([400, 4]) torch.Size([400, 4])
Validating Epoch: 53 [10/11] Loss: 1.8898 ━━━━━━━━━━━━━━━━━━━━━━━━━ 100% 0:00:00
Validating Epoch: 53 [10/11] Loss: 2.1318 ━━━━━━━━━━━━━━━━━━━━━━━━━ 100% 0:00:00
Training Epoch: 54 [174/175] Loss: 1.3969 ━━━━━━━━━━━━━━━━━━━━━━━━━ 100% 0:00:00
Training Epoch: 54 [174/175] Loss: 1.3507 ━━━━━━━━━━━━━━━━━━━━━━━━━ 100% 0:00:00
Training Epoch: 54 [174/175] Loss: 1.6945 ━━━━━━━━━━━━━━━━━━━━━━━━━ 100% 0:00:00
Training Epoch: 54 [174/175] Loss: 1.4746 ━━━━━━━━━━━━━━━━━━━━━━━━━ 100% 0:00:00
Validation shapes matched: torch.Size([800, 4]) torch.Size([800, 4])
Validation shapes matched: torch.Size([800, 4]) torch.Size([800, 4])
Validation shapes matched: torch.Size([800, 4]) torch.Size([800, 4])
Validation shapes matched: torch.Size([800, 4]) torch.Size([800, 4])
Validation shapes matched: torch.Size([800, 4]) torch.Size([800, 4])
Validation shapes matched: torch.Size([800, 4]) torch.Size([800, 4])
Validation shapes matched: torch.Size([800, 4]) torch.Size([800, 4])
Validation shapes matched: torch.Size([800, 4]) torch.Size([800, 4])
Validation shapes matched: torch.Size([800, 4]) torch.Size([800, 4])
Validation shapes matched: torch.Size([800, 4]) torch.Size([800, 4])
Validation shapes matched: torch.Size([800, 4]) torch.Size([800, 4])
Validation shapes matched: torch.Size([800, 4]) torch.Size([800, 4])
Validation shapes matched: torch.Size([800, 4]) torch.Size([800, 4])
Validation shapes matched: torch.Size([800, 4]) torch.Size([800, 4])
Validation shapes matched: torch.Size([800, 4]) torch.Size([800, 4])
Validation shapes matched: torch.Size([800, 4]) torch.Size([800, 4])
Validation shapes matched: torch.Size([800, 4]) torch.Size([800, 4])
Validation shapes matched: torch.Size([800, 4]) torch.Size([800, 4])
Validation shapes matched: torch.Size([800, 4]) torch.Size([800, 4])
Validation shapes matched: torch.Size([800, 4]) torch.Size([800, 4])
Validation shapes matched: torch.Size([800, 4]) torch.Size([800, 4])
Validation shapes matched: torch.Size([800, 4]) torch.Size([800, 4])
Validation shapes matched: torch.Size([800, 4]) torch.Size([800, 4])
Validation shapes matched: torch.Size([800, 4]) torch.Size([800, 4])
Validation shapes matched: torch.Size([800, 4]) torch.Size([800, 4])
Validation shapes matched: torch.Size([800, 4]) torch.Size([800, 4])
Validation shapes matched: torch.Size([800, 4]) torch.Size([800, 4])
Validation shapes matched: torch.Size([800, 4]) torch.Size([800, 4])
Validation shapes matched: torch.Size([800, 4]) torch.Size([800, 4])
Validation shapes matched: torch.Size([800, 4]) torch.Size([800, 4])
Validation shapes matched: torch.Size([800, 4]) torch.Size([800, 4])
Validation shapes matched: torch.Size([800, 4]) torch.Size([800, 4])
Validation shapes matched: torch.Size([800, 4]) torch.Size([800, 4])
Validation shapes matched: torch.Size([800, 4]) torch.Size([800, 4])
Validation shapes matched: torch.Size([800, 4]) torch.Size([800, 4])
Validation shapes matched: torch.Size([800, 4]) torch.Size([800, 4])
Validation shapes matched: torch.Size([800, 4]) torch.Size([800, 4])
Validation shapes matched: torch.Size([800, 4]) torch.Size([800, 4])
Validation shapes matched: torch.Size([400, 4]) torch.Size([400, 4])
Validation shapes matched: torch.Size([800, 4]) torch.Size([800, 4])
Validation shapes matched: torch.Size([400, 4]) torch.Size([400, 4])
Validating Epoch: 54 [10/11] Loss: 2.0225 ━━━━━━━━━━━━━━━━━━━━━━━━━ 100% 0:00:00
Validating Epoch: 54 [10/11] Loss: 2.0652 ━━━━━━━━━━━━━━━━━━━━━━━━━ 100% 0:00:00Validation shapes matched: torch.Size([800, 4]) torch.Size([800, 4])

Validation shapes matched: torch.Size([400, 4]) torch.Size([400, 4])
Validation shapes matched: torch.Size([400, 4]) torch.Size([400, 4])
Validating Epoch: 54 [10/11] Loss: 1.9489 ━━━━━━━━━━━━━━━━━━━━━━━━━ 100% 0:00:00
Validating Epoch: 54 [10/11] Loss: 2.0819 ━━━━━━━━━━━━━━━━━━━━━━━━━ 100% 0:00:00
Training Epoch: 55 [174/175] Loss: 1.2774 ━━━━━━━━━━━━━━━━━━━━━━━━━ 100% 0:00:00
Training Epoch: 55 [174/175] Loss: 1.5075 ━━━━━━━━━━━━━━━━━━━━━━━━━ 100% 0:00:00Training Epoch: 55 [174/175] Loss: 1.3961 ━━━━━━━━━━━━━━━━━━━━━━━━━ 100% 0:00:00

Training Epoch: 55 [174/175] Loss: 1.5075 ━━━━━━━━━━━━━━━━━━━━━━━━━ 100% 0:00:00
Validation shapes matched: torch.Size([800, 4]) torch.Size([800, 4])
Validation shapes matched: torch.Size([800, 4]) torch.Size([800, 4])
Validation shapes matched: torch.Size([800, 4]) torch.Size([800, 4])
Validation shapes matched: torch.Size([800, 4]) torch.Size([800, 4])
Validation shapes matched: torch.Size([800, 4]) torch.Size([800, 4])
Validation shapes matched: torch.Size([800, 4]) torch.Size([800, 4])
Validation shapes matched: torch.Size([800, 4]) torch.Size([800, 4])
Validation shapes matched: torch.Size([800, 4]) torch.Size([800, 4])
Validation shapes matched: torch.Size([800, 4]) torch.Size([800, 4])
Validation shapes matched: torch.Size([800, 4]) torch.Size([800, 4])
Validation shapes matched: torch.Size([800, 4]) torch.Size([800, 4])
Validation shapes matched: torch.Size([800, 4]) torch.Size([800, 4])
Validation shapes matched: torch.Size([800, 4]) torch.Size([800, 4])
Validation shapes matched: torch.Size([800, 4]) torch.Size([800, 4])
Validation shapes matched: torch.Size([800, 4]) torch.Size([800, 4])
Validation shapes matched: torch.Size([800, 4]) torch.Size([800, 4])
Validation shapes matched: torch.Size([800, 4]) torch.Size([800, 4])
Validation shapes matched: torch.Size([800, 4]) torch.Size([800, 4])
Validation shapes matched: torch.Size([800, 4]) torch.Size([800, 4])
Validation shapes matched: torch.Size([800, 4]) torch.Size([800, 4])
Validation shapes matched: torch.Size([800, 4]) torch.Size([800, 4])
Validation shapes matched: torch.Size([800, 4]) torch.Size([800, 4])
Validation shapes matched: torch.Size([800, 4]) torch.Size([800, 4])
Validation shapes matched: torch.Size([800, 4]) torch.Size([800, 4])
Validation shapes matched: torch.Size([800, 4]) torch.Size([800, 4])
Validation shapes matched: torch.Size([800, 4]) torch.Size([800, 4])
Validation shapes matched: torch.Size([800, 4]) torch.Size([800, 4])
Validation shapes matched: torch.Size([800, 4]) torch.Size([800, 4])
Validation shapes matched: torch.Size([800, 4]) torch.Size([800, 4])
Validation shapes matched: torch.Size([800, 4]) torch.Size([800, 4])
Validation shapes matched: torch.Size([800, 4]) torch.Size([800, 4])
Validation shapes matched: torch.Size([800, 4]) torch.Size([800, 4])
Validation shapes matched: torch.Size([800, 4]) torch.Size([800, 4])
Validation shapes matched: torch.Size([800, 4]) torch.Size([800, 4])
Validation shapes matched: torch.Size([800, 4]) torch.Size([800, 4])
Validation shapes matched: torch.Size([400, 4]) torch.Size([400, 4])
Validating Epoch: 55 [10/11] Loss: 1.9332 ━━━━━━━━━━━━━━━━━━━━━━━━━ 100% 0:00:00
Validation shapes matched: torch.Size([800, 4]) torch.Size([800, 4])
Validation shapes matched: torch.Size([800, 4]) torch.Size([800, 4])
Validation shapes matched: torch.Size([800, 4]) torch.Size([800, 4])
Validation shapes matched: torch.Size([400, 4]) torch.Size([400, 4])
Validating Epoch: 55 [10/11] Loss: 2.3459 ━━━━━━━━━━━━━━━━━━━━━━━━━ 100% 0:00:00
Validation shapes matched: torch.Size([800, 4]) torch.Size([800, 4])
Validation shapes matched: torch.Size([800, 4]) torch.Size([800, 4])
Validation shapes matched: torch.Size([400, 4]) torch.Size([400, 4])
Validation shapes matched: torch.Size([400, 4]) torch.Size([400, 4])
Validating Epoch: 55 [10/11] Loss: 1.9162 ━━━━━━━━━━━━━━━━━━━━━━━━━ 100% 0:00:00
Validating Epoch: 55 [10/11] Loss: 1.9274 ━━━━━━━━━━━━━━━━━━━━━━━━━ 100% 0:00:00
Training Epoch: 56 [174/175] Loss: 1.4833 ━━━━━━━━━━━━━━━━━━━━━━━━━ 100% 0:00:00
Training Epoch: 56 [174/175] Loss: 1.4280 ━━━━━━━━━━━━━━━━━━━━━━━━━ 100% 0:00:00
Training Epoch: 56 [174/175] Loss: 1.6699 ━━━━━━━━━━━━━━━━━━━━━━━━━ 100% 0:00:00
Training Epoch: 56 [174/175] Loss: 1.6993 ━━━━━━━━━━━━━━━━━━━━━━━━━ 100% 0:00:00
Validation shapes matched: torch.Size([800, 4]) torch.Size([800, 4])
Validation shapes matched: torch.Size([800, 4]) torch.Size([800, 4])
Validation shapes matched: torch.Size([800, 4]) torch.Size([800, 4])
Validation shapes matched: torch.Size([800, 4]) torch.Size([800, 4])
Validation shapes matched: torch.Size([800, 4]) torch.Size([800, 4])
Validation shapes matched: torch.Size([800, 4]) torch.Size([800, 4])
Validation shapes matched: torch.Size([800, 4]) torch.Size([800, 4])
Validation shapes matched: torch.Size([800, 4]) torch.Size([800, 4])
Validation shapes matched: torch.Size([800, 4]) torch.Size([800, 4])
Validation shapes matched: torch.Size([800, 4]) torch.Size([800, 4])
Validation shapes matched: torch.Size([800, 4]) torch.Size([800, 4])
Validation shapes matched: torch.Size([800, 4]) torch.Size([800, 4])
Validation shapes matched: torch.Size([800, 4]) torch.Size([800, 4])
Validation shapes matched: torch.Size([800, 4]) torch.Size([800, 4])
Validation shapes matched: torch.Size([800, 4]) torch.Size([800, 4])
Validation shapes matched: torch.Size([800, 4]) torch.Size([800, 4])
Validation shapes matched: torch.Size([800, 4]) torch.Size([800, 4])
Validation shapes matched: torch.Size([800, 4]) torch.Size([800, 4])
Validation shapes matched: torch.Size([800, 4]) torch.Size([800, 4])
Validation shapes matched: torch.Size([800, 4]) torch.Size([800, 4])
Validation shapes matched: torch.Size([800, 4]) torch.Size([800, 4])
Validation shapes matched: torch.Size([800, 4]) torch.Size([800, 4])
Validation shapes matched: torch.Size([800, 4]) torch.Size([800, 4])
Validation shapes matched: torch.Size([800, 4]) torch.Size([800, 4])
Validation shapes matched: torch.Size([800, 4]) torch.Size([800, 4])
Validation shapes matched: torch.Size([800, 4]) torch.Size([800, 4])Validation shapes matched: torch.Size([800, 4]) torch.Size([800, 4])

Validation shapes matched: torch.Size([800, 4]) torch.Size([800, 4])
Validation shapes matched: torch.Size([800, 4]) torch.Size([800, 4])
Validation shapes matched: torch.Size([800, 4]) torch.Size([800, 4])
Validation shapes matched: torch.Size([800, 4]) torch.Size([800, 4])
Validation shapes matched: torch.Size([800, 4]) torch.Size([800, 4])
Validation shapes matched: torch.Size([800, 4]) torch.Size([800, 4])
Validation shapes matched: torch.Size([800, 4]) torch.Size([800, 4])
Validation shapes matched: torch.Size([800, 4]) torch.Size([800, 4])
Validation shapes matched: torch.Size([800, 4]) torch.Size([800, 4])
Validation shapes matched: torch.Size([800, 4]) torch.Size([800, 4])
Validation shapes matched: torch.Size([800, 4]) torch.Size([800, 4])
Validation shapes matched: torch.Size([800, 4]) torch.Size([800, 4])
Validation shapes matched: torch.Size([800, 4]) torch.Size([800, 4])
Validation shapes matched: torch.Size([400, 4]) torch.Size([400, 4])
Validation shapes matched: torch.Size([400, 4]) torch.Size([400, 4])
Validation shapes matched: torch.Size([400, 4]) torch.Size([400, 4])
Validating Epoch: 56 [10/11] Loss: 1.9074 ━━━━━━━━━━━━━━━━━━━━━━━━━ 100% 0:00:00
Validating Epoch: 56 [10/11] Loss: 2.0551 ━━━━━━━━━━━━━━━━━━━━━━━━━ 100% 0:00:00Validating Epoch: 56 [10/11] Loss: 2.0250 ━━━━━━━━━━━━━━━━━━━━━━━━━ 100% 0:00:00

Validation shapes matched: torch.Size([400, 4]) torch.Size([400, 4])
Validating Epoch: 56 [10/11] Loss: 2.1620 ━━━━━━━━━━━━━━━━━━━━━━━━━ 100% 0:00:00
Training Epoch: 57 [174/175] Loss: 1.2903 ━━━━━━━━━━━━━━━━━━━━━━━━━ 100% 0:00:00
Training Epoch: 57 [174/175] Loss: 1.3743 ━━━━━━━━━━━━━━━━━━━━━━━━━ 100% 0:00:00
Training Epoch: 57 [174/175] Loss: 1.6733 ━━━━━━━━━━━━━━━━━━━━━━━━━ 100% 0:00:00
Training Epoch: 57 [174/175] Loss: 1.5775 ━━━━━━━━━━━━━━━━━━━━━━━━━ 100% 0:00:00
Validation shapes matched: torch.Size([800, 4]) torch.Size([800, 4])
Validation shapes matched: torch.Size([800, 4]) torch.Size([800, 4])
Validation shapes matched: torch.Size([800, 4]) torch.Size([800, 4])
Validation shapes matched: torch.Size([800, 4]) torch.Size([800, 4])
Validation shapes matched: torch.Size([800, 4]) torch.Size([800, 4])
Validation shapes matched: torch.Size([800, 4]) torch.Size([800, 4])
Validation shapes matched: torch.Size([800, 4]) torch.Size([800, 4])
Validation shapes matched: torch.Size([800, 4]) torch.Size([800, 4])
Validation shapes matched: torch.Size([800, 4]) torch.Size([800, 4])
Validation shapes matched: torch.Size([800, 4]) torch.Size([800, 4])
Validation shapes matched: torch.Size([800, 4]) torch.Size([800, 4])
Validation shapes matched: torch.Size([800, 4]) torch.Size([800, 4])
Validation shapes matched: torch.Size([800, 4]) torch.Size([800, 4])
Validation shapes matched: torch.Size([800, 4]) torch.Size([800, 4])
Validation shapes matched: torch.Size([800, 4]) torch.Size([800, 4])
Validation shapes matched: torch.Size([800, 4]) torch.Size([800, 4])
Validation shapes matched: torch.Size([800, 4]) torch.Size([800, 4])
Validation shapes matched: torch.Size([800, 4]) torch.Size([800, 4])
Validation shapes matched: torch.Size([800, 4]) torch.Size([800, 4])
Validation shapes matched: torch.Size([800, 4]) torch.Size([800, 4])
Validation shapes matched: torch.Size([800, 4]) torch.Size([800, 4])
Validation shapes matched: torch.Size([800, 4]) torch.Size([800, 4])
Validation shapes matched: torch.Size([800, 4]) torch.Size([800, 4])
Validation shapes matched: torch.Size([800, 4]) torch.Size([800, 4])
Validation shapes matched: torch.Size([800, 4]) torch.Size([800, 4])
Validation shapes matched: torch.Size([800, 4]) torch.Size([800, 4])
Validation shapes matched: torch.Size([800, 4]) torch.Size([800, 4])
Validation shapes matched: torch.Size([800, 4]) torch.Size([800, 4])
Validation shapes matched: torch.Size([800, 4]) torch.Size([800, 4])
Validation shapes matched: torch.Size([800, 4]) torch.Size([800, 4])
Validation shapes matched: torch.Size([800, 4]) torch.Size([800, 4])
Validation shapes matched: torch.Size([800, 4]) torch.Size([800, 4])
Validation shapes matched: torch.Size([800, 4]) torch.Size([800, 4])
Validation shapes matched: torch.Size([800, 4]) torch.Size([800, 4])
Validation shapes matched: torch.Size([800, 4]) torch.Size([800, 4])
Validation shapes matched: torch.Size([800, 4]) torch.Size([800, 4])
Validation shapes matched: torch.Size([800, 4]) torch.Size([800, 4])
Validation shapes matched: torch.Size([400, 4]) torch.Size([400, 4])
Validating Epoch: 57 [10/11] Loss: 2.2837 ━━━━━━━━━━━━━━━━━━━━━━━━━ 100% 0:00:00
Validation shapes matched: torch.Size([800, 4]) torch.Size([800, 4])
Validation shapes matched: torch.Size([800, 4]) torch.Size([800, 4])
Validation shapes matched: torch.Size([800, 4]) torch.Size([800, 4])
Validation shapes matched: torch.Size([400, 4]) torch.Size([400, 4])
Validating Epoch: 57 [10/11] Loss: 1.9763 ━━━━━━━━━━━━━━━━━━━━━━━━━ 100% 0:00:00
Validation shapes matched: torch.Size([400, 4]) torch.Size([400, 4])
Validation shapes matched: torch.Size([400, 4]) torch.Size([400, 4])
Validating Epoch: 57 [10/11] Loss: 2.0526 ━━━━━━━━━━━━━━━━━━━━━━━━━ 100% 0:00:00
Validating Epoch: 57 [10/11] Loss: 1.9063 ━━━━━━━━━━━━━━━━━━━━━━━━━ 100% 0:00:00
Training Epoch: 58 [174/175] Loss: 1.3450 ━━━━━━━━━━━━━━━━━━━━━━━━━ 100% 0:00:00
Training Epoch: 58 [174/175] Loss: 1.6614 ━━━━━━━━━━━━━━━━━━━━━━━━━ 100% 0:00:00
Training Epoch: 58 [174/175] Loss: 1.3916 ━━━━━━━━━━━━━━━━━━━━━━━━━ 100% 0:00:00
Training Epoch: 58 [174/175] Loss: 1.4876 ━━━━━━━━━━━━━━━━━━━━━━━━━ 100% 0:00:00
Validation shapes matched: torch.Size([800, 4]) torch.Size([800, 4])
Validation shapes matched: torch.Size([800, 4]) torch.Size([800, 4])
Validation shapes matched: torch.Size([800, 4]) torch.Size([800, 4])
Validation shapes matched: torch.Size([800, 4]) torch.Size([800, 4])
Validation shapes matched: torch.Size([800, 4]) torch.Size([800, 4])
Validation shapes matched: torch.Size([800, 4]) torch.Size([800, 4])
Validation shapes matched: torch.Size([800, 4]) torch.Size([800, 4])
Validation shapes matched: torch.Size([800, 4]) torch.Size([800, 4])
Validation shapes matched: torch.Size([800, 4]) torch.Size([800, 4])
Validation shapes matched: torch.Size([800, 4]) torch.Size([800, 4])
Validation shapes matched: torch.Size([800, 4]) torch.Size([800, 4])
Validation shapes matched: torch.Size([800, 4]) torch.Size([800, 4])
Validation shapes matched: torch.Size([800, 4]) torch.Size([800, 4])
Validation shapes matched: torch.Size([800, 4]) torch.Size([800, 4])
Validation shapes matched: torch.Size([800, 4]) torch.Size([800, 4])
Validation shapes matched: torch.Size([800, 4]) torch.Size([800, 4])
Validation shapes matched: torch.Size([800, 4]) torch.Size([800, 4])
Validation shapes matched: torch.Size([800, 4]) torch.Size([800, 4])
Validation shapes matched: torch.Size([800, 4]) torch.Size([800, 4])
Validation shapes matched: torch.Size([800, 4]) torch.Size([800, 4])
Validation shapes matched: torch.Size([800, 4]) torch.Size([800, 4])
Validation shapes matched: torch.Size([800, 4]) torch.Size([800, 4])
Validation shapes matched: torch.Size([800, 4]) torch.Size([800, 4])
Validation shapes matched: torch.Size([800, 4]) torch.Size([800, 4])
Validation shapes matched: torch.Size([800, 4]) torch.Size([800, 4])
Validation shapes matched: torch.Size([800, 4]) torch.Size([800, 4])
Validation shapes matched: torch.Size([800, 4]) torch.Size([800, 4])
Validation shapes matched: torch.Size([800, 4]) torch.Size([800, 4])
Validation shapes matched: torch.Size([800, 4]) torch.Size([800, 4])
Validation shapes matched: torch.Size([800, 4]) torch.Size([800, 4])
Validation shapes matched: torch.Size([800, 4]) torch.Size([800, 4])
Validation shapes matched: torch.Size([800, 4]) torch.Size([800, 4])
Validation shapes matched: torch.Size([800, 4]) torch.Size([800, 4])
Validation shapes matched: torch.Size([800, 4]) torch.Size([800, 4])
Validation shapes matched: torch.Size([800, 4]) torch.Size([800, 4])
Validation shapes matched: torch.Size([800, 4]) torch.Size([800, 4])
Validation shapes matched: torch.Size([800, 4]) torch.Size([800, 4])
Validation shapes matched: torch.Size([800, 4]) torch.Size([800, 4])
Validation shapes matched: torch.Size([800, 4]) torch.Size([800, 4])
Validation shapes matched: torch.Size([800, 4]) torch.Size([800, 4])
Validation shapes matched: torch.Size([400, 4]) torch.Size([400, 4])
Validation shapes matched: torch.Size([400, 4]) torch.Size([400, 4])
Validation shapes matched: torch.Size([400, 4]) torch.Size([400, 4])
Validation shapes matched: torch.Size([400, 4]) torch.Size([400, 4])Validating Epoch: 58 [10/11] Loss: 2.0108 ━━━━━━━━━━━━━━━━━━━━━━━━━ 100% 0:00:00

Validating Epoch: 58 [10/11] Loss: 1.8928 ━━━━━━━━━━━━━━━━━━━━━━━━━ 100% 0:00:00
Validating Epoch: 58 [10/11] Loss: 2.1666 ━━━━━━━━━━━━━━━━━━━━━━━━━ 100% 0:00:00
Validating Epoch: 58 [10/11] Loss: 1.9878 ━━━━━━━━━━━━━━━━━━━━━━━━━ 100% 0:00:00
Training Epoch: 59 [174/175] Loss: 1.6164 ━━━━━━━━━━━━━━━━━━━━━━━━━ 100% 0:00:00
Training Epoch: 59 [174/175] Loss: 1.2546 ━━━━━━━━━━━━━━━━━━━━━━━━━ 100% 0:00:00
Training Epoch: 59 [174/175] Loss: 1.4025 ━━━━━━━━━━━━━━━━━━━━━━━━━ 100% 0:00:00
Training Epoch: 59 [174/175] Loss: 1.4440 ━━━━━━━━━━━━━━━━━━━━━━━━━ 100% 0:00:00
Validation shapes matched: torch.Size([800, 4]) torch.Size([800, 4])
Validation shapes matched: torch.Size([800, 4]) torch.Size([800, 4])
Validation shapes matched: torch.Size([800, 4]) torch.Size([800, 4])
Validation shapes matched: torch.Size([800, 4]) torch.Size([800, 4])
Validation shapes matched: torch.Size([800, 4]) torch.Size([800, 4])
Validation shapes matched: torch.Size([800, 4]) torch.Size([800, 4])Validation shapes matched: torch.Size([800, 4]) torch.Size([800, 4])

Validation shapes matched: torch.Size([800, 4]) torch.Size([800, 4])
Validation shapes matched: torch.Size([800, 4]) torch.Size([800, 4])
Validation shapes matched: torch.Size([800, 4]) torch.Size([800, 4])Validation shapes matched: torch.Size([800, 4]) torch.Size([800, 4])

Validation shapes matched: torch.Size([800, 4]) torch.Size([800, 4])
Validation shapes matched: torch.Size([800, 4]) torch.Size([800, 4])
Validation shapes matched: torch.Size([800, 4]) torch.Size([800, 4])
Validation shapes matched: torch.Size([800, 4]) torch.Size([800, 4])
Validation shapes matched: torch.Size([800, 4]) torch.Size([800, 4])
Validation shapes matched: torch.Size([800, 4]) torch.Size([800, 4])
Validation shapes matched: torch.Size([800, 4]) torch.Size([800, 4])
Validation shapes matched: torch.Size([800, 4]) torch.Size([800, 4])
Validation shapes matched: torch.Size([800, 4]) torch.Size([800, 4])
Validation shapes matched: torch.Size([800, 4]) torch.Size([800, 4])
Validation shapes matched: torch.Size([800, 4]) torch.Size([800, 4])
Validation shapes matched: torch.Size([800, 4]) torch.Size([800, 4])
Validation shapes matched: torch.Size([800, 4]) torch.Size([800, 4])
Validation shapes matched: torch.Size([800, 4]) torch.Size([800, 4])
Validation shapes matched: torch.Size([800, 4]) torch.Size([800, 4])
Validation shapes matched: torch.Size([800, 4]) torch.Size([800, 4])
Validation shapes matched: torch.Size([800, 4]) torch.Size([800, 4])
Validation shapes matched: torch.Size([800, 4]) torch.Size([800, 4])
Validation shapes matched: torch.Size([800, 4]) torch.Size([800, 4])
Validation shapes matched: torch.Size([800, 4]) torch.Size([800, 4])Validation shapes matched: torch.Size([800, 4]) torch.Size([800, 4])

Validation shapes matched: torch.Size([800, 4]) torch.Size([800, 4])
Validation shapes matched: torch.Size([800, 4]) torch.Size([800, 4])
Validation shapes matched: torch.Size([800, 4]) torch.Size([800, 4])
Validation shapes matched: torch.Size([800, 4]) torch.Size([800, 4])
Validation shapes matched: torch.Size([800, 4]) torch.Size([800, 4])
Validation shapes matched: torch.Size([800, 4]) torch.Size([800, 4])
Validation shapes matched: torch.Size([800, 4]) torch.Size([800, 4])
Validation shapes matched: torch.Size([800, 4]) torch.Size([800, 4])
Validation shapes matched: torch.Size([400, 4]) torch.Size([400, 4])
Validation shapes matched: torch.Size([400, 4]) torch.Size([400, 4])
Validation shapes matched: torch.Size([400, 4]) torch.Size([400, 4])
Validating Epoch: 59 [10/11] Loss: 1.9591 ━━━━━━━━━━━━━━━━━━━━━━━━━ 100% 0:00:00
Validation shapes matched: torch.Size([400, 4]) torch.Size([400, 4])
Validating Epoch: 59 [10/11] Loss: 2.0042 ━━━━━━━━━━━━━━━━━━━━━━━━━ 100% 0:00:00
Validating Epoch: 59 [10/11] Loss: 1.9941 ━━━━━━━━━━━━━━━━━━━━━━━━━ 100% 0:00:00
Validating Epoch: 59 [10/11] Loss: 1.9969 ━━━━━━━━━━━━━━━━━━━━━━━━━ 100% 0:00:00
Training Epoch: 60 [174/175] Loss: 1.5097 ━━━━━━━━━━━━━━━━━━━━━━━━━ 100% 0:00:00
Training Epoch: 60 [174/175] Loss: 1.6232 ━━━━━━━━━━━━━━━━━━━━━━━━━ 100% 0:00:00Training Epoch: 60 [174/175] Loss: 1.4860 ━━━━━━━━━━━━━━━━━━━━━━━━━ 100% 0:00:00

Training Epoch: 60 [174/175] Loss: 1.5900 ━━━━━━━━━━━━━━━━━━━━━━━━━ 100% 0:00:00
Validation shapes matched: torch.Size([800, 4]) torch.Size([800, 4])
Validation shapes matched: torch.Size([800, 4]) torch.Size([800, 4])
Validation shapes matched: torch.Size([800, 4]) torch.Size([800, 4])
Validation shapes matched: torch.Size([800, 4]) torch.Size([800, 4])
Validation shapes matched: torch.Size([800, 4]) torch.Size([800, 4])
Validation shapes matched: torch.Size([800, 4]) torch.Size([800, 4])
Validation shapes matched: torch.Size([800, 4]) torch.Size([800, 4])
Validation shapes matched: torch.Size([800, 4]) torch.Size([800, 4])
Validation shapes matched: torch.Size([800, 4]) torch.Size([800, 4])
Validation shapes matched: torch.Size([800, 4]) torch.Size([800, 4])
Validation shapes matched: torch.Size([800, 4]) torch.Size([800, 4])
Validation shapes matched: torch.Size([800, 4]) torch.Size([800, 4])
Validation shapes matched: torch.Size([800, 4]) torch.Size([800, 4])
Validation shapes matched: torch.Size([800, 4]) torch.Size([800, 4])
Validation shapes matched: torch.Size([800, 4]) torch.Size([800, 4])
Validation shapes matched: torch.Size([800, 4]) torch.Size([800, 4])
Validation shapes matched: torch.Size([800, 4]) torch.Size([800, 4])
Validation shapes matched: torch.Size([800, 4]) torch.Size([800, 4])
Validation shapes matched: torch.Size([800, 4]) torch.Size([800, 4])
Validation shapes matched: torch.Size([800, 4]) torch.Size([800, 4])
Validation shapes matched: torch.Size([800, 4]) torch.Size([800, 4])
Validation shapes matched: torch.Size([800, 4]) torch.Size([800, 4])
Validation shapes matched: torch.Size([800, 4]) torch.Size([800, 4])
Validation shapes matched: torch.Size([800, 4]) torch.Size([800, 4])
Validation shapes matched: torch.Size([800, 4]) torch.Size([800, 4])
Validation shapes matched: torch.Size([800, 4]) torch.Size([800, 4])
Validation shapes matched: torch.Size([800, 4]) torch.Size([800, 4])
Validation shapes matched: torch.Size([800, 4]) torch.Size([800, 4])
Validation shapes matched: torch.Size([800, 4]) torch.Size([800, 4])
Validation shapes matched: torch.Size([800, 4]) torch.Size([800, 4])
Validation shapes matched: torch.Size([800, 4]) torch.Size([800, 4])
Validation shapes matched: torch.Size([800, 4]) torch.Size([800, 4])
Validation shapes matched: torch.Size([800, 4]) torch.Size([800, 4])
Validation shapes matched: torch.Size([800, 4]) torch.Size([800, 4])
Validation shapes matched: torch.Size([800, 4]) torch.Size([800, 4])
Validation shapes matched: torch.Size([800, 4]) torch.Size([800, 4])
Validation shapes matched: torch.Size([800, 4]) torch.Size([800, 4])
Validation shapes matched: torch.Size([800, 4]) torch.Size([800, 4])
Validation shapes matched: torch.Size([800, 4]) torch.Size([800, 4])
Validation shapes matched: torch.Size([800, 4]) torch.Size([800, 4])
Validation shapes matched: torch.Size([400, 4]) torch.Size([400, 4])
Validating Epoch: 60 [10/11] Loss: 1.9953 ━━━━━━━━━━━━━━━━━━━━━━━━━ 100% 0:00:00
Validation shapes matched: torch.Size([400, 4]) torch.Size([400, 4])
Validating Epoch: 60 [10/11] Loss: 1.9421 ━━━━━━━━━━━━━━━━━━━━━━━━━ 100% 0:00:00
Validation shapes matched: torch.Size([400, 4]) torch.Size([400, 4])
Validation shapes matched: torch.Size([400, 4]) torch.Size([400, 4])
Validating Epoch: 60 [10/11] Loss: 1.8875 ━━━━━━━━━━━━━━━━━━━━━━━━━ 100% 0:00:00
Validating Epoch: 60 [10/11] Loss: 1.8997 ━━━━━━━━━━━━━━━━━━━━━━━━━ 100% 0:00:00
Training Epoch: 61 [174/175] Loss: 1.5518 ━━━━━━━━━━━━━━━━━━━━━━━━━ 100% 0:00:00
Training Epoch: 61 [174/175] Loss: 1.5375 ━━━━━━━━━━━━━━━━━━━━━━━━━ 100% 0:00:00
Training Epoch: 61 [174/175] Loss: 1.5268 ━━━━━━━━━━━━━━━━━━━━━━━━━ 100% 0:00:00
Training Epoch: 61 [174/175] Loss: 1.5605 ━━━━━━━━━━━━━━━━━━━━━━━━━ 100% 0:00:00
Validation shapes matched: torch.Size([800, 4]) torch.Size([800, 4])
Validation shapes matched: torch.Size([800, 4]) torch.Size([800, 4])
Validation shapes matched: torch.Size([800, 4]) torch.Size([800, 4])
Validation shapes matched: torch.Size([800, 4]) torch.Size([800, 4])
Validation shapes matched: torch.Size([800, 4]) torch.Size([800, 4])
Validation shapes matched: torch.Size([800, 4]) torch.Size([800, 4])
Validation shapes matched: torch.Size([800, 4]) torch.Size([800, 4])
Validation shapes matched: torch.Size([800, 4]) torch.Size([800, 4])
Validation shapes matched: torch.Size([800, 4]) torch.Size([800, 4])
Validation shapes matched: torch.Size([800, 4]) torch.Size([800, 4])
Validation shapes matched: torch.Size([800, 4]) torch.Size([800, 4])
Validation shapes matched: torch.Size([800, 4]) torch.Size([800, 4])
Validation shapes matched: torch.Size([800, 4]) torch.Size([800, 4])
Validation shapes matched: torch.Size([800, 4]) torch.Size([800, 4])
Validation shapes matched: torch.Size([800, 4]) torch.Size([800, 4])
Validation shapes matched: torch.Size([800, 4]) torch.Size([800, 4])
Validation shapes matched: torch.Size([800, 4]) torch.Size([800, 4])
Validation shapes matched: torch.Size([800, 4]) torch.Size([800, 4])
Validation shapes matched: torch.Size([800, 4]) torch.Size([800, 4])
Validation shapes matched: torch.Size([800, 4]) torch.Size([800, 4])
Validation shapes matched: torch.Size([800, 4]) torch.Size([800, 4])
Validation shapes matched: torch.Size([800, 4]) torch.Size([800, 4])
Validation shapes matched: torch.Size([800, 4]) torch.Size([800, 4])
Validation shapes matched: torch.Size([800, 4]) torch.Size([800, 4])
Validation shapes matched: torch.Size([800, 4]) torch.Size([800, 4])
Validation shapes matched: torch.Size([800, 4]) torch.Size([800, 4])
Validation shapes matched: torch.Size([800, 4]) torch.Size([800, 4])
Validation shapes matched: torch.Size([800, 4]) torch.Size([800, 4])
Validation shapes matched: torch.Size([800, 4]) torch.Size([800, 4])
Validation shapes matched: torch.Size([800, 4]) torch.Size([800, 4])
Validation shapes matched: torch.Size([800, 4]) torch.Size([800, 4])
Validation shapes matched: torch.Size([800, 4]) torch.Size([800, 4])
Validation shapes matched: torch.Size([800, 4]) torch.Size([800, 4])
Validation shapes matched: torch.Size([800, 4]) torch.Size([800, 4])
Validation shapes matched: torch.Size([800, 4]) torch.Size([800, 4])
Validation shapes matched: torch.Size([800, 4]) torch.Size([800, 4])
Validation shapes matched: torch.Size([800, 4]) torch.Size([800, 4])
Validation shapes matched: torch.Size([400, 4]) torch.Size([400, 4])
Validating Epoch: 61 [10/11] Loss: 2.0672 ━━━━━━━━━━━━━━━━━━━━━━━━━ 100% 0:00:00
Validation shapes matched: torch.Size([800, 4]) torch.Size([800, 4])
Validation shapes matched: torch.Size([800, 4]) torch.Size([800, 4])
Validation shapes matched: torch.Size([800, 4]) torch.Size([800, 4])
Validation shapes matched: torch.Size([400, 4]) torch.Size([400, 4])
Validating Epoch: 61 [10/11] Loss: 1.8985 ━━━━━━━━━━━━━━━━━━━━━━━━━ 100% 0:00:00
Validation shapes matched: torch.Size([400, 4]) torch.Size([400, 4])
Validation shapes matched: torch.Size([400, 4]) torch.Size([400, 4])
Validating Epoch: 61 [10/11] Loss: 2.0477 ━━━━━━━━━━━━━━━━━━━━━━━━━ 100% 0:00:00
Validating Epoch: 61 [10/11] Loss: 2.1315 ━━━━━━━━━━━━━━━━━━━━━━━━━ 100% 0:00:00
Training Epoch: 62 [174/175] Loss: 1.6067 ━━━━━━━━━━━━━━━━━━━━━━━━━ 100% 0:00:00
Training Epoch: 62 [174/175] Loss: 1.5405 ━━━━━━━━━━━━━━━━━━━━━━━━━ 100% 0:00:00
Training Epoch: 62 [174/175] Loss: 1.3711 ━━━━━━━━━━━━━━━━━━━━━━━━━ 100% 0:00:00
Training Epoch: 62 [174/175] Loss: 1.6374 ━━━━━━━━━━━━━━━━━━━━━━━━━ 100% 0:00:00
Validation shapes matched: torch.Size([800, 4]) torch.Size([800, 4])
Validation shapes matched: torch.Size([800, 4]) torch.Size([800, 4])
Validation shapes matched: torch.Size([800, 4]) torch.Size([800, 4])
Validation shapes matched: torch.Size([800, 4]) torch.Size([800, 4])
Validation shapes matched: torch.Size([800, 4]) torch.Size([800, 4])
Validation shapes matched: torch.Size([800, 4]) torch.Size([800, 4])
Validation shapes matched: torch.Size([800, 4]) torch.Size([800, 4])
Validation shapes matched: torch.Size([800, 4]) torch.Size([800, 4])
Validation shapes matched: torch.Size([800, 4]) torch.Size([800, 4])
Validation shapes matched: torch.Size([800, 4]) torch.Size([800, 4])
Validation shapes matched: torch.Size([800, 4]) torch.Size([800, 4])
Validation shapes matched: torch.Size([800, 4]) torch.Size([800, 4])
Validation shapes matched: torch.Size([800, 4]) torch.Size([800, 4])
Validation shapes matched: torch.Size([800, 4]) torch.Size([800, 4])
Validation shapes matched: torch.Size([800, 4]) torch.Size([800, 4])
Validation shapes matched: torch.Size([800, 4]) torch.Size([800, 4])
Validation shapes matched: torch.Size([800, 4]) torch.Size([800, 4])
Validation shapes matched: torch.Size([800, 4]) torch.Size([800, 4])
Validation shapes matched: torch.Size([800, 4]) torch.Size([800, 4])
Validation shapes matched: torch.Size([800, 4]) torch.Size([800, 4])
Validation shapes matched: torch.Size([800, 4]) torch.Size([800, 4])
Validation shapes matched: torch.Size([800, 4]) torch.Size([800, 4])
Validation shapes matched: torch.Size([800, 4]) torch.Size([800, 4])
Validation shapes matched: torch.Size([800, 4]) torch.Size([800, 4])
Validation shapes matched: torch.Size([800, 4]) torch.Size([800, 4])
Validation shapes matched: torch.Size([800, 4]) torch.Size([800, 4])
Validation shapes matched: torch.Size([800, 4]) torch.Size([800, 4])
Validation shapes matched: torch.Size([800, 4]) torch.Size([800, 4])
Validation shapes matched: torch.Size([800, 4]) torch.Size([800, 4])
Validation shapes matched: torch.Size([800, 4]) torch.Size([800, 4])
Validation shapes matched: torch.Size([800, 4]) torch.Size([800, 4])
Validation shapes matched: torch.Size([800, 4]) torch.Size([800, 4])
Validation shapes matched: torch.Size([800, 4]) torch.Size([800, 4])
Validation shapes matched: torch.Size([800, 4]) torch.Size([800, 4])
Validation shapes matched: torch.Size([800, 4]) torch.Size([800, 4])
Validation shapes matched: torch.Size([800, 4]) torch.Size([800, 4])
Validation shapes matched: torch.Size([800, 4]) torch.Size([800, 4])
Validation shapes matched: torch.Size([800, 4]) torch.Size([800, 4])
Validation shapes matched: torch.Size([800, 4]) torch.Size([800, 4])
Validation shapes matched: torch.Size([800, 4]) torch.Size([800, 4])
Validation shapes matched: torch.Size([400, 4]) torch.Size([400, 4])
Validation shapes matched: torch.Size([400, 4]) torch.Size([400, 4])
Validating Epoch: 62 [10/11] Loss: 2.0008 ━━━━━━━━━━━━━━━━━━━━━━━━━ 100% 0:00:00
Validating Epoch: 62 [10/11] Loss: 1.9846 ━━━━━━━━━━━━━━━━━━━━━━━━━ 100% 0:00:00
Validation shapes matched: torch.Size([400, 4]) torch.Size([400, 4])
Validating Epoch: 62 [10/11] Loss: 2.0000 ━━━━━━━━━━━━━━━━━━━━━━━━━ 100% 0:00:00
Validation shapes matched: torch.Size([400, 4]) torch.Size([400, 4])
Validating Epoch: 62 [10/11] Loss: 1.9254 ━━━━━━━━━━━━━━━━━━━━━━━━━ 100% 0:00:00
Training Epoch: 63 [174/175] Loss: 1.6494 ━━━━━━━━━━━━━━━━━━━━━━━━━ 100% 0:00:00
Training Epoch: 63 [174/175] Loss: 1.4130 ━━━━━━━━━━━━━━━━━━━━━━━━━ 100% 0:00:00Training Epoch: 63 [174/175] Loss: 1.6166 ━━━━━━━━━━━━━━━━━━━━━━━━━ 100% 0:00:00

Training Epoch: 63 [174/175] Loss: 1.6521 ━━━━━━━━━━━━━━━━━━━━━━━━━ 100% 0:00:00
Validation shapes matched: torch.Size([800, 4]) torch.Size([800, 4])
Validation shapes matched: torch.Size([800, 4]) torch.Size([800, 4])
Validation shapes matched: torch.Size([800, 4]) torch.Size([800, 4])
Validation shapes matched: torch.Size([800, 4]) torch.Size([800, 4])
Validation shapes matched: torch.Size([800, 4]) torch.Size([800, 4])
Validation shapes matched: torch.Size([800, 4]) torch.Size([800, 4])
Validation shapes matched: torch.Size([800, 4]) torch.Size([800, 4])
Validation shapes matched: torch.Size([800, 4]) torch.Size([800, 4])
Validation shapes matched: torch.Size([800, 4]) torch.Size([800, 4])
Validation shapes matched: torch.Size([800, 4]) torch.Size([800, 4])
Validation shapes matched: torch.Size([800, 4]) torch.Size([800, 4])
Validation shapes matched: torch.Size([800, 4]) torch.Size([800, 4])
Validation shapes matched: torch.Size([800, 4]) torch.Size([800, 4])
Validation shapes matched: torch.Size([800, 4]) torch.Size([800, 4])
Validation shapes matched: torch.Size([800, 4]) torch.Size([800, 4])
Validation shapes matched: torch.Size([800, 4]) torch.Size([800, 4])
Validation shapes matched: torch.Size([800, 4]) torch.Size([800, 4])
Validation shapes matched: torch.Size([800, 4]) torch.Size([800, 4])
Validation shapes matched: torch.Size([800, 4]) torch.Size([800, 4])
Validation shapes matched: torch.Size([800, 4]) torch.Size([800, 4])
Validation shapes matched: torch.Size([800, 4]) torch.Size([800, 4])
Validation shapes matched: torch.Size([800, 4]) torch.Size([800, 4])
Validation shapes matched: torch.Size([800, 4]) torch.Size([800, 4])
Validation shapes matched: torch.Size([800, 4]) torch.Size([800, 4])
Validation shapes matched: torch.Size([800, 4]) torch.Size([800, 4])
Validation shapes matched: torch.Size([800, 4]) torch.Size([800, 4])
Validation shapes matched: torch.Size([800, 4]) torch.Size([800, 4])
Validation shapes matched: torch.Size([800, 4]) torch.Size([800, 4])
Validation shapes matched: torch.Size([800, 4]) torch.Size([800, 4])
Validation shapes matched: torch.Size([800, 4]) torch.Size([800, 4])
Validation shapes matched: torch.Size([800, 4]) torch.Size([800, 4])
Validation shapes matched: torch.Size([800, 4]) torch.Size([800, 4])
Validation shapes matched: torch.Size([800, 4]) torch.Size([800, 4])
Validation shapes matched: torch.Size([800, 4]) torch.Size([800, 4])
Validation shapes matched: torch.Size([400, 4]) torch.Size([400, 4])
Validation shapes matched: torch.Size([400, 4]) torch.Size([400, 4])
Validating Epoch: 63 [10/11] Loss: 2.0036 ━━━━━━━━━━━━━━━━━━━━━━━━━ 100% 0:00:00
Validating Epoch: 63 [10/11] Loss: 2.0064 ━━━━━━━━━━━━━━━━━━━━━━━━━ 100% 0:00:00
Validation shapes matched: torch.Size([800, 4]) torch.Size([800, 4])
Validation shapes matched: torch.Size([800, 4]) torch.Size([800, 4])
Validation shapes matched: torch.Size([800, 4]) torch.Size([800, 4])
Validation shapes matched: torch.Size([800, 4]) torch.Size([800, 4])
Validation shapes matched: torch.Size([800, 4]) torch.Size([800, 4])
Validation shapes matched: torch.Size([800, 4]) torch.Size([800, 4])
Validation shapes matched: torch.Size([400, 4]) torch.Size([400, 4])
Validation shapes matched: torch.Size([400, 4]) torch.Size([400, 4])
Validating Epoch: 63 [10/11] Loss: 2.0540 ━━━━━━━━━━━━━━━━━━━━━━━━━ 100% 0:00:00
Validating Epoch: 63 [10/11] Loss: 1.9614 ━━━━━━━━━━━━━━━━━━━━━━━━━ 100% 0:00:00
Training Epoch: 64 [174/175] Loss: 1.2874 ━━━━━━━━━━━━━━━━━━━━━━━━━ 100% 0:00:00
Training Epoch: 64 [174/175] Loss: 1.6957 ━━━━━━━━━━━━━━━━━━━━━━━━━ 100% 0:00:00Training Epoch: 64 [174/175] Loss: 1.2298 ━━━━━━━━━━━━━━━━━━━━━━━━━ 100% 0:00:00

Training Epoch: 64 [174/175] Loss: 1.5443 ━━━━━━━━━━━━━━━━━━━━━━━━━ 100% 0:00:00
Validation shapes matched: torch.Size([800, 4]) torch.Size([800, 4])
Validation shapes matched: torch.Size([800, 4]) torch.Size([800, 4])
Validation shapes matched: torch.Size([800, 4]) torch.Size([800, 4])
Validation shapes matched: torch.Size([800, 4]) torch.Size([800, 4])
Validation shapes matched: torch.Size([800, 4]) torch.Size([800, 4])
Validation shapes matched: torch.Size([800, 4]) torch.Size([800, 4])
Validation shapes matched: torch.Size([800, 4]) torch.Size([800, 4])
Validation shapes matched: torch.Size([800, 4]) torch.Size([800, 4])
Validation shapes matched: torch.Size([800, 4]) torch.Size([800, 4])
Validation shapes matched: torch.Size([800, 4]) torch.Size([800, 4])
Validation shapes matched: torch.Size([800, 4]) torch.Size([800, 4])
Validation shapes matched: torch.Size([800, 4]) torch.Size([800, 4])
Validation shapes matched: torch.Size([800, 4]) torch.Size([800, 4])
Validation shapes matched: torch.Size([800, 4]) torch.Size([800, 4])
Validation shapes matched: torch.Size([800, 4]) torch.Size([800, 4])
Validation shapes matched: torch.Size([800, 4]) torch.Size([800, 4])
Validation shapes matched: torch.Size([800, 4]) torch.Size([800, 4])
Validation shapes matched: torch.Size([800, 4]) torch.Size([800, 4])
Validation shapes matched: torch.Size([800, 4]) torch.Size([800, 4])
Validation shapes matched: torch.Size([800, 4]) torch.Size([800, 4])
Validation shapes matched: torch.Size([800, 4]) torch.Size([800, 4])
Validation shapes matched: torch.Size([800, 4]) torch.Size([800, 4])
Validation shapes matched: torch.Size([800, 4]) torch.Size([800, 4])
Validation shapes matched: torch.Size([800, 4]) torch.Size([800, 4])
Validation shapes matched: torch.Size([800, 4]) torch.Size([800, 4])
Validation shapes matched: torch.Size([800, 4]) torch.Size([800, 4])
Validation shapes matched: torch.Size([800, 4]) torch.Size([800, 4])
Validation shapes matched: torch.Size([800, 4]) torch.Size([800, 4])
Validation shapes matched: torch.Size([800, 4]) torch.Size([800, 4])
Validation shapes matched: torch.Size([800, 4]) torch.Size([800, 4])
Validation shapes matched: torch.Size([800, 4]) torch.Size([800, 4])
Validation shapes matched: torch.Size([800, 4]) torch.Size([800, 4])
Validation shapes matched: torch.Size([800, 4]) torch.Size([800, 4])
Validation shapes matched: torch.Size([800, 4]) torch.Size([800, 4])
Validation shapes matched: torch.Size([800, 4]) torch.Size([800, 4])
Validation shapes matched: torch.Size([800, 4]) torch.Size([800, 4])
Validation shapes matched: torch.Size([800, 4]) torch.Size([800, 4])
Validation shapes matched: torch.Size([400, 4]) torch.Size([400, 4])
Validation shapes matched: torch.Size([800, 4]) torch.Size([800, 4])
Validating Epoch: 64 [10/11] Loss: 2.0178 ━━━━━━━━━━━━━━━━━━━━━━━━━ 100% 0:00:00
Validation shapes matched: torch.Size([800, 4]) torch.Size([800, 4])
Validation shapes matched: torch.Size([800, 4]) torch.Size([800, 4])
Validation shapes matched: torch.Size([400, 4]) torch.Size([400, 4])
Validating Epoch: 64 [10/11] Loss: 2.0568 ━━━━━━━━━━━━━━━━━━━━━━━━━ 100% 0:00:00
Validation shapes matched: torch.Size([400, 4]) torch.Size([400, 4])
Validation shapes matched: torch.Size([400, 4]) torch.Size([400, 4])
Validating Epoch: 64 [10/11] Loss: 1.9877 ━━━━━━━━━━━━━━━━━━━━━━━━━ 100% 0:00:00
Validating Epoch: 64 [10/11] Loss: 2.3258 ━━━━━━━━━━━━━━━━━━━━━━━━━ 100% 0:00:00
Training Epoch: 65 [174/175] Loss: 1.4744 ━━━━━━━━━━━━━━━━━━━━━━━━━ 100% 0:00:00
Training Epoch: 65 [174/175] Loss: 1.4809 ━━━━━━━━━━━━━━━━━━━━━━━━━ 100% 0:00:00
Training Epoch: 65 [174/175] Loss: 1.4643 ━━━━━━━━━━━━━━━━━━━━━━━━━ 100% 0:00:00
Training Epoch: 65 [174/175] Loss: 1.5120 ━━━━━━━━━━━━━━━━━━━━━━━━━ 100% 0:00:00
Validation shapes matched: torch.Size([800, 4]) torch.Size([800, 4])
Validation shapes matched: torch.Size([800, 4]) torch.Size([800, 4])
Validation shapes matched: torch.Size([800, 4]) torch.Size([800, 4])
Validation shapes matched: torch.Size([800, 4]) torch.Size([800, 4])
Validation shapes matched: torch.Size([800, 4]) torch.Size([800, 4])
Validation shapes matched: torch.Size([800, 4]) torch.Size([800, 4])
Validation shapes matched: torch.Size([800, 4]) torch.Size([800, 4])
Validation shapes matched: torch.Size([800, 4]) torch.Size([800, 4])
Validation shapes matched: torch.Size([800, 4]) torch.Size([800, 4])
Validation shapes matched: torch.Size([800, 4]) torch.Size([800, 4])
Validation shapes matched: torch.Size([800, 4]) torch.Size([800, 4])Validation shapes matched: torch.Size([800, 4]) torch.Size([800, 4])

Validation shapes matched: torch.Size([800, 4]) torch.Size([800, 4])
Validation shapes matched: torch.Size([800, 4]) torch.Size([800, 4])
Validation shapes matched: torch.Size([800, 4]) torch.Size([800, 4])
Validation shapes matched: torch.Size([800, 4]) torch.Size([800, 4])
Validation shapes matched: torch.Size([800, 4]) torch.Size([800, 4])
Validation shapes matched: torch.Size([800, 4]) torch.Size([800, 4])
Validation shapes matched: torch.Size([800, 4]) torch.Size([800, 4])
Validation shapes matched: torch.Size([800, 4]) torch.Size([800, 4])
Validation shapes matched: torch.Size([800, 4]) torch.Size([800, 4])
Validation shapes matched: torch.Size([800, 4]) torch.Size([800, 4])
Validation shapes matched: torch.Size([800, 4]) torch.Size([800, 4])
Validation shapes matched: torch.Size([800, 4]) torch.Size([800, 4])
Validation shapes matched: torch.Size([800, 4]) torch.Size([800, 4])
Validation shapes matched: torch.Size([800, 4]) torch.Size([800, 4])
Validation shapes matched: torch.Size([800, 4]) torch.Size([800, 4])
Validation shapes matched: torch.Size([800, 4]) torch.Size([800, 4])
Validation shapes matched: torch.Size([800, 4]) torch.Size([800, 4])
Validation shapes matched: torch.Size([800, 4]) torch.Size([800, 4])
Validation shapes matched: torch.Size([800, 4]) torch.Size([800, 4])
Validation shapes matched: torch.Size([800, 4]) torch.Size([800, 4])
Validation shapes matched: torch.Size([800, 4]) torch.Size([800, 4])
Validation shapes matched: torch.Size([800, 4]) torch.Size([800, 4])
Validation shapes matched: torch.Size([800, 4]) torch.Size([800, 4])
Validation shapes matched: torch.Size([800, 4]) torch.Size([800, 4])
Validation shapes matched: torch.Size([800, 4]) torch.Size([800, 4])
Validation shapes matched: torch.Size([800, 4]) torch.Size([800, 4])
Validation shapes matched: torch.Size([800, 4]) torch.Size([800, 4])
Validation shapes matched: torch.Size([800, 4]) torch.Size([800, 4])
Validation shapes matched: torch.Size([400, 4]) torch.Size([400, 4])
Validation shapes matched: torch.Size([400, 4]) torch.Size([400, 4])
Validation shapes matched: torch.Size([400, 4]) torch.Size([400, 4])
Validation shapes matched: torch.Size([400, 4]) torch.Size([400, 4])
Validating Epoch: 65 [10/11] Loss: 1.9466 ━━━━━━━━━━━━━━━━━━━━━━━━━ 100% 0:00:00
Validating Epoch: 65 [10/11] Loss: 2.0914 ━━━━━━━━━━━━━━━━━━━━━━━━━ 100% 0:00:00
Validating Epoch: 65 [10/11] Loss: 1.8861 ━━━━━━━━━━━━━━━━━━━━━━━━━ 100% 0:00:00
Validating Epoch: 65 [10/11] Loss: 1.9425 ━━━━━━━━━━━━━━━━━━━━━━━━━ 100% 0:00:00
Training Epoch: 66 [174/175] Loss: 1.4999 ━━━━━━━━━━━━━━━━━━━━━━━━━ 100% 0:00:00
Training Epoch: 66 [174/175] Loss: 1.5634 ━━━━━━━━━━━━━━━━━━━━━━━━━ 100% 0:00:00
Training Epoch: 66 [174/175] Loss: 1.3837 ━━━━━━━━━━━━━━━━━━━━━━━━━ 100% 0:00:00
Training Epoch: 66 [174/175] Loss: 1.5857 ━━━━━━━━━━━━━━━━━━━━━━━━━ 100% 0:00:00
Validation shapes matched: torch.Size([800, 4]) torch.Size([800, 4])
Validation shapes matched: torch.Size([800, 4]) torch.Size([800, 4])
Validation shapes matched: torch.Size([800, 4]) torch.Size([800, 4])
Validation shapes matched: torch.Size([800, 4]) torch.Size([800, 4])
Validation shapes matched: torch.Size([800, 4]) torch.Size([800, 4])
Validation shapes matched: torch.Size([800, 4]) torch.Size([800, 4])
Validation shapes matched: torch.Size([800, 4]) torch.Size([800, 4])Validation shapes matched: torch.Size([800, 4]) torch.Size([800, 4])

Validation shapes matched: torch.Size([800, 4]) torch.Size([800, 4])
Validation shapes matched: torch.Size([800, 4]) torch.Size([800, 4])
Validation shapes matched: torch.Size([800, 4]) torch.Size([800, 4])
Validation shapes matched: torch.Size([800, 4]) torch.Size([800, 4])
Validation shapes matched: torch.Size([800, 4]) torch.Size([800, 4])
Validation shapes matched: torch.Size([800, 4]) torch.Size([800, 4])
Validation shapes matched: torch.Size([800, 4]) torch.Size([800, 4])
Validation shapes matched: torch.Size([800, 4]) torch.Size([800, 4])
Validation shapes matched: torch.Size([800, 4]) torch.Size([800, 4])
Validation shapes matched: torch.Size([800, 4]) torch.Size([800, 4])
Validation shapes matched: torch.Size([800, 4]) torch.Size([800, 4])
Validation shapes matched: torch.Size([800, 4]) torch.Size([800, 4])
Validation shapes matched: torch.Size([800, 4]) torch.Size([800, 4])
Validation shapes matched: torch.Size([800, 4]) torch.Size([800, 4])
Validation shapes matched: torch.Size([800, 4]) torch.Size([800, 4])
Validation shapes matched: torch.Size([800, 4]) torch.Size([800, 4])
Validation shapes matched: torch.Size([800, 4]) torch.Size([800, 4])
Validation shapes matched: torch.Size([800, 4]) torch.Size([800, 4])
Validation shapes matched: torch.Size([800, 4]) torch.Size([800, 4])
Validation shapes matched: torch.Size([800, 4]) torch.Size([800, 4])
Validation shapes matched: torch.Size([800, 4]) torch.Size([800, 4])
Validation shapes matched: torch.Size([800, 4]) torch.Size([800, 4])
Validation shapes matched: torch.Size([800, 4]) torch.Size([800, 4])
Validation shapes matched: torch.Size([800, 4]) torch.Size([800, 4])
Validation shapes matched: torch.Size([800, 4]) torch.Size([800, 4])
Validation shapes matched: torch.Size([800, 4]) torch.Size([800, 4])
Validation shapes matched: torch.Size([800, 4]) torch.Size([800, 4])
Validation shapes matched: torch.Size([800, 4]) torch.Size([800, 4])
Validation shapes matched: torch.Size([800, 4]) torch.Size([800, 4])
Validation shapes matched: torch.Size([800, 4]) torch.Size([800, 4])
Validation shapes matched: torch.Size([800, 4]) torch.Size([800, 4])
Validation shapes matched: torch.Size([800, 4]) torch.Size([800, 4])
Validation shapes matched: torch.Size([400, 4]) torch.Size([400, 4])
Validation shapes matched: torch.Size([400, 4]) torch.Size([400, 4])
Validation shapes matched: torch.Size([400, 4]) torch.Size([400, 4])
Validating Epoch: 66 [10/11] Loss: 1.9693 ━━━━━━━━━━━━━━━━━━━━━━━━━ 100% 0:00:00
Validating Epoch: 66 [10/11] Loss: 2.0138 ━━━━━━━━━━━━━━━━━━━━━━━━━ 100% 0:00:00
Validation shapes matched: torch.Size([400, 4]) torch.Size([400, 4])
Validating Epoch: 66 [10/11] Loss: 1.9930 ━━━━━━━━━━━━━━━━━━━━━━━━━ 100% 0:00:00
Validating Epoch: 66 [10/11] Loss: 2.0589 ━━━━━━━━━━━━━━━━━━━━━━━━━ 100% 0:00:00
Training Epoch: 67 [174/175] Loss: 1.6243 ━━━━━━━━━━━━━━━━━━━━━━━━━ 100% 0:00:00
Training Epoch: 67 [174/175] Loss: 1.3317 ━━━━━━━━━━━━━━━━━━━━━━━━━ 100% 0:00:00
Training Epoch: 67 [174/175] Loss: 1.3032 ━━━━━━━━━━━━━━━━━━━━━━━━━ 100% 0:00:00Training Epoch: 67 [174/175] Loss: 1.5520 ━━━━━━━━━━━━━━━━━━━━━━━━━ 100% 0:00:00

Validation shapes matched: torch.Size([800, 4]) torch.Size([800, 4])
Validation shapes matched: torch.Size([800, 4]) torch.Size([800, 4])
Validation shapes matched: torch.Size([800, 4]) torch.Size([800, 4])
Validation shapes matched: torch.Size([800, 4]) torch.Size([800, 4])
Validation shapes matched: torch.Size([800, 4]) torch.Size([800, 4])
Validation shapes matched: torch.Size([800, 4]) torch.Size([800, 4])
Validation shapes matched: torch.Size([800, 4]) torch.Size([800, 4])
Validation shapes matched: torch.Size([800, 4]) torch.Size([800, 4])
Validation shapes matched: torch.Size([800, 4]) torch.Size([800, 4])
Validation shapes matched: torch.Size([800, 4]) torch.Size([800, 4])
Validation shapes matched: torch.Size([800, 4]) torch.Size([800, 4])
Validation shapes matched: torch.Size([800, 4]) torch.Size([800, 4])
Validation shapes matched: torch.Size([800, 4]) torch.Size([800, 4])
Validation shapes matched: torch.Size([800, 4]) torch.Size([800, 4])
Validation shapes matched: torch.Size([800, 4]) torch.Size([800, 4])
Validation shapes matched: torch.Size([800, 4]) torch.Size([800, 4])
Validation shapes matched: torch.Size([800, 4]) torch.Size([800, 4])
Validation shapes matched: torch.Size([800, 4]) torch.Size([800, 4])
Validation shapes matched: torch.Size([800, 4]) torch.Size([800, 4])
Validation shapes matched: torch.Size([800, 4]) torch.Size([800, 4])
Validation shapes matched: torch.Size([800, 4]) torch.Size([800, 4])
Validation shapes matched: torch.Size([800, 4]) torch.Size([800, 4])
Validation shapes matched: torch.Size([800, 4]) torch.Size([800, 4])
Validation shapes matched: torch.Size([800, 4]) torch.Size([800, 4])
Validation shapes matched: torch.Size([800, 4]) torch.Size([800, 4])
Validation shapes matched: torch.Size([800, 4]) torch.Size([800, 4])
Validation shapes matched: torch.Size([800, 4]) torch.Size([800, 4])
Validation shapes matched: torch.Size([800, 4]) torch.Size([800, 4])
Validation shapes matched: torch.Size([800, 4]) torch.Size([800, 4])
Validation shapes matched: torch.Size([800, 4]) torch.Size([800, 4])
Validation shapes matched: torch.Size([800, 4]) torch.Size([800, 4])
Validation shapes matched: torch.Size([800, 4]) torch.Size([800, 4])
Validation shapes matched: torch.Size([800, 4]) torch.Size([800, 4])
Validation shapes matched: torch.Size([800, 4]) torch.Size([800, 4])
Validation shapes matched: torch.Size([800, 4]) torch.Size([800, 4])
Validation shapes matched: torch.Size([800, 4]) torch.Size([800, 4])
Validation shapes matched: torch.Size([800, 4]) torch.Size([800, 4])
Validation shapes matched: torch.Size([800, 4]) torch.Size([800, 4])
Validation shapes matched: torch.Size([800, 4]) torch.Size([800, 4])
Validation shapes matched: torch.Size([800, 4]) torch.Size([800, 4])
Validation shapes matched: torch.Size([400, 4]) torch.Size([400, 4])
Validation shapes matched: torch.Size([400, 4]) torch.Size([400, 4])
Validation shapes matched: torch.Size([400, 4]) torch.Size([400, 4])
Validation shapes matched: torch.Size([400, 4]) torch.Size([400, 4])
Validating Epoch: 67 [10/11] Loss: 1.9782 ━━━━━━━━━━━━━━━━━━━━━━━━━ 100% 0:00:00
Validating Epoch: 67 [10/11] Loss: 1.9694 ━━━━━━━━━━━━━━━━━━━━━━━━━ 100% 0:00:00
Validating Epoch: 67 [10/11] Loss: 2.1897 ━━━━━━━━━━━━━━━━━━━━━━━━━ 100% 0:00:00
Validating Epoch: 67 [10/11] Loss: 2.0898 ━━━━━━━━━━━━━━━━━━━━━━━━━ 100% 0:00:00
