device: cuda
device: cuda
device: device:cuda 
cuda
Training Epoch: 18 [174/175] Loss: 1.4822 ━━━━━━━━━━━━━━━━━━━━━━━━━ 100% 0:00:00
Training Epoch: 18 [174/175] Loss: 1.4942 ━━━━━━━━━━━━━━━━━━━━━━━━━ 100% 0:00:00
Training Epoch: 18 [174/175] Loss: 1.3994 ━━━━━━━━━━━━━━━━━━━━━━━━━ 100% 0:00:00
Training Epoch: 18 [174/175] Loss: 1.4590 ━━━━━━━━━━━━━━━━━━━━━━━━━ 100% 0:00:00
Validation shapes matched: torch.Size([800, 4]) torch.Size([800, 4])
Validation shapes matched: torch.Size([800, 4]) torch.Size([800, 4])
Validation shapes matched: torch.Size([800, 4]) torch.Size([800, 4])
Validation shapes matched: torch.Size([800, 4]) torch.Size([800, 4])
Validation shapes matched: torch.Size([800, 4]) torch.Size([800, 4])
Validation shapes matched: torch.Size([800, 4]) torch.Size([800, 4])
Validation shapes matched: torch.Size([800, 4]) torch.Size([800, 4])
Validation shapes matched: torch.Size([800, 4]) torch.Size([800, 4])
Validation shapes matched: torch.Size([800, 4]) torch.Size([800, 4])
Validation shapes matched: torch.Size([800, 4]) torch.Size([800, 4])
Validation shapes matched: torch.Size([800, 4]) torch.Size([800, 4])
Validation shapes matched: torch.Size([800, 4]) torch.Size([800, 4])
Validation shapes matched: torch.Size([800, 4]) torch.Size([800, 4])
Validation shapes matched: torch.Size([800, 4]) torch.Size([800, 4])
Validation shapes matched: torch.Size([800, 4]) torch.Size([800, 4])
Validation shapes matched: torch.Size([800, 4]) torch.Size([800, 4])
Validation shapes matched: torch.Size([800, 4]) torch.Size([800, 4])
Validation shapes matched: torch.Size([800, 4]) torch.Size([800, 4])
Validation shapes matched: torch.Size([800, 4]) torch.Size([800, 4])
Validation shapes matched: torch.Size([800, 4]) torch.Size([800, 4])
Validation shapes matched: torch.Size([800, 4]) torch.Size([800, 4])
Validation shapes matched: torch.Size([800, 4]) torch.Size([800, 4])
Validation shapes matched: torch.Size([800, 4]) torch.Size([800, 4])
Validation shapes matched: torch.Size([800, 4]) torch.Size([800, 4])
Validation shapes matched: torch.Size([800, 4]) torch.Size([800, 4])
Validation shapes matched: torch.Size([800, 4]) torch.Size([800, 4])
Validation shapes matched: torch.Size([800, 4]) torch.Size([800, 4])
Validation shapes matched: torch.Size([800, 4]) torch.Size([800, 4])
Validation shapes matched: torch.Size([800, 4]) torch.Size([800, 4])
Validation shapes matched: torch.Size([800, 4]) torch.Size([800, 4])
Validation shapes matched: torch.Size([800, 4]) torch.Size([800, 4])
Validation shapes matched: torch.Size([800, 4]) torch.Size([800, 4])
Validation shapes matched: torch.Size([800, 4]) torch.Size([800, 4])
Validation shapes matched: torch.Size([800, 4]) torch.Size([800, 4])
Validation shapes matched: torch.Size([800, 4]) torch.Size([800, 4])
Validation shapes matched: torch.Size([800, 4]) torch.Size([800, 4])
Validation shapes matched: torch.Size([800, 4]) torch.Size([800, 4])
Validation shapes matched: torch.Size([800, 4]) torch.Size([800, 4])
Validation shapes matched: torch.Size([800, 4]) torch.Size([800, 4])
Validation shapes matched: torch.Size([800, 4]) torch.Size([800, 4])
Validation shapes matched: torch.Size([400, 4]) torch.Size([400, 4])
Validating Epoch: 18 [10/11] Loss: 1.9475 ━━━━━━━━━━━━━━━━━━━━━━━━━ 100% 0:00:00
Validation shapes matched: torch.Size([400, 4]) torch.Size([400, 4])
Validating Epoch: 18 [10/11] Loss: 1.8975 ━━━━━━━━━━━━━━━━━━━━━━━━━ 100% 0:00:00
Validation shapes matched: torch.Size([400, 4]) torch.Size([400, 4])
Validating Epoch: 18 [10/11] Loss: 1.9981 ━━━━━━━━━━━━━━━━━━━━━━━━━ 100% 0:00:00
Validation shapes matched: torch.Size([400, 4]) torch.Size([400, 4])
Validating Epoch: 18 [10/11] Loss: 1.9172 ━━━━━━━━━━━━━━━━━━━━━━━━━ 100% 0:00:00
Training Epoch: 19 [174/175] Loss: 1.5313 ━━━━━━━━━━━━━━━━━━━━━━━━━ 100% 0:00:00
Training Epoch: 19 [174/175] Loss: 1.5060 ━━━━━━━━━━━━━━━━━━━━━━━━━ 100% 0:00:00
Training Epoch: 19 [174/175] Loss: 1.5329 ━━━━━━━━━━━━━━━━━━━━━━━━━ 100% 0:00:00
Training Epoch: 19 [174/175] Loss: 1.6845 ━━━━━━━━━━━━━━━━━━━━━━━━━ 100% 0:00:00
Validation shapes matched: torch.Size([800, 4]) torch.Size([800, 4])
Validation shapes matched: torch.Size([800, 4]) torch.Size([800, 4])
Validation shapes matched: torch.Size([800, 4]) torch.Size([800, 4])
Validation shapes matched: torch.Size([800, 4]) torch.Size([800, 4])
Validation shapes matched: torch.Size([800, 4]) torch.Size([800, 4])
Validation shapes matched: torch.Size([800, 4]) torch.Size([800, 4])
Validation shapes matched: torch.Size([800, 4]) torch.Size([800, 4])
Validation shapes matched: torch.Size([800, 4]) torch.Size([800, 4])
Validation shapes matched: torch.Size([800, 4]) torch.Size([800, 4])
Validation shapes matched: torch.Size([800, 4]) torch.Size([800, 4])
Validation shapes matched: torch.Size([800, 4]) torch.Size([800, 4])
Validation shapes matched: torch.Size([800, 4]) torch.Size([800, 4])
Validation shapes matched: torch.Size([800, 4]) torch.Size([800, 4])
Validation shapes matched: torch.Size([800, 4]) torch.Size([800, 4])
Validation shapes matched: torch.Size([800, 4]) torch.Size([800, 4])
Validation shapes matched: torch.Size([800, 4]) torch.Size([800, 4])
Validation shapes matched: torch.Size([800, 4]) torch.Size([800, 4])
Validation shapes matched: torch.Size([800, 4]) torch.Size([800, 4])
Validation shapes matched: torch.Size([800, 4]) torch.Size([800, 4])
Validation shapes matched: torch.Size([800, 4]) torch.Size([800, 4])
Validation shapes matched: torch.Size([800, 4]) torch.Size([800, 4])
Validation shapes matched: torch.Size([800, 4]) torch.Size([800, 4])
Validation shapes matched: torch.Size([800, 4]) torch.Size([800, 4])
Validation shapes matched: torch.Size([800, 4]) torch.Size([800, 4])
Validation shapes matched: torch.Size([800, 4]) torch.Size([800, 4])
Validation shapes matched: torch.Size([800, 4]) torch.Size([800, 4])
Validation shapes matched: torch.Size([800, 4]) torch.Size([800, 4])
Validation shapes matched: torch.Size([800, 4]) torch.Size([800, 4])
Validation shapes matched: torch.Size([800, 4]) torch.Size([800, 4])
Validation shapes matched: torch.Size([800, 4]) torch.Size([800, 4])
Validation shapes matched: torch.Size([800, 4]) torch.Size([800, 4])
Validation shapes matched: torch.Size([800, 4]) torch.Size([800, 4])
Validation shapes matched: torch.Size([800, 4]) torch.Size([800, 4])
Validation shapes matched: torch.Size([800, 4]) torch.Size([800, 4])
Validation shapes matched: torch.Size([800, 4]) torch.Size([800, 4])
Validation shapes matched: torch.Size([800, 4]) torch.Size([800, 4])
Validation shapes matched: torch.Size([800, 4]) torch.Size([800, 4])
Validation shapes matched: torch.Size([400, 4]) torch.Size([400, 4])
Validating Epoch: 19 [10/11] Loss: 1.9945 ━━━━━━━━━━━━━━━━━━━━━━━━━ 100% 0:00:00
Validation shapes matched: torch.Size([800, 4]) torch.Size([800, 4])
Validation shapes matched: torch.Size([800, 4]) torch.Size([800, 4])
Validation shapes matched: torch.Size([800, 4]) torch.Size([800, 4])
Validation shapes matched: torch.Size([400, 4]) torch.Size([400, 4])
Validating Epoch: 19 [10/11] Loss: 1.9324 ━━━━━━━━━━━━━━━━━━━━━━━━━ 100% 0:00:00
Validation shapes matched: torch.Size([400, 4]) torch.Size([400, 4])
Validating Epoch: 19 [10/11] Loss: 2.0070 ━━━━━━━━━━━━━━━━━━━━━━━━━ 100% 0:00:00
Validation shapes matched: torch.Size([400, 4]) torch.Size([400, 4])
Validating Epoch: 19 [10/11] Loss: 1.9260 ━━━━━━━━━━━━━━━━━━━━━━━━━ 100% 0:00:00
Training Epoch: 20 [174/175] Loss: 1.6255 ━━━━━━━━━━━━━━━━━━━━━━━━━ 100% 0:00:00
Training Epoch: 20 [174/175] Loss: 1.6996 ━━━━━━━━━━━━━━━━━━━━━━━━━ 100% 0:00:00
Training Epoch: 20 [174/175] Loss: 1.5627 ━━━━━━━━━━━━━━━━━━━━━━━━━ 100% 0:00:00
Training Epoch: 20 [174/175] Loss: 1.6581 ━━━━━━━━━━━━━━━━━━━━━━━━━ 100% 0:00:00
Validation shapes matched: torch.Size([800, 4]) torch.Size([800, 4])
Validation shapes matched: torch.Size([800, 4]) torch.Size([800, 4])
Validation shapes matched: torch.Size([800, 4]) torch.Size([800, 4])
Validation shapes matched: torch.Size([800, 4]) torch.Size([800, 4])
Validation shapes matched: torch.Size([800, 4]) torch.Size([800, 4])
Validation shapes matched: torch.Size([800, 4]) torch.Size([800, 4])
Validation shapes matched: torch.Size([800, 4]) torch.Size([800, 4])
Validation shapes matched: torch.Size([800, 4]) torch.Size([800, 4])
Validation shapes matched: torch.Size([800, 4]) torch.Size([800, 4])
Validation shapes matched: torch.Size([800, 4]) torch.Size([800, 4])
Validation shapes matched: torch.Size([800, 4]) torch.Size([800, 4])
Validation shapes matched: torch.Size([800, 4]) torch.Size([800, 4])
Validation shapes matched: torch.Size([800, 4]) torch.Size([800, 4])
Validation shapes matched: torch.Size([800, 4]) torch.Size([800, 4])
Validation shapes matched: torch.Size([800, 4]) torch.Size([800, 4])
Validation shapes matched: torch.Size([800, 4]) torch.Size([800, 4])
Validation shapes matched: torch.Size([800, 4]) torch.Size([800, 4])
Validation shapes matched: torch.Size([800, 4]) torch.Size([800, 4])
Validation shapes matched: torch.Size([800, 4]) torch.Size([800, 4])
Validation shapes matched: torch.Size([800, 4]) torch.Size([800, 4])
Validation shapes matched: torch.Size([800, 4]) torch.Size([800, 4])
Validation shapes matched: torch.Size([800, 4]) torch.Size([800, 4])
Validation shapes matched: torch.Size([800, 4]) torch.Size([800, 4])
Validation shapes matched: torch.Size([800, 4]) torch.Size([800, 4])
Validation shapes matched: torch.Size([800, 4]) torch.Size([800, 4])
Validation shapes matched: torch.Size([800, 4]) torch.Size([800, 4])
Validation shapes matched: torch.Size([800, 4]) torch.Size([800, 4])
Validation shapes matched: torch.Size([800, 4]) torch.Size([800, 4])
Validation shapes matched: torch.Size([800, 4]) torch.Size([800, 4])
Validation shapes matched: torch.Size([800, 4]) torch.Size([800, 4])
Validation shapes matched: torch.Size([800, 4]) torch.Size([800, 4])
Validation shapes matched: torch.Size([800, 4]) torch.Size([800, 4])
Validation shapes matched: torch.Size([800, 4]) torch.Size([800, 4])
Validation shapes matched: torch.Size([800, 4]) torch.Size([800, 4])
Validation shapes matched: torch.Size([800, 4]) torch.Size([800, 4])
Validation shapes matched: torch.Size([800, 4]) torch.Size([800, 4])
Validation shapes matched: torch.Size([400, 4]) torch.Size([400, 4])
Validation shapes matched: torch.Size([800, 4]) torch.Size([800, 4])
Validating Epoch: 20 [10/11] Loss: 2.1096 ━━━━━━━━━━━━━━━━━━━━━━━━━ 100% 0:00:00
Validation shapes matched: torch.Size([800, 4]) torch.Size([800, 4])
Validation shapes matched: torch.Size([400, 4]) torch.Size([400, 4])
Validating Epoch: 20 [10/11] Loss: 1.9563 ━━━━━━━━━━━━━━━━━━━━━━━━━ 100% 0:00:00
Validation shapes matched: torch.Size([800, 4]) torch.Size([800, 4])
Validation shapes matched: torch.Size([800, 4]) torch.Size([800, 4])
Validation shapes matched: torch.Size([400, 4]) torch.Size([400, 4])
Validation shapes matched: torch.Size([400, 4]) torch.Size([400, 4])
Validating Epoch: 20 [10/11] Loss: 1.9605 ━━━━━━━━━━━━━━━━━━━━━━━━━ 100% 0:00:00
Validating Epoch: 20 [10/11] Loss: 1.9978 ━━━━━━━━━━━━━━━━━━━━━━━━━ 100% 0:00:00
Training Epoch: 21 [174/175] Loss: 1.4570 ━━━━━━━━━━━━━━━━━━━━━━━━━ 100% 0:00:00
Training Epoch: 21 [174/175] Loss: 1.3168 ━━━━━━━━━━━━━━━━━━━━━━━━━ 100% 0:00:00
Training Epoch: 21 [174/175] Loss: 1.4495 ━━━━━━━━━━━━━━━━━━━━━━━━━ 100% 0:00:00
Training Epoch: 21 [174/175] Loss: 1.4864 ━━━━━━━━━━━━━━━━━━━━━━━━━ 100% 0:00:00
Validation shapes matched: torch.Size([800, 4]) torch.Size([800, 4])
Validation shapes matched: torch.Size([800, 4]) torch.Size([800, 4])
Validation shapes matched: torch.Size([800, 4]) torch.Size([800, 4])
Validation shapes matched: torch.Size([800, 4]) torch.Size([800, 4])
Validation shapes matched: torch.Size([800, 4]) torch.Size([800, 4])
Validation shapes matched: torch.Size([800, 4]) torch.Size([800, 4])
Validation shapes matched: torch.Size([800, 4]) torch.Size([800, 4])
Validation shapes matched: torch.Size([800, 4]) torch.Size([800, 4])
Validation shapes matched: torch.Size([800, 4]) torch.Size([800, 4])
Validation shapes matched: torch.Size([800, 4]) torch.Size([800, 4])
Validation shapes matched: torch.Size([800, 4]) torch.Size([800, 4])
Validation shapes matched: torch.Size([800, 4]) torch.Size([800, 4])
Validation shapes matched: torch.Size([800, 4]) torch.Size([800, 4])
Validation shapes matched: torch.Size([800, 4]) torch.Size([800, 4])
Validation shapes matched: torch.Size([800, 4]) torch.Size([800, 4])
Validation shapes matched: torch.Size([800, 4]) torch.Size([800, 4])
Validation shapes matched: torch.Size([800, 4]) torch.Size([800, 4])
Validation shapes matched: torch.Size([800, 4]) torch.Size([800, 4])
Validation shapes matched: torch.Size([800, 4]) torch.Size([800, 4])
Validation shapes matched: torch.Size([800, 4]) torch.Size([800, 4])
Validation shapes matched: torch.Size([800, 4]) torch.Size([800, 4])
Validation shapes matched: torch.Size([800, 4]) torch.Size([800, 4])
Validation shapes matched: torch.Size([800, 4]) torch.Size([800, 4])
Validation shapes matched: torch.Size([800, 4]) torch.Size([800, 4])
Validation shapes matched: torch.Size([800, 4]) torch.Size([800, 4])
Validation shapes matched: torch.Size([800, 4]) torch.Size([800, 4])
Validation shapes matched: torch.Size([800, 4]) torch.Size([800, 4])
Validation shapes matched: torch.Size([800, 4]) torch.Size([800, 4])
Validation shapes matched: torch.Size([800, 4]) torch.Size([800, 4])
Validation shapes matched: torch.Size([800, 4]) torch.Size([800, 4])
Validation shapes matched: torch.Size([800, 4]) torch.Size([800, 4])
Validation shapes matched: torch.Size([800, 4]) torch.Size([800, 4])
Validation shapes matched: torch.Size([800, 4]) torch.Size([800, 4])
Validation shapes matched: torch.Size([800, 4]) torch.Size([800, 4])
Validation shapes matched: torch.Size([800, 4]) torch.Size([800, 4])
Validation shapes matched: torch.Size([400, 4]) torch.Size([400, 4])
Validating Epoch: 21 [10/11] Loss: 2.1635 ━━━━━━━━━━━━━━━━━━━━━━━━━ 100% 0:00:00
Validation shapes matched: torch.Size([800, 4]) torch.Size([800, 4])
Validation shapes matched: torch.Size([800, 4]) torch.Size([800, 4])
Validation shapes matched: torch.Size([800, 4]) torch.Size([800, 4])
Validation shapes matched: torch.Size([400, 4]) torch.Size([400, 4])
Validating Epoch: 21 [10/11] Loss: 1.9094 ━━━━━━━━━━━━━━━━━━━━━━━━━ 100% 0:00:00
Validation shapes matched: torch.Size([800, 4]) torch.Size([800, 4])
Validation shapes matched: torch.Size([800, 4]) torch.Size([800, 4])
Validation shapes matched: torch.Size([400, 4]) torch.Size([400, 4])
Validation shapes matched: torch.Size([400, 4]) torch.Size([400, 4])
Validating Epoch: 21 [10/11] Loss: 1.9164 ━━━━━━━━━━━━━━━━━━━━━━━━━ 100% 0:00:00
Validating Epoch: 21 [10/11] Loss: 1.9846 ━━━━━━━━━━━━━━━━━━━━━━━━━ 100% 0:00:00
Training Epoch: 22 [174/175] Loss: 1.4974 ━━━━━━━━━━━━━━━━━━━━━━━━━ 100% 0:00:00
Training Epoch: 22 [174/175] Loss: 1.5603 ━━━━━━━━━━━━━━━━━━━━━━━━━ 100% 0:00:00
Training Epoch: 22 [174/175] Loss: 1.5456 ━━━━━━━━━━━━━━━━━━━━━━━━━ 100% 0:00:00
Training Epoch: 22 [174/175] Loss: 1.7189 ━━━━━━━━━━━━━━━━━━━━━━━━━ 100% 0:00:00
Validation shapes matched: torch.Size([800, 4]) torch.Size([800, 4])
Validation shapes matched: torch.Size([800, 4]) torch.Size([800, 4])
Validation shapes matched: torch.Size([800, 4]) torch.Size([800, 4])
Validation shapes matched: torch.Size([800, 4]) torch.Size([800, 4])
Validation shapes matched: torch.Size([800, 4]) torch.Size([800, 4])Validation shapes matched: torch.Size([800, 4]) torch.Size([800, 4])

Validation shapes matched: torch.Size([800, 4]) torch.Size([800, 4])
Validation shapes matched: torch.Size([800, 4]) torch.Size([800, 4])
Validation shapes matched: torch.Size([800, 4]) torch.Size([800, 4])Validation shapes matched: torch.Size([800, 4]) torch.Size([800, 4])

Validation shapes matched: torch.Size([800, 4]) torch.Size([800, 4])
Validation shapes matched: torch.Size([800, 4]) torch.Size([800, 4])
Validation shapes matched: torch.Size([800, 4]) torch.Size([800, 4])
Validation shapes matched: torch.Size([800, 4]) torch.Size([800, 4])
Validation shapes matched: torch.Size([800, 4]) torch.Size([800, 4])
Validation shapes matched: torch.Size([800, 4]) torch.Size([800, 4])
Validation shapes matched: torch.Size([800, 4]) torch.Size([800, 4])
Validation shapes matched: torch.Size([800, 4]) torch.Size([800, 4])
Validation shapes matched: torch.Size([800, 4]) torch.Size([800, 4])
Validation shapes matched: torch.Size([800, 4]) torch.Size([800, 4])
Validation shapes matched: torch.Size([800, 4]) torch.Size([800, 4])Validation shapes matched: torch.Size([800, 4]) torch.Size([800, 4])

Validation shapes matched: torch.Size([800, 4]) torch.Size([800, 4])
Validation shapes matched: torch.Size([800, 4]) torch.Size([800, 4])
Validation shapes matched: torch.Size([800, 4]) torch.Size([800, 4])
Validation shapes matched: torch.Size([800, 4]) torch.Size([800, 4])
Validation shapes matched: torch.Size([800, 4]) torch.Size([800, 4])
Validation shapes matched: torch.Size([800, 4]) torch.Size([800, 4])
Validation shapes matched: torch.Size([800, 4]) torch.Size([800, 4])
Validation shapes matched: torch.Size([800, 4]) torch.Size([800, 4])
Validation shapes matched: torch.Size([800, 4]) torch.Size([800, 4])
Validation shapes matched: torch.Size([800, 4]) torch.Size([800, 4])
Validation shapes matched: torch.Size([800, 4]) torch.Size([800, 4])
Validation shapes matched: torch.Size([800, 4]) torch.Size([800, 4])
Validation shapes matched: torch.Size([800, 4]) torch.Size([800, 4])
Validation shapes matched: torch.Size([800, 4]) torch.Size([800, 4])
Validation shapes matched: torch.Size([800, 4]) torch.Size([800, 4])
Validation shapes matched: torch.Size([800, 4]) torch.Size([800, 4])
Validation shapes matched: torch.Size([800, 4]) torch.Size([800, 4])
Validation shapes matched: torch.Size([400, 4]) torch.Size([400, 4])
Validating Epoch: 22 [10/11] Loss: 1.9375 ━━━━━━━━━━━━━━━━━━━━━━━━━ 100% 0:00:00
Validation shapes matched: torch.Size([800, 4]) torch.Size([800, 4])
Validation shapes matched: torch.Size([400, 4]) torch.Size([400, 4])
Validating Epoch: 22 [10/11] Loss: 2.0824 ━━━━━━━━━━━━━━━━━━━━━━━━━ 100% 0:00:00
Validation shapes matched: torch.Size([400, 4]) torch.Size([400, 4])
Validation shapes matched: torch.Size([400, 4]) torch.Size([400, 4])
Validating Epoch: 22 [10/11] Loss: 1.9345 ━━━━━━━━━━━━━━━━━━━━━━━━━ 100% 0:00:00
Validating Epoch: 22 [10/11] Loss: 2.0458 ━━━━━━━━━━━━━━━━━━━━━━━━━ 100% 0:00:00
Training Epoch: 23 [174/175] Loss: 1.6500 ━━━━━━━━━━━━━━━━━━━━━━━━━ 100% 0:00:00
Training Epoch: 23 [174/175] Loss: 1.5301 ━━━━━━━━━━━━━━━━━━━━━━━━━ 100% 0:00:00
Training Epoch: 23 [174/175] Loss: 1.6436 ━━━━━━━━━━━━━━━━━━━━━━━━━ 100% 0:00:00
Training Epoch: 23 [174/175] Loss: 1.5497 ━━━━━━━━━━━━━━━━━━━━━━━━━ 100% 0:00:00
Validation shapes matched: torch.Size([800, 4]) torch.Size([800, 4])
Validation shapes matched: torch.Size([800, 4]) torch.Size([800, 4])
Validation shapes matched: torch.Size([800, 4]) torch.Size([800, 4])
Validation shapes matched: torch.Size([800, 4]) torch.Size([800, 4])
Validation shapes matched: torch.Size([800, 4]) torch.Size([800, 4])
Validation shapes matched: torch.Size([800, 4]) torch.Size([800, 4])
Validation shapes matched: torch.Size([800, 4]) torch.Size([800, 4])
Validation shapes matched: torch.Size([800, 4]) torch.Size([800, 4])
Validation shapes matched: torch.Size([800, 4]) torch.Size([800, 4])
Validation shapes matched: torch.Size([800, 4]) torch.Size([800, 4])
Validation shapes matched: torch.Size([800, 4]) torch.Size([800, 4])
Validation shapes matched: torch.Size([800, 4]) torch.Size([800, 4])
Validation shapes matched: torch.Size([800, 4]) torch.Size([800, 4])
Validation shapes matched: torch.Size([800, 4]) torch.Size([800, 4])
Validation shapes matched: torch.Size([800, 4]) torch.Size([800, 4])
Validation shapes matched: torch.Size([800, 4]) torch.Size([800, 4])
Validation shapes matched: torch.Size([800, 4]) torch.Size([800, 4])
Validation shapes matched: torch.Size([800, 4]) torch.Size([800, 4])
Validation shapes matched: torch.Size([800, 4]) torch.Size([800, 4])
Validation shapes matched: torch.Size([800, 4]) torch.Size([800, 4])
Validation shapes matched: torch.Size([800, 4]) torch.Size([800, 4])
Validation shapes matched: torch.Size([800, 4]) torch.Size([800, 4])
Validation shapes matched: torch.Size([800, 4]) torch.Size([800, 4])
Validation shapes matched: torch.Size([800, 4]) torch.Size([800, 4])
Validation shapes matched: torch.Size([800, 4]) torch.Size([800, 4])
Validation shapes matched: torch.Size([800, 4]) torch.Size([800, 4])
Validation shapes matched: torch.Size([800, 4]) torch.Size([800, 4])
Validation shapes matched: torch.Size([800, 4]) torch.Size([800, 4])
Validation shapes matched: torch.Size([800, 4]) torch.Size([800, 4])
Validation shapes matched: torch.Size([800, 4]) torch.Size([800, 4])
Validation shapes matched: torch.Size([800, 4]) torch.Size([800, 4])
Validation shapes matched: torch.Size([800, 4]) torch.Size([800, 4])
Validation shapes matched: torch.Size([800, 4]) torch.Size([800, 4])
Validation shapes matched: torch.Size([800, 4]) torch.Size([800, 4])
Validation shapes matched: torch.Size([800, 4]) torch.Size([800, 4])
Validation shapes matched: torch.Size([800, 4]) torch.Size([800, 4])
Validation shapes matched: torch.Size([800, 4]) torch.Size([800, 4])
Validation shapes matched: torch.Size([400, 4]) torch.Size([400, 4])
Validating Epoch: 23 [10/11] Loss: 2.2626 ━━━━━━━━━━━━━━━━━━━━━━━━━ 100% 0:00:00
Validation shapes matched: torch.Size([800, 4]) torch.Size([800, 4])
Validation shapes matched: torch.Size([800, 4]) torch.Size([800, 4])
Validation shapes matched: torch.Size([800, 4]) torch.Size([800, 4])
Validation shapes matched: torch.Size([400, 4]) torch.Size([400, 4])
Validating Epoch: 23 [10/11] Loss: 1.9709 ━━━━━━━━━━━━━━━━━━━━━━━━━ 100% 0:00:00
Validation shapes matched: torch.Size([400, 4]) torch.Size([400, 4])
Validation shapes matched: torch.Size([400, 4]) torch.Size([400, 4])
Validating Epoch: 23 [10/11] Loss: 1.9394 ━━━━━━━━━━━━━━━━━━━━━━━━━ 100% 0:00:00
Validating Epoch: 23 [10/11] Loss: 1.8861 ━━━━━━━━━━━━━━━━━━━━━━━━━ 100% 0:00:00
