WARNING:__main__:
*****************************************
Setting OMP_NUM_THREADS environment variable for each process to be 1 in default, to avoid your system being overloaded, please further tune the variable for optimal performance in your application as needed. 
*****************************************
Traceback (most recent call last):
  File "/work/cvcs_2023_group23/ObjectDescriptionSupermarket-CVCS-UniMoRe/train.py", line 529, in <module>
    main()
  File "/work/cvcs_2023_group23/ObjectDescriptionSupermarket-CVCS-UniMoRe/train.py", line 503, in main
    train_loss = train_one_epoch(
  File "/work/cvcs_2023_group23/ObjectDescriptionSupermarket-CVCS-UniMoRe/train.py", line 273, in train_one_epoch
    loss_dict = model(images, targets)
  File "/homes/sbghosh/.local/lib/python3.9/site-packages/torch/nn/modules/module.py", line 1501, in _call_impl
    return forward_call(*args, **kwargs)
  File "/homes/sbghosh/.local/lib/python3.9/site-packages/torch/nn/parallel/distributed.py", line 1156, in forward
    output = self._run_ddp_forward(*inputs, **kwargs)
  File "/homes/sbghosh/.local/lib/python3.9/site-packages/torch/nn/parallel/distributed.py", line 1110, in _run_ddp_forward
    return module_to_run(*inputs[0], **kwargs[0])  # type: ignore[index]
  File "/homes/sbghosh/.local/lib/python3.9/site-packages/torch/nn/modules/module.py", line 1501, in _call_impl
    return forward_call(*args, **kwargs)
  File "/homes/sbghosh/.local/lib/python3.9/site-packages/torchvision/models/detection/generalized_rcnn.py", line 104, in forward
    proposals, proposal_losses = self.rpn(images, features, targets)
  File "/homes/sbghosh/.local/lib/python3.9/site-packages/torch/nn/modules/module.py", line 1501, in _call_impl
    return forward_call(*args, **kwargs)
  File "/homes/sbghosh/.local/lib/python3.9/site-packages/torchvision/models/detection/rpn.py", line 378, in forward
    labels, matched_gt_boxes = self.assign_targets_to_anchors(anchors, targets)
  File "/homes/sbghosh/.local/lib/python3.9/site-packages/torchvision/models/detection/rpn.py", line 207, in assign_targets_to_anchors
    match_quality_matrix = self.box_similarity(gt_boxes, anchors_per_image)
  File "/homes/sbghosh/.local/lib/python3.9/site-packages/torchvision/ops/boxes.py", line 271, in box_iou
    inter, union = _box_inter_union(boxes1, boxes2)
  File "/homes/sbghosh/.local/lib/python3.9/site-packages/torchvision/ops/boxes.py", line 247, in _box_inter_union
    wh = _upcast(rb - lt).clamp(min=0)  # [N,M,2]
torch.cuda.OutOfMemoryError: CUDA out of memory. Tried to allocate 704.00 MiB (GPU 0; 11.92 GiB total capacity; 7.39 GiB already allocated; 524.69 MiB free; 8.75 GiB reserved in total by PyTorch) If reserved memory is >> allocated memory try setting max_split_size_mb to avoid fragmentation.  See documentation for Memory Management and PYTORCH_CUDA_ALLOC_CONF
WARNING:torch.distributed.elastic.multiprocessing.api:Sending process 378164 closing signal SIGTERM
WARNING:torch.distributed.elastic.multiprocessing.api:Sending process 378165 closing signal SIGTERM
WARNING:torch.distributed.elastic.multiprocessing.api:Sending process 378166 closing signal SIGTERM
ERROR:torch.distributed.elastic.multiprocessing.api:failed (exitcode: 1) local_rank: 0 (pid: 378163) of binary: /usr/local/anaconda3/bin/python
Traceback (most recent call last):
  File "/usr/local/anaconda3/lib/python3.9/runpy.py", line 197, in _run_module_as_main
    return _run_code(code, main_globals, None,
  File "/usr/local/anaconda3/lib/python3.9/runpy.py", line 87, in _run_code
    exec(code, run_globals)
  File "/homes/sbghosh/.local/lib/python3.9/site-packages/torch/distributed/run.py", line 798, in <module>
    main()
  File "/homes/sbghosh/.local/lib/python3.9/site-packages/torch/distributed/elastic/multiprocessing/errors/__init__.py", line 346, in wrapper
    return f(*args, **kwargs)
  File "/homes/sbghosh/.local/lib/python3.9/site-packages/torch/distributed/run.py", line 794, in main
    run(args)
  File "/homes/sbghosh/.local/lib/python3.9/site-packages/torch/distributed/run.py", line 785, in run
    elastic_launch(
  File "/homes/sbghosh/.local/lib/python3.9/site-packages/torch/distributed/launcher/api.py", line 134, in __call__
    return launch_agent(self._config, self._entrypoint, list(args))
  File "/homes/sbghosh/.local/lib/python3.9/site-packages/torch/distributed/launcher/api.py", line 250, in launch_agent
    raise ChildFailedError(
torch.distributed.elastic.multiprocessing.errors.ChildFailedError: 
============================================================
train.py FAILED
------------------------------------------------------------
Failures:
  <NO_OTHER_FAILURES>
------------------------------------------------------------
Root Cause (first observed failure):
[0]:
  time      : 2024-03-23_10:03:23
  host      : aimagelab-srv-00.ing.unimore.it
  rank      : 0 (local_rank: 0)
  exitcode  : 1 (pid: 378163)
  error_file: <N/A>
  traceback : To enable traceback see: https://pytorch.org/docs/stable/elastic/errors.html
============================================================
WARNING:__main__:
*****************************************
Setting OMP_NUM_THREADS environment variable for each process to be 1 in default, to avoid your system being overloaded, please further tune the variable for optimal performance in your application as needed. 
*****************************************
/usr/local/anaconda3/lib/python3.9/site-packages/scipy/__init__.py:155: UserWarning: A NumPy version >=1.18.5 and <1.25.0 is required for this version of SciPy (detected version 1.26.4
  warnings.warn(f"A NumPy version >={np_minversion} and <{np_maxversion}"
/usr/local/anaconda3/lib/python3.9/site-packages/scipy/__init__.py:155: UserWarning: A NumPy version >=1.18.5 and <1.25.0 is required for this version of SciPy (detected version 1.26.4
  warnings.warn(f"A NumPy version >={np_minversion} and <{np_maxversion}"
/usr/local/anaconda3/lib/python3.9/site-packages/scipy/__init__.py:155: UserWarning: A NumPy version >=1.18.5 and <1.25.0 is required for this version of SciPy (detected version 1.26.4
  warnings.warn(f"A NumPy version >={np_minversion} and <{np_maxversion}"
/usr/local/anaconda3/lib/python3.9/site-packages/scipy/__init__.py:155: UserWarning: A NumPy version >=1.18.5 and <1.25.0 is required for this version of SciPy (detected version 1.26.4
  warnings.warn(f"A NumPy version >={np_minversion} and <{np_maxversion}"
/homes/sbghosh/.local/lib/python3.9/site-packages/torchvision/models/_utils.py:208: UserWarning: The parameter 'pretrained' is deprecated since 0.13 and may be removed in the future, please use 'weights' instead.
  warnings.warn(
/homes/sbghosh/.local/lib/python3.9/site-packages/torchvision/models/_utils.py:223: UserWarning: Arguments other than a weight enum or `None` for 'weights' are deprecated since 0.13 and may be removed in the future. The current behavior is equivalent to passing `weights=FasterRCNN_ResNet50_FPN_Weights.COCO_V1`. You can also use `weights=FasterRCNN_ResNet50_FPN_Weights.DEFAULT` to get the most up-to-date weights.
  warnings.warn(msg)
/homes/sbghosh/.local/lib/python3.9/site-packages/torchvision/models/_utils.py:208: UserWarning: The parameter 'pretrained' is deprecated since 0.13 and may be removed in the future, please use 'weights' instead.
  warnings.warn(
/homes/sbghosh/.local/lib/python3.9/site-packages/torchvision/models/_utils.py:223: UserWarning: Arguments other than a weight enum or `None` for 'weights' are deprecated since 0.13 and may be removed in the future. The current behavior is equivalent to passing `weights=FasterRCNN_ResNet50_FPN_Weights.COCO_V1`. You can also use `weights=FasterRCNN_ResNet50_FPN_Weights.DEFAULT` to get the most up-to-date weights.
  warnings.warn(msg)
/homes/sbghosh/.local/lib/python3.9/site-packages/torchvision/models/_utils.py:208: UserWarning: The parameter 'pretrained' is deprecated since 0.13 and may be removed in the future, please use 'weights' instead.
  warnings.warn(
/homes/sbghosh/.local/lib/python3.9/site-packages/torchvision/models/_utils.py:223: UserWarning: Arguments other than a weight enum or `None` for 'weights' are deprecated since 0.13 and may be removed in the future. The current behavior is equivalent to passing `weights=FasterRCNN_ResNet50_FPN_Weights.COCO_V1`. You can also use `weights=FasterRCNN_ResNet50_FPN_Weights.DEFAULT` to get the most up-to-date weights.
  warnings.warn(msg)
/homes/sbghosh/.local/lib/python3.9/site-packages/torchvision/models/_utils.py:208: UserWarning: The parameter 'pretrained' is deprecated since 0.13 and may be removed in the future, please use 'weights' instead.
  warnings.warn(
/homes/sbghosh/.local/lib/python3.9/site-packages/torchvision/models/_utils.py:223: UserWarning: Arguments other than a weight enum or `None` for 'weights' are deprecated since 0.13 and may be removed in the future. The current behavior is equivalent to passing `weights=FasterRCNN_ResNet50_FPN_Weights.COCO_V1`. You can also use `weights=FasterRCNN_ResNet50_FPN_Weights.DEFAULT` to get the most up-to-date weights.
  warnings.warn(msg)
