True
device:True 
cudadevice:
True 
cuda
device: cuda
True
device: cuda
[31mPlease check your arguments if you have upgraded adabelief-pytorch from version 0.0.5.
[31mModifications to default arguments:
[31m                           eps  weight_decouple    rectify
-----------------------  -----  -----------------  ---------
adabelief-pytorch=0.0.5  1e-08  False              False
>=0.1.0 (Current 0.2.0)  1e-16  True               True
[31mPlease check your arguments if you have upgraded adabelief-pytorch from version 0.0.5.[34mSGD better than Adam (e.g. CNN for Image Classification)    Adam better than SGD (e.g. Transformer, GAN)
----------------------------------------------------------  ----------------------------------------------
Recommended eps = 1e-8                                      Recommended eps = 1e-16

[31mModifications to default arguments:[34mFor a complete table of recommended hyperparameters, see

[34mhttps://github.com/juntang-zhuang/Adabelief-Optimizer
[32mYou can disable the log message by setting "print_change_log = False", though it is recommended to keep as a reminder.
[31m                           eps  weight_decouple    rectify
-----------------------  -----  -----------------  ---------
adabelief-pytorch=0.0.5  1e-08  False              False
>=0.1.0 (Current 0.2.0)  1e-16  True               True[0m

[34mSGD better than Adam (e.g. CNN for Image Classification)    Adam better than SGD (e.g. Transformer, GAN)
----------------------------------------------------------  ----------------------------------------------
Recommended eps = 1e-8                                      Recommended eps = 1e-16
[34mFor a complete table of recommended hyperparameters, see
[34mhttps://github.com/juntang-zhuang/Adabelief-OptimizerWeight decoupling enabled in AdaBelief

[32mYou can disable the log message by setting "print_change_log = False", though it is recommended to keep as a reminder.Rectification enabled in AdaBelief

[0m
[31mPlease check your arguments if you have upgraded adabelief-pytorch from version 0.0.5.
[31mModifications to default arguments:Weight decoupling enabled in AdaBelief

Rectification enabled in AdaBelief
[31m                           eps  weight_decouple    rectify
-----------------------  -----  -----------------  ---------
adabelief-pytorch=0.0.5  1e-08  False              False
>=0.1.0 (Current 0.2.0)  1e-16  True               True
[34mSGD better than Adam (e.g. CNN for Image Classification)    Adam better than SGD (e.g. Transformer, GAN)
----------------------------------------------------------  ----------------------------------------------
Recommended eps = 1e-8                                      Recommended eps = 1e-16
[34mFor a complete table of recommended hyperparameters, see
[34mhttps://github.com/juntang-zhuang/Adabelief-Optimizer
[32mYou can disable the log message by setting "print_change_log = False", though it is recommended to keep as a reminder.
[0m
Weight decoupling enabled in AdaBelief
Rectification enabled in AdaBelief
[31mPlease check your arguments if you have upgraded adabelief-pytorch from version 0.0.5.
[31mModifications to default arguments:
[31m                           eps  weight_decouple    rectify
-----------------------  -----  -----------------  ---------
adabelief-pytorch=0.0.5  1e-08  False              False
>=0.1.0 (Current 0.2.0)  1e-16  True               True
[34mSGD better than Adam (e.g. CNN for Image Classification)    Adam better than SGD (e.g. Transformer, GAN)
----------------------------------------------------------  ----------------------------------------------
Recommended eps = 1e-8                                      Recommended eps = 1e-16
[34mFor a complete table of recommended hyperparameters, see
[34mhttps://github.com/juntang-zhuang/Adabelief-Optimizer
[32mYou can disable the log message by setting "print_change_log = False", though it is recommended to keep as a reminder.
[0m
Weight decoupling enabled in AdaBelief
Rectification enabled in AdaBelief
Training Epoch: 16 [174/175] Loss: 0.4808 â”â”â”â”â”â”â”â”â”â”â”â”â”â”â”â”â”â”â”â”â”â”â”â”â” 100% 0:00:00
Training Epoch: 16 [174/175] Loss: 0.5113 â”â”â”â”â”â”â”â”â”â”â”â”â”â”â”â”â”â”â”â”â”â”â”â”â” 100% 0:00:00
Training Epoch: 16 [174/175] Loss: 0.4232 â”â”â”â”â”â”â”â”â”â”â”â”â”â”â”â”â”â”â”â”â”â”â”â”â” 100% 0:00:00
Training Epoch: 16 [174/175] Loss: 0.5522 â”â”â”â”â”â”â”â”â”â”â”â”â”â”â”â”â”â”â”â”â”â”â”â”â” 100% 0:00:00
Validating Epoch: 16 [10/11] Loss: 0.4392 â”â”â”â”â”â”â”â”â”â”â”â”â”â”â”â”â”â”â”â”â”â”â”â”â” 100% 0:00:00
Validating Epoch: 16 [10/11] Loss: 0.2494 â”â”â”â”â”â”â”â”â”â”â”â”â”â”â”â”â”â”â”â”â”â”â”â”â” 100% 0:00:00
Validating Epoch: 16 [10/11] Loss: 0.3603 â”â”â”â”â”â”â”â”â”â”â”â”â”â”â”â”â”â”â”â”â”â”â”â”â” 100% 0:00:00
Validating Epoch: 16 [10/11] Loss: 0.3749 â”â”â”â”â”â”â”â”â”â”â”â”â”â”â”â”â”â”â”â”â”â”â”â”â” 100% 0:00:00
Training Epoch: 17 [174/175] Loss: 0.5225 â”â”â”â”â”â”â”â”â”â”â”â”â”â”â”â”â”â”â”â”â”â”â”â”â” 100% 0:00:00
Training Epoch: 17 [174/175] Loss: 0.4256 â”â”â”â”â”â”â”â”â”â”â”â”â”â”â”â”â”â”â”â”â”â”â”â”â” 100% 0:00:00
Training Epoch: 17 [174/175] Loss: 0.5720 â”â”â”â”â”â”â”â”â”â”â”â”â”â”â”â”â”â”â”â”â”â”â”â”â” 100% 0:00:00
Training Epoch: 17 [174/175] Loss: 0.5592 â”â”â”â”â”â”â”â”â”â”â”â”â”â”â”â”â”â”â”â”â”â”â”â”â” 100% 0:00:00
Validating Epoch: 17 [10/11] Loss: 0.3114 â”â”â”â”â”â”â”â”â”â”â”â”â”â”â”â”â”â”â”â”â”â”â”â”â” 100% 0:00:00
Validating Epoch: 17 [10/11] Loss: 0.2373 â”â”â”â”â”â”â”â”â”â”â”â”â”â”â”â”â”â”â”â”â”â”â”â”â” 100% 0:00:00
Validating Epoch: 17 [10/11] Loss: 0.2740 â”â”â”â”â”â”â”â”â”â”â”â”â”â”â”â”â”â”â”â”â”â”â”â”â” 100% 0:00:00
Validating Epoch: 17 [10/11] Loss: 0.3215 â”â”â”â”â”â”â”â”â”â”â”â”â”â”â”â”â”â”â”â”â”â”â”â”â” 100% 0:00:00
Training Epoch: 18 [174/175] Loss: 0.5099 â”â”â”â”â”â”â”â”â”â”â”â”â”â”â”â”â”â”â”â”â”â”â”â”â” 100% 0:00:00
Training Epoch: 18 [174/175] Loss: 0.5475 â”â”â”â”â”â”â”â”â”â”â”â”â”â”â”â”â”â”â”â”â”â”â”â”â” 100% 0:00:00
Training Epoch: 18 [174/175] Loss: 0.4722 â”â”â”â”â”â”â”â”â”â”â”â”â”â”â”â”â”â”â”â”â”â”â”â”â” 100% 0:00:00
Training Epoch: 18 [174/175] Loss: 0.5504 â”â”â”â”â”â”â”â”â”â”â”â”â”â”â”â”â”â”â”â”â”â”â”â”â” 100% 0:00:00
Validating Epoch: 18 [10/11] Loss: 0.3419 â”â”â”â”â”â”â”â”â”â”â”â”â”â”â”â”â”â”â”â”â”â”â”â”â” 100% 0:00:00
Validating Epoch: 18 [10/11] Loss: 0.2453 â”â”â”â”â”â”â”â”â”â”â”â”â”â”â”â”â”â”â”â”â”â”â”â”â” 100% 0:00:00
Validating Epoch: 18 [10/11] Loss: 0.4044 â”â”â”â”â”â”â”â”â”â”â”â”â”â”â”â”â”â”â”â”â”â”â”â”â” 100% 0:00:00
Validating Epoch: 18 [10/11] Loss: 0.5218 â”â”â”â”â”â”â”â”â”â”â”â”â”â”â”â”â”â”â”â”â”â”â”â”â” 100% 0:00:00
Training Epoch: 19 [174/175] Loss: 0.4920 â”â”â”â”â”â”â”â”â”â”â”â”â”â”â”â”â”â”â”â”â”â”â”â”â” 100% 0:00:00
Training Epoch: 19 [174/175] Loss: 0.4843 â”â”â”â”â”â”â”â”â”â”â”â”â”â”â”â”â”â”â”â”â”â”â”â”â” 100% 0:00:00Training Epoch: 19 [174/175] Loss: 0.5022 â”â”â”â”â”â”â”â”â”â”â”â”â”â”â”â”â”â”â”â”â”â”â”â”â” 100% 0:00:00

Training Epoch: 19 [174/175] Loss: 0.4448 â”â”â”â”â”â”â”â”â”â”â”â”â”â”â”â”â”â”â”â”â”â”â”â”â” 100% 0:00:00
Validating Epoch: 19 [10/11] Loss: 0.3603 â”â”â”â”â”â”â”â”â”â”â”â”â”â”â”â”â”â”â”â”â”â”â”â”â” 100% 0:00:00
Validating Epoch: 19 [10/11] Loss: 0.2653 â”â”â”â”â”â”â”â”â”â”â”â”â”â”â”â”â”â”â”â”â”â”â”â”â” 100% 0:00:00
Validating Epoch: 19 [10/11] Loss: 0.3692 â”â”â”â”â”â”â”â”â”â”â”â”â”â”â”â”â”â”â”â”â”â”â”â”â” 100% 0:00:00
Validating Epoch: 19 [10/11] Loss: 0.2845 â”â”â”â”â”â”â”â”â”â”â”â”â”â”â”â”â”â”â”â”â”â”â”â”â” 100% 0:00:00
Training Epoch: 20 [174/175] Loss: 0.5837 â”â”â”â”â”â”â”â”â”â”â”â”â”â”â”â”â”â”â”â”â”â”â”â”â” 100% 0:00:00
Training Epoch: 20 [174/175] Loss: 0.5801 â”â”â”â”â”â”â”â”â”â”â”â”â”â”â”â”â”â”â”â”â”â”â”â”â” 100% 0:00:00
Training Epoch: 20 [174/175] Loss: 0.5586 â”â”â”â”â”â”â”â”â”â”â”â”â”â”â”â”â”â”â”â”â”â”â”â”â” 100% 0:00:00Training Epoch: 20 [174/175] Loss: 0.6222 â”â”â”â”â”â”â”â”â”â”â”â”â”â”â”â”â”â”â”â”â”â”â”â”â” 100% 0:00:00

Validating Epoch: 20 [10/11] Loss: 0.3100 â”â”â”â”â”â”â”â”â”â”â”â”â”â”â”â”â”â”â”â”â”â”â”â”â” 100% 0:00:00
Validating Epoch: 20 [10/11] Loss: 0.3953 â”â”â”â”â”â”â”â”â”â”â”â”â”â”â”â”â”â”â”â”â”â”â”â”â” 100% 0:00:00
Validating Epoch: 20 [10/11] Loss: 0.2242 â”â”â”â”â”â”â”â”â”â”â”â”â”â”â”â”â”â”â”â”â”â”â”â”â” 100% 0:00:00
Validating Epoch: 20 [10/11] Loss: 0.2618 â”â”â”â”â”â”â”â”â”â”â”â”â”â”â”â”â”â”â”â”â”â”â”â”â” 100% 0:00:00
Training Epoch: 21 [174/175] Loss: 0.5703 â”â”â”â”â”â”â”â”â”â”â”â”â”â”â”â”â”â”â”â”â”â”â”â”â” 100% 0:00:00
Training Epoch: 21 [174/175] Loss: 0.5172 â”â”â”â”â”â”â”â”â”â”â”â”â”â”â”â”â”â”â”â”â”â”â”â”â” 100% 0:00:00
Training Epoch: 21 [174/175] Loss: 0.5402 â”â”â”â”â”â”â”â”â”â”â”â”â”â”â”â”â”â”â”â”â”â”â”â”â” 100% 0:00:00
Training Epoch: 21 [174/175] Loss: 0.5312 â”â”â”â”â”â”â”â”â”â”â”â”â”â”â”â”â”â”â”â”â”â”â”â”â” 100% 0:00:00
Validating Epoch: 21 [10/11] Loss: 0.3150 â”â”â”â”â”â”â”â”â”â”â”â”â”â”â”â”â”â”â”â”â”â”â”â”â” 100% 0:00:00
Validating Epoch: 21 [10/11] Loss: 0.2193 â”â”â”â”â”â”â”â”â”â”â”â”â”â”â”â”â”â”â”â”â”â”â”â”â” 100% 0:00:00
Validating Epoch: 21 [10/11] Loss: 0.2930 â”â”â”â”â”â”â”â”â”â”â”â”â”â”â”â”â”â”â”â”â”â”â”â”â” 100% 0:00:00
Validating Epoch: 21 [10/11] Loss: 0.3838 â”â”â”â”â”â”â”â”â”â”â”â”â”â”â”â”â”â”â”â”â”â”â”â”â” 100% 0:00:00
Training Epoch: 22 [174/175] Loss: 0.5646 â”â”â”â”â”â”â”â”â”â”â”â”â”â”â”â”â”â”â”â”â”â”â”â”â” 100% 0:00:00Training Epoch: 22 [174/175] Loss: 0.4360 â”â”â”â”â”â”â”â”â”â”â”â”â”â”â”â”â”â”â”â”â”â”â”â”â” 100% 0:00:00

Training Epoch: 22 [174/175] Loss: 0.6648 â”â”â”â”â”â”â”â”â”â”â”â”â”â”â”â”â”â”â”â”â”â”â”â”â” 100% 0:00:00
Training Epoch: 22 [174/175] Loss: 0.6366 â”â”â”â”â”â”â”â”â”â”â”â”â”â”â”â”â”â”â”â”â”â”â”â”â” 100% 0:00:00
Validating Epoch: 22 [10/11] Loss: 0.2335 â”â”â”â”â”â”â”â”â”â”â”â”â”â”â”â”â”â”â”â”â”â”â”â”â” 100% 0:00:00
Validating Epoch: 22 [10/11] Loss: 0.3554 â”â”â”â”â”â”â”â”â”â”â”â”â”â”â”â”â”â”â”â”â”â”â”â”â” 100% 0:00:00
Validating Epoch: 22 [10/11] Loss: 0.2808 â”â”â”â”â”â”â”â”â”â”â”â”â”â”â”â”â”â”â”â”â”â”â”â”â” 100% 0:00:00
Validating Epoch: 22 [10/11] Loss: 0.3526 â”â”â”â”â”â”â”â”â”â”â”â”â”â”â”â”â”â”â”â”â”â”â”â”â” 100% 0:00:00
Training Epoch: 23 [174/175] Loss: 0.5255 â”â”â”â”â”â”â”â”â”â”â”â”â”â”â”â”â”â”â”â”â”â”â”â”â” 100% 0:00:00
Training Epoch: 23 [174/175] Loss: 0.5790 â”â”â”â”â”â”â”â”â”â”â”â”â”â”â”â”â”â”â”â”â”â”â”â”â” 100% 0:00:00
Training Epoch: 23 [174/175] Loss: 0.5557 â”â”â”â”â”â”â”â”â”â”â”â”â”â”â”â”â”â”â”â”â”â”â”â”â” 100% 0:00:00
Training Epoch: 23 [174/175] Loss: 0.6729 â”â”â”â”â”â”â”â”â”â”â”â”â”â”â”â”â”â”â”â”â”â”â”â”â” 100% 0:00:00
Validating Epoch: 23 [10/11] Loss: 0.2568 â”â”â”â”â”â”â”â”â”â”â”â”â”â”â”â”â”â”â”â”â”â”â”â”â” 100% 0:00:00
Validating Epoch: 23 [10/11] Loss: 0.3352 â”â”â”â”â”â”â”â”â”â”â”â”â”â”â”â”â”â”â”â”â”â”â”â”â” 100% 0:00:00
Validating Epoch: 23 [10/11] Loss: 0.2630 â”â”â”â”â”â”â”â”â”â”â”â”â”â”â”â”â”â”â”â”â”â”â”â”â” 100% 0:00:00
Epoch 00024: reducing learning rate of group 0 to 1.0000e-06.
Validating Epoch: 23 [10/11] Loss: 0.4115 â”â”â”â”â”â”â”â”â”â”â”â”â”â”â”â”â”â”â”â”â”â”â”â”â” 100% 0:00:00
Training Epoch: 24 [174/175] Loss: 0.4651 â”â”â”â”â”â”â”â”â”â”â”â”â”â”â”â”â”â”â”â”â”â”â”â”â” 100% 0:00:00
Training Epoch: 24 [174/175] Loss: 0.5061 â”â”â”â”â”â”â”â”â”â”â”â”â”â”â”â”â”â”â”â”â”â”â”â”â” 100% 0:00:00
Training Epoch: 24 [174/175] Loss: 0.5798 â”â”â”â”â”â”â”â”â”â”â”â”â”â”â”â”â”â”â”â”â”â”â”â”â” 100% 0:00:00
Training Epoch: 24 [174/175] Loss: 0.4959 â”â”â”â”â”â”â”â”â”â”â”â”â”â”â”â”â”â”â”â”â”â”â”â”â” 100% 0:00:00
Validating Epoch: 24 [10/11] Loss: 0.2340 â”â”â”â”â”â”â”â”â”â”â”â”â”â”â”â”â”â”â”â”â”â”â”â”â” 100% 0:00:00
Validating Epoch: 24 [10/11] Loss: 0.3566 â”â”â”â”â”â”â”â”â”â”â”â”â”â”â”â”â”â”â”â”â”â”â”â”â” 100% 0:00:00
Validating Epoch: 24 [10/11] Loss: 0.3834 â”â”â”â”â”â”â”â”â”â”â”â”â”â”â”â”â”â”â”â”â”â”â”â”â” 100% 0:00:00
Validating Epoch: 24 [10/11] Loss: 0.3511 â”â”â”â”â”â”â”â”â”â”â”â”â”â”â”â”â”â”â”â”â”â”â”â”â” 100% 0:00:00
Epoch 00025: reducing learning rate of group 0 to 1.0000e-06.
Training Epoch: 25 [174/175] Loss: 0.6817 â”â”â”â”â”â”â”â”â”â”â”â”â”â”â”â”â”â”â”â”â”â”â”â”â” 100% 0:00:00
Training Epoch: 25 [174/175] Loss: 0.4560 â”â”â”â”â”â”â”â”â”â”â”â”â”â”â”â”â”â”â”â”â”â”â”â”â” 100% 0:00:00
Training Epoch: 25 [174/175] Loss: 0.6205 â”â”â”â”â”â”â”â”â”â”â”â”â”â”â”â”â”â”â”â”â”â”â”â”â” 100% 0:00:00
Training Epoch: 25 [174/175] Loss: 0.6517 â”â”â”â”â”â”â”â”â”â”â”â”â”â”â”â”â”â”â”â”â”â”â”â”â” 100% 0:00:00
Validating Epoch: 25 [10/11] Loss: 0.2972 â”â”â”â”â”â”â”â”â”â”â”â”â”â”â”â”â”â”â”â”â”â”â”â”â” 100% 0:00:00
Validating Epoch: 25 [10/11] Loss: 0.3058 â”â”â”â”â”â”â”â”â”â”â”â”â”â”â”â”â”â”â”â”â”â”â”â”â” 100% 0:00:00
Validating Epoch: 25 [10/11] Loss: 0.3338 â”â”â”â”â”â”â”â”â”â”â”â”â”â”â”â”â”â”â”â”â”â”â”â”â” 100% 0:00:00
Validating Epoch: 25 [10/11] Loss: 0.2839 â”â”â”â”â”â”â”â”â”â”â”â”â”â”â”â”â”â”â”â”â”â”â”â”â” 100% 0:00:00
Training Epoch: 26 [174/175] Loss: 0.5514 â”â”â”â”â”â”â”â”â”â”â”â”â”â”â”â”â”â”â”â”â”â”â”â”â” 100% 0:00:00
Training Epoch: 26 [174/175] Loss: 0.5414 â”â”â”â”â”â”â”â”â”â”â”â”â”â”â”â”â”â”â”â”â”â”â”â”â” 100% 0:00:00
Training Epoch: 26 [174/175] Loss: 0.5516 â”â”â”â”â”â”â”â”â”â”â”â”â”â”â”â”â”â”â”â”â”â”â”â”â” 100% 0:00:00
Training Epoch: 26 [174/175] Loss: 0.6746 â”â”â”â”â”â”â”â”â”â”â”â”â”â”â”â”â”â”â”â”â”â”â”â”â” 100% 0:00:00
Validating Epoch: 26 [10/11] Loss: 0.3902 â”â”â”â”â”â”â”â”â”â”â”â”â”â”â”â”â”â”â”â”â”â”â”â”â” 100% 0:00:00
Validating Epoch: 26 [10/11] Loss: 0.2425 â”â”â”â”â”â”â”â”â”â”â”â”â”â”â”â”â”â”â”â”â”â”â”â”â” 100% 0:00:00
Validating Epoch: 26 [10/11] Loss: 0.3255 â”â”â”â”â”â”â”â”â”â”â”â”â”â”â”â”â”â”â”â”â”â”â”â”â” 100% 0:00:00
Validating Epoch: 26 [10/11] Loss: 0.3028 â”â”â”â”â”â”â”â”â”â”â”â”â”â”â”â”â”â”â”â”â”â”â”â”â” 100% 0:00:00
Training Epoch: 27 [174/175] Loss: 0.5389 â”â”â”â”â”â”â”â”â”â”â”â”â”â”â”â”â”â”â”â”â”â”â”â”â” 100% 0:00:00
Training Epoch: 27 [174/175] Loss: 0.4738 â”â”â”â”â”â”â”â”â”â”â”â”â”â”â”â”â”â”â”â”â”â”â”â”â” 100% 0:00:00
Training Epoch: 27 [174/175] Loss: 0.5637 â”â”â”â”â”â”â”â”â”â”â”â”â”â”â”â”â”â”â”â”â”â”â”â”â” 100% 0:00:00
Training Epoch: 27 [174/175] Loss: 0.5202 â”â”â”â”â”â”â”â”â”â”â”â”â”â”â”â”â”â”â”â”â”â”â”â”â” 100% 0:00:00
Validating Epoch: 27 [10/11] Loss: 0.3512 â”â”â”â”â”â”â”â”â”â”â”â”â”â”â”â”â”â”â”â”â”â”â”â”â” 100% 0:00:00
Validating Epoch: 27 [10/11] Loss: 0.2296 â”â”â”â”â”â”â”â”â”â”â”â”â”â”â”â”â”â”â”â”â”â”â”â”â” 100% 0:00:00
Validating Epoch: 27 [10/11] Loss: 0.4465 â”â”â”â”â”â”â”â”â”â”â”â”â”â”â”â”â”â”â”â”â”â”â”â”â” 100% 0:00:00
Validating Epoch: 27 [10/11] Loss: 0.2523 â”â”â”â”â”â”â”â”â”â”â”â”â”â”â”â”â”â”â”â”â”â”â”â”â” 100% 0:00:00
Training Epoch: 28 [174/175] Loss: 0.5724 â”â”â”â”â”â”â”â”â”â”â”â”â”â”â”â”â”â”â”â”â”â”â”â”â” 100% 0:00:00
Training Epoch: 28 [174/175] Loss: 0.4769 â”â”â”â”â”â”â”â”â”â”â”â”â”â”â”â”â”â”â”â”â”â”â”â”â” 100% 0:00:00
Training Epoch: 28 [174/175] Loss: 0.5369 â”â”â”â”â”â”â”â”â”â”â”â”â”â”â”â”â”â”â”â”â”â”â”â”â” 100% 0:00:00
Training Epoch: 28 [174/175] Loss: 0.4861 â”â”â”â”â”â”â”â”â”â”â”â”â”â”â”â”â”â”â”â”â”â”â”â”â” 100% 0:00:00
Validating Epoch: 28 [10/11] Loss: 0.4090 â”â”â”â”â”â”â”â”â”â”â”â”â”â”â”â”â”â”â”â”â”â”â”â”â” 100% 0:00:00
Validating Epoch: 28 [10/11] Loss: 0.2758 â”â”â”â”â”â”â”â”â”â”â”â”â”â”â”â”â”â”â”â”â”â”â”â”â” 100% 0:00:00
Validating Epoch: 28 [10/11] Loss: 0.2405 â”â”â”â”â”â”â”â”â”â”â”â”â”â”â”â”â”â”â”â”â”â”â”â”â” 100% 0:00:00
Validating Epoch: 28 [10/11] Loss: 0.3145 â”â”â”â”â”â”â”â”â”â”â”â”â”â”â”â”â”â”â”â”â”â”â”â”â” 100% 0:00:00
Training Epoch: 29 [174/175] Loss: 0.4012 â”â”â”â”â”â”â”â”â”â”â”â”â”â”â”â”â”â”â”â”â”â”â”â”â” 100% 0:00:00
Training Epoch: 29 [174/175] Loss: 0.5892 â”â”â”â”â”â”â”â”â”â”â”â”â”â”â”â”â”â”â”â”â”â”â”â”â” 100% 0:00:00
Training Epoch: 29 [174/175] Loss: 0.6068 â”â”â”â”â”â”â”â”â”â”â”â”â”â”â”â”â”â”â”â”â”â”â”â”â” 100% 0:00:00
Training Epoch: 29 [174/175] Loss: 0.5450 â”â”â”â”â”â”â”â”â”â”â”â”â”â”â”â”â”â”â”â”â”â”â”â”â” 100% 0:00:00
Validating Epoch: 29 [10/11] Loss: 0.2659 â”â”â”â”â”â”â”â”â”â”â”â”â”â”â”â”â”â”â”â”â”â”â”â”â” 100% 0:00:00
Epoch 00030: reducing learning rate of group 0 to 1.0000e-07.
Validating Epoch: 29 [10/11] Loss: 0.2525 â”â”â”â”â”â”â”â”â”â”â”â”â”â”â”â”â”â”â”â”â”â”â”â”â” 100% 0:00:00
Validating Epoch: 29 [10/11] Loss: 0.2115 â”â”â”â”â”â”â”â”â”â”â”â”â”â”â”â”â”â”â”â”â”â”â”â”â” 100% 0:00:00
Validating Epoch: 29 [10/11] Loss: 0.6567 â”â”â”â”â”â”â”â”â”â”â”â”â”â”â”â”â”â”â”â”â”â”â”â”â” 100% 0:00:00
Training Epoch: 30 [174/175] Loss: 0.4799 â”â”â”â”â”â”â”â”â”â”â”â”â”â”â”â”â”â”â”â”â”â”â”â”â” 100% 0:00:00
Training Epoch: 30 [174/175] Loss: 0.6919 â”â”â”â”â”â”â”â”â”â”â”â”â”â”â”â”â”â”â”â”â”â”â”â”â” 100% 0:00:00
Training Epoch: 30 [174/175] Loss: 0.5398 â”â”â”â”â”â”â”â”â”â”â”â”â”â”â”â”â”â”â”â”â”â”â”â”â” 100% 0:00:00
Training Epoch: 30 [174/175] Loss: 0.5021 â”â”â”â”â”â”â”â”â”â”â”â”â”â”â”â”â”â”â”â”â”â”â”â”â” 100% 0:00:00
Validating Epoch: 30 [10/11] Loss: 0.3093 â”â”â”â”â”â”â”â”â”â”â”â”â”â”â”â”â”â”â”â”â”â”â”â”â” 100% 0:00:00
Validating Epoch: 30 [10/11] Loss: 0.3009 â”â”â”â”â”â”â”â”â”â”â”â”â”â”â”â”â”â”â”â”â”â”â”â”â” 100% 0:00:00
Validating Epoch: 30 [10/11] Loss: 0.2415 â”â”â”â”â”â”â”â”â”â”â”â”â”â”â”â”â”â”â”â”â”â”â”â”â” 100% 0:00:00
Validating Epoch: 30 [10/11] Loss: 0.4394 â”â”â”â”â”â”â”â”â”â”â”â”â”â”â”â”â”â”â”â”â”â”â”â”â” 100% 0:00:00
Training Epoch: 31 [174/175] Loss: 0.4881 â”â”â”â”â”â”â”â”â”â”â”â”â”â”â”â”â”â”â”â”â”â”â”â”â” 100% 0:00:00
Training Epoch: 31 [174/175] Loss: 0.5124 â”â”â”â”â”â”â”â”â”â”â”â”â”â”â”â”â”â”â”â”â”â”â”â”â” 100% 0:00:00
Training Epoch: 31 [174/175] Loss: 0.4813 â”â”â”â”â”â”â”â”â”â”â”â”â”â”â”â”â”â”â”â”â”â”â”â”â” 100% 0:00:00
Training Epoch: 31 [174/175] Loss: 0.8472 â”â”â”â”â”â”â”â”â”â”â”â”â”â”â”â”â”â”â”â”â”â”â”â”â” 100% 0:00:00
Validating Epoch: 31 [10/11] Loss: 0.3049 â”â”â”â”â”â”â”â”â”â”â”â”â”â”â”â”â”â”â”â”â”â”â”â”â” 100% 0:00:00
Epoch 00032: reducing learning rate of group 0 to 1.0000e-06.
Validating Epoch: 31 [10/11] Loss: 0.2330 â”â”â”â”â”â”â”â”â”â”â”â”â”â”â”â”â”â”â”â”â”â”â”â”â” 100% 0:00:00
Validating Epoch: 31 [10/11] Loss: 0.2590 â”â”â”â”â”â”â”â”â”â”â”â”â”â”â”â”â”â”â”â”â”â”â”â”â” 100% 0:00:00
Validating Epoch: 31 [10/11] Loss: 0.2915 â”â”â”â”â”â”â”â”â”â”â”â”â”â”â”â”â”â”â”â”â”â”â”â”â” 100% 0:00:00
Training Epoch: 32 [174/175] Loss: 0.4733 â”â”â”â”â”â”â”â”â”â”â”â”â”â”â”â”â”â”â”â”â”â”â”â”â” 100% 0:00:00
Training Epoch: 32 [174/175] Loss: 0.4165 â”â”â”â”â”â”â”â”â”â”â”â”â”â”â”â”â”â”â”â”â”â”â”â”â” 100% 0:00:00
Training Epoch: 32 [174/175] Loss: 0.5658 â”â”â”â”â”â”â”â”â”â”â”â”â”â”â”â”â”â”â”â”â”â”â”â”â” 100% 0:00:00
Training Epoch: 32 [174/175] Loss: 0.5343 â”â”â”â”â”â”â”â”â”â”â”â”â”â”â”â”â”â”â”â”â”â”â”â”â” 100% 0:00:00
Validating Epoch: 32 [10/11] Loss: 0.4019 â”â”â”â”â”â”â”â”â”â”â”â”â”â”â”â”â”â”â”â”â”â”â”â”â” 100% 0:00:00
Validating Epoch: 32 [10/11] Loss: 0.2850 â”â”â”â”â”â”â”â”â”â”â”â”â”â”â”â”â”â”â”â”â”â”â”â”â” 100% 0:00:00
Validating Epoch: 32 [10/11] Loss: 0.3222 â”â”â”â”â”â”â”â”â”â”â”â”â”â”â”â”â”â”â”â”â”â”â”â”â” 100% 0:00:00
Validating Epoch: 32 [10/11] Loss: 0.3591 â”â”â”â”â”â”â”â”â”â”â”â”â”â”â”â”â”â”â”â”â”â”â”â”â” 100% 0:00:00
Epoch 00033: reducing learning rate of group 0 to 1.0000e-06.
Training Epoch: 33 [174/175] Loss: 0.6568 â”â”â”â”â”â”â”â”â”â”â”â”â”â”â”â”â”â”â”â”â”â”â”â”â” 100% 0:00:00Training Epoch: 33 [174/175] Loss: 0.5630 â”â”â”â”â”â”â”â”â”â”â”â”â”â”â”â”â”â”â”â”â”â”â”â”â” 100% 0:00:00

Training Epoch: 33 [174/175] Loss: 0.5691 â”â”â”â”â”â”â”â”â”â”â”â”â”â”â”â”â”â”â”â”â”â”â”â”â” 100% 0:00:00
Training Epoch: 33 [174/175] Loss: 0.4562 â”â”â”â”â”â”â”â”â”â”â”â”â”â”â”â”â”â”â”â”â”â”â”â”â” 100% 0:00:00
Validating Epoch: 33 [10/11] Loss: 0.2232 â”â”â”â”â”â”â”â”â”â”â”â”â”â”â”â”â”â”â”â”â”â”â”â”â” 100% 0:00:00
Validating Epoch: 33 [10/11] Loss: 0.2229 â”â”â”â”â”â”â”â”â”â”â”â”â”â”â”â”â”â”â”â”â”â”â”â”â” 100% 0:00:00
Validating Epoch: 33 [10/11] Loss: 0.2813 â”â”â”â”â”â”â”â”â”â”â”â”â”â”â”â”â”â”â”â”â”â”â”â”â” 100% 0:00:00
Validating Epoch: 33 [10/11] Loss: 0.2667 â”â”â”â”â”â”â”â”â”â”â”â”â”â”â”â”â”â”â”â”â”â”â”â”â” 100% 0:00:00
Training Epoch: 34 [174/175] Loss: 0.6486 â”â”â”â”â”â”â”â”â”â”â”â”â”â”â”â”â”â”â”â”â”â”â”â”â” 100% 0:00:00
Training Epoch: 34 [174/175] Loss: 0.6647 â”â”â”â”â”â”â”â”â”â”â”â”â”â”â”â”â”â”â”â”â”â”â”â”â” 100% 0:00:00
Training Epoch: 34 [174/175] Loss: 0.7280 â”â”â”â”â”â”â”â”â”â”â”â”â”â”â”â”â”â”â”â”â”â”â”â”â” 100% 0:00:00Training Epoch: 34 [174/175] Loss: 0.4943 â”â”â”â”â”â”â”â”â”â”â”â”â”â”â”â”â”â”â”â”â”â”â”â”â” 100% 0:00:00

Validating Epoch: 34 [10/11] Loss: 0.3588 â”â”â”â”â”â”â”â”â”â”â”â”â”â”â”â”â”â”â”â”â”â”â”â”â” 100% 0:00:00
Validating Epoch: 34 [10/11] Loss: 0.2755 â”â”â”â”â”â”â”â”â”â”â”â”â”â”â”â”â”â”â”â”â”â”â”â”â” 100% 0:00:00
Validating Epoch: 34 [10/11] Loss: 0.3280 â”â”â”â”â”â”â”â”â”â”â”â”â”â”â”â”â”â”â”â”â”â”â”â”â” 100% 0:00:00
Validating Epoch: 34 [10/11] Loss: 0.4059 â”â”â”â”â”â”â”â”â”â”â”â”â”â”â”â”â”â”â”â”â”â”â”â”â” 100% 0:00:00
Training Epoch: 35 [174/175] Loss: 0.5323 â”â”â”â”â”â”â”â”â”â”â”â”â”â”â”â”â”â”â”â”â”â”â”â”â” 100% 0:00:00
Training Epoch: 35 [174/175] Loss: 0.5700 â”â”â”â”â”â”â”â”â”â”â”â”â”â”â”â”â”â”â”â”â”â”â”â”â” 100% 0:00:00
Training Epoch: 35 [174/175] Loss: 0.5433 â”â”â”â”â”â”â”â”â”â”â”â”â”â”â”â”â”â”â”â”â”â”â”â”â” 100% 0:00:00
Training Epoch: 35 [174/175] Loss: 0.4647 â”â”â”â”â”â”â”â”â”â”â”â”â”â”â”â”â”â”â”â”â”â”â”â”â” 100% 0:00:00
Validating Epoch: 35 [10/11] Loss: 0.3677 â”â”â”â”â”â”â”â”â”â”â”â”â”â”â”â”â”â”â”â”â”â”â”â”â” 100% 0:00:00
Validating Epoch: 35 [10/11] Loss: 0.4319 â”â”â”â”â”â”â”â”â”â”â”â”â”â”â”â”â”â”â”â”â”â”â”â”â” 100% 0:00:00
Epoch 00036: reducing learning rate of group 0 to 1.0000e-07.
Validating Epoch: 35 [10/11] Loss: 0.3975 â”â”â”â”â”â”â”â”â”â”â”â”â”â”â”â”â”â”â”â”â”â”â”â”â” 100% 0:00:00
Epoch 00036: reducing learning rate of group 0 to 1.0000e-08.
Validating Epoch: 35 [10/11] Loss: 0.5066 â”â”â”â”â”â”â”â”â”â”â”â”â”â”â”â”â”â”â”â”â”â”â”â”â” 100% 0:00:00
Training Epoch: 36 [174/175] Loss: 0.5602 â”â”â”â”â”â”â”â”â”â”â”â”â”â”â”â”â”â”â”â”â”â”â”â”â” 100% 0:00:00
Training Epoch: 36 [174/175] Loss: 0.5872 â”â”â”â”â”â”â”â”â”â”â”â”â”â”â”â”â”â”â”â”â”â”â”â”â” 100% 0:00:00
Training Epoch: 36 [174/175] Loss: 0.5302 â”â”â”â”â”â”â”â”â”â”â”â”â”â”â”â”â”â”â”â”â”â”â”â”â” 100% 0:00:00
Training Epoch: 36 [174/175] Loss: 0.4803 â”â”â”â”â”â”â”â”â”â”â”â”â”â”â”â”â”â”â”â”â”â”â”â”â” 100% 0:00:00
Validating Epoch: 36 [10/11] Loss: 0.3111 â”â”â”â”â”â”â”â”â”â”â”â”â”â”â”â”â”â”â”â”â”â”â”â”â” 100% 0:00:00
Validating Epoch: 36 [10/11] Loss: 0.3472 â”â”â”â”â”â”â”â”â”â”â”â”â”â”â”â”â”â”â”â”â”â”â”â”â” 100% 0:00:00
Validating Epoch: 36 [10/11] Loss: 0.3568 â”â”â”â”â”â”â”â”â”â”â”â”â”â”â”â”â”â”â”â”â”â”â”â”â” 100% 0:00:00
Validating Epoch: 36 [10/11] Loss: 0.4241 â”â”â”â”â”â”â”â”â”â”â”â”â”â”â”â”â”â”â”â”â”â”â”â”â” 100% 0:00:00
Training Epoch: 37 [174/175] Loss: 0.5371 â”â”â”â”â”â”â”â”â”â”â”â”â”â”â”â”â”â”â”â”â”â”â”â”â” 100% 0:00:00
Training Epoch: 37 [174/175] Loss: 0.5150 â”â”â”â”â”â”â”â”â”â”â”â”â”â”â”â”â”â”â”â”â”â”â”â”â” 100% 0:00:00
Training Epoch: 37 [174/175] Loss: 0.5569 â”â”â”â”â”â”â”â”â”â”â”â”â”â”â”â”â”â”â”â”â”â”â”â”â” 100% 0:00:00
Training Epoch: 37 [174/175] Loss: 0.5727 â”â”â”â”â”â”â”â”â”â”â”â”â”â”â”â”â”â”â”â”â”â”â”â”â” 100% 0:00:00
Validating Epoch: 37 [10/11] Loss: 0.2054 â”â”â”â”â”â”â”â”â”â”â”â”â”â”â”â”â”â”â”â”â”â”â”â”â” 100% 0:00:00
Validating Epoch: 37 [10/11] Loss: 0.2964 â”â”â”â”â”â”â”â”â”â”â”â”â”â”â”â”â”â”â”â”â”â”â”â”â” 100% 0:00:00
Validating Epoch: 37 [10/11] Loss: 0.3131 â”â”â”â”â”â”â”â”â”â”â”â”â”â”â”â”â”â”â”â”â”â”â”â”â” 100% 0:00:00
Epoch 00038: reducing learning rate of group 0 to 1.0000e-07.
Validating Epoch: 37 [10/11] Loss: 0.2607 â”â”â”â”â”â”â”â”â”â”â”â”â”â”â”â”â”â”â”â”â”â”â”â”â” 100% 0:00:00
Training Epoch: 38 [174/175] Loss: 0.5605 â”â”â”â”â”â”â”â”â”â”â”â”â”â”â”â”â”â”â”â”â”â”â”â”â” 100% 0:00:00
Training Epoch: 38 [174/175] Loss: 0.5070 â”â”â”â”â”â”â”â”â”â”â”â”â”â”â”â”â”â”â”â”â”â”â”â”â” 100% 0:00:00
Training Epoch: 38 [174/175] Loss: 0.4825 â”â”â”â”â”â”â”â”â”â”â”â”â”â”â”â”â”â”â”â”â”â”â”â”â” 100% 0:00:00
Training Epoch: 38 [174/175] Loss: 0.5203 â”â”â”â”â”â”â”â”â”â”â”â”â”â”â”â”â”â”â”â”â”â”â”â”â” 100% 0:00:00
Validating Epoch: 38 [10/11] Loss: 0.4922 â”â”â”â”â”â”â”â”â”â”â”â”â”â”â”â”â”â”â”â”â”â”â”â”â” 100% 0:00:00
Validating Epoch: 38 [10/11] Loss: 0.3046 â”â”â”â”â”â”â”â”â”â”â”â”â”â”â”â”â”â”â”â”â”â”â”â”â” 100% 0:00:00
Validating Epoch: 38 [10/11] Loss: 0.4201 â”â”â”â”â”â”â”â”â”â”â”â”â”â”â”â”â”â”â”â”â”â”â”â”â” 100% 0:00:00
Epoch 00039: reducing learning rate of group 0 to 1.0000e-07.
Validating Epoch: 38 [10/11] Loss: 0.2553 â”â”â”â”â”â”â”â”â”â”â”â”â”â”â”â”â”â”â”â”â”â”â”â”â” 100% 0:00:00
Training Epoch: 39 [174/175] Loss: 0.5733 â”â”â”â”â”â”â”â”â”â”â”â”â”â”â”â”â”â”â”â”â”â”â”â”â” 100% 0:00:00
Training Epoch: 39 [174/175] Loss: 0.5471 â”â”â”â”â”â”â”â”â”â”â”â”â”â”â”â”â”â”â”â”â”â”â”â”â” 100% 0:00:00
Training Epoch: 39 [174/175] Loss: 0.5898 â”â”â”â”â”â”â”â”â”â”â”â”â”â”â”â”â”â”â”â”â”â”â”â”â” 100% 0:00:00
Training Epoch: 39 [174/175] Loss: 0.5388 â”â”â”â”â”â”â”â”â”â”â”â”â”â”â”â”â”â”â”â”â”â”â”â”â” 100% 0:00:00
Validating Epoch: 39 [10/11] Loss: 0.5471 â”â”â”â”â”â”â”â”â”â”â”â”â”â”â”â”â”â”â”â”â”â”â”â”â” 100% 0:00:00
Validating Epoch: 39 [10/11] Loss: 0.4017 â”â”â”â”â”â”â”â”â”â”â”â”â”â”â”â”â”â”â”â”â”â”â”â”â” 100% 0:00:00
Validating Epoch: 39 [10/11] Loss: 0.4327 â”â”â”â”â”â”â”â”â”â”â”â”â”â”â”â”â”â”â”â”â”â”â”â”â” 100% 0:00:00
Validating Epoch: 39 [10/11] Loss: 0.1821 â”â”â”â”â”â”â”â”â”â”â”â”â”â”â”â”â”â”â”â”â”â”â”â”â” 100% 0:00:00
Training Epoch: 40 [174/175] Loss: 0.6292 â”â”â”â”â”â”â”â”â”â”â”â”â”â”â”â”â”â”â”â”â”â”â”â”â” 100% 0:00:00
Training Epoch: 40 [174/175] Loss: 0.5217 â”â”â”â”â”â”â”â”â”â”â”â”â”â”â”â”â”â”â”â”â”â”â”â”â” 100% 0:00:00
Training Epoch: 40 [174/175] Loss: 0.6126 â”â”â”â”â”â”â”â”â”â”â”â”â”â”â”â”â”â”â”â”â”â”â”â”â” 100% 0:00:00
Training Epoch: 40 [174/175] Loss: 0.5683 â”â”â”â”â”â”â”â”â”â”â”â”â”â”â”â”â”â”â”â”â”â”â”â”â” 100% 0:00:00
Validating Epoch: 40 [10/11] Loss: 0.5240 â”â”â”â”â”â”â”â”â”â”â”â”â”â”â”â”â”â”â”â”â”â”â”â”â” 100% 0:00:00
Validating Epoch: 40 [10/11] Loss: 0.6215 â”â”â”â”â”â”â”â”â”â”â”â”â”â”â”â”â”â”â”â”â”â”â”â”â” 100% 0:00:00
Validating Epoch: 40 [10/11] Loss: 0.2327 â”â”â”â”â”â”â”â”â”â”â”â”â”â”â”â”â”â”â”â”â”â”â”â”â” 100% 0:00:00
Validating Epoch: 40 [10/11] Loss: 0.2620 â”â”â”â”â”â”â”â”â”â”â”â”â”â”â”â”â”â”â”â”â”â”â”â”â” 100% 0:00:00
Training Epoch: 41 [174/175] Loss: 0.5699 â”â”â”â”â”â”â”â”â”â”â”â”â”â”â”â”â”â”â”â”â”â”â”â”â” 100% 0:00:00
Training Epoch: 41 [174/175] Loss: 0.4569 â”â”â”â”â”â”â”â”â”â”â”â”â”â”â”â”â”â”â”â”â”â”â”â”â” 100% 0:00:00
Training Epoch: 41 [174/175] Loss: 0.5551 â”â”â”â”â”â”â”â”â”â”â”â”â”â”â”â”â”â”â”â”â”â”â”â”â” 100% 0:00:00
Training Epoch: 41 [174/175] Loss: 0.5725 â”â”â”â”â”â”â”â”â”â”â”â”â”â”â”â”â”â”â”â”â”â”â”â”â” 100% 0:00:00
Validating Epoch: 41 [10/11] Loss: 0.2612 â”â”â”â”â”â”â”â”â”â”â”â”â”â”â”â”â”â”â”â”â”â”â”â”â” 100% 0:00:00
Validating Epoch: 41 [10/11] Loss: 0.2868 â”â”â”â”â”â”â”â”â”â”â”â”â”â”â”â”â”â”â”â”â”â”â”â”â” 100% 0:00:00
Validating Epoch: 41 [10/11] Loss: 0.2676 â”â”â”â”â”â”â”â”â”â”â”â”â”â”â”â”â”â”â”â”â”â”â”â”â” 100% 0:00:00
Epoch 00042: reducing learning rate of group 0 to 1.0000e-08.
Validating Epoch: 41 [10/11] Loss: 0.3201 â”â”â”â”â”â”â”â”â”â”â”â”â”â”â”â”â”â”â”â”â”â”â”â”â” 100% 0:00:00
Training Epoch: 42 [174/175] Loss: 0.6377 â”â”â”â”â”â”â”â”â”â”â”â”â”â”â”â”â”â”â”â”â”â”â”â”â” 100% 0:00:00
Training Epoch: 42 [174/175] Loss: 0.6030 â”â”â”â”â”â”â”â”â”â”â”â”â”â”â”â”â”â”â”â”â”â”â”â”â” 100% 0:00:00
Training Epoch: 42 [174/175] Loss: 0.6283 â”â”â”â”â”â”â”â”â”â”â”â”â”â”â”â”â”â”â”â”â”â”â”â”â” 100% 0:00:00
Training Epoch: 42 [174/175] Loss: 0.5822 â”â”â”â”â”â”â”â”â”â”â”â”â”â”â”â”â”â”â”â”â”â”â”â”â” 100% 0:00:00
Validating Epoch: 42 [10/11] Loss: 0.1944 â”â”â”â”â”â”â”â”â”â”â”â”â”â”â”â”â”â”â”â”â”â”â”â”â” 100% 0:00:00
Validating Epoch: 42 [10/11] Loss: 0.2825 â”â”â”â”â”â”â”â”â”â”â”â”â”â”â”â”â”â”â”â”â”â”â”â”â” 100% 0:00:00
Validating Epoch: 42 [10/11] Loss: 0.2790 â”â”â”â”â”â”â”â”â”â”â”â”â”â”â”â”â”â”â”â”â”â”â”â”â” 100% 0:00:00
Validating Epoch: 42 [10/11] Loss: 0.2984 â”â”â”â”â”â”â”â”â”â”â”â”â”â”â”â”â”â”â”â”â”â”â”â”â” 100% 0:00:00
Training Epoch: 43 [174/175] Loss: 0.5781 â”â”â”â”â”â”â”â”â”â”â”â”â”â”â”â”â”â”â”â”â”â”â”â”â” 100% 0:00:00
Training Epoch: 43 [174/175] Loss: 0.4041 â”â”â”â”â”â”â”â”â”â”â”â”â”â”â”â”â”â”â”â”â”â”â”â”â” 100% 0:00:00
Training Epoch: 43 [174/175] Loss: 0.6668 â”â”â”â”â”â”â”â”â”â”â”â”â”â”â”â”â”â”â”â”â”â”â”â”â” 100% 0:00:00
Training Epoch: 43 [174/175] Loss: 0.5973 â”â”â”â”â”â”â”â”â”â”â”â”â”â”â”â”â”â”â”â”â”â”â”â”â” 100% 0:00:00
Validating Epoch: 43 [10/11] Loss: 0.3245 â”â”â”â”â”â”â”â”â”â”â”â”â”â”â”â”â”â”â”â”â”â”â”â”â” 100% 0:00:00
Validating Epoch: 43 [10/11] Loss: 0.3293 â”â”â”â”â”â”â”â”â”â”â”â”â”â”â”â”â”â”â”â”â”â”â”â”â” 100% 0:00:00
Validating Epoch: 43 [10/11] Loss: 0.3227 â”â”â”â”â”â”â”â”â”â”â”â”â”â”â”â”â”â”â”â”â”â”â”â”â” 100% 0:00:00
Validating Epoch: 43 [10/11] Loss: 0.3859 â”â”â”â”â”â”â”â”â”â”â”â”â”â”â”â”â”â”â”â”â”â”â”â”â” 100% 0:00:00
Training Epoch: 44 [174/175] Loss: 0.5378 â”â”â”â”â”â”â”â”â”â”â”â”â”â”â”â”â”â”â”â”â”â”â”â”â” 100% 0:00:00
Training Epoch: 44 [174/175] Loss: 0.5017 â”â”â”â”â”â”â”â”â”â”â”â”â”â”â”â”â”â”â”â”â”â”â”â”â” 100% 0:00:00
Training Epoch: 44 [174/175] Loss: 0.6078 â”â”â”â”â”â”â”â”â”â”â”â”â”â”â”â”â”â”â”â”â”â”â”â”â” 100% 0:00:00
Training Epoch: 44 [174/175] Loss: 0.5693 â”â”â”â”â”â”â”â”â”â”â”â”â”â”â”â”â”â”â”â”â”â”â”â”â” 100% 0:00:00
Validating Epoch: 44 [10/11] Loss: 0.3551 â”â”â”â”â”â”â”â”â”â”â”â”â”â”â”â”â”â”â”â”â”â”â”â”â” 100% 0:00:00
Validating Epoch: 44 [10/11] Loss: 0.3578 â”â”â”â”â”â”â”â”â”â”â”â”â”â”â”â”â”â”â”â”â”â”â”â”â” 100% 0:00:00
Validating Epoch: 44 [10/11] Loss: 0.2323 â”â”â”â”â”â”â”â”â”â”â”â”â”â”â”â”â”â”â”â”â”â”â”â”â” 100% 0:00:00
Validating Epoch: 44 [10/11] Loss: 0.6011 â”â”â”â”â”â”â”â”â”â”â”â”â”â”â”â”â”â”â”â”â”â”â”â”â” 100% 0:00:00
Epoch 00045: reducing learning rate of group 0 to 1.0000e-08.
Training Epoch: 45 [174/175] Loss: 0.6075 â”â”â”â”â”â”â”â”â”â”â”â”â”â”â”â”â”â”â”â”â”â”â”â”â” 100% 0:00:00
Training Epoch: 45 [174/175] Loss: 0.4548 â”â”â”â”â”â”â”â”â”â”â”â”â”â”â”â”â”â”â”â”â”â”â”â”â” 100% 0:00:00
Training Epoch: 45 [174/175] Loss: 0.6243 â”â”â”â”â”â”â”â”â”â”â”â”â”â”â”â”â”â”â”â”â”â”â”â”â” 100% 0:00:00
Training Epoch: 45 [174/175] Loss: 0.6000 â”â”â”â”â”â”â”â”â”â”â”â”â”â”â”â”â”â”â”â”â”â”â”â”â” 100% 0:00:00
Validating Epoch: 45 [10/11] Loss: 0.2234 â”â”â”â”â”â”â”â”â”â”â”â”â”â”â”â”â”â”â”â”â”â”â”â”â” 100% 0:00:00
Validating Epoch: 45 [10/11] Loss: 0.4920 â”â”â”â”â”â”â”â”â”â”â”â”â”â”â”â”â”â”â”â”â”â”â”â”â” 100% 0:00:00
Validating Epoch: 45 [10/11] Loss: 0.2747 â”â”â”â”â”â”â”â”â”â”â”â”â”â”â”â”â”â”â”â”â”â”â”â”â” 100% 0:00:00
Validating Epoch: 45 [10/11] Loss: 0.3703 â”â”â”â”â”â”â”â”â”â”â”â”â”â”â”â”â”â”â”â”â”â”â”â”â” 100% 0:00:00
Training Epoch: 46 [174/175] Loss: 0.5695 â”â”â”â”â”â”â”â”â”â”â”â”â”â”â”â”â”â”â”â”â”â”â”â”â” 100% 0:00:00
Training Epoch: 46 [174/175] Loss: 0.6800 â”â”â”â”â”â”â”â”â”â”â”â”â”â”â”â”â”â”â”â”â”â”â”â”â” 100% 0:00:00
Training Epoch: 46 [174/175] Loss: 0.5195 â”â”â”â”â”â”â”â”â”â”â”â”â”â”â”â”â”â”â”â”â”â”â”â”â” 100% 0:00:00
Training Epoch: 46 [174/175] Loss: 0.6349 â”â”â”â”â”â”â”â”â”â”â”â”â”â”â”â”â”â”â”â”â”â”â”â”â” 100% 0:00:00
Validating Epoch: 46 [10/11] Loss: 0.2376 â”â”â”â”â”â”â”â”â”â”â”â”â”â”â”â”â”â”â”â”â”â”â”â”â” 100% 0:00:00
Epoch 00047: reducing learning rate of group 0 to 1.0000e-08.
Validating Epoch: 46 [10/11] Loss: 0.3065 â”â”â”â”â”â”â”â”â”â”â”â”â”â”â”â”â”â”â”â”â”â”â”â”â” 100% 0:00:00
Validating Epoch: 46 [10/11] Loss: 0.3623 â”â”â”â”â”â”â”â”â”â”â”â”â”â”â”â”â”â”â”â”â”â”â”â”â” 100% 0:00:00
Validating Epoch: 46 [10/11] Loss: 0.3313 â”â”â”â”â”â”â”â”â”â”â”â”â”â”â”â”â”â”â”â”â”â”â”â”â” 100% 0:00:00
Training Epoch: 47 [174/175] Loss: 0.5816 â”â”â”â”â”â”â”â”â”â”â”â”â”â”â”â”â”â”â”â”â”â”â”â”â” 100% 0:00:00
Training Epoch: 47 [174/175] Loss: 0.4680 â”â”â”â”â”â”â”â”â”â”â”â”â”â”â”â”â”â”â”â”â”â”â”â”â” 100% 0:00:00
Training Epoch: 47 [174/175] Loss: 0.6298 â”â”â”â”â”â”â”â”â”â”â”â”â”â”â”â”â”â”â”â”â”â”â”â”â” 100% 0:00:00
Training Epoch: 47 [174/175] Loss: 0.5646 â”â”â”â”â”â”â”â”â”â”â”â”â”â”â”â”â”â”â”â”â”â”â”â”â” 100% 0:00:00
Validating Epoch: 47 [10/11] Loss: 0.2925 â”â”â”â”â”â”â”â”â”â”â”â”â”â”â”â”â”â”â”â”â”â”â”â”â” 100% 0:00:00
Validating Epoch: 47 [10/11] Loss: 0.3601 â”â”â”â”â”â”â”â”â”â”â”â”â”â”â”â”â”â”â”â”â”â”â”â”â” 100% 0:00:00
Validating Epoch: 47 [10/11] Loss: 0.3188 â”â”â”â”â”â”â”â”â”â”â”â”â”â”â”â”â”â”â”â”â”â”â”â”â” 100% 0:00:00
Validating Epoch: 47 [10/11] Loss: 0.3519 â”â”â”â”â”â”â”â”â”â”â”â”â”â”â”â”â”â”â”â”â”â”â”â”â” 100% 0:00:00
Training Epoch: 48 [174/175] Loss: 0.6712 â”â”â”â”â”â”â”â”â”â”â”â”â”â”â”â”â”â”â”â”â”â”â”â”â” 100% 0:00:00
Training Epoch: 48 [174/175] Loss: 0.6113 â”â”â”â”â”â”â”â”â”â”â”â”â”â”â”â”â”â”â”â”â”â”â”â”â” 100% 0:00:00
Training Epoch: 48 [174/175] Loss: 0.5919 â”â”â”â”â”â”â”â”â”â”â”â”â”â”â”â”â”â”â”â”â”â”â”â”â” 100% 0:00:00
Training Epoch: 48 [174/175] Loss: 0.7509 â”â”â”â”â”â”â”â”â”â”â”â”â”â”â”â”â”â”â”â”â”â”â”â”â” 100% 0:00:00
Validating Epoch: 48 [10/11] Loss: 0.1878 â”â”â”â”â”â”â”â”â”â”â”â”â”â”â”â”â”â”â”â”â”â”â”â”â” 100% 0:00:00
Validating Epoch: 48 [10/11] Loss: 0.2624 â”â”â”â”â”â”â”â”â”â”â”â”â”â”â”â”â”â”â”â”â”â”â”â”â” 100% 0:00:00
Validating Epoch: 48 [10/11] Loss: 0.3320 â”â”â”â”â”â”â”â”â”â”â”â”â”â”â”â”â”â”â”â”â”â”â”â”â” 100% 0:00:00
Validating Epoch: 48 [10/11] Loss: 0.2844 â”â”â”â”â”â”â”â”â”â”â”â”â”â”â”â”â”â”â”â”â”â”â”â”â” 100% 0:00:00
Training Epoch: 49 [174/175] Loss: 0.3869 â”â”â”â”â”â”â”â”â”â”â”â”â”â”â”â”â”â”â”â”â”â”â”â”â” 100% 0:00:00
Training Epoch: 49 [174/175] Loss: 0.4675 â”â”â”â”â”â”â”â”â”â”â”â”â”â”â”â”â”â”â”â”â”â”â”â”â” 100% 0:00:00Training Epoch: 49 [174/175] Loss: 0.5143 â”â”â”â”â”â”â”â”â”â”â”â”â”â”â”â”â”â”â”â”â”â”â”â”â” 100% 0:00:00Training Epoch: 49 [174/175] Loss: 0.6103 â”â”â”â”â”â”â”â”â”â”â”â”â”â”â”â”â”â”â”â”â”â”â”â”â” 100% 0:00:00


Validating Epoch: 49 [10/11] Loss: 0.2311 â”â”â”â”â”â”â”â”â”â”â”â”â”â”â”â”â”â”â”â”â”â”â”â”â” 100% 0:00:00
Validating Epoch: 49 [10/11] Loss: 0.2385 â”â”â”â”â”â”â”â”â”â”â”â”â”â”â”â”â”â”â”â”â”â”â”â”â” 100% 0:00:00
Validating Epoch: 49 [10/11] Loss: 0.3816 â”â”â”â”â”â”â”â”â”â”â”â”â”â”â”â”â”â”â”â”â”â”â”â”â” 100% 0:00:00
Validating Epoch: 49 [10/11] Loss: 0.3158 â”â”â”â”â”â”â”â”â”â”â”â”â”â”â”â”â”â”â”â”â”â”â”â”â” 100% 0:00:00
