Starting clf_train.py 

Starting training from scratch.
Checkpoints will be saved to: ./checkpoints/clf_densetnet121/240325/100Epochs
TensorBoard Logs will be saved to: ./logs/clf_densenet121/tb_logs/version_0
┏━━━┳━━━━━━━━━━━┳━━━━━━━━━━━━━━━━━━┳━━━━━━━━┓
┃   ┃ Name      ┃ Type             ┃ Params ┃
┡━━━╇━━━━━━━━━━━╇━━━━━━━━━━━━━━━━━━╇━━━━━━━━┩
│ 0 │ model     │ DenseNet         │  7.0 M │
│ 1 │ criterion │ CrossEntropyLoss │      0 │
└───┴───────────┴──────────────────┴────────┘
Trainable params: 7.0 M                                                         
Non-trainable params: 0                                                         
Total params: 7.0 M                                                             
Total estimated model params size (MB): 27                                      
Epoch 99/99 ━━━━━━━━━━━━━━━━━ 42/42 0:00:33 • 0:00:00 1.28it/s v_num: 0.000     
                                                               train_loss_step: 
                                                               0.006 val_loss:  
                                                               0.400            
                                                               val_accuracy:    
                                                               0.861            
                                                               train_loss_epoch:
                                                               0.003            
Starting clf_test.py 

Inference images and results saved.
Starting clf_evaluate.py 

Classification Report:
               precision    recall  f1-score   support

           0      0.785     0.993     0.877       276
           1      0.974     0.925     0.949        40
           2      0.977     0.955     0.966        44
           3      0.953     0.911     0.932        45
           4      0.812     0.634     0.712        41
           5      0.857     0.200     0.324        30
           6      0.778     0.452     0.571        31
           7      0.926     0.895     0.910       153
           8      0.815     0.629     0.710        35
           9      0.446     0.589     0.508        56
          10      0.618     1.000     0.764        21
          11      0.850     0.630     0.723        27
          12      0.943     0.917     0.930        36
          13      0.967     0.806     0.879       108
          14      1.000     0.840     0.913        25
          15      0.950     0.864     0.905        22
          16      1.000     0.680     0.810        25
          17      0.538     0.618     0.575        34
          18      0.686     0.515     0.588        68
          19      0.991     0.995     0.993       219
          20      0.959     1.000     0.979       164
          21      0.968     1.000     0.984        30
          22      0.969     1.000     0.984        31
          23      1.000     0.878     0.935        41
          24      0.950     1.000     0.974        19
          25      1.000     1.000     1.000        47
          26      1.000     1.000     1.000        58
          27      0.989     1.000     0.994       172
          28      0.538     1.000     0.700        14
          29      0.957     1.000     0.978        22
          30      1.000     0.947     0.973        19
          31      0.976     0.952     0.964        42
          32      0.833     0.741     0.784        27
          33      1.000     1.000     1.000        25
          34      1.000     0.400     0.571        15
          35      0.913     1.000     0.955        21
          36      0.907     1.000     0.951        39
          37      1.000     0.973     0.986        37
          38      0.982     0.973     0.977       110
          39      0.985     0.957     0.971        70
          40      0.944     1.000     0.971        17
          41      0.970     0.970     0.970       100
          42      0.833     0.862     0.847        29

    accuracy                          0.898      2485
   macro avg      0.896     0.853     0.860      2485
weighted avg      0.907     0.898     0.895      2485

