2024-03-22 03:32:05,882 - INFO - Epoch: [0] [0/175] Loss: 3.676191806793213
2024-03-22 03:32:05,882 - INFO - Epoch: [0] [0/175] Loss: 3.437201499938965
2024-03-22 03:32:05,882 - INFO - Epoch: [0] [0/175] Loss: 3.5349574089050293
2024-03-22 03:32:05,884 - INFO - Epoch: [0] [0/175] Loss: 3.7132842540740967
2024-03-22 03:32:05,991 - INFO - Reducer buckets have been rebuilt in this iteration.
2024-03-22 03:32:05,991 - INFO - Reducer buckets have been rebuilt in this iteration.
2024-03-22 03:32:05,992 - INFO - Reducer buckets have been rebuilt in this iteration.
2024-03-22 03:32:05,992 - INFO - Reducer buckets have been rebuilt in this iteration.
2024-03-22 03:33:11,850 - INFO - Epoch: [0] [50/175] Loss: 1.2693322896957397
2024-03-22 03:33:11,850 - INFO - Epoch: [0] [50/175] Loss: 1.3256981372833252
2024-03-22 03:33:11,850 - INFO - Epoch: [0] [50/175] Loss: 1.4749568700790405
2024-03-22 03:33:11,850 - INFO - Epoch: [0] [50/175] Loss: 1.268827199935913
2024-03-22 03:34:17,996 - INFO - Epoch: [0] [100/175] Loss: 1.0124198198318481
2024-03-22 03:34:17,996 - INFO - Epoch: [0] [100/175] Loss: 1.034943699836731
2024-03-22 03:34:17,996 - INFO - Epoch: [0] [100/175] Loss: 1.1598715782165527
2024-03-22 03:34:17,996 - INFO - Epoch: [0] [100/175] Loss: 1.0671160221099854
2024-03-22 03:35:22,915 - INFO - Epoch: [0] [150/175] Loss: 0.765201985836029
2024-03-22 03:35:22,915 - INFO - Epoch: [0] [150/175] Loss: 0.9112250804901123
2024-03-22 03:35:22,915 - INFO - Epoch: [0] [150/175] Loss: 1.0765968561172485
2024-03-22 03:35:22,915 - INFO - Epoch: [0] [150/175] Loss: 1.0480164289474487
2024-03-22 03:36:41,511 - INFO - Epoch: [0] [Validation] Loss: 4.141109293157404
2024-03-22 03:36:42,313 - INFO - Epoch: [0] [Validation] Loss: 4.0546583045612685
2024-03-22 03:36:42,415 - INFO - Epoch: [0] [Validation] Loss: 4.143961082805287
2024-03-22 03:36:42,430 - INFO - Epoch: [0] [Validation] Loss: 4.006267439235341
2024-03-22 03:36:47,460 - INFO - Epoch: [1] [0/175] Loss: 0.9014967679977417
2024-03-22 03:36:47,460 - INFO - Epoch: [1] [0/175] Loss: 1.0424097776412964
2024-03-22 03:36:47,460 - INFO - Epoch: [1] [0/175] Loss: 0.9080503582954407
2024-03-22 03:36:47,461 - INFO - Epoch: [1] [0/175] Loss: 0.901161253452301
2024-03-22 03:37:47,684 - INFO - Epoch: [1] [50/175] Loss: 0.996498167514801
2024-03-22 03:37:47,684 - INFO - Epoch: [1] [50/175] Loss: 0.6253788471221924
2024-03-22 03:37:47,684 - INFO - Epoch: [1] [50/175] Loss: 0.9587914943695068
2024-03-22 03:37:47,688 - INFO - Epoch: [1] [50/175] Loss: 1.000718116760254
2024-03-22 03:38:47,099 - INFO - Epoch: [1] [100/175] Loss: 0.7423967719078064
2024-03-22 03:38:47,099 - INFO - Epoch: [1] [100/175] Loss: 0.6534409523010254
2024-03-22 03:38:47,100 - INFO - Epoch: [1] [100/175] Loss: 0.9614272117614746
2024-03-22 03:38:47,100 - INFO - Epoch: [1] [100/175] Loss: 1.015049934387207
2024-03-22 03:39:48,085 - INFO - Epoch: [1] [150/175] Loss: 0.8303158283233643
2024-03-22 03:39:48,085 - INFO - Epoch: [1] [150/175] Loss: 0.8641542792320251
2024-03-22 03:39:48,085 - INFO - Epoch: [1] [150/175] Loss: 1.1018359661102295
2024-03-22 03:39:48,085 - INFO - Epoch: [1] [150/175] Loss: 0.7213805913925171
2024-03-22 03:40:27,665 - INFO - Epoch: [1] [Validation] Loss: 4.083460330963135
2024-03-22 03:40:27,794 - INFO - Epoch: [1] [Validation] Loss: 4.0523223009976475
2024-03-22 03:40:28,085 - INFO - Epoch: [1] [Validation] Loss: 4.065833763642744
2024-03-22 03:40:28,734 - INFO - Epoch: [1] [Validation] Loss: 4.1842827796936035
2024-03-22 03:40:32,245 - INFO - Epoch: [2] [0/175] Loss: 0.7497122287750244
2024-03-22 03:40:32,245 - INFO - Epoch: [2] [0/175] Loss: 0.8343815803527832
2024-03-22 03:40:32,246 - INFO - Epoch: [2] [0/175] Loss: 0.8009704351425171
2024-03-22 03:40:32,246 - INFO - Epoch: [2] [0/175] Loss: 0.9043840169906616
2024-03-22 03:41:23,695 - INFO - Epoch: [2] [50/175] Loss: 0.7963967323303223
2024-03-22 03:41:23,696 - INFO - Epoch: [2] [50/175] Loss: 0.9424982070922852
2024-03-22 03:41:23,696 - INFO - Epoch: [2] [50/175] Loss: 0.8064916729927063
2024-03-22 03:41:23,695 - INFO - Epoch: [2] [50/175] Loss: 0.9023692011833191
2024-03-22 03:42:16,037 - INFO - Epoch: [2] [100/175] Loss: 0.8446793556213379
2024-03-22 03:42:16,037 - INFO - Epoch: [2] [100/175] Loss: 0.9734622240066528
2024-03-22 03:42:16,037 - INFO - Epoch: [2] [100/175] Loss: 0.7329199314117432
2024-03-22 03:42:16,037 - INFO - Epoch: [2] [100/175] Loss: 0.8573225140571594
2024-03-22 03:43:10,111 - INFO - Epoch: [2] [150/175] Loss: 0.8740118741989136
2024-03-22 03:43:10,111 - INFO - Epoch: [2] [150/175] Loss: 0.7110393047332764
2024-03-22 03:43:10,112 - INFO - Epoch: [2] [150/175] Loss: 0.7341266870498657
2024-03-22 03:43:10,112 - INFO - Epoch: [2] [150/175] Loss: 0.7504451274871826
2024-03-22 03:43:47,944 - INFO - Epoch: [2] [Validation] Loss: 3.858156442642212
2024-03-22 03:43:48,074 - INFO - Epoch: [2] [Validation] Loss: 3.8650843880393286
2024-03-22 03:43:48,221 - INFO - Epoch: [2] [Validation] Loss: 3.872243556109342
2024-03-22 03:43:48,750 - INFO - Epoch: [2] [Validation] Loss: 3.820764021439986
2024-03-22 03:43:53,356 - INFO - Epoch: [3] [0/175] Loss: 0.7558571696281433
2024-03-22 03:43:53,356 - INFO - Epoch: [3] [0/175] Loss: 0.7485877871513367
2024-03-22 03:43:53,357 - INFO - Epoch: [3] [0/175] Loss: 0.7228149175643921
2024-03-22 03:43:53,356 - INFO - Epoch: [3] [0/175] Loss: 0.7431573867797852
2024-03-22 03:44:44,321 - INFO - Epoch: [3] [50/175] Loss: 0.6616657376289368
2024-03-22 03:44:44,321 - INFO - Epoch: [3] [50/175] Loss: 0.7512542605400085
2024-03-22 03:44:44,321 - INFO - Epoch: [3] [50/175] Loss: 0.7005244493484497
2024-03-22 03:44:44,321 - INFO - Epoch: [3] [50/175] Loss: 0.7510799169540405
2024-03-22 03:45:35,517 - INFO - Epoch: [3] [100/175] Loss: 0.7656760215759277
2024-03-22 03:45:35,517 - INFO - Epoch: [3] [100/175] Loss: 0.8687489032745361
2024-03-22 03:45:35,517 - INFO - Epoch: [3] [100/175] Loss: 0.8277670741081238
2024-03-22 03:45:35,517 - INFO - Epoch: [3] [100/175] Loss: 0.7067923545837402
2024-03-22 03:46:25,652 - INFO - Epoch: [3] [150/175] Loss: 0.7329912185668945
2024-03-22 03:46:25,652 - INFO - Epoch: [3] [150/175] Loss: 0.6294242143630981
2024-03-22 03:46:25,652 - INFO - Epoch: [3] [150/175] Loss: 0.7752466201782227
2024-03-22 03:46:25,652 - INFO - Epoch: [3] [150/175] Loss: 0.6951921582221985
2024-03-22 03:47:01,192 - INFO - Epoch: [3] [Validation] Loss: 4.163035912947222
2024-03-22 03:47:01,501 - INFO - Epoch: [3] [Validation] Loss: 4.118268143046986
2024-03-22 03:47:01,669 - INFO - Epoch: [3] [Validation] Loss: 4.074297861619429
2024-03-22 03:47:01,908 - INFO - Epoch: [3] [Validation] Loss: 4.106692790985107
2024-03-22 03:47:06,408 - INFO - Epoch: [4] [0/175] Loss: 0.7255441546440125
2024-03-22 03:47:06,408 - INFO - Epoch: [4] [0/175] Loss: 0.6085474491119385
2024-03-22 03:47:06,409 - INFO - Epoch: [4] [0/175] Loss: 0.6605688333511353
2024-03-22 03:47:06,408 - INFO - Epoch: [4] [0/175] Loss: 0.7298886179924011
2024-03-22 03:47:57,967 - INFO - Epoch: [4] [50/175] Loss: 0.8239600658416748
2024-03-22 03:47:57,967 - INFO - Epoch: [4] [50/175] Loss: 0.6515547633171082
2024-03-22 03:47:57,967 - INFO - Epoch: [4] [50/175] Loss: 0.6505686640739441
2024-03-22 03:47:57,968 - INFO - Epoch: [4] [50/175] Loss: 0.7151715159416199
2024-03-22 03:48:52,008 - INFO - Epoch: [4] [100/175] Loss: 0.8470640182495117
2024-03-22 03:48:52,009 - INFO - Epoch: [4] [100/175] Loss: 0.6901359558105469
2024-03-22 03:48:52,008 - INFO - Epoch: [4] [100/175] Loss: 0.6426509022712708
2024-03-22 03:48:52,009 - INFO - Epoch: [4] [100/175] Loss: 0.720231831073761
2024-03-22 03:49:44,532 - INFO - Epoch: [4] [150/175] Loss: 0.9456988573074341
2024-03-22 03:49:44,532 - INFO - Epoch: [4] [150/175] Loss: 0.7948909997940063
2024-03-22 03:49:44,532 - INFO - Epoch: [4] [150/175] Loss: 0.7784215807914734
2024-03-22 03:49:44,532 - INFO - Epoch: [4] [150/175] Loss: 0.9412741661071777
2024-03-22 03:50:22,215 - INFO - Epoch: [4] [Validation] Loss: 4.114366314627907
2024-03-22 03:50:22,268 - INFO - Epoch: [4] [Validation] Loss: 4.036653323607012
2024-03-22 03:50:22,281 - INFO - Epoch: [4] [Validation] Loss: 4.041790745475075
2024-03-22 03:50:22,669 - INFO - Epoch: [4] [Validation] Loss: 4.080818219618364
2024-03-22 03:50:27,354 - INFO - Epoch: [5] [0/175] Loss: 0.7099063396453857
2024-03-22 03:50:27,354 - INFO - Epoch: [5] [0/175] Loss: 0.7418714165687561
2024-03-22 03:50:27,354 - INFO - Epoch: [5] [0/175] Loss: 0.7467231750488281
2024-03-22 03:50:27,354 - INFO - Epoch: [5] [0/175] Loss: 0.657060444355011
2024-03-22 03:51:20,574 - INFO - Epoch: [5] [50/175] Loss: 0.6287050247192383
2024-03-22 03:51:20,574 - INFO - Epoch: [5] [50/175] Loss: 0.8242466449737549
2024-03-22 03:51:20,574 - INFO - Epoch: [5] [50/175] Loss: 0.6626198887825012
2024-03-22 03:51:20,574 - INFO - Epoch: [5] [50/175] Loss: 0.7243605256080627
2024-03-22 03:52:12,058 - INFO - Epoch: [5] [100/175] Loss: 0.8346236944198608
2024-03-22 03:52:12,058 - INFO - Epoch: [5] [100/175] Loss: 0.640624463558197
2024-03-22 03:52:12,058 - INFO - Epoch: [5] [100/175] Loss: 0.7433815002441406
2024-03-22 03:52:12,058 - INFO - Epoch: [5] [100/175] Loss: 0.7000021934509277
2024-03-22 03:53:04,721 - INFO - Epoch: [5] [150/175] Loss: 0.7590897083282471
2024-03-22 03:53:04,721 - INFO - Epoch: [5] [150/175] Loss: 0.5981040596961975
2024-03-22 03:53:04,721 - INFO - Epoch: [5] [150/175] Loss: 0.6889867782592773
2024-03-22 03:53:04,721 - INFO - Epoch: [5] [150/175] Loss: 0.7300523519515991
2024-03-22 03:53:40,604 - INFO - Epoch: [5] [Validation] Loss: 4.1665802868929775
2024-03-22 03:53:41,337 - INFO - Epoch: [5] [Validation] Loss: 4.337214773351496
2024-03-22 03:53:41,605 - INFO - Epoch: [5] [Validation] Loss: 4.3865577741102735
2024-03-22 03:53:41,841 - INFO - Epoch: [5] [Validation] Loss: 4.315274455330589
2024-03-22 03:53:46,017 - INFO - Epoch: [6] [0/175] Loss: 0.6339893341064453
2024-03-22 03:53:46,017 - INFO - Epoch: [6] [0/175] Loss: 0.7675849795341492
2024-03-22 03:53:46,017 - INFO - Epoch: [6] [0/175] Loss: 0.6900078058242798
2024-03-22 03:53:46,017 - INFO - Epoch: [6] [0/175] Loss: 0.6953132152557373
2024-03-22 03:54:35,829 - INFO - Epoch: [6] [50/175] Loss: 0.7116875052452087
2024-03-22 03:54:35,829 - INFO - Epoch: [6] [50/175] Loss: 0.6836226582527161
2024-03-22 03:54:35,829 - INFO - Epoch: [6] [50/175] Loss: 0.6785131692886353
2024-03-22 03:54:35,829 - INFO - Epoch: [6] [50/175] Loss: 0.6894632577896118
2024-03-22 03:55:25,958 - INFO - Epoch: [6] [100/175] Loss: 0.6517282724380493
2024-03-22 03:55:25,959 - INFO - Epoch: [6] [100/175] Loss: 0.7415183782577515
2024-03-22 03:55:25,959 - INFO - Epoch: [6] [100/175] Loss: 0.7346038222312927
2024-03-22 03:55:25,959 - INFO - Epoch: [6] [100/175] Loss: 0.6856676936149597
2024-03-22 03:56:17,871 - INFO - Epoch: [6] [150/175] Loss: 0.708545982837677
2024-03-22 03:56:17,871 - INFO - Epoch: [6] [150/175] Loss: 0.7046344876289368
2024-03-22 03:56:17,871 - INFO - Epoch: [6] [150/175] Loss: 0.6409940123558044
2024-03-22 03:56:17,871 - INFO - Epoch: [6] [150/175] Loss: 0.7038227319717407
2024-03-22 03:56:54,006 - INFO - Epoch: [6] [Validation] Loss: 4.343760685487227
2024-03-22 03:56:54,375 - INFO - Epoch: [6] [Validation] Loss: 4.329554124311968
2024-03-22 03:56:54,401 - INFO - Epoch: [6] [Validation] Loss: 4.356439915570346
2024-03-22 03:56:55,043 - INFO - Epoch: [6] [Validation] Loss: 4.224895282225176
2024-03-22 03:56:58,792 - INFO - Epoch: [7] [0/175] Loss: 0.7561184763908386
2024-03-22 03:56:58,792 - INFO - Epoch: [7] [0/175] Loss: 0.7033382058143616
2024-03-22 03:56:58,792 - INFO - Epoch: [7] [0/175] Loss: 0.6608485579490662
2024-03-22 03:56:58,792 - INFO - Epoch: [7] [0/175] Loss: 0.6230078935623169
2024-03-22 03:57:50,274 - INFO - Epoch: [7] [50/175] Loss: 0.5905464887619019
2024-03-22 03:57:50,274 - INFO - Epoch: [7] [50/175] Loss: 0.5791802406311035
2024-03-22 03:57:50,274 - INFO - Epoch: [7] [50/175] Loss: 0.7005709409713745
2024-03-22 03:57:50,274 - INFO - Epoch: [7] [50/175] Loss: 0.6523791551589966
2024-03-22 03:58:40,853 - INFO - Epoch: [7] [100/175] Loss: 0.6907402276992798
2024-03-22 03:58:40,853 - INFO - Epoch: [7] [100/175] Loss: 0.6064573526382446
2024-03-22 03:58:40,853 - INFO - Epoch: [7] [100/175] Loss: 0.8059688806533813
2024-03-22 03:58:40,853 - INFO - Epoch: [7] [100/175] Loss: 0.7240993976593018
2024-03-22 03:59:31,081 - INFO - Epoch: [7] [150/175] Loss: 0.6643019914627075
2024-03-22 03:59:31,081 - INFO - Epoch: [7] [150/175] Loss: 0.6188846826553345
2024-03-22 03:59:31,081 - INFO - Epoch: [7] [150/175] Loss: 0.7134819030761719
2024-03-22 03:59:31,081 - INFO - Epoch: [7] [150/175] Loss: 0.6054015159606934
2024-03-22 04:00:06,582 - INFO - Epoch: [7] [Validation] Loss: 4.373046008023349
2024-03-22 04:00:06,708 - INFO - Epoch: [7] [Validation] Loss: 4.484118374911222
2024-03-22 04:00:07,040 - INFO - Epoch: [7] [Validation] Loss: 4.474221121181142
2024-03-22 04:00:07,661 - INFO - Epoch: [7] [Validation] Loss: 4.363434206355702
2024-03-22 04:00:11,493 - INFO - Epoch: [8] [0/175] Loss: 0.6847115159034729
2024-03-22 04:00:11,493 - INFO - Epoch: [8] [0/175] Loss: 0.5628501772880554
2024-03-22 04:00:11,493 - INFO - Epoch: [8] [0/175] Loss: 0.7337484359741211
2024-03-22 04:00:11,493 - INFO - Epoch: [8] [0/175] Loss: 0.5251990556716919
2024-03-22 04:01:02,229 - INFO - Epoch: [8] [50/175] Loss: 0.7180073261260986
2024-03-22 04:01:02,229 - INFO - Epoch: [8] [50/175] Loss: 0.7579959034919739
2024-03-22 04:01:02,229 - INFO - Epoch: [8] [50/175] Loss: 0.7500022649765015
2024-03-22 04:01:02,229 - INFO - Epoch: [8] [50/175] Loss: 0.5557022094726562
2024-03-22 04:01:52,621 - INFO - Epoch: [8] [100/175] Loss: 0.5694663524627686
2024-03-22 04:01:52,621 - INFO - Epoch: [8] [100/175] Loss: 0.741836428642273
2024-03-22 04:01:52,621 - INFO - Epoch: [8] [100/175] Loss: 0.6902574896812439
2024-03-22 04:01:52,621 - INFO - Epoch: [8] [100/175] Loss: 0.7280935049057007
2024-03-22 04:02:43,484 - INFO - Epoch: [8] [150/175] Loss: 0.6174319386482239
2024-03-22 04:02:43,484 - INFO - Epoch: [8] [150/175] Loss: 0.7016267776489258
2024-03-22 04:02:43,484 - INFO - Epoch: [8] [150/175] Loss: 0.5120495557785034
2024-03-22 04:02:43,484 - INFO - Epoch: [8] [150/175] Loss: 0.5421529412269592
2024-03-22 04:03:18,309 - INFO - Epoch: [8] [Validation] Loss: 4.420633402737704
2024-03-22 04:03:18,431 - INFO - Epoch: [8] [Validation] Loss: 4.377958124334162
2024-03-22 04:03:18,929 - INFO - Epoch: [8] [Validation] Loss: 4.242559693076394
2024-03-22 04:03:19,137 - INFO - Epoch: [8] [Validation] Loss: 4.351109287955544
2024-03-22 04:03:23,827 - INFO - Epoch: [9] [0/175] Loss: 0.7309989929199219
2024-03-22 04:03:23,827 - INFO - Epoch: [9] [0/175] Loss: 0.635364830493927
2024-03-22 04:03:23,827 - INFO - Epoch: [9] [0/175] Loss: 0.47732868790626526
2024-03-22 04:03:23,827 - INFO - Epoch: [9] [0/175] Loss: 0.5045098066329956
2024-03-22 04:04:14,825 - INFO - Epoch: [9] [50/175] Loss: 0.5640884637832642
2024-03-22 04:04:14,825 - INFO - Epoch: [9] [50/175] Loss: 0.6099627614021301
2024-03-22 04:04:14,825 - INFO - Epoch: [9] [50/175] Loss: 0.6970775127410889
2024-03-22 04:04:14,825 - INFO - Epoch: [9] [50/175] Loss: 0.6904982328414917
2024-03-22 04:05:05,650 - INFO - Epoch: [9] [100/175] Loss: 0.5470520853996277
2024-03-22 04:05:05,650 - INFO - Epoch: [9] [100/175] Loss: 0.506489098072052
2024-03-22 04:05:05,650 - INFO - Epoch: [9] [100/175] Loss: 0.5445224642753601
2024-03-22 04:05:05,650 - INFO - Epoch: [9] [100/175] Loss: 0.5508702397346497
2024-03-22 04:05:55,871 - INFO - Epoch: [9] [150/175] Loss: 0.5573219656944275
2024-03-22 04:05:55,871 - INFO - Epoch: [9] [150/175] Loss: 0.5209099650382996
2024-03-22 04:05:55,871 - INFO - Epoch: [9] [150/175] Loss: 0.4276654124259949
2024-03-22 04:05:55,871 - INFO - Epoch: [9] [150/175] Loss: 0.4812956154346466
2024-03-22 04:06:32,481 - INFO - Epoch: [9] [Validation] Loss: 4.683559114282781
2024-03-22 04:06:32,635 - INFO - Epoch: [9] [Validation] Loss: 4.544424468820745
2024-03-22 04:06:32,988 - INFO - Epoch: [9] [Validation] Loss: 4.766754974018443
2024-03-22 04:06:33,686 - INFO - Epoch: [9] [Validation] Loss: 4.4881155057386914
2024-03-22 04:06:38,519 - INFO - Epoch: [10] [0/175] Loss: 0.45515501499176025
2024-03-22 04:06:38,519 - INFO - Epoch: [10] [0/175] Loss: 0.4640823006629944
2024-03-22 04:06:38,519 - INFO - Epoch: [10] [0/175] Loss: 0.5712361335754395
2024-03-22 04:06:38,519 - INFO - Epoch: [10] [0/175] Loss: 0.6236221194267273
2024-03-22 04:07:30,067 - INFO - Epoch: [10] [50/175] Loss: 0.4655380845069885
2024-03-22 04:07:30,067 - INFO - Epoch: [10] [50/175] Loss: 0.5838534832000732
2024-03-22 04:07:30,067 - INFO - Epoch: [10] [50/175] Loss: 0.4955485761165619
2024-03-22 04:07:30,067 - INFO - Epoch: [10] [50/175] Loss: 0.558086633682251
2024-03-22 04:08:20,947 - INFO - Epoch: [10] [100/175] Loss: 0.49592480063438416
2024-03-22 04:08:20,948 - INFO - Epoch: [10] [100/175] Loss: 0.5959631204605103
2024-03-22 04:08:20,947 - INFO - Epoch: [10] [100/175] Loss: 0.5814759731292725
2024-03-22 04:08:20,948 - INFO - Epoch: [10] [100/175] Loss: 0.4849075675010681
2024-03-22 04:09:13,214 - INFO - Epoch: [10] [150/175] Loss: 0.6128376126289368
2024-03-22 04:09:13,214 - INFO - Epoch: [10] [150/175] Loss: 0.5830742120742798
2024-03-22 04:09:13,214 - INFO - Epoch: [10] [150/175] Loss: 0.5773216485977173
2024-03-22 04:09:13,214 - INFO - Epoch: [10] [150/175] Loss: 0.6247037053108215
2024-03-22 04:09:48,243 - INFO - Epoch: [10] [Validation] Loss: 4.8645947196266865
2024-03-22 04:09:48,268 - INFO - Epoch: [10] [Validation] Loss: 4.789810570803556
2024-03-22 04:09:48,420 - INFO - Epoch: [10] [Validation] Loss: 4.797672488472679
2024-03-22 04:09:48,535 - INFO - Epoch: [10] [Validation] Loss: 4.6367858756672256
2024-03-22 04:09:53,201 - INFO - Epoch: [11] [0/175] Loss: 0.5818307995796204
2024-03-22 04:09:53,201 - INFO - Epoch: [11] [0/175] Loss: 0.5403047204017639
2024-03-22 04:09:53,201 - INFO - Epoch: [11] [0/175] Loss: 0.5638382434844971
2024-03-22 04:09:53,201 - INFO - Epoch: [11] [0/175] Loss: 0.45666375756263733
2024-03-22 04:10:43,503 - INFO - Epoch: [11] [50/175] Loss: 0.6197612285614014
2024-03-22 04:10:43,503 - INFO - Epoch: [11] [50/175] Loss: 0.5908525586128235
2024-03-22 04:10:43,503 - INFO - Epoch: [11] [50/175] Loss: 0.5461536049842834
2024-03-22 04:10:43,503 - INFO - Epoch: [11] [50/175] Loss: 0.5398672223091125
2024-03-22 04:11:33,987 - INFO - Epoch: [11] [100/175] Loss: 0.6163865327835083
2024-03-22 04:11:33,987 - INFO - Epoch: [11] [100/175] Loss: 0.5287370681762695
2024-03-22 04:11:33,987 - INFO - Epoch: [11] [100/175] Loss: 0.4817177653312683
2024-03-22 04:11:33,987 - INFO - Epoch: [11] [100/175] Loss: 0.5729681253433228
2024-03-22 04:12:24,488 - INFO - Epoch: [11] [150/175] Loss: 0.6007730960845947
2024-03-22 04:12:24,488 - INFO - Epoch: [11] [150/175] Loss: 0.6469995975494385
2024-03-22 04:12:24,488 - INFO - Epoch: [11] [150/175] Loss: 0.6246510744094849
2024-03-22 04:12:24,488 - INFO - Epoch: [11] [150/175] Loss: 0.49098125100135803
2024-03-22 04:12:59,967 - INFO - Epoch: [11] [Validation] Loss: 4.8840624635869805
2024-03-22 04:13:00,223 - INFO - Epoch: [11] [Validation] Loss: 4.80936691977761
2024-03-22 04:13:00,386 - INFO - Epoch: [11] [Validation] Loss: 4.595322738994252
2024-03-22 04:13:00,656 - INFO - Epoch: [11] [Validation] Loss: 4.654033444144509
2024-03-22 04:13:04,213 - INFO - Epoch: [12] [0/175] Loss: 0.5856534242630005
2024-03-22 04:13:04,213 - INFO - Epoch: [12] [0/175] Loss: 0.5452943444252014
2024-03-22 04:13:04,213 - INFO - Epoch: [12] [0/175] Loss: 0.536301851272583
2024-03-22 04:13:04,213 - INFO - Epoch: [12] [0/175] Loss: 0.49954840540885925
2024-03-22 04:13:54,919 - INFO - Epoch: [12] [50/175] Loss: 0.6059562563896179
2024-03-22 04:13:54,919 - INFO - Epoch: [12] [50/175] Loss: 0.5026706457138062
2024-03-22 04:13:54,919 - INFO - Epoch: [12] [50/175] Loss: 0.5292633175849915
2024-03-22 04:13:54,919 - INFO - Epoch: [12] [50/175] Loss: 0.5170549750328064
2024-03-22 04:14:45,435 - INFO - Epoch: [12] [100/175] Loss: 0.5803537368774414
2024-03-22 04:14:45,435 - INFO - Epoch: [12] [100/175] Loss: 0.47021690011024475
2024-03-22 04:14:45,435 - INFO - Epoch: [12] [100/175] Loss: 0.5797195434570312
2024-03-22 04:14:45,435 - INFO - Epoch: [12] [100/175] Loss: 0.6176413297653198
2024-03-22 04:15:36,123 - INFO - Epoch: [12] [150/175] Loss: 0.6461480259895325
2024-03-22 04:15:36,123 - INFO - Epoch: [12] [150/175] Loss: 0.4450370967388153
2024-03-22 04:15:36,123 - INFO - Epoch: [12] [150/175] Loss: 0.5516605973243713
2024-03-22 04:15:36,123 - INFO - Epoch: [12] [150/175] Loss: 0.5547804832458496
2024-03-22 04:16:11,172 - INFO - Epoch: [12] [Validation] Loss: 4.5870793949473985
2024-03-22 04:16:11,747 - INFO - Epoch: [12] [Validation] Loss: 4.929144252430309
2024-03-22 04:16:11,932 - INFO - Epoch: [12] [Validation] Loss: 4.794112552296031
2024-03-22 04:16:12,107 - INFO - Epoch: [12] [Validation] Loss: 4.865498152646151
2024-03-22 04:16:15,355 - INFO - Epoch: [13] [0/175] Loss: 0.5687202215194702
2024-03-22 04:16:15,355 - INFO - Epoch: [13] [0/175] Loss: 0.5197294354438782
2024-03-22 04:16:15,355 - INFO - Epoch: [13] [0/175] Loss: 0.6649569869041443
2024-03-22 04:16:15,355 - INFO - Epoch: [13] [0/175] Loss: 0.4502224922180176
2024-03-22 04:17:08,774 - INFO - Epoch: [13] [50/175] Loss: 0.532595694065094
2024-03-22 04:17:08,774 - INFO - Epoch: [13] [50/175] Loss: 0.516426146030426
2024-03-22 04:17:08,774 - INFO - Epoch: [13] [50/175] Loss: 0.5867568254470825
2024-03-22 04:17:08,775 - INFO - Epoch: [13] [50/175] Loss: 0.53477543592453
2024-03-22 04:17:59,006 - INFO - Epoch: [13] [100/175] Loss: 0.5316381454467773
2024-03-22 04:17:59,006 - INFO - Epoch: [13] [100/175] Loss: 0.5938350558280945
2024-03-22 04:17:59,006 - INFO - Epoch: [13] [100/175] Loss: 0.5342814922332764
2024-03-22 04:17:59,008 - INFO - Epoch: [13] [100/175] Loss: 0.4878115653991699
2024-03-22 04:18:49,512 - INFO - Epoch: [13] [150/175] Loss: 0.48205476999282837
2024-03-22 04:18:49,512 - INFO - Epoch: [13] [150/175] Loss: 0.4989262819290161
2024-03-22 04:18:49,512 - INFO - Epoch: [13] [150/175] Loss: 0.5466952323913574
2024-03-22 04:18:49,512 - INFO - Epoch: [13] [150/175] Loss: 0.5511618256568909
2024-03-22 04:19:25,099 - INFO - Epoch: [13] [Validation] Loss: 4.827542218295011
2024-03-22 04:19:25,250 - INFO - Epoch: [13] [Validation] Loss: 4.779764218763872
2024-03-22 04:19:25,529 - INFO - Epoch: [13] [Validation] Loss: 4.917710000818426
2024-03-22 04:19:26,010 - INFO - Epoch: [13] [Validation] Loss: 4.865593693473122
2024-03-22 04:19:30,686 - INFO - Epoch: [14] [0/175] Loss: 0.477532297372818
2024-03-22 04:19:30,686 - INFO - Epoch: [14] [0/175] Loss: 0.4847255349159241
2024-03-22 04:19:30,686 - INFO - Epoch: [14] [0/175] Loss: 0.5854402780532837
2024-03-22 04:19:30,686 - INFO - Epoch: [14] [0/175] Loss: 0.4541023373603821
2024-03-22 04:20:22,191 - INFO - Epoch: [14] [50/175] Loss: 0.5036011338233948
2024-03-22 04:20:22,191 - INFO - Epoch: [14] [50/175] Loss: 0.6800970435142517
2024-03-22 04:20:22,191 - INFO - Epoch: [14] [50/175] Loss: 0.5817649364471436
2024-03-22 04:20:22,191 - INFO - Epoch: [14] [50/175] Loss: 0.5179390907287598
2024-03-22 04:21:13,044 - INFO - Epoch: [14] [100/175] Loss: 0.6017142534255981
2024-03-22 04:21:13,044 - INFO - Epoch: [14] [100/175] Loss: 0.508102536201477
2024-03-22 04:21:13,044 - INFO - Epoch: [14] [100/175] Loss: 0.6108472347259521
2024-03-22 04:21:13,044 - INFO - Epoch: [14] [100/175] Loss: 0.5470916628837585
2024-03-22 04:22:03,150 - INFO - Epoch: [14] [150/175] Loss: 0.5379717350006104
2024-03-22 04:22:03,150 - INFO - Epoch: [14] [150/175] Loss: 0.540097177028656
2024-03-22 04:22:03,151 - INFO - Epoch: [14] [150/175] Loss: 0.6334406137466431
2024-03-22 04:22:03,151 - INFO - Epoch: [14] [150/175] Loss: 0.6065688133239746
2024-03-22 04:22:38,062 - INFO - Epoch: [14] [Validation] Loss: 4.811791940168901
2024-03-22 04:22:38,219 - INFO - Epoch: [14] [Validation] Loss: 4.78692778674039
2024-03-22 04:22:38,351 - INFO - Epoch: [14] [Validation] Loss: 4.766860658472234
2024-03-22 04:22:38,622 - INFO - Epoch: [14] [Validation] Loss: 4.790971886027943
2024-03-22 04:22:43,074 - INFO - Epoch: [15] [0/175] Loss: 0.6320181488990784
2024-03-22 04:22:43,074 - INFO - Epoch: [15] [0/175] Loss: 0.40820538997650146
2024-03-22 04:22:43,074 - INFO - Epoch: [15] [0/175] Loss: 0.55497145652771
2024-03-22 04:22:43,074 - INFO - Epoch: [15] [0/175] Loss: 0.4154049754142761
2024-03-22 04:23:34,450 - INFO - Epoch: [15] [50/175] Loss: 0.5831802487373352
2024-03-22 04:23:34,450 - INFO - Epoch: [15] [50/175] Loss: 0.6577475666999817
2024-03-22 04:23:34,450 - INFO - Epoch: [15] [50/175] Loss: 0.4960057735443115
2024-03-22 04:23:34,450 - INFO - Epoch: [15] [50/175] Loss: 0.6085159778594971
2024-03-22 04:24:26,511 - INFO - Epoch: [15] [100/175] Loss: 0.6131646633148193
2024-03-22 04:24:26,512 - INFO - Epoch: [15] [100/175] Loss: 0.6548370122909546
2024-03-22 04:24:26,512 - INFO - Epoch: [15] [100/175] Loss: 0.49342769384384155
2024-03-22 04:24:26,512 - INFO - Epoch: [15] [100/175] Loss: 0.46327856183052063
2024-03-22 04:25:16,397 - INFO - Epoch: [15] [150/175] Loss: 0.5469392538070679
2024-03-22 04:25:16,397 - INFO - Epoch: [15] [150/175] Loss: 0.4894067943096161
2024-03-22 04:25:16,397 - INFO - Epoch: [15] [150/175] Loss: 0.7105894088745117
2024-03-22 04:25:16,397 - INFO - Epoch: [15] [150/175] Loss: 0.5907458066940308
2024-03-22 04:25:51,132 - INFO - Epoch: [15] [Validation] Loss: 5.027540250258013
2024-03-22 04:25:51,401 - INFO - Epoch: [15] [Validation] Loss: 4.8712004748257725
2024-03-22 04:25:51,783 - INFO - Epoch: [15] [Validation] Loss: 4.919955643740567
2024-03-22 04:25:52,047 - INFO - Epoch: [15] [Validation] Loss: 4.7597597295587715
2024-03-22 04:25:55,740 - INFO - Epoch: [16] [0/175] Loss: 0.69284588098526
2024-03-22 04:25:55,741 - INFO - Epoch: [16] [0/175] Loss: 0.5167794227600098
2024-03-22 04:25:55,740 - INFO - Epoch: [16] [0/175] Loss: 0.5938570499420166
2024-03-22 04:25:55,741 - INFO - Epoch: [16] [0/175] Loss: 0.5610913634300232
2024-03-22 04:26:48,681 - INFO - Epoch: [16] [50/175] Loss: 0.5538370013237
2024-03-22 04:26:48,681 - INFO - Epoch: [16] [50/175] Loss: 0.6085377931594849
2024-03-22 04:26:48,681 - INFO - Epoch: [16] [50/175] Loss: 0.5982277393341064
2024-03-22 04:26:48,681 - INFO - Epoch: [16] [50/175] Loss: 0.6097939610481262
2024-03-22 04:29:11,723 - INFO - Resuming from checkpoint at epoch 16
2024-03-22 04:29:12,705 - INFO - Resuming from checkpoint at epoch 16
2024-03-22 04:29:12,749 - INFO - Resuming from checkpoint at epoch 16
2024-03-22 04:29:12,773 - INFO - Resuming from checkpoint at epoch 16
2024-03-22 04:29:52,088 - INFO - Epoch: [16] [0/175] Loss: 0.5246464610099792
2024-03-22 04:29:52,088 - INFO - Epoch: [16] [0/175] Loss: 0.5842956304550171
2024-03-22 04:29:52,088 - INFO - Epoch: [16] [0/175] Loss: 0.5255026817321777
2024-03-22 04:29:52,088 - INFO - Epoch: [16] [0/175] Loss: 0.6725642681121826
2024-03-22 04:29:52,173 - INFO - Reducer buckets have been rebuilt in this iteration.
2024-03-22 04:29:52,173 - INFO - Reducer buckets have been rebuilt in this iteration.
2024-03-22 04:29:52,173 - INFO - Reducer buckets have been rebuilt in this iteration.
2024-03-22 04:29:52,174 - INFO - Reducer buckets have been rebuilt in this iteration.
2024-03-22 04:30:42,456 - INFO - Epoch: [16] [50/175] Loss: 0.531830370426178
2024-03-22 04:30:42,455 - INFO - Epoch: [16] [50/175] Loss: 0.6235325336456299
2024-03-22 04:30:42,456 - INFO - Epoch: [16] [50/175] Loss: 0.6057502031326294
2024-03-22 04:30:42,456 - INFO - Epoch: [16] [50/175] Loss: 0.6538047790527344
2024-03-22 04:31:32,492 - INFO - Epoch: [16] [100/175] Loss: 0.5993877053260803
2024-03-22 04:31:32,492 - INFO - Epoch: [16] [100/175] Loss: 0.5726091861724854
2024-03-22 04:31:32,492 - INFO - Epoch: [16] [100/175] Loss: 0.41003990173339844
2024-03-22 04:31:32,492 - INFO - Epoch: [16] [100/175] Loss: 0.5639861822128296
2024-03-22 04:32:22,786 - INFO - Epoch: [16] [150/175] Loss: 0.5295075178146362
2024-03-22 04:32:22,786 - INFO - Epoch: [16] [150/175] Loss: 0.6027569770812988
2024-03-22 04:32:22,786 - INFO - Epoch: [16] [150/175] Loss: 0.5160720944404602
2024-03-22 04:32:22,786 - INFO - Epoch: [16] [150/175] Loss: 0.546046257019043
2024-03-22 04:33:36,082 - INFO - Epoch: [16] [Validation] Loss: 0.31704769215800543
2024-03-22 04:33:36,243 - INFO - Epoch: [16] [Validation] Loss: 0.3244804252277721
2024-03-22 04:33:36,990 - INFO - Epoch: [16] [Validation] Loss: 0.3034741092811931
2024-03-22 04:33:37,337 - INFO - Epoch: [16] [Validation] Loss: 0.3234243785793131
2024-03-22 04:33:42,191 - INFO - Epoch: [17] [0/175] Loss: 0.45538464188575745
2024-03-22 04:33:42,191 - INFO - Epoch: [17] [0/175] Loss: 0.5437859892845154
2024-03-22 04:33:42,191 - INFO - Epoch: [17] [0/175] Loss: 0.5164638757705688
2024-03-22 04:33:42,191 - INFO - Epoch: [17] [0/175] Loss: 0.5544891357421875
2024-03-22 04:34:32,150 - INFO - Epoch: [17] [50/175] Loss: 0.759790301322937
2024-03-22 04:34:32,150 - INFO - Epoch: [17] [50/175] Loss: 0.435484379529953
2024-03-22 04:34:32,150 - INFO - Epoch: [17] [50/175] Loss: 0.49717003107070923
2024-03-22 04:34:32,150 - INFO - Epoch: [17] [50/175] Loss: 0.6138687133789062
2024-03-22 04:35:21,951 - INFO - Epoch: [17] [100/175] Loss: 0.4763212203979492
2024-03-22 04:35:21,951 - INFO - Epoch: [17] [100/175] Loss: 0.492327481508255
2024-03-22 04:35:21,951 - INFO - Epoch: [17] [100/175] Loss: 0.4336533546447754
2024-03-22 04:35:21,951 - INFO - Epoch: [17] [100/175] Loss: 0.5715142488479614
2024-03-22 04:36:11,540 - INFO - Epoch: [17] [150/175] Loss: 0.5828615427017212
2024-03-22 04:36:11,540 - INFO - Epoch: [17] [150/175] Loss: 0.6498913168907166
2024-03-22 04:36:11,540 - INFO - Epoch: [17] [150/175] Loss: 0.5214135646820068
2024-03-22 04:36:11,541 - INFO - Epoch: [17] [150/175] Loss: 0.4695007801055908
2024-03-22 04:36:45,908 - INFO - Epoch: [17] [Validation] Loss: 0.3312815779989416
2024-03-22 04:36:46,275 - INFO - Epoch: [17] [Validation] Loss: 0.2875932495702397
2024-03-22 04:36:46,584 - INFO - Epoch: [17] [Validation] Loss: 0.3254795399579135
2024-03-22 04:36:46,842 - INFO - Epoch: [17] [Validation] Loss: 0.31367153742096643
2024-03-22 04:36:51,296 - INFO - Epoch: [18] [0/175] Loss: 0.5705503821372986
2024-03-22 04:36:51,296 - INFO - Epoch: [18] [0/175] Loss: 0.5665150284767151
2024-03-22 04:36:51,296 - INFO - Epoch: [18] [0/175] Loss: 0.42180904746055603
2024-03-22 04:36:51,296 - INFO - Epoch: [18] [0/175] Loss: 0.4576271176338196
2024-03-22 04:37:41,344 - INFO - Epoch: [18] [50/175] Loss: 0.5661124587059021
2024-03-22 04:37:41,344 - INFO - Epoch: [18] [50/175] Loss: 0.5328437089920044
2024-03-22 04:37:41,344 - INFO - Epoch: [18] [50/175] Loss: 0.6736295223236084
2024-03-22 04:37:41,344 - INFO - Epoch: [18] [50/175] Loss: 0.531297504901886
2024-03-22 04:38:31,037 - INFO - Epoch: [18] [100/175] Loss: 0.5232760906219482
2024-03-22 04:38:31,037 - INFO - Epoch: [18] [100/175] Loss: 0.42680731415748596
2024-03-22 04:38:31,037 - INFO - Epoch: [18] [100/175] Loss: 0.5125532746315002
2024-03-22 04:38:31,037 - INFO - Epoch: [18] [100/175] Loss: 0.548947274684906
2024-03-22 04:39:20,521 - INFO - Epoch: [18] [150/175] Loss: 0.5698257088661194
2024-03-22 04:39:20,521 - INFO - Epoch: [18] [150/175] Loss: 0.49807730317115784
2024-03-22 04:39:20,521 - INFO - Epoch: [18] [150/175] Loss: 0.4872371554374695
2024-03-22 04:39:20,521 - INFO - Epoch: [18] [150/175] Loss: 0.5686525106430054
2024-03-22 04:39:55,178 - INFO - Epoch: [18] [Validation] Loss: 0.329047366976738
2024-03-22 04:39:55,347 - INFO - Epoch: [18] [Validation] Loss: 0.3131316751241684
2024-03-22 04:39:55,557 - INFO - Epoch: [18] [Validation] Loss: 0.3026672141118483
2024-03-22 04:39:55,749 - INFO - Epoch: [18] [Validation] Loss: 0.3295036500150507
2024-03-22 04:39:59,593 - INFO - Epoch: [19] [0/175] Loss: 0.4872046411037445
2024-03-22 04:39:59,593 - INFO - Epoch: [19] [0/175] Loss: 0.4905266761779785
2024-03-22 04:39:59,593 - INFO - Epoch: [19] [0/175] Loss: 0.4839214086532593
2024-03-22 04:39:59,593 - INFO - Epoch: [19] [0/175] Loss: 0.5636489987373352
2024-03-22 04:40:50,684 - INFO - Epoch: [19] [50/175] Loss: 0.5854544639587402
2024-03-22 04:40:50,684 - INFO - Epoch: [19] [50/175] Loss: 0.5949763059616089
2024-03-22 04:40:50,684 - INFO - Epoch: [19] [50/175] Loss: 0.7126542329788208
2024-03-22 04:40:50,685 - INFO - Epoch: [19] [50/175] Loss: 0.5428208708763123
2024-03-22 04:41:40,432 - INFO - Epoch: [19] [100/175] Loss: 0.46711045503616333
2024-03-22 04:41:40,432 - INFO - Epoch: [19] [100/175] Loss: 0.7125997543334961
2024-03-22 04:41:40,432 - INFO - Epoch: [19] [100/175] Loss: 0.7776415348052979
2024-03-22 04:41:40,433 - INFO - Epoch: [19] [100/175] Loss: 0.6768485307693481
2024-03-22 04:42:30,198 - INFO - Epoch: [19] [150/175] Loss: 0.6050973534584045
2024-03-22 04:42:30,198 - INFO - Epoch: [19] [150/175] Loss: 0.4692375063896179
2024-03-22 04:42:30,198 - INFO - Epoch: [19] [150/175] Loss: 0.44395124912261963
2024-03-22 04:42:30,198 - INFO - Epoch: [19] [150/175] Loss: 0.49663347005844116
2024-03-22 04:43:05,020 - INFO - Epoch: [19] [Validation] Loss: 0.31060979583046655
2024-03-22 04:43:05,138 - INFO - Epoch: [19] [Validation] Loss: 0.30264913764866913
2024-03-22 04:43:05,159 - INFO - Epoch: [19] [Validation] Loss: 0.35550946539098566
2024-03-22 04:43:05,197 - INFO - Epoch: [19] [Validation] Loss: 0.29995905269276013
2024-03-22 04:43:09,940 - INFO - Epoch: [20] [0/175] Loss: 0.634406328201294
2024-03-22 04:43:09,940 - INFO - Epoch: [20] [0/175] Loss: 0.6358479261398315
2024-03-22 04:43:09,940 - INFO - Epoch: [20] [0/175] Loss: 0.6138730049133301
2024-03-22 04:43:09,940 - INFO - Epoch: [20] [0/175] Loss: 0.5339791774749756
2024-03-22 04:44:00,616 - INFO - Epoch: [20] [50/175] Loss: 0.5677898526191711
2024-03-22 04:44:00,616 - INFO - Epoch: [20] [50/175] Loss: 0.6064682602882385
2024-03-22 04:44:00,616 - INFO - Epoch: [20] [50/175] Loss: 0.606802225112915
2024-03-22 04:44:00,616 - INFO - Epoch: [20] [50/175] Loss: 0.54416424036026
2024-03-22 04:44:50,464 - INFO - Epoch: [20] [100/175] Loss: 0.6979507803916931
2024-03-22 04:44:50,464 - INFO - Epoch: [20] [100/175] Loss: 0.5648560523986816
2024-03-22 04:44:50,464 - INFO - Epoch: [20] [100/175] Loss: 0.4785216748714447
2024-03-22 04:44:50,465 - INFO - Epoch: [20] [100/175] Loss: 0.574935257434845
2024-03-22 04:45:40,609 - INFO - Epoch: [20] [150/175] Loss: 0.4905840754508972
2024-03-22 04:45:40,609 - INFO - Epoch: [20] [150/175] Loss: 0.4423857033252716
2024-03-22 04:45:40,609 - INFO - Epoch: [20] [150/175] Loss: 0.7037330865859985
2024-03-22 04:45:40,609 - INFO - Epoch: [20] [150/175] Loss: 0.5933443307876587
2024-03-22 04:46:15,334 - INFO - Epoch: [20] [Validation] Loss: 0.32614890282804315
2024-03-22 04:46:15,481 - INFO - Epoch: [20] [Validation] Loss: 0.3137510066682642
2024-03-22 04:46:15,830 - INFO - Epoch: [20] [Validation] Loss: 0.3000855919989673
2024-03-22 04:46:15,979 - INFO - Epoch: [20] [Validation] Loss: 0.31342962926084345
2024-03-22 04:46:20,134 - INFO - Epoch: [21] [0/175] Loss: 0.5958371162414551
2024-03-22 04:46:20,134 - INFO - Epoch: [21] [0/175] Loss: 0.4730735421180725
2024-03-22 04:46:20,134 - INFO - Epoch: [21] [0/175] Loss: 0.511736273765564
2024-03-22 04:46:20,134 - INFO - Epoch: [21] [0/175] Loss: 0.47228163480758667
2024-03-22 04:47:11,067 - INFO - Epoch: [21] [50/175] Loss: 0.5397692322731018
2024-03-22 04:47:11,067 - INFO - Epoch: [21] [50/175] Loss: 0.560394287109375
2024-03-22 04:47:11,067 - INFO - Epoch: [21] [50/175] Loss: 0.43403884768486023
2024-03-22 04:47:11,067 - INFO - Epoch: [21] [50/175] Loss: 0.7256147861480713
2024-03-22 04:48:00,686 - INFO - Epoch: [21] [100/175] Loss: 0.615798830986023
2024-03-22 04:48:00,686 - INFO - Epoch: [21] [100/175] Loss: 0.5203558206558228
2024-03-22 04:48:00,686 - INFO - Epoch: [21] [100/175] Loss: 0.5800827145576477
2024-03-22 04:48:00,686 - INFO - Epoch: [21] [100/175] Loss: 0.4483075439929962
2024-03-22 04:48:50,546 - INFO - Epoch: [21] [150/175] Loss: 0.4534337818622589
2024-03-22 04:48:50,547 - INFO - Epoch: [21] [150/175] Loss: 0.48504406213760376
2024-03-22 04:48:50,547 - INFO - Epoch: [21] [150/175] Loss: 0.5023393630981445
2024-03-22 04:48:50,547 - INFO - Epoch: [21] [150/175] Loss: 0.5385683178901672
2024-03-22 04:49:26,113 - INFO - Epoch: [21] [Validation] Loss: 0.3118288923393596
2024-03-22 04:49:26,117 - INFO - Epoch: [21] [Validation] Loss: 0.3266853378577666
2024-03-22 04:49:26,189 - INFO - Epoch: [21] [Validation] Loss: 0.3224675994027745
2024-03-22 04:49:26,266 - INFO - Epoch: [21] [Validation] Loss: 0.2958223657174544
2024-03-22 04:49:30,871 - INFO - Epoch: [22] [0/175] Loss: 0.5874643921852112
2024-03-22 04:49:30,871 - INFO - Epoch: [22] [0/175] Loss: 0.5637552738189697
2024-03-22 04:49:30,871 - INFO - Epoch: [22] [0/175] Loss: 0.5783098936080933
2024-03-22 04:49:30,871 - INFO - Epoch: [22] [0/175] Loss: 0.5636495351791382
2024-03-22 04:50:20,876 - INFO - Epoch: [22] [50/175] Loss: 0.5249314904212952
2024-03-22 04:50:20,876 - INFO - Epoch: [22] [50/175] Loss: 0.569862425327301
2024-03-22 04:50:20,876 - INFO - Epoch: [22] [50/175] Loss: 0.508242130279541
2024-03-22 04:50:20,876 - INFO - Epoch: [22] [50/175] Loss: 0.3925488591194153
2024-03-22 04:51:10,787 - INFO - Epoch: [22] [100/175] Loss: 0.3852968215942383
2024-03-22 04:51:10,787 - INFO - Epoch: [22] [100/175] Loss: 0.44321075081825256
2024-03-22 04:51:10,787 - INFO - Epoch: [22] [100/175] Loss: 0.6051743030548096
2024-03-22 04:51:10,787 - INFO - Epoch: [22] [100/175] Loss: 0.5202909708023071
2024-03-22 04:52:00,702 - INFO - Epoch: [22] [150/175] Loss: 0.4906940460205078
2024-03-22 04:52:00,702 - INFO - Epoch: [22] [150/175] Loss: 0.5322808027267456
2024-03-22 04:52:00,702 - INFO - Epoch: [22] [150/175] Loss: 0.5098602175712585
2024-03-22 04:52:00,702 - INFO - Epoch: [22] [150/175] Loss: 0.5424023866653442
2024-03-22 04:52:35,388 - INFO - Epoch: [22] [Validation] Loss: 0.3176695027134635
2024-03-22 04:52:35,487 - INFO - Epoch: [22] [Validation] Loss: 0.30934167179194366
2024-03-22 04:52:36,385 - INFO - Epoch: [22] [Validation] Loss: 0.3175341947512193
2024-03-22 04:52:36,960 - INFO - Epoch: [22] [Validation] Loss: 0.31350436400283466
2024-03-22 04:52:41,647 - INFO - Epoch: [23] [0/175] Loss: 0.5938031673431396
2024-03-22 04:52:41,647 - INFO - Epoch: [23] [0/175] Loss: 0.5967366695404053
2024-03-22 04:52:41,647 - INFO - Epoch: [23] [0/175] Loss: 0.5594141483306885
2024-03-22 04:52:41,647 - INFO - Epoch: [23] [0/175] Loss: 0.4651859700679779
2024-03-22 04:53:31,305 - INFO - Epoch: [23] [50/175] Loss: 0.5702677965164185
2024-03-22 04:53:31,305 - INFO - Epoch: [23] [50/175] Loss: 0.5831311941146851
2024-03-22 04:53:31,305 - INFO - Epoch: [23] [50/175] Loss: 0.446044385433197
2024-03-22 04:53:31,305 - INFO - Epoch: [23] [50/175] Loss: 0.502743124961853
2024-03-22 04:54:21,675 - INFO - Epoch: [23] [100/175] Loss: 0.45279112458229065
2024-03-22 04:54:21,675 - INFO - Epoch: [23] [100/175] Loss: 0.6418238282203674
2024-03-22 04:54:21,675 - INFO - Epoch: [23] [100/175] Loss: 0.5287787318229675
2024-03-22 04:54:21,675 - INFO - Epoch: [23] [100/175] Loss: 0.6083407402038574
2024-03-22 04:55:11,193 - INFO - Epoch: [23] [150/175] Loss: 0.5750161409378052
2024-03-22 04:55:11,193 - INFO - Epoch: [23] [150/175] Loss: 0.48352426290512085
2024-03-22 04:55:11,193 - INFO - Epoch: [23] [150/175] Loss: 0.5478684902191162
2024-03-22 04:55:11,193 - INFO - Epoch: [23] [150/175] Loss: 0.4846121072769165
2024-03-22 04:55:46,031 - INFO - Epoch: [23] [Validation] Loss: 0.33604358813979407
2024-03-22 04:55:46,315 - INFO - Epoch: [23] [Validation] Loss: 0.3102094531059265
2024-03-22 04:55:46,568 - INFO - Epoch: [23] [Validation] Loss: 0.30358080024069006
2024-03-22 04:55:47,285 - INFO - Epoch: [23] [Validation] Loss: 0.3169996277852492
2024-03-22 04:55:51,173 - INFO - Epoch: [24] [0/175] Loss: 0.522700846195221
2024-03-22 04:55:51,173 - INFO - Epoch: [24] [0/175] Loss: 0.5850911736488342
2024-03-22 04:55:51,174 - INFO - Epoch: [24] [0/175] Loss: 0.4892357587814331
2024-03-22 04:55:51,177 - INFO - Epoch: [24] [0/175] Loss: 0.5854136943817139
2024-03-22 04:56:42,933 - INFO - Epoch: [24] [50/175] Loss: 0.5338761806488037
2024-03-22 04:56:42,933 - INFO - Epoch: [24] [50/175] Loss: 0.5465477705001831
2024-03-22 04:56:42,933 - INFO - Epoch: [24] [50/175] Loss: 0.6013349890708923
2024-03-22 04:56:42,933 - INFO - Epoch: [24] [50/175] Loss: 0.49561718106269836
2024-03-22 04:57:32,470 - INFO - Epoch: [24] [100/175] Loss: 0.5902987718582153
2024-03-22 04:57:32,470 - INFO - Epoch: [24] [100/175] Loss: 0.6193886995315552
2024-03-22 04:57:32,471 - INFO - Epoch: [24] [100/175] Loss: 0.566442608833313
2024-03-22 04:57:32,471 - INFO - Epoch: [24] [100/175] Loss: 0.46618902683258057
2024-03-22 04:58:23,101 - INFO - Epoch: [24] [150/175] Loss: 0.6086975336074829
2024-03-22 04:58:23,101 - INFO - Epoch: [24] [150/175] Loss: 0.5957967638969421
2024-03-22 04:58:23,101 - INFO - Epoch: [24] [150/175] Loss: 0.57707679271698
2024-03-22 04:58:23,102 - INFO - Epoch: [24] [150/175] Loss: 0.5513988733291626
2024-03-22 04:58:58,102 - INFO - Epoch: [24] [Validation] Loss: 0.32202323322946375
2024-03-22 04:58:58,226 - INFO - Epoch: [24] [Validation] Loss: 0.320232475345785
2024-03-22 04:58:58,700 - INFO - Epoch: [24] [Validation] Loss: 0.3082387013868852
2024-03-22 04:58:59,303 - INFO - Epoch: [24] [Validation] Loss: 0.31068162484602496
2024-03-22 04:59:02,350 - INFO - Epoch: [25] [0/175] Loss: 0.4904800057411194
2024-03-22 04:59:02,350 - INFO - Epoch: [25] [0/175] Loss: 0.5249453186988831
2024-03-22 04:59:02,350 - INFO - Epoch: [25] [0/175] Loss: 0.5097551941871643
2024-03-22 04:59:02,350 - INFO - Epoch: [25] [0/175] Loss: 0.5154911279678345
2024-03-22 04:59:52,881 - INFO - Epoch: [25] [50/175] Loss: 0.5112797021865845
2024-03-22 04:59:52,881 - INFO - Epoch: [25] [50/175] Loss: 0.5765469074249268
2024-03-22 04:59:52,881 - INFO - Epoch: [25] [50/175] Loss: 0.5188338160514832
2024-03-22 04:59:52,881 - INFO - Epoch: [25] [50/175] Loss: 0.5972955226898193
2024-03-22 05:00:43,244 - INFO - Epoch: [25] [100/175] Loss: 0.598917543888092
2024-03-22 05:00:43,244 - INFO - Epoch: [25] [100/175] Loss: 0.5245227217674255
2024-03-22 05:00:43,244 - INFO - Epoch: [25] [100/175] Loss: 0.5852240324020386
2024-03-22 05:00:43,244 - INFO - Epoch: [25] [100/175] Loss: 0.6563786864280701
2024-03-22 05:01:33,541 - INFO - Epoch: [25] [150/175] Loss: 0.4556134343147278
2024-03-22 05:01:33,541 - INFO - Epoch: [25] [150/175] Loss: 0.46915024518966675
2024-03-22 05:01:33,541 - INFO - Epoch: [25] [150/175] Loss: 0.5703070163726807
2024-03-22 05:01:33,541 - INFO - Epoch: [25] [150/175] Loss: 0.5807875394821167
2024-03-22 05:02:08,271 - INFO - Epoch: [25] [Validation] Loss: 0.3168960863893682
2024-03-22 05:02:09,021 - INFO - Epoch: [25] [Validation] Loss: 0.2974804707548835
2024-03-22 05:02:09,078 - INFO - Epoch: [25] [Validation] Loss: 0.3342124440453269
2024-03-22 05:02:09,956 - INFO - Epoch: [25] [Validation] Loss: 0.3075235756960782
2024-03-22 05:02:13,511 - INFO - Epoch: [26] [0/175] Loss: 0.5705965757369995
2024-03-22 05:02:13,511 - INFO - Epoch: [26] [0/175] Loss: 0.6095560789108276
2024-03-22 05:02:13,511 - INFO - Epoch: [26] [0/175] Loss: 0.6184813976287842
2024-03-22 05:02:13,511 - INFO - Epoch: [26] [0/175] Loss: 0.6218498349189758
2024-03-22 05:03:03,441 - INFO - Epoch: [26] [50/175] Loss: 0.5112116932868958
2024-03-22 05:03:03,441 - INFO - Epoch: [26] [50/175] Loss: 0.5925253033638
2024-03-22 05:03:03,441 - INFO - Epoch: [26] [50/175] Loss: 0.4610726535320282
2024-03-22 05:03:03,441 - INFO - Epoch: [26] [50/175] Loss: 0.5093581080436707
2024-03-22 05:03:53,920 - INFO - Epoch: [26] [100/175] Loss: 0.4912763237953186
2024-03-22 05:03:53,920 - INFO - Epoch: [26] [100/175] Loss: 0.44963961839675903
2024-03-22 05:03:53,920 - INFO - Epoch: [26] [100/175] Loss: 0.5384282469749451
2024-03-22 05:03:53,920 - INFO - Epoch: [26] [100/175] Loss: 0.6628760695457458
2024-03-22 05:04:44,096 - INFO - Epoch: [26] [150/175] Loss: 0.5533347129821777
2024-03-22 05:04:44,096 - INFO - Epoch: [26] [150/175] Loss: 0.4616542458534241
2024-03-22 05:04:44,096 - INFO - Epoch: [26] [150/175] Loss: 0.6334429979324341
2024-03-22 05:04:44,096 - INFO - Epoch: [26] [150/175] Loss: 0.6325781941413879
2024-03-22 05:05:19,432 - INFO - Epoch: [26] [Validation] Loss: 0.34310907938263635
2024-03-22 05:05:19,440 - INFO - Epoch: [26] [Validation] Loss: 0.3163356279784983
2024-03-22 05:05:19,736 - INFO - Epoch: [26] [Validation] Loss: 0.3085935413837433
2024-03-22 05:05:19,870 - INFO - Epoch: [26] [Validation] Loss: 0.29835535856810486
2024-03-22 05:05:23,983 - INFO - Epoch: [27] [0/175] Loss: 0.6475883722305298
2024-03-22 05:05:23,984 - INFO - Epoch: [27] [0/175] Loss: 0.6149324178695679
2024-03-22 05:05:23,983 - INFO - Epoch: [27] [0/175] Loss: 0.5480074882507324
2024-03-22 05:05:23,983 - INFO - Epoch: [27] [0/175] Loss: 0.5451629161834717
2024-03-22 05:06:14,736 - INFO - Epoch: [27] [50/175] Loss: 0.6264691948890686
2024-03-22 05:06:14,737 - INFO - Epoch: [27] [50/175] Loss: 0.49973559379577637
2024-03-22 05:06:14,737 - INFO - Epoch: [27] [50/175] Loss: 0.527250349521637
2024-03-22 05:06:14,737 - INFO - Epoch: [27] [50/175] Loss: 0.5629220604896545
2024-03-22 05:07:04,951 - INFO - Epoch: [27] [100/175] Loss: 0.6005295515060425
2024-03-22 05:07:04,951 - INFO - Epoch: [27] [100/175] Loss: 0.6076258420944214
2024-03-22 05:07:04,951 - INFO - Epoch: [27] [100/175] Loss: 0.5392382144927979
2024-03-22 05:07:04,951 - INFO - Epoch: [27] [100/175] Loss: 0.45464423298835754
2024-03-22 05:07:55,584 - INFO - Epoch: [27] [150/175] Loss: 0.6312817335128784
2024-03-22 05:07:55,585 - INFO - Epoch: [27] [150/175] Loss: 0.4827779531478882
2024-03-22 05:07:55,584 - INFO - Epoch: [27] [150/175] Loss: 0.5865066647529602
2024-03-22 05:07:55,584 - INFO - Epoch: [27] [150/175] Loss: 0.49130678176879883
2024-03-22 05:08:30,703 - INFO - Epoch: [27] [Validation] Loss: 0.3160700093616139
2024-03-22 05:08:30,858 - INFO - Epoch: [27] [Validation] Loss: 0.3048373365944082
2024-03-22 05:08:31,110 - INFO - Epoch: [27] [Validation] Loss: 0.31624992327256635
2024-03-22 05:08:31,491 - INFO - Epoch: [27] [Validation] Loss: 0.33688079633496026
2024-03-22 05:08:35,055 - INFO - Epoch: [28] [0/175] Loss: 0.5248447060585022
2024-03-22 05:08:35,055 - INFO - Epoch: [28] [0/175] Loss: 0.5589860677719116
2024-03-22 05:08:35,056 - INFO - Epoch: [28] [0/175] Loss: 0.53703773021698
2024-03-22 05:08:35,055 - INFO - Epoch: [28] [0/175] Loss: 0.6172664165496826
2024-03-22 05:09:26,248 - INFO - Epoch: [28] [50/175] Loss: 0.6005226373672485
2024-03-22 05:09:26,248 - INFO - Epoch: [28] [50/175] Loss: 0.5397093296051025
2024-03-22 05:09:26,249 - INFO - Epoch: [28] [50/175] Loss: 0.5715090036392212
2024-03-22 05:09:26,249 - INFO - Epoch: [28] [50/175] Loss: 0.5738976001739502
2024-03-22 05:10:16,487 - INFO - Epoch: [28] [100/175] Loss: 0.5544367432594299
2024-03-22 05:10:16,487 - INFO - Epoch: [28] [100/175] Loss: 0.6232476234436035
2024-03-22 05:10:16,488 - INFO - Epoch: [28] [100/175] Loss: 0.5562381744384766
2024-03-22 05:10:16,487 - INFO - Epoch: [28] [100/175] Loss: 0.5205351710319519
2024-03-22 05:11:07,485 - INFO - Epoch: [28] [150/175] Loss: 0.5944230556488037
2024-03-22 05:11:07,485 - INFO - Epoch: [28] [150/175] Loss: 0.602874219417572
2024-03-22 05:11:07,485 - INFO - Epoch: [28] [150/175] Loss: 0.6360231041908264
2024-03-22 05:11:07,485 - INFO - Epoch: [28] [150/175] Loss: 0.4995889663696289
2024-03-22 05:11:42,562 - INFO - Epoch: [28] [Validation] Loss: 0.33141381361267785
2024-03-22 05:11:42,647 - INFO - Epoch: [28] [Validation] Loss: 0.31523220376534894
2024-03-22 05:11:42,752 - INFO - Epoch: [28] [Validation] Loss: 0.3083925409750505
2024-03-22 05:11:43,128 - INFO - Epoch: [28] [Validation] Loss: 0.3145288201895627
2024-03-22 05:11:47,016 - INFO - Epoch: [29] [0/175] Loss: 0.5095717906951904
2024-03-22 05:11:47,016 - INFO - Epoch: [29] [0/175] Loss: 0.5432520508766174
2024-03-22 05:11:47,017 - INFO - Epoch: [29] [0/175] Loss: 0.578582763671875
2024-03-22 05:11:47,016 - INFO - Epoch: [29] [0/175] Loss: 0.4435606002807617
2024-03-22 05:12:36,873 - INFO - Epoch: [29] [50/175] Loss: 0.6186384558677673
2024-03-22 05:12:36,873 - INFO - Epoch: [29] [50/175] Loss: 0.5857601761817932
2024-03-22 05:12:36,874 - INFO - Epoch: [29] [50/175] Loss: 0.4629034698009491
2024-03-22 05:12:36,874 - INFO - Epoch: [29] [50/175] Loss: 0.5319109559059143
2024-03-22 05:13:26,765 - INFO - Epoch: [29] [100/175] Loss: 0.552965521812439
2024-03-22 05:13:26,765 - INFO - Epoch: [29] [100/175] Loss: 0.5276738405227661
2024-03-22 05:13:26,765 - INFO - Epoch: [29] [100/175] Loss: 0.6358311772346497
2024-03-22 05:13:26,765 - INFO - Epoch: [29] [100/175] Loss: 0.5469095706939697
2024-03-22 05:14:17,283 - INFO - Epoch: [29] [150/175] Loss: 0.4220415949821472
2024-03-22 05:14:17,283 - INFO - Epoch: [29] [150/175] Loss: 0.5743610262870789
2024-03-22 05:14:17,283 - INFO - Epoch: [29] [150/175] Loss: 0.6564537882804871
2024-03-22 05:14:17,283 - INFO - Epoch: [29] [150/175] Loss: 0.622006356716156
2024-03-22 05:14:51,981 - INFO - Epoch: [29] [Validation] Loss: 0.2980173853310672
2024-03-22 05:14:52,319 - INFO - Epoch: [29] [Validation] Loss: 0.3224900960922241
2024-03-22 05:14:52,695 - INFO - Epoch: [29] [Validation] Loss: 0.2905344543131915
2024-03-22 05:14:53,134 - INFO - Epoch: [29] [Validation] Loss: 0.36551041223786096
2024-03-22 05:14:57,907 - INFO - Epoch: [30] [0/175] Loss: 0.5718167424201965
2024-03-22 05:14:57,907 - INFO - Epoch: [30] [0/175] Loss: 0.562046229839325
2024-03-22 05:14:57,907 - INFO - Epoch: [30] [0/175] Loss: 0.4568615257740021
2024-03-22 05:14:57,907 - INFO - Epoch: [30] [0/175] Loss: 0.5254400968551636
2024-03-22 05:15:47,967 - INFO - Epoch: [30] [50/175] Loss: 0.6613831520080566
2024-03-22 05:15:47,967 - INFO - Epoch: [30] [50/175] Loss: 0.5002956390380859
2024-03-22 05:15:47,968 - INFO - Epoch: [30] [50/175] Loss: 0.685971736907959
2024-03-22 05:15:47,967 - INFO - Epoch: [30] [50/175] Loss: 0.6124757528305054
2024-03-22 05:16:38,364 - INFO - Epoch: [30] [100/175] Loss: 0.5364670157432556
2024-03-22 05:16:38,365 - INFO - Epoch: [30] [100/175] Loss: 0.5049669742584229
2024-03-22 05:16:38,365 - INFO - Epoch: [30] [100/175] Loss: 0.6437143087387085
2024-03-22 05:16:38,365 - INFO - Epoch: [30] [100/175] Loss: 0.5432288646697998
2024-03-22 05:17:28,699 - INFO - Epoch: [30] [150/175] Loss: 0.5696492195129395
2024-03-22 05:17:28,699 - INFO - Epoch: [30] [150/175] Loss: 0.6509787440299988
2024-03-22 05:17:28,699 - INFO - Epoch: [30] [150/175] Loss: 0.6061425805091858
2024-03-22 05:17:28,699 - INFO - Epoch: [30] [150/175] Loss: 0.5004786252975464
2024-03-22 05:18:03,607 - INFO - Epoch: [30] [Validation] Loss: 0.3062262494455684
2024-03-22 05:18:03,684 - INFO - Epoch: [30] [Validation] Loss: 0.31865978511897003
2024-03-22 05:18:03,740 - INFO - Epoch: [30] [Validation] Loss: 0.3072706000371413
2024-03-22 05:18:04,282 - INFO - Epoch: [30] [Validation] Loss: 0.3356192491271279
2024-03-22 05:18:08,220 - INFO - Epoch: [31] [0/175] Loss: 0.6106480360031128
2024-03-22 05:18:08,220 - INFO - Epoch: [31] [0/175] Loss: 0.45490550994873047
2024-03-22 05:18:08,220 - INFO - Epoch: [31] [0/175] Loss: 0.5606481432914734
2024-03-22 05:18:08,220 - INFO - Epoch: [31] [0/175] Loss: 0.5199283361434937
2024-03-22 05:18:58,855 - INFO - Epoch: [31] [50/175] Loss: 0.5365051031112671
2024-03-22 05:18:58,855 - INFO - Epoch: [31] [50/175] Loss: 0.577265202999115
2024-03-22 05:18:58,855 - INFO - Epoch: [31] [50/175] Loss: 0.5779915452003479
2024-03-22 05:18:58,856 - INFO - Epoch: [31] [50/175] Loss: 0.5037562847137451
2024-03-22 05:19:49,517 - INFO - Epoch: [31] [100/175] Loss: 0.5591703653335571
2024-03-22 05:19:49,517 - INFO - Epoch: [31] [100/175] Loss: 0.5520972609519958
2024-03-22 05:19:49,517 - INFO - Epoch: [31] [100/175] Loss: 0.6581321954727173
2024-03-22 05:19:49,517 - INFO - Epoch: [31] [100/175] Loss: 0.4902716875076294
2024-03-22 05:20:39,701 - INFO - Epoch: [31] [150/175] Loss: 0.46601545810699463
2024-03-22 05:20:39,701 - INFO - Epoch: [31] [150/175] Loss: 0.52178955078125
2024-03-22 05:20:39,701 - INFO - Epoch: [31] [150/175] Loss: 0.536099910736084
2024-03-22 05:20:39,702 - INFO - Epoch: [31] [150/175] Loss: 0.5160744190216064
2024-03-22 05:21:14,761 - INFO - Epoch: [31] [Validation] Loss: 0.2999640242619948
2024-03-22 05:21:14,790 - INFO - Epoch: [31] [Validation] Loss: 0.32829309593547473
2024-03-22 05:21:14,793 - INFO - Epoch: [31] [Validation] Loss: 0.330007328228517
2024-03-22 05:21:15,542 - INFO - Epoch: [31] [Validation] Loss: 0.2978883236646652
2024-03-22 05:21:19,470 - INFO - Epoch: [32] [0/175] Loss: 0.49621886014938354
2024-03-22 05:21:19,470 - INFO - Epoch: [32] [0/175] Loss: 0.47894591093063354
2024-03-22 05:21:19,470 - INFO - Epoch: [32] [0/175] Loss: 0.47601568698883057
2024-03-22 05:21:19,470 - INFO - Epoch: [32] [0/175] Loss: 0.533719003200531
2024-03-22 05:22:10,381 - INFO - Epoch: [32] [50/175] Loss: 0.5826862454414368
2024-03-22 05:22:10,381 - INFO - Epoch: [32] [50/175] Loss: 0.45757991075515747
2024-03-22 05:22:10,381 - INFO - Epoch: [32] [50/175] Loss: 0.7265081405639648
2024-03-22 05:22:10,381 - INFO - Epoch: [32] [50/175] Loss: 0.7934925556182861
2024-03-22 05:23:00,183 - INFO - Epoch: [32] [100/175] Loss: 0.45847848057746887
2024-03-22 05:23:00,183 - INFO - Epoch: [32] [100/175] Loss: 0.47969257831573486
2024-03-22 05:23:00,184 - INFO - Epoch: [32] [100/175] Loss: 0.6371192932128906
2024-03-22 05:23:00,184 - INFO - Epoch: [32] [100/175] Loss: 0.4649997353553772
2024-03-22 05:23:50,364 - INFO - Epoch: [32] [150/175] Loss: 0.5716937780380249
2024-03-22 05:23:50,364 - INFO - Epoch: [32] [150/175] Loss: 0.5844243764877319
2024-03-22 05:23:50,364 - INFO - Epoch: [32] [150/175] Loss: 0.6325501203536987
2024-03-22 05:23:50,364 - INFO - Epoch: [32] [150/175] Loss: 0.5478901863098145
2024-03-22 05:24:25,073 - INFO - Epoch: [32] [Validation] Loss: 0.3323324972932989
2024-03-22 05:24:25,148 - INFO - Epoch: [32] [Validation] Loss: 0.3155871440063823
2024-03-22 05:24:26,263 - INFO - Epoch: [32] [Validation] Loss: 0.3052171766757965
2024-03-22 05:24:26,589 - INFO - Epoch: [32] [Validation] Loss: 0.3193018680269068
2024-03-22 05:24:29,932 - INFO - Epoch: [33] [0/175] Loss: 0.4455440044403076
2024-03-22 05:24:29,932 - INFO - Epoch: [33] [0/175] Loss: 0.5905861258506775
2024-03-22 05:24:29,932 - INFO - Epoch: [33] [0/175] Loss: 0.5065611004829407
2024-03-22 05:24:29,932 - INFO - Epoch: [33] [0/175] Loss: 0.6288337111473083
2024-03-22 05:25:21,806 - INFO - Epoch: [33] [50/175] Loss: 0.43272268772125244
2024-03-22 05:25:21,806 - INFO - Epoch: [33] [50/175] Loss: 0.5079055428504944
2024-03-22 05:25:21,806 - INFO - Epoch: [33] [50/175] Loss: 0.42970752716064453
2024-03-22 05:25:21,806 - INFO - Epoch: [33] [50/175] Loss: 0.5581953525543213
2024-03-22 05:26:12,138 - INFO - Epoch: [33] [100/175] Loss: 0.7192577123641968
2024-03-22 05:26:12,138 - INFO - Epoch: [33] [100/175] Loss: 0.6894561648368835
2024-03-22 05:26:12,138 - INFO - Epoch: [33] [100/175] Loss: 0.6347996592521667
2024-03-22 05:26:12,138 - INFO - Epoch: [33] [100/175] Loss: 0.4688754677772522
2024-03-22 05:27:02,693 - INFO - Epoch: [33] [150/175] Loss: 0.4601854085922241
2024-03-22 05:27:02,693 - INFO - Epoch: [33] [150/175] Loss: 0.47250494360923767
2024-03-22 05:27:02,693 - INFO - Epoch: [33] [150/175] Loss: 0.4716477692127228
2024-03-22 05:27:02,694 - INFO - Epoch: [33] [150/175] Loss: 0.5579103827476501
2024-03-22 05:27:37,193 - INFO - Epoch: [33] [Validation] Loss: 0.3250796903263439
2024-03-22 05:27:37,535 - INFO - Epoch: [33] [Validation] Loss: 0.3153648322278803
2024-03-22 05:27:38,084 - INFO - Epoch: [33] [Validation] Loss: 0.30177019942890515
2024-03-22 05:27:38,151 - INFO - Epoch: [33] [Validation] Loss: 0.304794349453666
2024-03-22 05:27:42,170 - INFO - Epoch: [34] [0/175] Loss: 0.5705167651176453
2024-03-22 05:27:42,170 - INFO - Epoch: [34] [0/175] Loss: 0.5374240875244141
2024-03-22 05:27:42,170 - INFO - Epoch: [34] [0/175] Loss: 0.5806658267974854
2024-03-22 05:27:42,170 - INFO - Epoch: [34] [0/175] Loss: 0.6251269578933716
2024-03-22 05:28:34,231 - INFO - Epoch: [34] [50/175] Loss: 0.533982515335083
2024-03-22 05:28:34,231 - INFO - Epoch: [34] [50/175] Loss: 0.49415144324302673
2024-03-22 05:28:34,231 - INFO - Epoch: [34] [50/175] Loss: 0.561625599861145
2024-03-22 05:28:34,231 - INFO - Epoch: [34] [50/175] Loss: 0.4092112183570862
2024-03-22 05:29:25,448 - INFO - Epoch: [34] [100/175] Loss: 0.6937699317932129
2024-03-22 05:29:25,448 - INFO - Epoch: [34] [100/175] Loss: 0.4917357861995697
2024-03-22 05:29:25,448 - INFO - Epoch: [34] [100/175] Loss: 0.5861765742301941
2024-03-22 05:29:25,448 - INFO - Epoch: [34] [100/175] Loss: 0.46637675166130066
2024-03-22 05:30:18,780 - INFO - Epoch: [34] [150/175] Loss: 0.560112714767456
2024-03-22 05:30:18,780 - INFO - Epoch: [34] [150/175] Loss: 0.6489099264144897
2024-03-22 05:30:18,780 - INFO - Epoch: [34] [150/175] Loss: 0.554047703742981
2024-03-22 05:30:18,781 - INFO - Epoch: [34] [150/175] Loss: 0.5951356887817383
2024-03-22 05:30:53,634 - INFO - Epoch: [34] [Validation] Loss: 0.30819729376922955
2024-03-22 05:30:53,869 - INFO - Epoch: [34] [Validation] Loss: 0.30394887924194336
2024-03-22 05:30:53,941 - INFO - Epoch: [34] [Validation] Loss: 0.31464403054930945
2024-03-22 05:30:54,484 - INFO - Epoch: [34] [Validation] Loss: 0.33971736106005584
2024-03-22 05:30:58,811 - INFO - Epoch: [35] [0/175] Loss: 0.5351810455322266
2024-03-22 05:30:58,811 - INFO - Epoch: [35] [0/175] Loss: 0.47613826394081116
2024-03-22 05:30:58,811 - INFO - Epoch: [35] [0/175] Loss: 0.46717795729637146
2024-03-22 05:30:58,811 - INFO - Epoch: [35] [0/175] Loss: 0.5287668704986572
2024-03-22 05:31:49,090 - INFO - Epoch: [35] [50/175] Loss: 0.5550661087036133
2024-03-22 05:31:49,090 - INFO - Epoch: [35] [50/175] Loss: 0.4904027283191681
2024-03-22 05:31:49,090 - INFO - Epoch: [35] [50/175] Loss: 0.5762186050415039
2024-03-22 05:31:49,091 - INFO - Epoch: [35] [50/175] Loss: 0.6210522651672363
2024-03-22 05:32:38,956 - INFO - Epoch: [35] [100/175] Loss: 0.5377383232116699
2024-03-22 05:32:38,956 - INFO - Epoch: [35] [100/175] Loss: 0.5060300230979919
2024-03-22 05:32:38,956 - INFO - Epoch: [35] [100/175] Loss: 0.5528602600097656
2024-03-22 05:32:38,956 - INFO - Epoch: [35] [100/175] Loss: 0.48202744126319885
2024-03-22 05:33:29,391 - INFO - Epoch: [35] [150/175] Loss: 0.5766673684120178
2024-03-22 05:33:29,391 - INFO - Epoch: [35] [150/175] Loss: 0.5568602681159973
2024-03-22 05:33:29,391 - INFO - Epoch: [35] [150/175] Loss: 0.634978175163269
2024-03-22 05:33:29,391 - INFO - Epoch: [35] [150/175] Loss: 0.5258607864379883
2024-03-22 05:34:04,557 - INFO - Epoch: [35] [Validation] Loss: 0.3442194705659693
2024-03-22 05:34:04,715 - INFO - Epoch: [35] [Validation] Loss: 0.30965476957234467
2024-03-22 05:34:04,754 - INFO - Epoch: [35] [Validation] Loss: 0.3126158267259598
2024-03-22 05:34:04,862 - INFO - Epoch: [35] [Validation] Loss: 0.31861597299575806
2024-03-22 05:34:09,056 - INFO - Epoch: [36] [0/175] Loss: 0.49258390069007874
2024-03-22 05:34:09,056 - INFO - Epoch: [36] [0/175] Loss: 0.48193296790122986
2024-03-22 05:34:09,056 - INFO - Epoch: [36] [0/175] Loss: 0.5421250462532043
2024-03-22 05:34:09,056 - INFO - Epoch: [36] [0/175] Loss: 0.48286333680152893
2024-03-22 05:34:59,602 - INFO - Epoch: [36] [50/175] Loss: 0.5465202927589417
2024-03-22 05:34:59,602 - INFO - Epoch: [36] [50/175] Loss: 0.6115894317626953
2024-03-22 05:34:59,602 - INFO - Epoch: [36] [50/175] Loss: 0.49742576479911804
2024-03-22 05:34:59,602 - INFO - Epoch: [36] [50/175] Loss: 0.5022117495536804
2024-03-22 05:35:49,524 - INFO - Epoch: [36] [100/175] Loss: 0.4941168427467346
2024-03-22 05:35:49,524 - INFO - Epoch: [36] [100/175] Loss: 0.5389626026153564
2024-03-22 05:35:49,524 - INFO - Epoch: [36] [100/175] Loss: 0.4741438329219818
2024-03-22 05:35:49,524 - INFO - Epoch: [36] [100/175] Loss: 0.49048399925231934
2024-03-22 05:36:39,186 - INFO - Epoch: [36] [150/175] Loss: 0.4061090350151062
2024-03-22 05:36:39,186 - INFO - Epoch: [36] [150/175] Loss: 0.5320459604263306
2024-03-22 05:36:39,186 - INFO - Epoch: [36] [150/175] Loss: 0.5563311576843262
2024-03-22 05:36:39,186 - INFO - Epoch: [36] [150/175] Loss: 0.5827368497848511
2024-03-22 05:37:14,204 - INFO - Epoch: [36] [Validation] Loss: 0.29740168289704755
2024-03-22 05:37:14,246 - INFO - Epoch: [36] [Validation] Loss: 0.3179270029067993
2024-03-22 05:37:14,739 - INFO - Epoch: [36] [Validation] Loss: 0.3384241624311967
2024-03-22 05:37:14,871 - INFO - Epoch: [36] [Validation] Loss: 0.3223584998737682
2024-03-22 05:37:19,449 - INFO - Epoch: [37] [0/175] Loss: 0.5302767753601074
2024-03-22 05:37:19,449 - INFO - Epoch: [37] [0/175] Loss: 0.5848470330238342
2024-03-22 05:37:19,449 - INFO - Epoch: [37] [0/175] Loss: 0.5385821461677551
2024-03-22 05:37:19,449 - INFO - Epoch: [37] [0/175] Loss: 0.6118963956832886
2024-03-22 05:38:11,730 - INFO - Epoch: [37] [50/175] Loss: 0.6366912722587585
2024-03-22 05:38:11,730 - INFO - Epoch: [37] [50/175] Loss: 0.4822241961956024
2024-03-22 05:38:11,730 - INFO - Epoch: [37] [50/175] Loss: 0.5274853706359863
2024-03-22 05:38:11,730 - INFO - Epoch: [37] [50/175] Loss: 0.5124059319496155
2024-03-22 05:39:01,330 - INFO - Epoch: [37] [100/175] Loss: 0.5161903500556946
2024-03-22 05:39:01,330 - INFO - Epoch: [37] [100/175] Loss: 0.6369181275367737
2024-03-22 05:39:01,330 - INFO - Epoch: [37] [100/175] Loss: 0.5141916275024414
2024-03-22 05:39:01,330 - INFO - Epoch: [37] [100/175] Loss: 0.5192463397979736
2024-03-22 05:39:51,263 - INFO - Epoch: [37] [150/175] Loss: 0.41480228304862976
2024-03-22 05:39:51,263 - INFO - Epoch: [37] [150/175] Loss: 0.5017595887184143
2024-03-22 05:39:51,263 - INFO - Epoch: [37] [150/175] Loss: 0.6870971322059631
2024-03-22 05:39:51,264 - INFO - Epoch: [37] [150/175] Loss: 0.48527905344963074
2024-03-22 05:40:26,207 - INFO - Epoch: [37] [Validation] Loss: 0.3118374686349522
2024-03-22 05:40:26,356 - INFO - Epoch: [37] [Validation] Loss: 0.2915936329148032
2024-03-22 05:40:26,515 - INFO - Epoch: [37] [Validation] Loss: 0.31422524696046655
2024-03-22 05:40:26,616 - INFO - Epoch: [37] [Validation] Loss: 0.32999764518304303
2024-03-22 05:40:30,809 - INFO - Epoch: [38] [0/175] Loss: 0.551201343536377
2024-03-22 05:40:30,809 - INFO - Epoch: [38] [0/175] Loss: 0.5516902208328247
2024-03-22 05:40:30,809 - INFO - Epoch: [38] [0/175] Loss: 0.6289744973182678
2024-03-22 05:40:30,809 - INFO - Epoch: [38] [0/175] Loss: 0.5060825943946838
2024-03-22 05:41:20,766 - INFO - Epoch: [38] [50/175] Loss: 0.5207893252372742
2024-03-22 05:41:20,766 - INFO - Epoch: [38] [50/175] Loss: 0.5688071846961975
2024-03-22 05:41:20,766 - INFO - Epoch: [38] [50/175] Loss: 0.4595853388309479
2024-03-22 05:41:20,766 - INFO - Epoch: [38] [50/175] Loss: 0.5538634061813354
2024-03-22 05:42:11,110 - INFO - Epoch: [38] [100/175] Loss: 0.567980945110321
2024-03-22 05:42:11,110 - INFO - Epoch: [38] [100/175] Loss: 0.542512834072113
2024-03-22 05:42:11,110 - INFO - Epoch: [38] [100/175] Loss: 0.47651761770248413
2024-03-22 05:42:11,110 - INFO - Epoch: [38] [100/175] Loss: 0.514778733253479
2024-03-22 05:43:00,807 - INFO - Epoch: [38] [150/175] Loss: 0.40674999356269836
2024-03-22 05:43:00,807 - INFO - Epoch: [38] [150/175] Loss: 0.5699902772903442
2024-03-22 05:43:00,807 - INFO - Epoch: [38] [150/175] Loss: 0.5452653169631958
2024-03-22 05:43:00,807 - INFO - Epoch: [38] [150/175] Loss: 0.4441622197628021
2024-03-22 05:43:35,641 - INFO - Epoch: [38] [Validation] Loss: 0.30796585977077484
2024-03-22 05:43:35,794 - INFO - Epoch: [38] [Validation] Loss: 0.3174066760323264
2024-03-22 05:43:35,943 - INFO - Epoch: [38] [Validation] Loss: 0.3537152951413935
2024-03-22 05:43:36,099 - INFO - Epoch: [38] [Validation] Loss: 0.2950332300229506
2024-03-22 05:43:40,489 - INFO - Epoch: [39] [0/175] Loss: 0.56695955991745
2024-03-22 05:43:40,489 - INFO - Epoch: [39] [0/175] Loss: 0.5412353873252869
2024-03-22 05:43:40,489 - INFO - Epoch: [39] [0/175] Loss: 0.5633864998817444
2024-03-22 05:43:40,490 - INFO - Epoch: [39] [0/175] Loss: 0.4301531910896301
2024-03-22 05:44:31,353 - INFO - Epoch: [39] [50/175] Loss: 0.5915788412094116
2024-03-22 05:44:31,353 - INFO - Epoch: [39] [50/175] Loss: 0.5508623123168945
2024-03-22 05:44:31,353 - INFO - Epoch: [39] [50/175] Loss: 0.4213367700576782
2024-03-22 05:44:31,353 - INFO - Epoch: [39] [50/175] Loss: 0.5094193816184998
2024-03-22 05:45:21,219 - INFO - Epoch: [39] [100/175] Loss: 0.5339139103889465
2024-03-22 05:45:21,219 - INFO - Epoch: [39] [100/175] Loss: 0.5580721497535706
2024-03-22 05:45:21,219 - INFO - Epoch: [39] [100/175] Loss: 0.562414288520813
2024-03-22 05:45:21,219 - INFO - Epoch: [39] [100/175] Loss: 0.43883785605430603
2024-03-22 05:46:11,303 - INFO - Epoch: [39] [150/175] Loss: 0.5091849565505981
2024-03-22 05:46:11,303 - INFO - Epoch: [39] [150/175] Loss: 0.40728241205215454
2024-03-22 05:46:11,303 - INFO - Epoch: [39] [150/175] Loss: 0.47482696175575256
2024-03-22 05:46:11,303 - INFO - Epoch: [39] [150/175] Loss: 0.6423319578170776
2024-03-22 05:46:45,988 - INFO - Epoch: [39] [Validation] Loss: 0.33815118128603155
2024-03-22 05:46:46,315 - INFO - Epoch: [39] [Validation] Loss: 0.31064163825728675
2024-03-22 05:46:46,324 - INFO - Epoch: [39] [Validation] Loss: 0.32840109684250574
2024-03-22 05:46:46,783 - INFO - Epoch: [39] [Validation] Loss: 0.3069713494994424
2024-03-22 05:46:51,306 - INFO - Epoch: [40] [0/175] Loss: 0.46524888277053833
2024-03-22 05:46:51,306 - INFO - Epoch: [40] [0/175] Loss: 0.5320852994918823
2024-03-22 05:46:51,306 - INFO - Epoch: [40] [0/175] Loss: 0.6973463296890259
2024-03-22 05:46:51,306 - INFO - Epoch: [40] [0/175] Loss: 0.4598337411880493
2024-03-22 05:47:42,263 - INFO - Epoch: [40] [50/175] Loss: 0.6261832118034363
2024-03-22 05:47:42,263 - INFO - Epoch: [40] [50/175] Loss: 0.5431485772132874
2024-03-22 05:47:42,263 - INFO - Epoch: [40] [50/175] Loss: 0.5583630204200745
2024-03-22 05:47:42,263 - INFO - Epoch: [40] [50/175] Loss: 0.4746634066104889
2024-03-22 05:48:33,031 - INFO - Epoch: [40] [100/175] Loss: 0.6054953336715698
2024-03-22 05:48:33,031 - INFO - Epoch: [40] [100/175] Loss: 0.4253694713115692
2024-03-22 05:48:33,031 - INFO - Epoch: [40] [100/175] Loss: 0.6552249193191528
2024-03-22 05:48:33,031 - INFO - Epoch: [40] [100/175] Loss: 0.5862525105476379
2024-03-22 05:49:22,969 - INFO - Epoch: [40] [150/175] Loss: 0.4857672154903412
2024-03-22 05:49:22,969 - INFO - Epoch: [40] [150/175] Loss: 0.6082594394683838
2024-03-22 05:49:22,970 - INFO - Epoch: [40] [150/175] Loss: 0.5689859390258789
2024-03-22 05:49:22,970 - INFO - Epoch: [40] [150/175] Loss: 0.43172702193260193
2024-03-22 05:49:57,650 - INFO - Epoch: [40] [Validation] Loss: 0.3329140435565602
2024-03-22 05:49:58,137 - INFO - Epoch: [40] [Validation] Loss: 0.3352048099040985
2024-03-22 05:49:58,612 - INFO - Epoch: [40] [Validation] Loss: 0.2954075295816768
2024-03-22 05:49:58,764 - INFO - Epoch: [40] [Validation] Loss: 0.3200879828496413
2024-03-22 05:50:02,676 - INFO - Epoch: [41] [0/175] Loss: 0.5423519611358643
2024-03-22 05:50:02,676 - INFO - Epoch: [41] [0/175] Loss: 0.47005435824394226
2024-03-22 05:50:02,676 - INFO - Epoch: [41] [0/175] Loss: 0.6029598116874695
2024-03-22 05:50:02,676 - INFO - Epoch: [41] [0/175] Loss: 0.5152049660682678
2024-03-22 05:50:52,635 - INFO - Epoch: [41] [50/175] Loss: 0.6282616257667542
2024-03-22 05:50:52,635 - INFO - Epoch: [41] [50/175] Loss: 0.6044995784759521
2024-03-22 05:50:52,636 - INFO - Epoch: [41] [50/175] Loss: 0.4980430006980896
2024-03-22 05:50:52,636 - INFO - Epoch: [41] [50/175] Loss: 0.6318507194519043
2024-03-22 05:51:42,870 - INFO - Epoch: [41] [100/175] Loss: 0.5097730755805969
2024-03-22 05:51:42,871 - INFO - Epoch: [41] [100/175] Loss: 0.5629104971885681
2024-03-22 05:51:42,871 - INFO - Epoch: [41] [100/175] Loss: 0.5439659357070923
2024-03-22 05:51:42,871 - INFO - Epoch: [41] [100/175] Loss: 0.5926507711410522
2024-03-22 05:52:32,765 - INFO - Epoch: [41] [150/175] Loss: 0.5594584941864014
2024-03-22 05:52:32,765 - INFO - Epoch: [41] [150/175] Loss: 0.467340350151062
2024-03-22 05:52:32,765 - INFO - Epoch: [41] [150/175] Loss: 0.3804927468299866
2024-03-22 05:52:32,765 - INFO - Epoch: [41] [150/175] Loss: 0.5080869197845459
2024-03-22 05:53:07,703 - INFO - Epoch: [41] [Validation] Loss: 0.31750600175424054
2024-03-22 05:53:07,706 - INFO - Epoch: [41] [Validation] Loss: 0.31347116286104376
2024-03-22 05:53:07,914 - INFO - Epoch: [41] [Validation] Loss: 0.3006646253845908
2024-03-22 05:53:08,263 - INFO - Epoch: [41] [Validation] Loss: 0.327045582912185
2024-03-22 05:53:12,060 - INFO - Epoch: [42] [0/175] Loss: 0.5730195641517639
2024-03-22 05:53:12,060 - INFO - Epoch: [42] [0/175] Loss: 0.4630321264266968
2024-03-22 05:53:12,060 - INFO - Epoch: [42] [0/175] Loss: 0.5751584768295288
2024-03-22 05:53:12,060 - INFO - Epoch: [42] [0/175] Loss: 0.5739002227783203
2024-03-22 05:54:04,001 - INFO - Epoch: [42] [50/175] Loss: 0.5472074747085571
2024-03-22 05:54:04,001 - INFO - Epoch: [42] [50/175] Loss: 0.5057072639465332
2024-03-22 05:54:04,001 - INFO - Epoch: [42] [50/175] Loss: 0.46896669268608093
2024-03-22 05:54:04,001 - INFO - Epoch: [42] [50/175] Loss: 0.4916059672832489
2024-03-22 05:54:53,884 - INFO - Epoch: [42] [100/175] Loss: 0.5249059200286865
2024-03-22 05:54:53,884 - INFO - Epoch: [42] [100/175] Loss: 0.42896783351898193
2024-03-22 05:54:53,884 - INFO - Epoch: [42] [100/175] Loss: 0.5059902667999268
2024-03-22 05:54:53,884 - INFO - Epoch: [42] [100/175] Loss: 0.679519772529602
2024-03-22 05:55:43,711 - INFO - Epoch: [42] [150/175] Loss: 0.5396120548248291
2024-03-22 05:55:43,711 - INFO - Epoch: [42] [150/175] Loss: 0.6341875791549683
2024-03-22 05:55:43,711 - INFO - Epoch: [42] [150/175] Loss: 0.5450714230537415
2024-03-22 05:55:43,711 - INFO - Epoch: [42] [150/175] Loss: 0.4838818907737732
2024-03-22 05:56:18,736 - INFO - Epoch: [42] [Validation] Loss: 0.30685076252980664
2024-03-22 05:56:18,886 - INFO - Epoch: [42] [Validation] Loss: 0.3435092649676583
2024-03-22 05:56:19,341 - INFO - Epoch: [42] [Validation] Loss: 0.30406070297414606
2024-03-22 05:56:19,456 - INFO - Epoch: [42] [Validation] Loss: 0.30661755393851886
2024-03-22 05:56:24,002 - INFO - Epoch: [43] [0/175] Loss: 0.48530903458595276
2024-03-22 05:56:24,002 - INFO - Epoch: [43] [0/175] Loss: 0.5170098543167114
2024-03-22 05:56:24,002 - INFO - Epoch: [43] [0/175] Loss: 0.5217441916465759
2024-03-22 05:56:24,002 - INFO - Epoch: [43] [0/175] Loss: 0.644505500793457
2024-03-22 05:57:14,185 - INFO - Epoch: [43] [50/175] Loss: 0.7408567667007446
2024-03-22 05:57:14,185 - INFO - Epoch: [43] [50/175] Loss: 0.5449661612510681
2024-03-22 05:57:14,185 - INFO - Epoch: [43] [50/175] Loss: 0.5085155367851257
2024-03-22 05:57:14,186 - INFO - Epoch: [43] [50/175] Loss: 0.5310013294219971
2024-03-22 05:58:05,164 - INFO - Epoch: [43] [100/175] Loss: 0.756905734539032
2024-03-22 05:58:05,164 - INFO - Epoch: [43] [100/175] Loss: 0.5181868076324463
2024-03-22 05:58:05,164 - INFO - Epoch: [43] [100/175] Loss: 0.5113528370857239
2024-03-22 05:58:05,164 - INFO - Epoch: [43] [100/175] Loss: 0.5581200122833252
2024-03-22 05:58:55,218 - INFO - Epoch: [43] [150/175] Loss: 0.5363093018531799
2024-03-22 05:58:55,218 - INFO - Epoch: [43] [150/175] Loss: 0.5896545648574829
2024-03-22 05:58:55,218 - INFO - Epoch: [43] [150/175] Loss: 0.5095512270927429
2024-03-22 05:58:55,218 - INFO - Epoch: [43] [150/175] Loss: 0.5166762471199036
2024-03-22 05:59:30,112 - INFO - Epoch: [43] [Validation] Loss: 0.32540546357631683
2024-03-22 05:59:30,508 - INFO - Epoch: [43] [Validation] Loss: 0.3299774771386927
2024-03-22 05:59:30,637 - INFO - Epoch: [43] [Validation] Loss: 0.30853905461051245
2024-03-22 05:59:30,989 - INFO - Epoch: [43] [Validation] Loss: 0.3100662339817394
2024-03-22 05:59:34,845 - INFO - Epoch: [44] [0/175] Loss: 0.5454139113426208
2024-03-22 05:59:34,845 - INFO - Epoch: [44] [0/175] Loss: 0.5649402141571045
2024-03-22 05:59:34,845 - INFO - Epoch: [44] [0/175] Loss: 0.5255468487739563
2024-03-22 05:59:34,846 - INFO - Epoch: [44] [0/175] Loss: 0.528688907623291
2024-03-22 06:00:25,365 - INFO - Epoch: [44] [50/175] Loss: 0.4993879795074463
2024-03-22 06:00:25,365 - INFO - Epoch: [44] [50/175] Loss: 0.6121740937232971
2024-03-22 06:00:25,365 - INFO - Epoch: [44] [50/175] Loss: 0.41470274329185486
2024-03-22 06:00:25,365 - INFO - Epoch: [44] [50/175] Loss: 0.527650773525238
2024-03-22 06:01:15,230 - INFO - Epoch: [44] [100/175] Loss: 0.6054051518440247
2024-03-22 06:01:15,230 - INFO - Epoch: [44] [100/175] Loss: 0.5271334648132324
2024-03-22 06:01:15,230 - INFO - Epoch: [44] [100/175] Loss: 0.4829731583595276
2024-03-22 06:01:15,230 - INFO - Epoch: [44] [100/175] Loss: 0.5757415294647217
2024-03-22 06:02:04,798 - INFO - Epoch: [44] [150/175] Loss: 0.46548622846603394
2024-03-22 06:02:04,798 - INFO - Epoch: [44] [150/175] Loss: 0.5715097784996033
2024-03-22 06:02:04,798 - INFO - Epoch: [44] [150/175] Loss: 0.45448166131973267
2024-03-22 06:02:04,798 - INFO - Epoch: [44] [150/175] Loss: 0.5715522170066833
2024-03-22 06:02:39,427 - INFO - Epoch: [44] [Validation] Loss: 0.31777368079532275
2024-03-22 06:02:39,879 - INFO - Epoch: [44] [Validation] Loss: 0.28874069858681073
2024-03-22 06:02:40,094 - INFO - Epoch: [44] [Validation] Loss: 0.31170114603909577
2024-03-22 06:02:41,101 - INFO - Epoch: [44] [Validation] Loss: 0.36036931655623694
2024-03-22 06:02:45,510 - INFO - Epoch: [45] [0/175] Loss: 0.5432263612747192
2024-03-22 06:02:45,510 - INFO - Epoch: [45] [0/175] Loss: 0.4877668619155884
2024-03-22 06:02:45,510 - INFO - Epoch: [45] [0/175] Loss: 0.4963724911212921
2024-03-22 06:02:45,510 - INFO - Epoch: [45] [0/175] Loss: 0.5070236921310425
2024-03-22 06:03:35,692 - INFO - Epoch: [45] [50/175] Loss: 0.6924193501472473
2024-03-22 06:03:35,692 - INFO - Epoch: [45] [50/175] Loss: 0.5691056251525879
2024-03-22 06:03:35,692 - INFO - Epoch: [45] [50/175] Loss: 0.5084254145622253
2024-03-22 06:03:35,692 - INFO - Epoch: [45] [50/175] Loss: 0.5773189663887024
2024-03-22 06:04:25,639 - INFO - Epoch: [45] [100/175] Loss: 0.5887289643287659
2024-03-22 06:04:25,639 - INFO - Epoch: [45] [100/175] Loss: 0.4225744307041168
2024-03-22 06:04:25,639 - INFO - Epoch: [45] [100/175] Loss: 0.5529983639717102
2024-03-22 06:04:25,639 - INFO - Epoch: [45] [100/175] Loss: 0.6686357259750366
2024-03-22 06:05:15,629 - INFO - Epoch: [45] [150/175] Loss: 0.5899020433425903
2024-03-22 06:05:15,629 - INFO - Epoch: [45] [150/175] Loss: 0.5863686203956604
2024-03-22 06:05:15,629 - INFO - Epoch: [45] [150/175] Loss: 0.6125744581222534
2024-03-22 06:05:15,629 - INFO - Epoch: [45] [150/175] Loss: 0.5367321968078613
2024-03-22 06:05:50,431 - INFO - Epoch: [45] [Validation] Loss: 0.32227136059240863
2024-03-22 06:05:50,675 - INFO - Epoch: [45] [Validation] Loss: 0.33664850755171344
2024-03-22 06:05:50,756 - INFO - Epoch: [45] [Validation] Loss: 0.30310685526240955
2024-03-22 06:05:51,121 - INFO - Epoch: [45] [Validation] Loss: 0.31420794129371643
2024-03-22 06:05:55,315 - INFO - Epoch: [46] [0/175] Loss: 0.572278618812561
2024-03-22 06:05:55,316 - INFO - Epoch: [46] [0/175] Loss: 0.44576817750930786
2024-03-22 06:05:55,316 - INFO - Epoch: [46] [0/175] Loss: 0.43623754382133484
2024-03-22 06:05:55,316 - INFO - Epoch: [46] [0/175] Loss: 0.5287734866142273
2024-03-22 06:06:46,519 - INFO - Epoch: [46] [50/175] Loss: 0.5494973659515381
2024-03-22 06:06:46,519 - INFO - Epoch: [46] [50/175] Loss: 0.4482792615890503
2024-03-22 06:06:46,519 - INFO - Epoch: [46] [50/175] Loss: 0.5515640377998352
2024-03-22 06:06:46,520 - INFO - Epoch: [46] [50/175] Loss: 0.6101099848747253
2024-03-22 06:07:36,293 - INFO - Epoch: [46] [100/175] Loss: 0.5094044208526611
2024-03-22 06:07:36,293 - INFO - Epoch: [46] [100/175] Loss: 0.4517114460468292
2024-03-22 06:07:36,293 - INFO - Epoch: [46] [100/175] Loss: 0.5636012554168701
2024-03-22 06:07:36,293 - INFO - Epoch: [46] [100/175] Loss: 0.42098531126976013
2024-03-22 06:08:26,171 - INFO - Epoch: [46] [150/175] Loss: 0.5430315136909485
2024-03-22 06:08:26,171 - INFO - Epoch: [46] [150/175] Loss: 0.4777928590774536
2024-03-22 06:08:26,171 - INFO - Epoch: [46] [150/175] Loss: 0.5257540941238403
2024-03-22 06:08:26,171 - INFO - Epoch: [46] [150/175] Loss: 0.4500337243080139
2024-03-22 06:09:00,992 - INFO - Epoch: [46] [Validation] Loss: 0.2982193041931499
2024-03-22 06:09:01,156 - INFO - Epoch: [46] [Validation] Loss: 0.3201531090519645
2024-03-22 06:09:01,311 - INFO - Epoch: [46] [Validation] Loss: 0.3080958236347545
2024-03-22 06:09:01,851 - INFO - Epoch: [46] [Validation] Loss: 0.34137930382381787
2024-03-22 06:09:06,674 - INFO - Epoch: [47] [0/175] Loss: 0.5605652928352356
2024-03-22 06:09:06,674 - INFO - Epoch: [47] [0/175] Loss: 0.572250247001648
2024-03-22 06:09:06,674 - INFO - Epoch: [47] [0/175] Loss: 0.6012445688247681
2024-03-22 06:09:06,675 - INFO - Epoch: [47] [0/175] Loss: 0.512042760848999
2024-03-22 06:09:58,362 - INFO - Epoch: [47] [50/175] Loss: 0.41684505343437195
2024-03-22 06:09:58,362 - INFO - Epoch: [47] [50/175] Loss: 0.5804097652435303
2024-03-22 06:09:58,362 - INFO - Epoch: [47] [50/175] Loss: 0.5503373146057129
2024-03-22 06:09:58,362 - INFO - Epoch: [47] [50/175] Loss: 0.5976792573928833
2024-03-22 06:10:48,597 - INFO - Epoch: [47] [100/175] Loss: 0.6443843841552734
2024-03-22 06:10:48,597 - INFO - Epoch: [47] [100/175] Loss: 0.5811938047409058
2024-03-22 06:10:48,597 - INFO - Epoch: [47] [100/175] Loss: 0.472926527261734
2024-03-22 06:10:48,597 - INFO - Epoch: [47] [100/175] Loss: 0.5753195881843567
2024-03-22 06:11:38,590 - INFO - Epoch: [47] [150/175] Loss: 0.5795620083808899
2024-03-22 06:11:38,590 - INFO - Epoch: [47] [150/175] Loss: 0.5420953631401062
2024-03-22 06:11:38,590 - INFO - Epoch: [47] [150/175] Loss: 0.4511900544166565
2024-03-22 06:11:38,590 - INFO - Epoch: [47] [150/175] Loss: 0.6550804376602173
2024-03-22 06:12:13,273 - INFO - Epoch: [47] [Validation] Loss: 0.31374496492472564
2024-03-22 06:12:13,390 - INFO - Epoch: [47] [Validation] Loss: 0.33260838010094385
2024-03-22 06:12:13,657 - INFO - Epoch: [47] [Validation] Loss: 0.31534903428771277
2024-03-22 06:12:14,222 - INFO - Epoch: [47] [Validation] Loss: 0.3148420073769309
2024-03-22 06:12:18,649 - INFO - Epoch: [48] [0/175] Loss: 0.548762321472168
2024-03-22 06:12:18,649 - INFO - Epoch: [48] [0/175] Loss: 0.4547223448753357
2024-03-22 06:12:18,649 - INFO - Epoch: [48] [0/175] Loss: 0.46096670627593994
2024-03-22 06:12:18,649 - INFO - Epoch: [48] [0/175] Loss: 0.5736596584320068
2024-03-22 06:13:08,961 - INFO - Epoch: [48] [50/175] Loss: 0.49198105931282043
2024-03-22 06:13:08,961 - INFO - Epoch: [48] [50/175] Loss: 0.5623307228088379
2024-03-22 06:13:08,961 - INFO - Epoch: [48] [50/175] Loss: 0.5653191804885864
2024-03-22 06:13:08,961 - INFO - Epoch: [48] [50/175] Loss: 0.5253830552101135
2024-03-22 06:13:59,174 - INFO - Epoch: [48] [100/175] Loss: 0.6618290543556213
2024-03-22 06:13:59,174 - INFO - Epoch: [48] [100/175] Loss: 0.5812357068061829
2024-03-22 06:13:59,174 - INFO - Epoch: [48] [100/175] Loss: 0.5521550178527832
2024-03-22 06:13:59,174 - INFO - Epoch: [48] [100/175] Loss: 0.41760045289993286
2024-03-22 06:14:51,002 - INFO - Epoch: [48] [150/175] Loss: 0.5789915323257446
2024-03-22 06:14:51,002 - INFO - Epoch: [48] [150/175] Loss: 0.5332683324813843
2024-03-22 06:14:51,002 - INFO - Epoch: [48] [150/175] Loss: 0.526949405670166
2024-03-22 06:14:51,002 - INFO - Epoch: [48] [150/175] Loss: 0.6345028877258301
2024-03-22 06:15:25,404 - INFO - Epoch: [48] [Validation] Loss: 0.3094125823541121
2024-03-22 06:15:25,446 - INFO - Epoch: [48] [Validation] Loss: 0.3163698234341361
2024-03-22 06:15:26,110 - INFO - Epoch: [48] [Validation] Loss: 0.31753831289031287
2024-03-22 06:15:26,212 - INFO - Epoch: [48] [Validation] Loss: 0.3150900358503515
2024-03-22 06:15:31,293 - INFO - Epoch: [49] [0/175] Loss: 0.4902566373348236
2024-03-22 06:15:31,293 - INFO - Epoch: [49] [0/175] Loss: 0.5366756319999695
2024-03-22 06:15:31,293 - INFO - Epoch: [49] [0/175] Loss: 0.5979569554328918
2024-03-22 06:15:31,293 - INFO - Epoch: [49] [0/175] Loss: 0.5805373191833496
2024-03-22 06:16:21,232 - INFO - Epoch: [49] [50/175] Loss: 0.6937782764434814
2024-03-22 06:16:21,232 - INFO - Epoch: [49] [50/175] Loss: 0.38915789127349854
2024-03-22 06:16:21,232 - INFO - Epoch: [49] [50/175] Loss: 0.6722925901412964
2024-03-22 06:16:21,232 - INFO - Epoch: [49] [50/175] Loss: 0.676376223564148
2024-03-22 06:17:11,471 - INFO - Epoch: [49] [100/175] Loss: 0.4132920503616333
2024-03-22 06:17:11,471 - INFO - Epoch: [49] [100/175] Loss: 0.5880317687988281
2024-03-22 06:17:11,471 - INFO - Epoch: [49] [100/175] Loss: 0.5838103294372559
2024-03-22 06:17:11,471 - INFO - Epoch: [49] [100/175] Loss: 0.5094221830368042
2024-03-22 06:18:01,253 - INFO - Epoch: [49] [150/175] Loss: 0.5083669424057007
2024-03-22 06:18:01,253 - INFO - Epoch: [49] [150/175] Loss: 0.46149712800979614
2024-03-22 06:18:01,253 - INFO - Epoch: [49] [150/175] Loss: 0.5920105576515198
2024-03-22 06:18:01,253 - INFO - Epoch: [49] [150/175] Loss: 0.5187313556671143
2024-03-22 06:18:35,812 - INFO - Epoch: [49] [Validation] Loss: 0.3370224874127995
2024-03-22 06:18:36,108 - INFO - Epoch: [49] [Validation] Loss: 0.30021766099062835
2024-03-22 06:18:36,129 - INFO - Epoch: [49] [Validation] Loss: 0.32640287009152497
2024-03-22 06:18:36,947 - INFO - Epoch: [49] [Validation] Loss: 0.30590633912519977
2024-03-22 08:20:00,506 - INFO - Resuming from checkpoint at epoch 50
2024-03-22 08:20:01,597 - INFO - Resuming from checkpoint at epoch 50
2024-03-22 08:20:01,605 - INFO - Resuming from checkpoint at epoch 50
2024-03-22 08:20:01,608 - INFO - Resuming from checkpoint at epoch 50
